0.4444
0.5
0.8
0.3333
0.44
0.1579
0.087
0.0526
0.0226
0.0413
0.0345
0.0161
0.0471
0.1163
0.1094
0.0921
0.4286
0.25
0.5455
0.0286
0.15
0.0286
0.0481
0.4167
0.0446
0.0682
0.0152
0.1074
0.0392
0.3774
0.3294
0.0886
0.1125
0.1892
0.1348
0.4444
0.112
0.3544
0.1154
0.3333
0.0984
0.0993
0.0763
0.0568
0.5699
0.5375
0.96
0.0866
0.0192
0.1034
0.0851
0.0488
0.3243
0.4304
0.0367
0.0476
0.018
0.0811
0.1489
0.1864
0.3667
0.1538
0.1408
0.625
0.4217
0.4605
0.0625
0.5714
0.4906
0.2289
0.12
0.0988
0.0652
0.0732
0.0909
0.1325
0.434
0.5085
0.3833
0.3182
0.4571
0.9474
0.0625
0.0676
0.0625
0.0208
0.027
0.1379
0.1351
0.0361
0.1364
0.2
0.9091
0.0843
0.0763
0.0111
0.1169
0.0339
0.0351
0.2593
0.0833
0.2542
0.2609
0.0435
0.6667
0.1011
0.0
0.0316
0.0099
0.0405
0.0312
0.1062
0.1538
0.3091
0.6429
0.1294
0.0105
0.0476
0.1864
0.0263
0.0263
0.0417
0.1795
0.2222
0.0181
0.0309
0.3158
0.0976
0.0196
0.0272
0.0255
0.0752
0.0851
0.1413
0.1728
0.0978
0.2041
0.1667
0.2321
0.0645
0.0086
0.0231
0.0551
0.4048
0.1477
0.1579
0.1333
0.8793
0.087
0.5652
0.0588
0.0741
0.4375
0.0071
0.0076
0.0377
0.0769
0.1028
0.0769
0.1183
0.0135
0.1429
0.0702
0.0278
0.0168
0.0563
0.6
0.0609
0.0673
0.0211
0.0
0.1818
0.1531
0.1719
0.0263
0.1648
0.2899
0.0902
0.0893
0.0991
1.0
0.3656
0.375
0.1707
0.0083
0.03
0.0157
0.0
0.0156
0.0317
0.4107
0.1667
0.1447
0.1892
1.0
0.0579
1.0
0.1
0.0458
0.0109
0.2439
0.8605
0.0147
0.09
0.0391
0.0538
0.5385
0.5294
0.1818
0.0865
0.0145
1.0
0.0536
0.093
0.1667
0.5357
0.3636
0.2727
0.0746
0.3636
0.0265
0.2037
1.0
0.5833
0.3636
0.3594
0.1011
0.0148
0.0169
0.1429
0.0857
0.1835
0.1651
0.1765
0.375
0.0588
0.4655
0.2791
0.3735
0.3231
0.8462
0.1193
0.0385
0.2258
1.0
0.875
0.3455
0.2453
0.2222
0.1667
0.0132
0.0775
0.0899
0.0395
0.0516
0.0581
0.0213
0.1314
0.1138
0.15
0.1429
0.4717
0.0916
0.2903
0.1333
0.0843
0.0153
0.0935
0.3036
0.2468
0.1034
0.5714
0.8333
0.0634
0.6667
0.0
0.4828
0.0926
0.0857
0.1412
1.0
1.0
0.0179
0.0
0.0147
0.0226
0.4286
0.0225
0.0085
0.1127
0.0444
0.0169
0.198
0.0407
0.12
0.7368
0.0248
0.6316
0.1345
0.2772
0.4107
0.0583
0.0654
0.0217
0.036
0.0959
0.1528
0.2206
1.0
1.0
0.2
0.006
0.0217
0.0915
0.0781
0.0811
0.1429
0.0625
0.2558
0.0136
0.0141
0.0658
0.008
0.234
0.3514
0.0
0.0
0.0714
0.4194
0.675
0.069
0.3673
0.8
0.0156
0.2206
1.0
0.1404
0.1778
0.0882
0.0317
1.0
0.0
0.0634
0.0345
0.0213
0.0455
1.0
0.0745
0.1636
0.0597
0.0312
0.3953
0.2615
0.2329
0.2018
0.2192
0.1
0.1111
0.0734
0.0629
0.013
0.8171
0.9057
0.0444
0.9577
0.0625
0.5846
0.0333
0.0248
0.0763
0.05
0.3478
0.4138
0.0678
0.0556
0.1724
0.1667
0.035
0.4419
0.0857
0.0
1.0
0.3469
0.0843
0.3333
0.0775
0.6047
0.197
0.25
0.5205
0.5
0.4103
0.2712
0.1111
0.1818
0.2703
0.2828
0.9714
0.0722
0.007
0.0526
0.1171
0.0207
0.0205
0.0661
0.1158
0.2712
0.2143
0.5316
0.5167
1.0
0.8571
0.2
0.018
0.0737
0.099
0.0577
0.4286
1.0
0.1429
0.0536
0.125
0.25
0.1884
0.044
0.032
0.6875
0.3125
0.0067
0.0331
0.0956
0.0449
0.6212
0.337
0.1111
0.0506
1.0
0.0702
0.2407
0.044
0.1685
0.359
0.48
0.5652
0.8571
0.2895
0.1667
0.125
0.4286
0.24
0.3538
0.8
0.1884
0.2024
0.0075
0.3404
1.0
0.7037
0.3231
0.2222
0.3692
0.4082
0.0833
0.5
0.0667
0.0526
0.8571
0.2424
0.093
0.008
0.0694
0.1406
0.2308
0.5714
0.9
0.2609
0.16
0.1972
0.0317
0.0467
0.0
0.1471
0.1562
0.1531
0.1
0.0373
0.08
0.2593
0.4375
0.051
0.0333
1.0
0.2785
0.2842
0.1275
0.1809
0.029
0.0125
0.0133
0.0222
0.1389
0.022
0.0
0.1358
0.0091
0.1119
0.0507
0.2469
0.069
0.3056
0.0385
0.0784
0.3889
0.0247
0.1261
0.1207
0.1304
0.8923
0.1538
0.0732
0.0794
0.7826
1.0
0.0625
0.0345
0.0488
0.0296
0.0368
0.0278
0.3478
0.2821
0.4537
0.4194
0.0833
0.2041
0.0187
0.1695
0.3898
0.0886
0.1127
0.0813
0.104
0.1163
0.0897
0.175
0.1892
0.5833
0.1186
0.0531
0.0
0.0169
0.0296
0.0427
0.0374
0.1228
0.0115
0.3
0.0769
0.0763
0.0
0.0141
0.0195
0.0161
0.0522
0.0294
0.1149
0.1951
1.0
0.0431
0.0168
0.0
0.0584
0.2264
0.2692
0.2857
0.098
0.2283
0.1863
0.3625
0.3084
0.303
0.1574
0.024
0.0743
0.0733
0.125
0.5128
0.5926
0.0
0.3
0.449
0.031
0.0594
0.2381
0.0609
0.5229
0.7742
0.0571
0.2877
0.2203
0.3333
0.2941
0.0076
0.0
0.0561
0.0071
0.1905
0.3521
0.3768
0.15
0.2222
0.0476
0.1264
0.0706
0.12
0.4
0.0476
0.1579
0.0741
0.1333
0.5833
0.3371
0.1463
0.2456
0.1852
0.1176
0.1538
0.0073
0.0536
0.125
0.0484
0.4902
0.8788
0.0101
0.202
0.2041
0.0909
0.1795
1.0
0.1776
0.1429
0.8182
0.0
0.0074
1.0
0.4516
0.2439
0.0921
0.099
0.0319
0.1923
0.0385
0.02
0.1277
0.4062
0.4815
0.028
0.014
0.0219
0.0078
0.0349
0.102
0.0294
0.0227
0.1321
0.0288
0.0149
0.0
0.0508
0.0472
0.04
0.0467
0.0085
0.7647
0.8286
0.5581
0.3438
1.0
0.2941
0.1842
0.2529
0.1154
0.1236
0.1176
0.1757
0.1739
0.5
1.0
0.2778
0.082
0.3827
0.284
0.275
0.4483
0.3636
0.0569
0.0394
0.0377
0.0078
0.0275
0.1505
0.0686
0.0594
0.0745
0.1429
0.0899
0.1795
0.2747
0.28
0.4872
0.4286
0.2903
0.2586
0.0777
0.0943
0.0609
0.4828
0.5926
0.5909
0.2927
0.0519
0.6441
0.6111
0.8205
0.1284
0.1667
0.1574
0.06
0.0094
0.0556
0.1279
0.0811
0.0645
0.0381
0.3556
0.4125
0.176
0.375
0.9706
0.236
0.3077
0.625
0.1087
0.1392
0.25
0.0497
0.1111
0.155
0.1129
0.0234
0.0179
0.0
0.125
0.5333
0.0882
0.0828
0.0517
0.0673
0.1414
0.0593
0.0336
0.127
0.0515
0.0091
0.0
0.0059
0.8
0.0355
0.6364
0.7021
0.3846
0.0328
0.1259
0.3667
0.0948
0.09
0.52
0.5102
0.9524
0.0
0.163
0.1111
0.0538
0.1194
0.1667
0.0
0.1333
0.087
0.5667
0.0071
0.4643
0.3396
0.6905
1.0
0.2708
0.0161
0.0352
0.0205
0.0079
0.0784
0.0857
0.4167
0.0656
0.0448
0.1667
0.1556
0.0263
0.1308
0.625
0.1667
0.0864
0.0275
0.1182
0.1212
0.1538
0.0081
0.2105
0.0968
0.1
0.1259
0.0935
0.1545
0.0256
0.1374
0.0549
0.0722
0.0508
0.0165
0.0164
0.0115
0.0083
0.0247
0.0909
0.0778
0.0341
0.033
0.875
0.0174
0.0548
0.1286
1.0
0.0341
0.0588
0.075
1.0
0.5385
0.4
0.0
0.0117
0.1875
0.7241
0.0123
0.006
0.0104
0.0191
0.0191
0.1039
0.9684
0.9589
0.3276
0.1765
0.0532
0.1702
0.5556
0.1905
0.0909
0.1176
0.0549
0.24
0.1282
1.0
0.1529
0.0097
0.0446
0.0118
0.0119
0.0667
0.0909
0.3902
0.4889
0.4444
0.6977
0.0556
0.0465
0.0435
0.125
0.1887
0.0714
0.1169
0.1053
0.2381
0.0233
0.0455
0.2031
0.129
0.0484
0.75
0.1263
0.1757
0.3636
0.2468
0.0417
1.0
0.0761
0.0899
0.2
0.0373
0.1837
0.5814
0.152
0.025
0.0081
0.04
0.1589
0.4062
0.0882
0.0123
0.0
0.0
0.0301
0.3226
0.0
0.0667
0.25
0.1138
0.0194
0.4444
0.026
0.0199
0.0593
0.1064
0.1507
0.2885
0.1268
0.1268
0.8889
0.2469
0.8
0.1449
0.0074
0.025
0.1228
0.119
0.0
0.3846
1.0
0.3333
0.0
0.6053
0.0725
0.2609
0.5781
0.3333
0.0256
0.0515
0.7368
0.0417
0.0268
0.1573
0.2105
0.05
0.0787
0.2
0.0634
0.0292
0.3404
0.1148
0.1624
0.7059
1.0
0.0522
0.027
0.3462
0.459
0.034
0.0612
0.1282
0.0278
0.1778
0.6512
0.6944
0.98
0.0446
0.1856
0.2747
0.2903
0.4318
0.0219
0.0072
0.02
0.8462
0.1038
0.76
0.5143
0.1786
0.5588
0.2273
0.0635
0.0972
0.0145
0.0192
0.2667
0.0126
0.3529
0.1932
0.1975
0.0816
0.4
0.0347
0.6087
0.3171
0.0222
0.1587
0.0714
0.0074
0.016
0.0463
0.0533
0.0721
1.0
0.0446
0.1393
0.375
1.0
0.0213
0.0
0.14
0.0319
0.0392
0.0541
0.016
0.0
0.2759
0.2414
0.3784
0.0686
0.0723
0.0165
0.0625
0.898
0.8372
0.1714
0.1652
0.046
0.1798
0.0413
0.0446
0.093
0.1386
0.0672
0.1485
0.3553
0.4444
0.4
1.0
0.0
0.0
0.0455
0.1652
0.1845
0.1739
0.025
0.0217
0.0325
0.0312
0.2
0.0345
0.0403
0.7143
0.0732
0.0541
0.051
0.0729
0.0889
0.6
0.0161
0.4038
0.7963
0.717
0.5
0.5
0.1979
0.066
0.2051
0.0066
0.0074
0.75
0.0619
0.0459
0.0373
0.0405
0.0658
0.0833
0.45
0.3571
0.0952
0.0667
0.2222
0.0
0.6667
0.8911
0.039
0.0696
0.18
0.12
0.5135
0.6462
0.4884
0.0455
0.0258
0.0441
0.0467
0.0357
0.878
0.0265
0.7805
0.1529
1.0
0.1111
0.0381
0.0341
0.0561
0.044
0.0163
0.1034
0.0506
0.0345
0.0566
0.1875
0.9545
0.1268
0.0576
0.1667
0.75
0.0
0.0204
0.1092
0.0385
0.1
0.075
0.0455
0.1494
0.5
0.0814
0.3205
0.1802
0.0147
0.7333
0.1061
0.4762
0.973
0.0
0.6452
0.1064
0.4565
0.0463
0.0625
0.1143
0.7879
0.5128
0.3846
0.4211
0.0602
0.8793
0.3051
0.2973
0.2308
0.4828
0.0263
0.0794
0.0678
0.16
0.1868
0.5139
0.4483
0.2208
0.3288
0.4
0.1392
0.0933
0.8605
0.9873
0.0238
0.0
0.2083
0.1029
0.338
0.2784
0.0099
0.8
0.5254
0.3529
0.2632
0.0455
0.6146
0.5258
0.6265
0.1389
0.126
0.1731
0.1034
1.0
0.9423
1.0
0.0657
0.0
0.0447
0.0
0.0687
0.0231
0.0787
0.0521
0.0526
0.8571
0.0393
0.0549
0.0248
0.292
0.2136
0.0062
0.0682
0.2708
0.0992
0.0769
0.1818
0.0274
0.0196
0.0129
0.0833
0.0818
0.6102
0.9855
1.0
0.88
0.018
0.0323
1.0
0.0926
0.0173
0.0156
0.1128
0.0538
0.12
0.1532
0.0769
0.0968
0.0722
0.0685
0.5
0.3867
0.0278
0.2344
0.24
0.0278
0.1098
0.0952
1.0
0.1181
0.4091
0.0909
0.7857
1.0
0.2727
0.1923
0.1807
0.087
0.0877
0.0949
0.15
0.0645
0.5227
0.2157
0.5333
0.1471
0.1039
0.6774
0.1864
0.065
0.0395
0.9118
0.039
0.5263
0.4833
0.0504
0.0815
0.0541
0.2658
0.5333
0.3514
0.0219
0.0
0.0594
0.2222
0.1667
0.872
0.0206
0.2222
0.75
0.057
0.12
0.1078
0.1068
0.2075
0.1341
0.2468
0.4211
0.4483
0.0278
0.3134
0.05
0.4528
0.0068
0.0
0.0714
0.3824
0.3696
1.0
0.6667
0.1395
0.0275
0.1016
0.087
0.0204
0.0133
0.0108
0.006
0.2308
0.038
0.058
0.8333
0.2821
0.189
0.2051
0.1103
0.0924
0.0472
0.0137
0.1329
0.1842
0.0517
0.0065
0.0
0.0341
0.0263
0.0131
0.0108
0.0
0.0364
0.066
0.1
0.7857
0.5075
0.0233
0.0395
0.0885
0.2609
0.1522
0.2192
0.0819
0.119
0.0288
0.3714
0.4149
0.5285
0.4758
0.082
0.7708
0.7069
0.3462
0.2072
0.0
0.359
0.2083
0.0435
0.1325
0.0783
0.0909
0.6456
0.4054
0.0625
0.0405
0.0851
0.1125
1.0
1.0
0.4302
0.2039
0.2581
0.4333
1.0
0.6316
0.125
0.625
0.0976
0.3333
0.0345
0.0361
0.0217
0.0727
0.0081
0.0155
0.0081
0.2838
0.2062
0.625
0.3529
0.7838
0.5741
0.1129
0.1068
0.1548
0.0138
0.0284
0.0296
0.037
0.2885
0.32
0.2958
0.8824
0.0703
0.0312
0.5143
0.1842
0.1667
0.0255
0.087
0.0189
0.0488
0.4225
0.6667
1.0
1.0
0.1026
0.0903
0.0252
0.119
0.0708
0.04
0.03
0.2821
0.0893
0.018
0.28
0.1
0.8333
0.0976
0.1058
0.1019
0.0935
0.0392
0.1402
0.3226
0.3492
0.1507
0.6721
0.2017
0.1333
0.1628
0.1868
0.1284
0.4928
0.0755
0.1765
0.0061
0.0124
0.0543
0.0204
0.0833
0.2373
0.0938
0.4706
0.0729
0.0547
0.0476
0.2373
1.0
0.5641
0.1133
0.0
0.8333
0.6957
0.1905
0.0226
0.1321
0.1458
0.1143
0.0882
0.0615
0.9375
0.0575
0.0189
0.0127
0.1282
1.0
0.0185
0.3378
0.1827
0.1644
0.0133
0.0115
0.0417
0.8846
0.4125
0.0935
0.0342
0.05
0.0
0.0
0.0
0.1296
0.1368
0.0345
0.4775
0.038
0.0976
0.0448
0.018
0.2449
0.0789
0.0571
0.1918
0.0588
0.7727
0.0
0.0182
0.3846
0.1017
0.3651
0.15
0.0508
0.0667
0.25
0.0932
0.05
0.1325
0.4286
0.2903
0.0532
0.7895
0.9038
0.2989
0.1048
0.0769
0.1538
0.2113
0.3039
0.0256
0.0903
0.4091
0.1358
0.4
0.4
0.8824
0.1597
0.0806
0.0098
0.2
0.1026
0.3415
0.0676
0.3226
0.1569
0.1217
0.1624
0.2203
0.2647
0.0222
0.4444
0.05
0.1071
0.038
0.1266
0.1778
0.0926
1.0
1.0
0.2466
0.25
0.141
0.4038
0.8621
0.3651
0.5806
0.1149
0.0753
0.069
0.0861
0.2031
1.0
0.0948
0.1026
0.0855
0.2088
0.3673
0.2969
0.1875
0.0394
0.1226
0.1143
0.1364
0.1321
0.1711
0.1143
0.0833
0.0795
0.1646
0.5962
0.0375
0.125
0.0
0.0
0.6058
0.0943
0.1013
0.0609
0.0746
0.8
0.0316
0.1176
0.0781
0.1
0.0423
0.9545
0.2549
0.4186
0.0206
0.0294
0.0889
0.9167
1.0
1.0
0.9231
0.0704
0.1489
0.0737
0.0571
0.0301
0.2024
0.3175
0.0081
0.0897
0.3409
0.0671
0.0851
0.0544
0.0429
0.0417
0.2812
1.0
0.1066
0.0615
0.1429
0.0115
0.0429
0.1207
0.125
0.5143
0.0429
0.8966
0.3011
0.5
0.4444
0.3491
0.6463
0.0127
0.5106
0.2247
0.236
0.2763
0.0885
0.0638
0.2471
0.0575
0.2
0.025
0.2727
0.3194
0.8
0.2407
0.0684
0.0851
0.1013
0.4615
0.8049
0.5
0.0124
0.0196
0.0588
0.5806
0.1798
0.2273
0.1739
0.1379
0.3529
0.0364
0.4578
0.5909
0.8
0.0216
0.034
0.0
0.2
0.0412
0.3333
0.2466
0.1429
0.25
0.1714
0.5652
0.0667
0.2642
0.0769
0.3143
0.1119
0.1667
0.1974
0.0345
0.1667
0.6667
0.8333
0.1781
0.0776
0.0532
0.1698
0.0698
0.0917
0.1299
0.0933
0.0864
0.3846
0.1957
0.0959
0.6769
0.0079
0.0238
0.0136
0.038
0.0058
0.028
0.5161
0.0909
0.0405
0.032
0.1
0.0615
0.1042
0.2453
0.1818
0.8
0.0208
0.0221
0.0216
0.0412
0.1327
0.0826
0.0814
0.5455
0.0
0.0513
0.5667
0.0465
0.0538
0.0667
0.013
0.0621
0.0345
0.1538
0.4062
0.35
0.9565
0.3333
0.0
0.0
0.2889
0.073
0.0791
0.0432
0.1058
0.1111
0.2143
0.2321
0.0507
0.0156
0.2672
0.0296
0.14
0.1034
0.8571
0.4639
0.4343
1.0
0.1642
0.8095
0.2586
0.0067
0.2143
0.4
0.5217
1.0
0.7407
0.6279
0.1236
0.0673
0.1429
0.1556
0.1039
0.1607
0.0745
0.0345
0.0476
0.6875
0.0235
0.0556
0.1739
0.2093
0.2857
0.0484
0.1818
0.75
1.0
0.0976
0.7857
0.1461
0.7544
0.9167
0.0563
0.2692
0.8182
0.2887
0.3
1.0
0.4366
0.6842
0.25
0.0238
0.014
0.0
0.0075
0.625
1.0
0.8889
1.0
0.064
0.0522
0.2889
0.1356
0.1667
0.0133
0.2727
0.1791
0.087
0.8
0.3864
0.1818
0.1875
0.2308
0.2429
0.0294
0.1404
0.0238
0.0118
0.1111
0.5867
0.5949
0.8333
0.1429
0.1136
0.0604
0.0929
0.0882
0.0141
0.0253
0.0074
0.0385
0.1136
0.1743
0.25
0.1918
0.1268
0.1837
0.5312
0.4878
0.1461
0.0308
0.0244
0.0057
0.0188
0.0325
0.2459
0.7083
0.1143
0.2442
0.1364
0.25
0.0526
1.0
0.0385
0.0357
0.0992
0.2558
0.0846
0.12
0.0722
0.1552
0.5652
0.3
0.3118
0.1014
0.0492
1.0
0.2553
0.0631
0.019
0.0288
0.5
0.9
0.0588
0.1481
0.1442
0.0
0.0556
0.2407
0.6211
0.7262
0.0309
0.1618
0.4677
0.0312
0.1771
0.0964
0.0973
0.1176
0.0857
0.0244
0.0131
0.0463
0.8889
0.7188
0.0769
0.0426
0.1919
0.12
0.2692
0.1111
0.0625
0.0222
0.1972
0.0396
0.284
0.1538
0.5769
0.0652
0.2267
0.0153
0.0472
0.0933
0.9667
0.1235
0.0857
0.0787
0.1695
0.0179
0.6667
1.0
0.0
0.0083
0.0
1.0
1.0
0.1613
0.2133
0.0252
0.7273
0.9412
0.0345
0.0261
0.04
0.0854
0.2473
0.3333
0.3667
0.1939
0.2088
0.2468
0.1429
0.0072
0.0
0.0
0.0455
0.4615
0.8571
0.0755
0.2222
0.0072
0.5667
0.4615
0.0784
0.5217
0.3864
0.0351
0.625
1.0
1.0
1.0
0.0847
0.1212
0.049
0.0551
0.1154
0.0459
0.027
0.0482
0.1
0.76
0.987
0.0349
0.0354
0.0333
0.0614
1.0
0.3881
0.1279
0.1071
0.0667
0.1613
0.1327
0.1127
0.1129
0.078
0.1923
0.5
0.125
0.4375
0.4118
0.6176
0.0236
0.375
0.125
0.0256
0.0495
0.1565
0.1605
0.0606
0.0195
0.0069
0.8788
0.2034
0.137
0.1446
0.0476
0.9444
0.0864
0.0444
0.0256
0.0678
0.3684
0.2759
0.3043
1.0
0.0395
0.1364
0.5556
0.0935
0.0267
0.1111
0.2308
0.2055
0.2308
0.1364
0.0192
0.0385
0.0292
0.0263
0.0256
0.1026
0.6379
0.3704
0.3529
0.7143
0.5773
0.3494
0.3623
0.0
0.0
0.0714
0.2537
0.0077
0.1053
0.0057
0.0769
0.0233
0.6034
0.38
0.7368
0.1667
0.0365
0.0328
0.0412
0.039
0.4127
0.4157
0.0
0.2791
0.3056
0.9412
0.3548
0.0698
0.617
0.5556
0.4286
0.037
0.2667
0.8621
0.1622
0.1481
0.1
0.8095
0.8909
1.0
0.2143
0.8333
0.9545
0.0065
0.0068
0.0735
0.2233
0.1538
0.0588
0.0721
0.0556
0.0517
0.1043
0.7857
0.7456
0.7021
0.2449
0.0534
0.0142
0.0132
0.1081
0.0055
0.0985
0.0645
0.0323
0.0519
0.0789
0.0909
0.0517
0.0154
0.027
0.0196
0.1538
0.0075
0.0248
0.2333
0.0325
0.1028
0.0388
0.2361
0.2051
0.197
0.0076
0.0
0.0
0.0076
0.0
0.008
0.68
1.0
0.0211
0.045
0.051
0.2381
0.0602
0.1392
0.213
0.1919
0.2471
0.0952
0.0777
0.0174
0.3077
0.0654
0.1846
0.1695
0.3077
0.0143
0.1379
0.75
0.0536
0.86
0.5902
0.6133
0.2368
0.008
0.0826
0.0323
0.28
0.0247
0.3478
0.0407
0.0333
0.0417
0.5147
0.0
0.0224
0.4483
0.14
0.44
0.2174
0.2063
0.0606
0.2558
0.0342
0.7143
0.6538
0.7727
0.0714
0.0769
0.2759
0.8333
0.5
0.8354
0.7333
0.8214
0.7037
0.0909
0.274
0.2613
0.5385
0.1016
0.8
0.0234
0.0272
0.0833
0.1358
0.3833
0.2045
0.1429
0.1818
0.0284
0.0403
0.0714
0.0857
0.0312
0.0256
0.05
0.25
0.1556
0.56
0.0227
0.1589
0.8684
0.0238
0.011
0.1134
0.3043
0.3188
0.8718
0.2162
0.2456
0.253
0.0759
0.0552
0.2333
0.0784
0.75
0.0968
0.0642
0.4
0.1176
0.0294
0.0215
0.0187
0.0292
0.0247
0.4545
0.7447
0.6216
0.0714
0.5882
0.1379
0.0746
0.2931
0.0725
0.475
0.6667
0.0128
0.0164
0.1212
0.0
0.0076
0.375
0.2647
0.2029
0.039
0.0138
0.007
0.0221
0.04
0.0973
0.1028
0.05
0.0
0.1111
0.0098
0.0423
0.0833
0.0811
0.1186
0.1538
0.2143
0.1026
0.4615
0.1636
0.1404
1.0
0.8571
0.0811
0.0952
0.0857
1.0
0.2308
0.5106
0.5714
0.0081
0.0071
0.1182
0.0125
0.96
0.0973
0.1132
1.0
0.1026
0.1017
1.0
0.015
0.0805
0.0673
0.0309
0.0366
0.2759
0.007
0.4259
0.5306
0.2464
0.1084
0.8333
0.3721
0.5294
1.0
0.85
0.5435
0.0244
0.0
0.5238
0.4699
0.23
0.0222
0.1385
0.1373
0.0167
0.1818
0.3333
0.0349
0.0291
0.5143
0.2473
0.4
0.0526
0.061
0.0217
0.3571
0.8261
0.2857
1.0
0.0079
0.0315
0.3103
0.024
0.0238
0.12
0.0408
0.95
0.4667
1.0
0.0123
0.0864
0.2353
0.2955
0.5102
0.5814
0.3774
0.25
0.0455
0.0224
0.013
0.0057
0.0319
0.5484
0.0
0.125
0.7656
0.3784
0.301
0.0476
0.2364
0.2273
0.0
0.5135
1.0
1.0
0.8148
0.1111
1.0
0.3256
0.7143
0.1447
0.0227
0.4896
0.3238
1.0
0.06
0.0965
0.2596
0.087
0.1682
0.1719
0.0148
0.0291
0.0968
0.337
0.3662
1.0
0.2466
0.175
0.0734
0.0556
0.0625
0.1574
0.119
0.4
0.1364
0.0556
0.0411
0.325
0.2258
0.0571
0.4
0.0
0.3548
0.5568
0.55
0.9565
0.2667
0.5
0.1622
0.0735
0.012
0.0
0.0126
0.0327
0.0526
0.5455
0.0067
0.0061
0.008
0.2667
0.1026
0.2791
0.75
0.1071
0.6667
0.875
1.0
0.0484
0.0556
0.0755
1.0
1.0
0.7097
0.1239
0.0924
0.0598
0.0388
0.0909
0.7143
0.0833
0.0
0.0058
0.0127
0.1071
0.1429
0.181
0.026
0.0519
0.0833
0.0875
0.049
0.0667
0.0667
0.0288
0.0648
0.1163
0.0079
0.1047
0.1754
1.0
0.015
0.0157
0.039
0.7
0.0
0.3175
0.2466
0.2361
0.027
0.0
0.0833
0.0563
0.0833
0.1944
0.0652
0.0192
0.1102
0.0965
0.0353
0.0217
0.0247
0.0562
0.119
0.072
0.7619
0.0973
0.0741
0.0105
0.0086
0.0625
0.03
0.1395
0.0991
0.1132
0.2099
0.8333
0.1591
0.0211
0.0758
0.64
0.4444
0.024
0.8
0.0917
0.5833
0.0351
0.1071
0.055
0.5556
0.1944
0.009
0.0256
0.0259
0.0545
0.1286
0.1111
0.3095
0.0806
0.061
0.0192
0.2361
0.2078
0.0
0.125
0.3774
1.0
0.0225
0.0455
0.0636
0.0638
0.1163
0.2667
0.0206
0.0057
0.0164
0.0726
0.0226
0.7143
0.4167
1.0
0.4865
0.4
0.0235
0.0149
0.1064
0.1304
0.1327
0.1573
0.0541
0.0317
0.0403
0.02
0.0195
0.1765
0.0549
0.0784
0.0714
0.0112
0.04
1.0
0.0196
0.0083
0.0866
0.0417
0.1818
0.0
0.1273
0.4159
0.4815
0.0842
0.1358
0.0962
1.0
0.0183
0.0364
0.0449
0.0278
0.029
0.1074
0.1273
0.2222
0.1782
0.0333
0.8333
0.625
1.0
0.0853
0.3333
0.3729
0.1639
0.1818
0.0
0.1776
0.0924
0.0943
0.1286
0.0463
0.1134
0.087
0.0385
0.0909
0.2174
0.1449
0.2703
0.1017
0.0374
0.1304
0.0093
0.875
0.2571
0.8571
0.4949
0.2581
0.1538
0.0714
0.0194
0.0755
0.0547
0.0308
0.0732
0.0441
0.3
0.2766
0.1905
0.0956
0.0
0.1176
0.0451
0.102
0.0194
0.0294
0.01
0.0213
0.2353
0.0899
0.325
0.2778
0.6154
0.8333
0.2059
0.0784
0.0234
0.014
0.0169
0.1058
0.0762
0.1573
0.3684
0.0
0.0734
0.1429
0.125
0.1635
0.1
0.0125
1.0
0.0588
0.1154
0.0928
0.2449
0.0821
0.0621
0.0522
0.0561
0.85
0.0113
0.0194
0.0495
0.044
0.0323
0.0513
0.5714
0.6444
0.0745
0.169
0.6333
0.3382
0.043
0.0833
0.2623
0.2258
0.3137
1.0
1.0
0.1839
0.9714
1.0
0.9348
0.1486
0.0522
0.1062
0.0206
0.0175
0.0177
0.0541
0.0642
0.0438
0.0833
0.5823
0.4684
0.3973
0.0
0.061
0.1515
0.1467
0.2267
0.0588
0.2424
0.241
0.3056
0.0886
0.1127
0.0442
0.053
0.0076
0.0085
0.3281
0.3385
0.8333
1.0
0.3488
0.2097
0.7273
0.7826
0.1892
0.4074
0.3577
0.2696
0.1591
0.6
0.0938
0.1918
0.8
0.2391
0.04
0.0699
0.0615
0.1782
0.2143
0.6875
0.9
0.1852
0.0435
0.0065
0.0074
1.0
0.2794
0.25
0.1111
0.1468
0.1429
0.0448
0.0248
0.1778
0.0171
0.125
0.619
0.5098
0.2642
1.0
0.0811
0.1667
0.0758
0.0375
0.4375
0.1895
1.0
0.0278
0.0157
0.0267
0.0145
0.0154
0.1864
0.0755
0.028
0.043
0.9583
0.9677
0.1923
0.6885
0.5143
0.68
0.268
0.0909
0.0746
0.0824
0.0769
0.0351
1.0
0.1552
0.0896
0.2766
0.024
0.0213
0.0242
0.0
0.6667
0.102
0.043
0.093
0.0131
0.0142
0.0
0.2143
0.0545
0.1264
0.2222
0.0612
0.0814
0.2105
0.0492
0.2647
0.0102
0.4627
0.2561
0.2143
0.8333
0.0366
0.0583
0.2043
0.4286
0.0833
0.0133
0.0719
0.5714
0.1188
0.098
0.2791
0.2913
0.15
0.0
0.0805
0.1507
0.0536
0.1642
0.1128
0.2857
0.3934
0.3088
0.0125
0.0337
0.1765
0.8889
1.0
0.0543
0.0073
0.0246
0.125
0.0815
0.0164
0.5495
0.4792
0.1176
0.0857
0.7059
0.6667
0.5116
0.0608
0.0073
0.3429
0.0072
0.5918
0.5952
0.0127
0.0066
0.0127
0.0
0.0952
0.7879
0.0943
0.0926
0.1013
0.2551
0.1122
0.0968
0.1507
0.0946
0.1636
0.5926
0.0845
0.0877
0.0444
0.0182
0.0065
0.0068
0.0842
0.172
0.1406
0.1613
0.0714
0.0446
0.2308
0.2619
0.268
0.1857
0.1404
0.0982
0.25
0.6667
0.1827
0.0531
0.0476
0.6
0.0
0.114
0.0424
0.0845
0.0714
0.1575
0.0128
0.0333
0.04
0.0354
0.007
0.0909
0.0
0.0231
0.0734
0.0891
0.102
0.1504
0.0303
0.0745
0.3171
0.4048
0.2
0.1087
0.125
0.0762
0.0556
0.2745
0.75
0.0734
0.0699
0.0775
0.073
0.0603
0.5
0.7381
0.6429
0.1081
0.09
0.0492
0.2121
0.0345
0.9706
0.4483
0.053
0.036
0.254
0.1714
0.134
0.1009
0.0
0.4
0.1765
0.1739
0.0187
0.1379
0.086
0.0185
0.0275
0.0641
0.75
0.0253
0.0091
0.0515
0.0805
0.1406
0.4
0.1127
0.1636
0.0505
0.0404
0.0261
0.5455
0.0272
0.026
0.0
0.0574
0.697
0.0606
0.25
0.15
0.1607
0.0
0.0645
0.1103
0.878
0.0
0.0303
0.2097
0.2778
0.0976
0.1143
0.5068
0.28
0.1429
0.1014
0.0577
0.0737
0.1345
0.1707
0.1458
0.1031
0.0971
0.0191
0.0119
0.0183
0.0078
0.1509
0.0241
0.3023
0.913
0.9684
0.961
0.2154
0.1538
0.8571
0.0072
0.053
1.0
0.2714
0.25
0.4043
1.0
1.0
1.0
0.031
0.031
0.0
0.0342
0.0438
0.1304
0.0341
0.0174
0.1351
0.3333
0.0294
0.0526
0.7188
0.6286
0.0902
0.25
0.0417
0.0377
0.0488
0.5385
0.0177
0.0265
0.0407
0.3
0.0485
0.049
0.0417
0.0769
0.0531
0.0677
0.1852
0.2174
0.5
0.0
0.3099
0.0659
0.0526
0.2209
0.0687
0.2289
0.1935
0.2424
0.0845
0.0857
0.0483
0.0
0.0195
0.0
0.0465
0.0952
0.0286
0.1724
0.1466
0.3095
0.1961
1.0
0.0613
0.8571
0.0853
0.4
0.1364
0.913
0.32
0.5
0.0637
0.0116
0.0794
0.6452
0.0575
0.1136
0.0139
0.0227
0.0449
0.6076
0.6533
0.0909
0.1034
0.9
0.434
0.0368
0.0457
0.0541
0.084
0.3864
0.4727
0.1257
0.1208
0.9231
0.121
0.0387
0.0278
0.0
0.6
0.0219
0.1136
0.4773
0.4255
0.5047
0.3846
0.0
0.0612
0.0395
0.0139
0.0156
0.0
0.1091
0.1228
0.0833
0.8621
0.3506
0.7258
0.8511
0.0685
0.1333
0.3333
0.0893
0.0132
0.3056
0.4286
0.1038
0.0744
0.1071
0.0382
0.1083
0.0636
0.4154
0.2
0.0352
0.1163
0.1684
0.307
0.2527
0.0353
0.0506
0.4211
0.0098
0.8462
0.0866
0.2
0.064
0.0479
0.0633
0.0172
0.0331
0.0267
0.0714
0.0252
0.1742
0.4474
0.0574
0.05
0.0158
0.0563
0.1736
0.2609
0.0964
0.197
0.0114
0.0116
0.016
0.0536
0.3191
0.2632
0.0347
0.23
0.0783
0.0452
0.0794
0.1786
0.6429
0.0351
0.0185
0.0893
0.1429
0.3793
0.1373
0.0588
0.1389
