0.125
0.1429
0.0571
0.1765
0.4118
0.0769
0.0698
0.5714
0.0192
0.0141
0.0097
0.0102
0.0
0.0843
0.0625
0.0962
0.0882
0.0508
0.0896
0.0641
0.0814
0.0946
0.1818
0.2
0.0392
0.8333
0.4643
0.325
0.2564
0.275
0.1184
0.8889
0.8684
0.5854
0.7805
0.058
0.0244
0.0303
0.0179
1.0
0.0741
0.0588
0.0513
0.1974
0.1778
0.1692
0.0065
0.0391
0.0201
0.0063
0.2
0.3043
0.0236
0.0333
0.5542
0.2188
0.1495
0.3168
0.28
0.2195
0.3226
0.0198
0.6667
0.6667
0.2286
0.2078
0.2911
0.0448
0.0952
0.4
0.0656
0.0667
0.0471
0.8824
0.5238
0.0625
0.023
0.8431
0.8727
0.0686
0.9643
0.8462
0.063
0.016
0.0696
0.7857
0.8571
0.0204
0.1732
0.8333
0.129
0.4444
0.7119
0.2778
0.3651
0.1071
0.0361
0.0656
0.1833
0.3878
0.0588
0.1176
0.3214
0.2034
0.3119
0.2925
0.4211
0.3731
0.1208
0.0843
0.0729
0.1
0.1316
0.1031
0.0696
0.0857
0.1196
0.0
0.0909
0.0476
0.0875
0.375
0.1923
0.1333
0.1132
0.087
0.0
0.0513
0.0342
0.1124
0.1333
0.8333
0.6053
0.575
0.6136
0.3415
0.6923
0.5143
0.0252
0.0
0.0233
0.0154
0.0
0.0118
0.4688
0.3095
0.1389
0.1884
0.0381
0.3871
0.3333
0.3898
0.0824
0.1622
0.0851
0.1739
0.1094
0.0946
0.3519
0.7101
0.7917
0.0145
0.0235
0.0081
0.1064
0.037
0.0
0.0625
0.0333
0.0345
0.0833
0.3125
0.1111
0.0143
0.0122
0.0128
0.1489
0.2
0.125
0.0758
0.1818
0.0526
0.0
0.2708
0.0476
0.0
0.0297
0.0519
0.85
0.8929
0.8657
0.2162
0.3333
0.0196
0.029
0.0116
0.0278
0.0612
0.2195
0.1905
0.1594
0.2917
0.0787
0.1837
0.0741
0.0
0.0
0.0686
0.1053
0.2045
0.186
0.0851
0.1852
0.1087
0.3012
0.1034
0.0857
0.0476
0.0
0.0
0.3333
0.2917
0.3654
0.6364
0.2667
0.1111
0.1646
0.4943
0.0364
0.1029
0.9545
0.9565
1.0
1.0
0.439
0.4146
0.1566
0.2766
0.4048
0.3846
0.3548
0.0095
0.051
0.043
0.0392
0.0595
0.3125
0.339
0.094
0.0444
0.0214
0.0532
0.075
0.4828
0.4894
0.0175
0.0217
0.0
0.1746
0.2
0.2344
0.0096
0.0168
0.125
0.1429
0.1
0.0964
0.52
0.5238
0.3415
0.4255
0.383
0.2632
0.1064
0.0189
0.0241
0.0515
0.625
0.0857
0.0952
0.873
0.3636
0.0137
0.0
0.0377
0.0303
1.0
0.5
0.0345
0.0366
0.0326
0.0556
0.0341
0.061
0.0879
0.1042
0.3913
0.1644
0.25
0.0455
0.2069
0.1897
0.02
0.0641
0.0267
0.0575
0.05
0.0506
0.0091
0.0789
0.0395
0.2727
0.3036
0.1413
0.0606
0.1196
0.1196
0.5333
0.4231
0.3721
0.0972
0.1622
0.2424
0.2667
0.1579
0.0463
0.0536
0.0526
0.0789
0.1333
0.2353
0.6
0.625
0.2424
0.1148
0.1205
0.2841
0.0986
0.0952
0.0964
0.7755
0.0306
0.0114
0.0286
0.1625
0.0294
0.0247
0.1818
0.1899
0.5
0.1324
0.0833
0.1163
0.1818
0.25
0.0833
0.122
0.0891
0.1013
0.1053
0.1186
0.0256
0.0
0.0
0.0472
0.0901
0.4
0.087
0.0921
0.766
0.029
0.0101
0.2188
0.4167
0.3947
0.6842
0.0291
0.1194
0.3684
0.3208
0.1642
0.0972
0.0693
0.025
0.0263
0.0244
0.0328
0.6667
0.4375
0.0667
0.8889
0.1954
0.0805
0.1023
0.5821
0.6406
0.4815
0.2679
0.1053
0.0
0.0
0.0595
0.0588
0.05
0.8923
0.3485
0.0076
0.0075
0.0526
0.0215
0.044
0.0345
0.2169
0.0
0.0075
0.0536
0.0091
0.009
0.0875
0.0886
0.0
0.3088
0.3134
0.1143
0.1333
0.2708
0.1852
0.1852
0.04
0.01
0.137
0.0208
0.0421
0.2
0.1333
0.0
0.0119
0.0909
0.0462
0.7059
0.3636
0.5385
0.0085
0.1714
0.0784
0.0309
0.875
0.8077
0.1566
0.5909
0.4565
0.7937
0.6341
0.0704
0.0323
0.2258
0.075
0.1176
0.2609
0.2308
0.1047
0.049
1.0
0.1333
0.1364
0.1935
0.2182
1.0
0.1059
0.0085
0.439
0.7963
0.2381
0.06
0.0698
0.0435
0.1154
0.0548
0.0952
0.0784
0.0825
0.2088
0.2805
0.55
0.2321
0.0192
0.0816
0.0843
0.0787
0.1333
0.1684
0.2045
0.3056
0.3881
0.1304
0.0
0.0488
0.0488
0.0
0.192
0.4167
0.2553
0.1839
0.3553
0.1882
0.7333
0.8462
0.9474
0.8333
0.0
0.122
0.122
0.2045
0.0729
0.0779
0.0541
0.0484
0.8889
0.05
0.037
0.1127
0.2687
0.1765
0.0992
0.0492
0.0517
0.7143
0.3448
0.1731
0.5172
0.2826
0.1343
0.04
0.0118
0.9868
0.75
0.0179
0.1818
0.039
0.0227
0.0
0.7778
0.5082
0.678
0.0342
0.64
0.775
0.03
0.0854
0.0563
0.0649
0.0412
0.0408
0.0485
0.0455
0.2
1.0
0.8333
0.3833
0.3559
0.3279
0.0211
0.0
0.0286
0.193
0.0886
0.1548
0.0
0.12
0.381
0.3968
0.225
0.0189
0.0169
0.619
0.3125
0.0638
0.0877
0.122
0.1633
0.2609
0.2034
0.2115
0.3023
0.2364
0.1875
0.06
0.0617
0.0519
0.5
0.5893
0.234
0.0984
0.4878
0.0822
1.0
0.0769
0.5455
0.1111
0.2051
0.0075
0.0874
0.0508
0.0625
0.0
0.0169
0.0282
0.1538
0.1618
0.3043
0.2069
0.05
0.1842
0.1154
0.0435
0.0345
0.0156
0.0377
0.1282
0.1778
0.2381
0.3333
0.1972
0.1176
0.0208
0.0177
0.0485
0.6842
0.0795
0.3784
0.7632
0.8356
0.7966
0.1613
0.381
0.0976
0.0484
0.274
0.099
0.6667
0.7143
0.0536
0.0278
0.0606
0.1011
0.1
0.3148
0.1176
0.0222
0.025
0.0246
0.9756
0.1053
0.1
0.1143
0.1067
0.0833
0.0333
0.0085
0.0794
0.0141
0.0272
0.2222
0.1129
0.194
0.1159
0.25
0.1481
0.1333
0.1392
0.0909
0.1071
0.0566
0.0941
0.0909
0.9286
0.0769
0.0588
0.0286
0.1013
0.0619
0.0682
0.4118
0.8378
0.7647
0.6818
0.008
0.0
0.0759
0.0286
0.0
0.0594
0.1228
0.0702
0.0674
0.0864
0.0297
0.9333
0.7333
0.9111
0.061
0.0521
0.043
0.6
0.2157
0.1064
0.027
0.1324
0.2955
0.0385
0.0882
0.0481
0.0366
0.2222
0.1034
0.3
0.1818
0.1556
0.1975
0.0248
0.0076
0.1778
0.102
0.0933
0.0244
0.0
0.0571
0.049
0.0444
0.0577
0.6957
0.8824
0.2917
0.4444
0.0094
0.0098
0.0198
0.0326
0.4286
0.1324
0.1695
0.1163
0.1163
0.1429
0.1071
0.0444
0.0707
0.0303
0.0353
0.0312
0.0185
0.0085
0.0163
0.0167
0.1818
0.2278
0.1
0.0758
0.8378
0.028
0.0824
0.1169
0.2987
0.6667
0.875
0.0685
0.0247
0.0563
0.0196
0.1053
0.1967
0.1719
0.1429
0.06
0.0849
0.191
0.0588
0.0092
0.125
0.1746
0.1143
0.1613
0.1111
0.1939
0.3667
0.1333
0.0331
0.2
0.0115
0.2353
0.3846
0.2759
0.3562
0.3514
0.3731
0.7027
0.2222
0.1375
0.0682
0.0078
0.6786
0.3607
0.4932
0.0708
0.3065
0.4638
0.9796
0.25
0.1707
0.1667
0.037
0.4286
0.4118
0.5
0.5
0.0
0.2564
0.6667
0.6812
0.14
0.0938
0.0959
0.65
0.0
0.0
0.0081
0.0789
0.0103
0.0381
0.0111
0.0879
0.04
0.0471
0.0606
0.0086
0.0122
0.1406
0.2241
0.7333
0.5806
0.3333
0.4821
0.3617
0.5312
0.07
0.2278
0.2051
0.0991
0.0351
0.0412
0.0667
0.6164
0.5732
0.4
0.5625
0.4667
0.2222
0.0444
0.0114
0.0426
0.0978
0.0349
0.1733
0.3939
0.9688
0.0789
0.303
0.2105
0.01
0.04
0.0268
0.0943
0.125
0.0606
0.0233
0.0513
0.1304
0.2
0.0385
0.3333
0.5
0.3125
0.1951
0.0175
0.025
0.0294
0.3696
0.6923
1.0
0.5
0.0208
0.1231
0.0959
0.0597
0.0407
0.0366
0.0519
0.9091
0.8276
0.32
0.0976
0.1176
0.0286
0.0517
0.031
0.0458
0.0921
0.0349
0.0227
0.0238
0.2857
0.1667
0.2059
0.0235
0.0194
0.1026
0.066
0.0412
0.069
0.5161
0.6027
0.8046
0.8333
0.1233
0.0348
0.0222
0.1207
0.0083
0.7297
0.6562
0.0088
0.197
0.3143
0.2466
0.0099
0.018
0.0089
0.0446
0.4776
0.0397
0.05
0.037
0.0312
0.1273
0.1754
0.1231
0.0421
0.4286
0.0941
0.0612
0.1096
0.0455
0.2182
0.6129
0.2131
0.4902
0.6842
0.9062
0.9531
0.3556
0.4762
0.0755
0.1889
0.2532
0.0968
0.1
0.0645
0.0388
0.7647
0.7632
0.4746
0.0989
0.75
0.2143
0.0
0.0385
0.1724
0.0606
0.25
0.625
0.775
0.6667
0.5
0.5152
0.3824
0.3415
0.0714
0.1613
0.3115
0.2381
0.2
0.2727
0.1951
0.2571
0.3
1.0
0.2459
0.0139
0.6066
0.1545
0.0566
0.0254
0.0822
0.1045
0.25
0.3704
0.2703
0.1364
0.0909
0.129
0.2667
0.2222
0.3393
0.1042
0.5333
0.0366
0.0168
0.0472
0.2738
0.3235
0.0968
0.1
0.1724
0.0
0.814
0.7966
0.5593
0.0814
0.0093
0.018
0.5
0.6
0.0581
0.2195
0.1538
0.1325
0.0482
0.0789
0.1481
0.1622
0.2464
0.3051
0.8621
0.8485
0.4615
0.0
0.027
0.029
0.0941
0.0581
0.1818
0.6154
0.1408
0.1698
0.0896
0.1
0.0308
0.0448
0.74
0.0061
0.0561
0.0968
0.0815
0.0541
0.1467
0.2432
0.1613
0.4878
0.3393
0.1013
0.0988
0.2083
0.4167
1.0
0.0216
0.0337
0.0496
0.1461
0.0408
0.068
0.0805
0.2963
0.3429
0.0254
0.0275
0.4706
0.3235
0.1045
0.3333
0.525
0.3043
1.0
0.0
0.0
0.0519
0.0154
0.0
0.0111
0.1313
0.2381
0.1754
0.0909
0.0
0.0879
0.1481
0.06
0.0065
0.2333
0.0672
0.0308
0.0566
0.1
0.0333
0.0196
0.0159
0.0114
0.01
0.0357
0.0588
0.0175
0.0789
0.0889
0.0163
0.0385
0.0079
0.1944
0.0693
0.6122
0.4286
0.3488
0.1452
0.4762
0.0556
0.1023
0.2034
0.2553
0.4545
0.061
0.1429
0.1429
0.4902
0.4259
0.5
0.375
0.5333
0.014
0.0069
0.0075
0.2824
0.3947
0.019
0.0154
0.0273
0.025
0.1059
0.0612
0.0319
0.06
0.1053
0.0312
0.0238
0.0588
0.1618
0.2407
0.7719
0.8163
0.0625
0.2353
0.2083
0.0435
0.0579
0.0562
0.0588
0.058
0.0256
0.6567
0.5
0.0211
0.0213
0.0926
0.0119
0.093
0.4286
0.1912
0.2113
0.0325
0.2105
0.3281
0.3878
0.4386
0.3194
0.2154
0.0
0.0
0.0367
0.0439
0.6364
0.225
0.0455
0.3556
0.3269
0.0342
0.7097
0.2923
0.7037
0.3014
0.086
0.2857
0.0423
0.0385
0.0602
0.1556
0.2584
0.1957
0.125
0.1268
0.3019
0.2708
0.2727
0.1538
0.0938
0.1215
0.063
0.3
0.2653
0.2083
0.2609
0.0857
0.1412
0.3438
0.1667
0.1296
0.1463
0.0114
0.1011
0.2466
0.0708
0.0597
0.0735
0.0098
0.0595
0.5625
0.325
0.5789
0.2174
0.0952
0.0968
0.1013
0.092
0.1304
0.1622
0.3191
0.0312
0.0741
0.1707
0.082
0.0606
0.1429
0.5135
0.169
0.1429
0.0179
0.403
0.0496
0.1818
0.3571
0.0833
0.0909
0.0854
0.1786
0.04
0.0159
0.0745
0.4667
0.2063
0.1228
0.0087
0.0337
0.0769
0.0388
0.125
0.3902
0.5833
0.0427
0.6087
0.0242
0.066
0.0196
0.0641
0.0732
0.0935
0.1075
0.1231
0.0595
0.0515
0.093
0.2581
0.6452
0.575
0.2903
0.0068
0.0421
0.0261
0.4828
0.0816
0.6528
0.0909
0.6
0.1111
0.0988
0.0769
0.0246
0.0
0.25
0.2
0.0
0.0147
0.186
0.1795
0.0667
0.032
0.0145
0.0508
0.0642
0.0804
0.0376
0.1222
0.3167
0.0261
0.0086
0.0127
0.0345
0.2532
0.06
0.0438
0.1266
0.2692
1.0
0.0
0.0292
0.0407
0.5192
0.0597
0.1071
0.0465
0.4138
0.8
0.8548
0.8621
0.36
0.3846
0.1579
0.1282
0.0078
0.0167
0.0
0.0455
0.0704
0.0625
0.14
0.2553
0.1406
0.029
0.0083
1.0
1.0
0.7297
0.2326
0.025
0.022
0.0261
0.0417
0.0619
0.0183
0.0938
0.1786
0.0206
0.5278
0.3871
0.0532
0.2535
0.2239
0.1731
0.0759
0.2941
1.0
0.6
0.1471
0.0976
0.2558
0.5862
0.0632
0.0388
0.0315
0.0
0.0
0.0088
0.0208
0.0194
0.0606
0.0286
0.0435
0.1935
0.0517
0.0625
0.5476
0.3125
0.12
0.0976
0.1216
0.1047
0.3077
0.2679
0.102
0.0897
0.125
0.0312
0.0206
0.1765
0.2778
0.7
0.0886
0.0
0.0
0.0145
0.0444
0.0577
0.234
0.0714
0.0149
0.0238
0.2105
0.1333
0.0215
0.0408
0.0508
0.3443
0.3393
0.3871
0.7143
0.6522
0.7625
0.908
0.7397
0.1633
0.0745
0.0532
0.1228
0.0833
0.2027
0.4423
0.7467
0.3158
0.0364
0.1205
0.0165
0.0299
0.0366
0.1098
0.4828
0.1667
0.0278
0.0536
0.0132
0.0224
0.6316
0.0769
0.1333
0.1458
0.0543
0.1892
0.2614
0.0467
0.0508
0.05
0.0451
0.0672
0.8571
0.0236
0.04
0.0708
0.2464
0.2
0.2785
0.0256
0.0933
0.0625
0.2025
0.225
0.3111
0.0296
0.0654
0.0702
0.2632
0.6566
0.6739
0.0833
0.1538
0.1505
0.0462
0.0
0.0
0.0294
0.0385
0.0833
0.0331
0.1354
0.2283
0.0278
0.0723
0.1096
0.0606
0.0769
0.0326
0.1733
0.2174
0.3077
0.625
0.7308
0.8
0.0845
0.2667
0.0079
0.0182
0.0233
0.1471
0.4848
0.75
0.4857
0.1887
0.875
0.0532
0.1167
0.082
0.2125
0.0515
0.043
0.0141
0.1373
0.5833
0.0
0.0889
0.35
0.3488
0.0845
0.0714
0.0568
0.1375
0.1774
0.046
0.4324
0.3421
0.4706
0.2647
0.3793
0.3191
0.5
0.7556
0.7812
0.4545
0.25
0.0635
0.0455
0.0345
0.0854
0.0079
0.2075
0.7895
0.2444
0.0602
0.1571
0.1864
0.4694
0.0164
0.2375
0.9469
0.9435
0.0087
0.0256
0.0106
0.012
0.0556
0.0
0.0286
0.1111
0.0481
0.1951
0.0606
0.1731
0.1167
0.1136
0.1724
0.5167
0.325
0.1688
0.1075
0.0261
0.0645
0.0635
0.0469
0.3091
0.371
0.434
0.0625
0.0208
0.0781
0.44
0.14
0.1684
0.1954
0.56
0.2333
0.1549
0.0238
0.025
0.0964
0.0769
0.0194
0.0241
0.3167
0.5882
0.8519
0.8148
0.3846
0.1081
0.1458
0.225
0.4186
0.8246
0.375
0.0667
0.2179
0.1647
0.038
0.0
0.011
0.0
0.0471
0.027
0.0149
0.032
0.0397
0.0761
0.0301
0.0088
0.0317
0.5581
0.0388
0.0282
0.037
0.0469
0.0361
0.0667
0.1042
0.1087
0.0659
0.2
0.2414
0.1875
0.4194
0.2917
0.9
1.0
0.9286
0.6471
0.8788
0.099
0.087
0.4211
0.1053
0.8462
0.9444
1.0
0.0543
0.0103
0.0103
0.0625
0.0505
0.1176
0.2857
0.119
0.0988
0.0787
0.254
0.2353
0.3333
0.0222
0.0938
0.8889
0.6897
0.25
0.0476
0.0105
0.0588
0.0889
0.0769
0.2239
0.0323
0.0325
0.359
0.1852
0.3778
1.0
0.4167
0.4571
0.2375
0.0566
0.1905
0.5714
0.2247
0.0833
0.5455
0.0714
0.1071
0.5789
0.2167
0.0568
0.1429
0.0556
0.011
0.0145
0.0886
0.2593
0.0377
0.1385
0.1905
0.0722
0.0588
0.2
0.2692
0.1622
0.9794
0.8696
0.1067
0.7273
0.4815
0.4912
0.6545
0.1807
0.3333
0.2143
0.0408
0.0294
0.0909
0.0588
0.12
0.0909
0.1268
0.0194
0.0303
0.0208
0.36
0.0
0.0
0.0127
0.7015
0.0625
0.0
0.0941
0.0
0.0
0.1111
0.0233
0.1193
0.0364
0.0224
0.5517
0.75
0.134
0.063
0.05
0.0385
0.0471
0.68
0.3333
0.25
0.2941
0.2632
0.1429
0.0417
0.2273
0.0455
0.069
0.0566
1.0
0.9518
0.0315
0.9714
0.1395
0.2
0.1053
0.1429
0.0351
0.0594
0.0235
0.1471
0.0769
0.0333
0.0865
0.3182
0.1509
0.1867
0.0088
0.0157
0.0077
0.17
0.1354
0.0385
0.0211
0.0526
0.0217
0.5743
0.1642
0.5
0.4375
0.4286
0.0638
0.0583
1.0
0.5
0.3731
0.0864
0.0862
0.0435
0.209
0.4151
0.5
0.1731
0.2903
0.6429
0.8235
0.6
1.0
0.0263
0.2105
0.0526
1.0
0.0
0.0568
0.0704
0.1667
0.1186
0.0208
0.0748
0.1143
0.0652
0.0896
0.2903
0.2619
0.0374
0.036
0.1061
0.0598
0.1628
0.1279
0.0847
0.0526
0.0
0.193
0.1458
0.0886
0.0485
0.0234
0.098
0.4051
0.0104
0.0337
0.1528
0.2297
0.1546
0.2632
0.0563
0.0217
0.0114
0.0336
0.0432
0.1458
0.0404
0.0513
0.0455
0.0577
0.0
0.5366
0.8644
0.8125
0.1429
0.125
0.0548
0.15
0.1633
0.0339
0.1667
0.0686
0.1176
0.775
0.587
0.5106
0.0896
0.0202
0.0127
0.4054
0.062
0.1163
0.0917
0.1395
0.1
1.0
0.0
0.0145
0.0286
0.03
0.033
0.0303
0.1169
0.1829
0.3704
0.3611
0.575
0.2059
0.0222
0.0471
0.0174
0.0583
0.0364
0.0
0.0
0.0423
0.0543
0.1075
0.1375
0.2192
0.4516
0.5849
0.5091
0.1613
0.1549
0.2048
0.2875
0.3333
0.0714
0.0
0.3939
0.3158
0.0577
0.0549
0.0729
0.137
0.0465
0.0345
0.0323
0.125
0.0594
0.0482
0.01
0.0109
0.9583
0.9167
0.0085
0.0085
0.0526
0.0278
0.0
0.0168
0.0571
0.9792
0.7857
0.5
0.0476
0.0
0.1538
0.0306
0.0674
0.5143
0.0632
0.0357
0.9615
0.9259
0.875
0.2394
0.0667
0.1159
0.087
0.141
0.25
0.5882
0.2542
0.1892
0.1184
0.0769
0.0448
0.0377
0.0141
0.0127
0.75
0.7619
0.0
0.0
0.0185
0.0337
0.0698
0.1023
0.2
0.0943
0.1077
0.1538
0.0714
0.2857
0.0727
0.0185
0.0303
0.0182
0.0204
0.0179
0.0759
0.1967
0.3385
0.3636
0.2
0.25
0.0652
0.0857
0.1163
0.4828
0.3396
0.2373
0.2152
0.0
0.5111
0.5
0.6562
0.32
0.0732
0.04
0.25
1.0
0.0521
0.0619
0.3607
0.6389
0.0
0.0244
0.0093
0.0253
0.3393
0.2317
0.4375
0.1364
0.0741
0.0333
0.8
0.2895
0.0748
0.0794
0.0957
0.0078
0.0
0.0084
0.1515
0.0197
0.0191
0.0328
0.2917
0.0769
0.0833
0.1549
0.0357
0.0532
0.0723
0.1481
1.0
0.1132
0.0702
0.0882
0.4583
0.0804
0.1161
0.0
0.0789
0.1452
0.1333
0.1944
0.3519
0.0687
0.3019
0.0658
0.0952
0.0504
0.1059
0.0185
0.041
0.0909
0.0952
0.1345
0.0238
0.0
0.0163
0.0082
0.0081
0.0
0.0229
0.131
0.2697
0.0759
0.0988
1.0
1.0
0.0368
0.303
0.7708
0.6905
0.1569
0.0465
0.0779
0.1707
0.1014
0.0647
0.1368
0.1171
0.0276
0.0294
0.0137
0.2273
0.2083
0.0851
0.049
0.2143
0.1194
0.0704
0.3412
0.0081
0.0
0.0427
0.1429
0.1644
0.5556
0.3611
0.2222
0.6105
0.0759
0.2105
0.2692
0.2667
0.0345
0.0614
0.0459
0.0714
0.0
0.0
0.0583
0.0194
0.0536
0.0597
0.027
0.1667
1.0
0.0923
0.1053
0.0725
0.0563
0.2143
0.3415
0.1538
0.2059
0.08
0.08
0.028
0.039
0.0571
0.0833
0.1667
0.1429
0.1935
0.092
0.1951
0.0345
0.0652
0.0
0.1429
0.2188
0.2857
0.1667
0.0556
0.0494
0.0792
0.0796
0.25
0.0656
0.0909
0.1165
0.1287
0.1837
0.1758
0.7576
0.1429
0.15
0.0315
0.0
0.1538
0.037
0.0217
0.0323
0.1071
0.2073
0.2469
0.2169
0.0154
0.0084
0.0182
0.101
0.0331
0.2708
0.2
0.1094
0.0164
0.0187
0.0319
0.1667
0.9474
0.0377
0.1125
0.3125
0.4444
0.0875
0.05
0.0735
0.0323
0.0165
0.1071
0.082
0.06
0.1714
0.5865
0.0
0.0448
0.4583
0.2703
0.0449
0.5652
0.5161
0.6176
0.76
0.2
0.3846
0.5769
0.1789
0.1333
0.2022
0.0482
0.26
0.9651
0.9891
0.1739
0.17
0.3043
0.3333
0.1905
0.0189
0.0964
0.0
0.1087
0.1818
0.2344
0.1719
0.0
0.1429
0.0217
0.1667
0.0303
0.0
0.01
0.6154
0.1351
0.2632
0.0588
0.0092
0.0096
0.2268
0.23
0.066
0.0242
0.5312
0.2174
0.2105
0.0222
0.0508
0.1923
0.0606
0.008
0.05
0.1667
0.1667
0.0732
0.6667
0.6667
0.5417
0.5152
0.6098
0.04
0.0741
0.1023
0.087
0.4762
0.1695
0.0602
0.0811
0.0952
0.0833
0.1566
0.1875
0.0467
0.0157
0.0388
0.0686
0.0714
0.1368
0.2424
0.1707
0.4815
0.0702
0.1389
0.3673
0.1111
0.1364
0.2459
0.2805
0.3373
0.0442
0.6923
0.0083
0.2308
0.129
0.039
0.05
0.3016
0.6452
0.0976
0.1569
0.0
0.1594
0.3231
0.1067
0.7692
0.087
0.0211
0.012
0.2564
0.0341
0.0562
0.046
0.1017
0.039
1.0
0.1176
0.1
0.1096
0.1316
0.96
1.0
0.0698
0.0
0.0
0.0222
0.375
0.0444
0.6667
0.0081
0.0794
0.08
0.1375
0.4688
0.9091
1.0
0.0198
0.7
0.0676
0.0625
0.0619
0.1803
0.1139
0.3651
0.4211
0.1951
0.2289
0.2414
0.1039
0.0678
0.1429
0.0923
0.0543
0.0494
0.1111
0.0779
0.1207
0.0083
0.0074
0.0156
0.2708
0.3333
0.4
0.25
0.1053
0.0526
0.1538
0.1094
0.0349
0.0336
0.0233
0.1293
0.0496
0.0737
0.1343
0.0259
0.3286
0.2632
0.45
0.7551
0.6667
0.1277
0.0602
0.0968
0.0208
0.0235
0.024
0.075
0.6346
0.5417
0.0649
0.1778
0.1224
0.0105
0.119
0.0211
0.0588
0.4828
0.7627
0.2206
0.0
0.1356
0.0317
0.0877
0.0455
0.137
0.056
0.0534
0.0286
0.0268
0.0283
0.022
0.0833
0.125
0.338
0.3284
0.1897
0.1528
0.0928
0.1176
0.75
0.0435
0.0
0.2976
0.0
0.0469
0.0583
0.0
0.1429
0.0889
0.0469
0.0152
0.0
0.0777
0.0374
0.1613
0.0971
0.2444
0.4583
0.537
0.26
0.2258
0.0857
0.0488
0.1529
0.2881
0.25
0.0935
0.0
0.4028
0.4658
0.4857
0.2877
0.2955
0.3226
0.1957
0.1077
0.1343
0.0886
0.0735
0.0909
0.3571
0.1277
0.1481
0.0317
0.0333
0.0417
0.022
0.4074
0.3667
0.0435
0.0707
0.0357
0.1389
0.0893
0.0435
0.5714
0.6154
0.7838
0.7241
0.3571
0.7188
0.0484
0.4348
0.25
0.1139
0.0482
0.1019
0.022
0.1013
0.0594
0.0667
0.0943
0.0658
0.3125
0.1373
0.2157
0.1205
0.0526
0.8966
0.4419
0.1605
0.3148
0.3269
0.8333
0.2667
0.0781
0.0388
0.0667
0.0441
0.0667
0.1346
0.12
0.032
0.0855
0.0933
0.0865
0.1383
0.4474
0.5667
0.8052
0.7564
0.8846
0.193
0.0
0.0412
0.022
0.0805
0.0319
0.0
0.1163
0.0562
0.125
0.2615
0.4643
0.0909
0.2292
0.1731
0.0086
0.0654
0.0435
0.1452
0.2063
0.2143
0.0341
0.0482
0.0824
0.011
0.0123
0.0125
0.0444
0.1333
0.0244
0.1579
0.2162
0.8621
0.717
0.7292
0.0
0.0
0.1622
0.2121
0.0482
0.1667
0.0083
0.4615
0.2632
0.0909
0.3514
0.2368
0.02
0.028
0.045
0.0367
0.0
0.6667
0.1017
0.0588
0.0485
0.119
0.1354
0.0568
0.0308
0.0721
0.1
0.0185
0.1935
0.069
0.5745
0.1633
0.0435
0.0263
0.2222
0.5789
0.175
0.1224
0.0392
0.0381
0.5
0.4
0.4762
0.0435
0.0204
0.814
0.0667
0.2692
0.4918
0.2754
0.3333
0.0886
0.0208
0.1031
0.4167
0.0769
0.0337
0.0787
0.0577
0.0222
0.1786
0.0442
0.04
0.0085
0.0777
0.0476
0.0345
0.1111
0.0163
0.3279
0.2195
0.48
0.3636
0.359
0.0769
0.12
0.1957
0.0667
0.8125
0.1429
0.0465
0.075
0.2025
0.5714
0.1591
0.1296
0.0964
0.0833
0.175
0.2676
0.2286
0.6949
0.2436
0.625
0.3714
0.1125
0.2073
0.0909
0.1467
0.1957
0.8929
0.52
0.0379
0.031
0.0099
0.0267
0.1765
0.0901
0.2
0.1807
0.0707
0.0814
0.0759
0.0319
0.0084
0.0625
0.0341
0.0515
0.0556
0.0526
0.0625
0.0451
0.25
0.8158
0.7193
0.5938
0.3462
0.561
0.2143
0.08
0.0845
0.3077
0.058
0.1944
0.3077
0.5765
0.5059
0.0619
0.1481
0.0299
0.0179
0.0283
0.0824
0.0575
0.1127
0.0833
0.2353
0.0676
0.6842
0.5082
0.0076
0.0145
0.0077
0.0309
0.0612
0.0673
0.5
0.1111
0.2338
0.2597
0.15
0.4348
0.0833
0.0854
0.0357
0.1884
0.1569
0.3
0.3878
0.16
0.0306
0.0
0.1525
0.0959
0.2034
0.3514
0.0989
0.2333
0.3051
0.1495
0.049
0.1515
0.1899
0.623
0.283
0.0602
0.0508
0.0652
0.0597
0.06
0.3889
0.0513
0.0241
0.1125
0.1183
0.1607
0.1094
0.0397
0.0306
0.0
0.0094
0.119
0.2203
0.0659
0.0778
0.9091
0.8793
0.5
0.0408
0.0472
0.0312
0.0
0.098
0.125
0.2353
0.1067
0.0278
0.0086
0.031
0.018
0.027
0.0935
0.087
0.1333
0.2414
0.2121
0.2
0.0442
0.0755
0.2295
0.7778
0.8571
0.1618
0.1286
0.0
0.0
0.0141
0.0301
0.4
0.1389
0.4524
0.0702
0.0763
0.1579
0.1829
0.3049
0.0423
0.0353
0.0238
0.0175
0.0485
0.4528
0.3774
0.0
0.0412
0.024
0.0734
0.031
0.0292
0.1875
0.2093
0.3014
0.4
0.2651
0.4203
0.087
0.0
0.4211
0.7778
0.5714
0.38
0.36
0.6289
0.0095
0.0
0.0167
0.0168
0.0076
0.25
0.1558
0.0342
0.0545
0.1163
0.0085
0.0
0.0465
0.0092
0.0312
0.0
0.0152
0.0541
0.0656
0.1111
0.0645
0.1429
0.2113
0.1711
0.12
0.0391
0.0455
0.026
0.0096
0.0095
0.2738
0.6471
0.0
0.1124
0.1087
0.0714
0.0
0.048
0.0
0.8
0.0909
0.25
0.1304
0.1094
0.3095
0.2222
0.1385
0.045
0.0301
0.0213
0.0775
0.0465
0.5745
0.3594
0.2174
0.1293
0.1667
0.56
0.1509
0.1695
0.0708
0.05
0.0588
1.0
0.0678
0.1404
0.0169
0.0156
1.0
0.1039
0.1356
0.0989
0.4444
0.3824
0.04
0.0581
0.0755
0.3243
0.6429
0.7073
0.6667
0.0
0.0
0.0763
0.5484
0.0385
0.0435
0.0
0.01
0.0119
0.1026
0.0098
0.0471
0.2133
0.06
0.1692
0.2
0.1111
0.0417
0.0154
0.0175
0.0388
0.0538
0.1176
0.0316
0.0988
0.6316
0.6481
0.1569
0.1014
0.5263
0.5082
0.4935
0.3765
0.0133
0.025
0.0753
0.0606
0.0408
0.0714
0.0459
0.087
0.3846
0.0208
0.1067
0.3559
0.6857
0.0115
0.1098
0.1954
0.0667
0.101
0.0918
0.2
0.1467
0.0484
0.1562
0.274
0.2125
0.3421
0.2581
0.0075
0.0254
0.0259
0.0476
0.1562
0.1188
0.1038
0.1429
0.3077
0.2736
0.0153
0.3226
0.0455
0.2794
0.3472
0.0081
0.0392
0.027
0.037
0.0526
0.1346
0.4857
0.4146
0.0351
0.0964
0.1765
0.1667
0.0458
0.2174
0.1282
0.1667
0.0784
0.0085
0.0161
0.0561
0.0722
0.175
0.0
0.0
0.0274
0.0471
0.3947
0.0
0.0192
0.1053
0.1702
0.9268
0.6444
0.7
0.0441
0.1644
0.1507
0.1429
0.037
0.013
0.0132
0.1667
0.0909
0.0874
0.1667
0.1587
0.029
0.2222
0.0087
0.0164
0.0361
0.11
0.1566
0.0547
0.0081
0.0926
0.125
0.3077
0.125
0.1134
0.0889
0.0612
0.087
0.2143
0.0513
0.1325
0.1429
0.0574
0.0348
0.0889
0.0511
0.2727
0.36
0.1271
0.1
0.2308
0.125
0.197
0.1955
0.3173
0.3333
0.2333
0.0
0.3115
0.0811
0.125
0.0741
0.2154
0.1667
0.4828
0.4833
0.8
0.8723
0.7907
0.525
0.6042
0.0
0.037
0.0361
0.0741
0.0367
0.013
0.0833
0.3175
0.1121
0.0562
0.0316
0.0513
0.3881
0.1481
0.85
0.5938
0.1163
0.2235
0.0541
0.0625
0.0706
0.1707
0.0694
0.0619
0.0708
0.0885
0.1524
0.7647
0.6667
0.0588
0.1765
0.0921
0.1429
0.0678
0.2105
0.0492
0.0089
0.0092
0.0686
0.0549
0.0571
0.5169
0.1194
0.0693
0.0588
0.0508
0.0938
0.5833
0.1739
0.129
0.125
0.3617
0.3208
0.4507
0.025
0.1429
0.0811
0.0345
0.1228
0.125
0.1613
0.022
0.0563
0.2444
0.1875
0.1724
0.4706
0.3
0.0337
0.2667
0.9508
0.5714
0.5075
0.5977
0.6737
0.96
0.2273
0.1122
0.0673
0.075
0.0388
0.0597
0.0341
0.2632
0.2687
0.2059
0.4118
0.6667
0.8222
0.8636
0.0
0.0938
0.2941
0.2581
0.044
0.12
0.1277
0.0394
0.025
0.0481
0.033
0.0435
0.0642
0.025
0.2857
0.2031
0.0256
0.6
0.0548
0.0857
0.4894
0.5818
1.0
0.05
0.1579
0.35
0.2759
0.0222
0.0
0.0893
0.1707
0.0152
0.0702
0.0412
0.3333
0.25
0.2297
0.28
0.5882
0.2821
0.0068
0.0633
0.0667
0.0538
0.0797
0.0
0.1099
0.1011
0.1009
0.05
0.0441
0.0845
0.169
0.5455
0.0
0.0124
0.507
0.2754
0.1397
0.0
0.2609
0.1579
0.303
0.3529
0.3871
0.6714
0.7143
0.0813
0.1667
0.1717
0.0887
0.5039
0.5581
0.0179
0.0259
0.068
0.0
0.0
0.0056
0.2162
0.1304
0.0816
0.1
0.175
0.1395
0.0541
0.0556
0.3
0.1
0.0278
0.3023
0.4694
0.0508
0.8033
0.0424
0.1553
0.0414
0.0089
0.0172
0.0244
0.0085
0.037
0.7273
0.2033
0.2793
0.1833
0.0506
0.3333
0.0366
0.0286
0.0
0.1458
0.0199
0.0413
0.0677
0.0492
0.051
0.06
0.0526
0.0219
0.0569
0.0923
0.0847
0.0583
0.0593
1.0
0.2727
0.09
0.0902
0.0122
1.0
0.2857
0.2619
0.7
0.0263
0.0065
0.0385
0.0444
0.0652
0.1062
0.1569
0.0729
0.1062
0.2222
0.2258
0.1654
0.3093
0.0991
1.0
0.3673
0.551
0.0464
0.0743
0.3506
0.2738
0.1707
0.5902
0.2143
0.12
0.127
0.0794
0.037
0.0097
0.0
0.0
0.0312
0.0306
0.029
0.05
0.0292
0.0488
0.0192
0.6761
0.6452
0.1417
0.0759
0.0982
0.8788
0.8491
0.4623
0.4455
0.3438
0.25
0.3023
0.2615
0.2952
0.0
1.0
0.1099
0.0331
0.0286
0.1546
0.0312
0.0355
0.044
