0.037
0.181
0.0075
0.0455
0.0648
0.0278
0.0261
0.0
0.0108
0.2029
0.0667
0.376
0.0377
0.3556
0.7895
0.1138
0.16
0.38
0.3462
0.3034
0.6071
0.0155
0.0364
0.4615
0.2075
0.04
0.0889
0.0872
0.0584
0.0333
0.25
0.013
0.2609
0.1622
0.094
0.0265
0.0087
0.0633
0.0327
0.6761
0.3571
0.1264
0.0072
0.0962
0.0087
0.1429
0.2381
0.075
0.3922
0.3026
0.0204
0.0309
0.1667
0.1034
0.069
0.2375
0.0045
0.0405
0.0287
0.0156
0.1569
0.0135
0.2636
0.0526
0.0988
0.4532
0.4634
0.1293
0.0259
0.1698
0.087
0.1
0.0051
0.7273
0.1546
0.0368
0.028
0.02
0.2692
0.1477
0.0972
0.974
0.0055
0.4636
0.0803
0.5714
0.5814
0.0349
0.0201
0.04
0.1429
0.4444
0.6032
0.0474
0.0069
0.1364
0.2045
0.0723
0.0211
0.1011
0.9643
0.0356
