0.1176
0.1053
0.122
0.1333
0.3636
0.1
0.0548
0.1087
0.0887
0.0662
0.0851
0.157
0.0
0.0488
0.0756
0.0815
0.3934
0.1228
0.0142
0.0127
0.0
1.0
0.0769
0.0526
0.3023
0.1429
0.0962
0.0484
0.1382
0.0309
0.0061
0.5
0.1333
0.1158
0.1224
0.1091
0.1356
0.0373
0.0893
0.0541
0.8571
0.0667
0.0531
0.0199
0.0195
0.359
0.2308
0.1932
0.1149
0.0465
0.0902
0.0873
0.413
0.7857
0.7321
0.6351
0.0123
0.1017
0.0435
0.027
0.0278
0.0213
0.92
0.625
0.8243
0.0375
0.0645
0.0368
1.0
0.1591
0.1395
0.0115
0.0495
0.2
0.0256
0.0189
0.0204
0.2024
0.3333
0.0879
0.1069
0.0794
0.0455
0.1964
0.0593
0.1429
0.1386
0.15
0.1786
0.0
0.0116
0.0328
0.069
0.0583
0.2182
0.1818
0.1789
0.1027
0.0748
0.3714
0.5253
0.0
0.0066
0.0071
0.0139
0.1818
0.0928
0.1667
0.088
0.08
0.1322
0.0576
0.0636
0.0
0.0
0.036
0.0226
0.0424
0.0726
0.8583
0.0233
0.0699
0.2056
0.3301
0.5625
0.9184
0.1333
0.0932
0.0455
0.0455
0.08
0.069
0.0714
0.0839
0.0452
0.034
0.0072
0.0294
0.0
0.0
0.0
0.0855
0.1071
0.1447
0.1667
0.1444
0.0597
0.7573
0.8846
0.1404
0.0625
0.0116
0.0857
0.0959
0.06
0.046
0.0657
0.0984
0.2326
0.1714
0.0274
0.25
0.044
0.4545
0.4231
0.2958
0.2927
0.2717
0.2697
0.7818
0.3736
0.2667
0.08
0.0
0.48
0.2857
0.4096
0.0986
0.2759
0.2727
0.5909
0.4643
0.027
0.4688
0.6796
0.6569
0.1772
0.3483
0.407
0.8627
0.1948
0.1129
0.0976
0.0652
0.2021
0.1287
0.6
0.0083
0.046
0.0284
0.0339
0.0
0.0873
0.0165
0.0619
0.0088
0.0619
0.0449
0.0069
0.0168
0.1467
0.1739
0.5
0.25
0.2195
0.46
0.2973
0.3182
0.08
0.2234
0.1809
0.0522
0.0328
0.0758
0.0389
0.0
0.0
0.0
0.0273
0.0154
0.1935
0.5556
0.5566
0.3333
0.5167
0.3684
0.1163
0.0545
0.0412
0.1101
0.1927
0.1892
0.2778
0.551
0.9895
0.0215
0.0702
0.0753
0.3012
0.5
0.6667
0.5
0.1495
0.3243
0.2821
0.0323
0.0588
0.0519
0.0227
0.0482
0.1304
0.1129
0.0833
0.1507
0.2222
0.15
0.3571
0.25
0.4138
0.1622
0.0559
0.2576
0.1538
0.0256
0.0461
0.0721
0.0706
0.075
0.95
0.9062
0.1951
0.129
0.3214
0.1333
0.0375
0.0298
0.0667
0.0496
0.0291
0.0291
0.2653
0.2037
0.2118
0.0588
0.2941
0.6552
0.7753
0.0408
0.0328
0.0
0.042
0.0522
0.0903
0.0763
0.619
0.5918
0.0284
0.1538
0.2222
0.191
0.0345
0.0408
0.3902
0.6154
0.8333
0.8202
0.1429
0.0325
0.0588
0.1587
0.0069
0.028
0.0308
0.0719
0.0577
0.4141
0.0303
0.049
0.039
0.0556
0.092
0.1392
0.0349
0.0526
0.2727
0.0935
0.1235
0.1477
0.029
0.1259
0.4667
0.2
0.4182
0.7778
0.9359
0.9643
0.4048
0.625
0.0242
0.1959
0.2979
0.1343
0.1207
0.0748
0.06
0.6957
0.6562
0.4286
0.0877
0.5
0.1579
0.1017
0.1739
0.1125
0.0471
0.1013
0.5714
0.1429
0.0204
0.0504
0.7838
0.3077
0.066
0.0357
0.9556
0.3205
0.0303
0.4796
0.1686
0.0774
0.0349
0.3333
0.6
0.631
1.0
0.25
0.5
0.2222
0.3022
0.2368
0.2243
0.3474
0.125
0.1316
0.2167
0.1154
0.3088
0.3505
0.0252
0.0551
0.0598
0.2941
0.3265
0.1522
0.1351
0.0667
0.0992
0.1724
0.16
0.4138
0.0863
0.5417
0.0093
0.0065
0.0397
0.2033
0.2747
0.034
0.0405
0.0909
0.0149
0.8235
0.803
0.5714
0.0841
0.0063
0.0
0.5
0.5556
0.0496
0.1327
0.1282
0.1593
0.03
0.064
0.0323
0.1261
0.1354
0.2857
0.7907
0.7667
0.4265
0.0451
0.0611
0.0534
0.0397
0.0286
0.0417
0.34
0.0707
0.1481
0.0427
0.1562
0.0234
0.022
0.2826
0.1351
0.1639
0.0265
0.2167
0.2131
0.2787
0.1304
0.7091
0.0
0.0364
0.051
0.0385
0.0294
0.1139
0.1622
0.1481
0.375
0.156
0.1047
0.0864
0.3019
0.6522
0.8889
0.0303
0.0606
0.0328
0.0685
0.0449
0.0472
0.0575
0.2679
0.5161
0.0185
0.0326
0.3953
0.2353
0.0893
0.2857
0.5556
0.4
0.0
0.0
0.0
0.0645
0.0
0.0
0.0096
0.0806
0.1053
0.1207
0.14
0.012
0.1495
0.2286
0.0853
0.0296
0.2188
0.0699
0.0
0.0159
0.0962
0.0365
0.0758
0.0248
0.028
0.0556
0.0621
0.0538
0.0194
0.0481
0.136
0.0317
1.0
0.0756
0.0714
0.2188
0.6
0.0696
0.1042
0.1667
0.1803
0.4
0.0729
0.1646
0.2879
0.4697
0.403
0.5077
0.4
0.5098
0.0
0.0061
0.0066
0.2593
0.3684
0.0397
0.0455
0.0
0.0342
0.1111
0.5694
0.3929
0.3729
0.0282
0.0112
0.0058
0.0656
0.0617
0.0966
0.0563
0.0709
0.0515
0.0222
0.0696
0.1616
0.1205
0.2464
0.6747
0.7302
0.0286
0.3125
0.2059
0.0882
0.0517
0.0857
0.1139
0.0115
0.0135
0.6386
0.4318
0.0105
0.0052
0.068
0.0092
0.0217
0.2308
0.2
0.22
0.0123
0.1339
0.2805
0.4024
0.4362
0.3551
0.2455
0.0345
0.027
0.0185
0.0301
0.5294
0.2985
0.1456
0.0361
0.125
0.0773
0.25
0.3333
0.274
0.2
0.0816
0.1273
0.4062
0.2969
0.0375
0.5909
0.2785
0.7531
0.2421
0.0894
0.2456
0.0408
0.0659
0.0408
0.0847
0.1468
0.1271
0.0706
0.1183
0.3125
0.2817
0.3108
0.25
0.45
0.2162
0.2208
0.1791
0.0
0.0917
0.2212
0.0305
0.0471
0.0723
0.0236
0.0472
0.5882
0.4638
0.3182
0.3
0.0405
0.0492
0.07
0.0648
0.1529
0.3107
0.4571
0.053
0.0893
0.1604
0.0278
0.0373
0.1111
0.1613
0.0235
0.0244
0.1186
0.2174
0.1798
0.0667
0.0514
0.0078
0.1029
0.068
0.6341
0.193
0.3253
0.0286
0.37
0.102
0.2308
0.3784
0.1667
0.1304
0.0808
0.6667
0.0847
0.3607
0.5
0.0559
0.0199
0.0391
0.0294
0.0444
0.0222
0.0331
0.0833
0.1296
0.0814
0.0763
0.0357
0.1522
0.6944
0.619
0.0909
0.0108
0.1078
0.0806
0.4545
0.0909
0.7143
0.0746
0.1354
0.0792
0.6143
0.1406
0.0131
0.0053
0.1026
0.087
0.0519
0.0721
0.075
0.0588
0.0952
0.0
0.0
0.1373
0.075
0.0408
0.0611
0.0181
0.0076
0.0537
0.047
0.0234
0.102
0.3457
0.0238
0.0088
0.0062
0.0522
0.0
1.0
1.0
0.7037
0.2381
0.0222
0.0431
0.0526
0.1849
0.0672
0.05
0.0381
0.6667
0.3023
0.2667
0.0361
0.0267
0.7674
0.8269
0.1083
0.0198
0.0581
0.134
0.0235
0.4839
0.8913
0.9643
0.98
0.3433
0.2
1.0
0.0
0.0422
0.0462
0.5833
0.04
0.0167
0.0609
0.1471
0.1525
0.2414
0.1127
0.0124
0.0769
0.106
0.0391
0.0851
0.2258
0.0485
0.5806
0.4595
0.0635
0.1558
0.1948
0.1
0.0722
0.2985
0.98
1.0
0.1277
0.0862
0.1972
0.2
0.0909
0.0088
0.0
0.0143
0.3387
0.3103
0.3929
0.7556
0.0451
0.0391
0.0606
0.043
0.0
0.0
0.0
0.0109
0.4265
0.4151
0.2131
0.1196
0.1379
0.1667
0.4805
0.4691
0.1429
0.1239
0.0863
0.0159
0.0357
0.1667
0.3
0.2
0.0891
0.0137
0.0083
0.0227
0.0631
0.0708
0.1351
0.0217
0.0133
0.0172
0.5667
0.093
0.038
0.0663
0.0052
0.0169
0.0592
0.7564
0.7766
0.9239
0.6703
0.1415
0.1311
0.14
0.032
0.8571
0.6889
0.4651
0.2698
0.2581
0.1121
0.7647
0.9216
0.7755
0.8095
0.0472
0.05
0.0517
0.1194
0.1022
0.0889
0.0569
0.1217
0.2958
0.604
0.2581
0.0331
0.1889
0.0066
0.0258
0.0294
0.0971
0.475
0.1765
0.016
0.1286
0.0808
0.0329
0.6364
0.0753
0.0763
0.1034
0.0468
0.1505
0.3426
0.0256
0.1346
0.0682
0.0186
0.0165
0.8381
0.0377
0.0195
0.0459
0.2267
0.2692
0.2041
0.0081
0.0227
0.0611
0.1809
0.5
0.4762
0.0364
0.0305
0.0345
0.197
0.6452
0.6349
0.0968
0.1261
0.1111
0.1443
0.0286
0.0303
0.0602
0.0337
0.1356
0.037
0.1233
0.2308
0.027
0.0185
0.0659
0.0155
0.0446
0.0315
0.1158
0.1512
0.7273
0.75
0.3673
0.2553
0.3059
0.5455
0.7333
0.8478
0.8163
0.13
0.2464
0.0184
0.0472
0.0273
0.2
0.4565
0.7288
0.3
0.1449
0.8525
0.0492
0.0779
0.1111
0.1892
0.0354
0.025
0.0217
0.125
0.75
0.0225
0.0588
0.25
0.3559
0.051
0.0492
0.0326
0.2069
0.1475
0.0367
0.2941
0.2459
0.3333
0.3611
0.3333
0.2188
0.425
0.7455
0.7105
0.4348
0.2222
0.09
0.0076
0.0074
0.0893
0.0357
0.1404
0.6471
0.1081
0.0099
0.0649
0.1364
0.254
0.0
0.1687
0.966
0.98
0.4318
0.4074
0.1194
0.0339
0.0488
0.2778
0.25
0.3548
0.0571
0.2029
0.3492
0.439
0.7536
0.125
0.0889
0.1683
0.1048
0.0493
0.0784
0.0373
0.0571
0.028
0.025
0.0879
0.1176
0.0592
0.0957
0.0855
0.2338
0.1494
0.1463
0.2736
0.5341
0.2698
0.2193
0.1385
0.0199
0.1212
0.1304
0.1461
0.3488
0.1158
0.0139
0.0165
0.3977
0.3636
0.8409
0.8718
0.5385
0.125
0.3889
0.1879
0.2238
0.2628
0.4615
0.2857
0.11
0.0
0.0248
0.1009
0.0174
0.0062
0.0
0.0081
0.0485
0.0538
0.0122
0.0248
0.0237
0.0667
0.0135
0.0077
0.0563
0.0709
0.2414
0.2188
0.2273
0.2353
0.175
0.7368
0.8462
0.75
0.5366
0.7692
0.0444
0.0667
0.3784
0.1261
0.4545
0.0536
0.0721
0.072
0.0638
0.056
0.0568
0.0968
0.125
0.1333
0.0909
0.0853
0.0775
0.3095
0.25
0.2439
0.0385
0.1132
0.9118
0.6458
0.2469
0.0661
0.0284
0.1325
0.625
0.186
0.2581
0.5408
0.8
0.2529
0.125
0.082
0.1818
0.6912
0.7826
0.8182
0.8
0.087
0.0519
0.0504
0.0431
0.0427
0.175
0.0079
0.0312
0.0328
0.1923
0.0419
0.0256
0.3017
0.145
0.3906
1.0
0.2
0.5507
0.1507
0.0085
0.0364
0.1
0.0241
0.1786
0.2283
0.4091
0.1867
0.2444
0.2442
0.0504
0.0571
0.1786
0.2941
0.1636
0.9568
0.9437
0.1731
0.0437
0.0552
0.0563
0.4783
0.3953
0.5128
0.6892
0.0226
0.3143
0.1236
0.1616
0.1439
0.2424
0.0312
0.006
0.0055
0.0049
0.5
0.1748
0.0432
0.0556
0.2941
0.2692
0.1905
0.0531
0.0973
0.3548
0.0
0.0667
0.0941
0.0124
0.0942
0.0435
0.0598
0.1375
0.0435
0.0596
0.0635
0.7671
0.0513
0.0109
0.0388
0.6154
0.3165
0.052
0.0262
0.4878
0.8485
0.1795
0.0752
0.4
0.4
0.3333
0.1298
0.1053
0.2973
1.0
0.9865
0.0208
0.9189
0.1087
0.1667
0.0345
0.1351
0.0159
0.0462
0.05
0.0449
0.0244
0.0159
0.2542
0.1333
0.0208
0.0709
0.9286
0.9048
0.0508
0.0345
0.0785
0.7647
0.8235
0.015
0.1013
0.4267
0.25
0.1682
0.0064
0.0059
0.0
0.1694
0.1654
0.0368
0.0492
0.1429
0.1136
0.5294
0.1304
0.4286
0.4565
0.4468
0.0308
0.0292
1.0
0.3438
0.3068
0.1739
0.1892
0.0
0.1209
0.2121
0.38
0.0784
0.3659
0.74
0.86
0.6
1.0
0.0108
0.1809
0.0593
1.0
0.0635
0.1176
0.2333
0.234
0.1385
0.0427
0.0635
0.0708
0.0098
0.092
0.2432
0.1887
0.0157
0.0382
0.0779
0.063
0.1429
0.1263
0.029
0.0417
0.0167
0.1014
0.125
0.0247
0.0141
0.0134
0.1951
0.375
0.0108
0.023
0.1299
0.1124
0.1228
0.2685
0.0519
0.0816
0.0153
0.1404
0.15
0.7143
0.0
0.0132
0.0273
0.0811
0.0476
0.0598
0.4706
0.2051
0.2308
0.381
0.0233
0.0417
0.3
0.1724
0.12
0.2273
0.2245
0.0282
0.1538
0.0229
0.0297
0.0909
0.0822
0.0568
0.6607
0.7849
0.73
0.0
0.0081
0.0174
0.0152
0.0851
0.1149
0.3143
0.3506
0.5604
0.2222
0.0603
0.0933
0.9211
0.7
0.7143
0.1122
0.0192
0.0238
0.2679
0.1364
0.1364
0.1835
0.213
0.3333
0.0
0.0
0.3913
0.2444
0.0645
0.1026
0.0909
0.1395
0.0762
0.0365
0.0321
0.0444
0.0219
0.0171
0.0
0.0551
0.0259
0.0413
0.0179
1.0
0.9444
0.0153
0.0147
0.075
0.0941
0.0526
0.0973
0.0606
0.0
0.0133
0.0312
0.0246
0.0377
0.0476
0.07
0.3137
0.4655
0.2714
0.0417
0.092
0.4937
0.4222
0.1573
0.2426
0.0309
0.0088
0.0494
0.9362
0.8462
0.5
0.1842
0.0204
0.1644
0.0093
0.1009
0.2759
0.0517
0.0576
0.9388
0.9358
0.9167
0.3465
0.0968
0.1429
0.1027
0.1269
0.163
0.4062
0.3151
0.21
0.1071
0.1613
0.02
0.0353
0.0169
0.0083
0.5833
0.7833
0.0526
0.0074
0.02
0.0549
0.1196
0.1149
0.225
0.0435
0.0506
0.0946
0.0709
0.3448
0.0811
0.0882
0.0357
0.0938
0.0331
0.0
0.0698
0.1702
0.2533
0.2466
0.271
0.1099
0.084
0.0104
0.1724
0.4468
0.3467
0.3026
0.1176
0.1034
0.34
0.4459
0.6486
0.2941
0.1618
0.0472
0.2083
1.0
0.0234
0.0213
0.3099
0.6875
0.0563
0.0276
0.05
0.0253
0.4286
0.2913
0.5513
0.15
0.1111
0.0566
0.7333
0.34
0.0442
0.0379
0.0887
0.0231
0.0556
0.0541
0.1852
1.0
0.1061
0.0161
0.0652
0.0084
0.016
0.0084
0.1856
0.0065
0.0062
0.0938
0.2083
0.0571
0.1
0.2154
0.0577
0.0737
0.5283
0.065
0.0909
0.0
0.0
0.1129
0.0469
0.16
0.3
0.0543
0.2558
0.1304
0.0515
0.0149
0.137
0.0179
0.0083
0.0794
0.0677
0.1016
0.0638
0.0465
0.031
0.0145
0.0144
0.0135
0.0443
0.1176
0.1444
0.0714
0.093
1.0
1.0
0.0201
0.16
0.8077
0.7609
0.0806
0.0319
0.0745
0.1087
0.0571
0.0621
0.1684
0.0672
0.0592
0.0267
0.0261
0.2154
0.1449
0.0729
0.019
0.1781
0.0513
0.0778
0.22
0.0071
0.0135
0.0441
0.1
0.1364
0.3
0.2319
0.2759
0.6239
0.098
0.2024
0.169
0.1818
0.035
0.0617
0.0305
0.0635
0.0208
0.0606
0.1216
0.0
0.0118
0.0235
0.0078
0.0192
0.1579
0.0476
0.1818
0.1
0.2
0.2727
0.2625
0.0404
0.1343
0.1389
0.2
0.2182
0.0
0.0
0.027
0.1356
0.087
0.045
0.0842
0.1264
0.3333
0.0909
0.1569
0.3667
0.2097
0.878
0.1469
0.4236
0.7766
0.2167
0.0308
0.0222
0.05
0.0543
0.2051
0.125
0.5
0.055
0.0729
0.037
0.0373
0.2045
0.2667
0.14
0.2258
0.0741
0.0893
0.0145
0.0571
0.0
0.0541
0.0682
0.0755
0.0698
0.0161
0.0435
0.0678
0.0385
0.0684
0.0741
0.5349
0.1348
0.129
0.0331
0.0
0.4
0.129
0.1765
0.0194
0.1316
0.7083
0.1333
0.1852
0.1765
0.28
0.0101
0.0448
0.1818
0.1373
0.0877
0.0
0.046
0.0597
0.0563
0.1356
0.0534
0.2432
0.1613
0.1364
0.2424
0.5603
0.0
0.05
0.5263
0.2027
0.0187
0.3438
0.4894
0.6471
0.85
0.1852
0.36
0.55
0.1935
0.1238
0.2188
0.037
0.2841
0.985
0.9928
0.075
0.0952
0.0462
0.2105
0.0889
0.0435
0.0424
0.75
0.1475
0.2692
0.0755
0.3051
0.2564
0.1413
0.1239
0.3796
0.4706
0.2895
0.0851
0.0577
0.0
0.127
0.2771
0.2941
0.2174
0.0328
0.0403
0.2542
0.2083
0.058
0.0265
0.5899
0.2083
0.35
0.08
0.0096
0.2609
0.125
0.0168
0.0625
0.0444
0.0278
0.0083
0.3571
0.8125
0.6129
0.6327
0.6481
0.0
0.0174
0.0992
0.0438
0.2727
0.1038
0.0656
0.0619
0.0612
0.0826
0.0917
0.1376
0.048
0.0377
0.0379
0.056
0.1304
0.2124
0.3125
0.1636
0.5143
0.0649
0.1154
0.3529
0.3629
0.3411
0.4051
0.3514
0.1165
0.1429
0.2581
0.2118
0.24
0.3305
0.0068
0.6119
0.0253
0.2078
0.0952
0.0706
0.0947
0.3816
0.5455
0.1463
0.0614
0.0347
0.2041
0.4023
0.1667
0.6341
0.1569
0.0323
0.068
0.2203
0.0444
0.0225
0.044
0.0308
0.0549
0.875
0.0948
0.0708
0.0879
0.0722
0.8974
0.9231
0.1452
0.0083
0.0082
0.029
0.2386
0.099
0.4375
0.5775
0.2797
0.3361
0.32
0.1122
0.075
0.1698
0.1212
0.0547
0.0763
0.1429
0.0556
0.3208
0.0288
0.5135
0.0172
0.0171
0.0476
0.1016
0.2885
0.9375
1.0
0.0634
0.9091
0.0449
0.0761
0.0163
0.0769
0.0078
0.0133
0.0278
0.1944
0.2059
0.2821
0.0789
0.0893
0.1212
0.1429
0.1026
0.0531
0.0276
0.0426
0.063
0.0274
0.0175
0.0899
0.02
0.2391
0.1538
0.2778
0.6622
0.6
0.0926
0.0707
0.1429
0.0323
0.0297
0.0236
0.1304
0.5968
0.5738
0.0267
0.1622
0.119
0.0
0.0541
0.0192
0.0211
0.6061
0.8636
0.3418
0.04
0.0392
0.0741
0.2581
0.1667
0.0167
0.0214
0.0148
0.0159
0.1707
0.0426
0.1034
0.137
0.1857
0.0543
0.078
0.069
0.037
0.0268
0.0337
0.1509
0.1607
0.2195
0.2152
0.0588
0.0312
0.0488
0.0762
0.2195
0.1613
0.0575
0.1429
0.1122
0.086
0.2222
0.2632
0.1333
0.1667
0.0769
0.0105
0.0189
0.0198
0.2778
0.2581
0.037
0.0294
0.04
0.0076
0.25
0.2128
0.0671
0.1324
0.0455
0.0968
0.1667
0.234
0.0833
0.0678
0.0455
0.0426
0.1136
0.2581
0.1429
0.1418
0.0188
0.3443
0.4706
0.4848
0.3059
0.1364
0.0515
1.0
0.5106
0.1972
0.3265
0.2955
0.8571
0.4286
0.0565
0.0482
0.0067
0.1212
0.0737
0.0672
0.1092
0.2373
0.3816
0.6835
0.6125
0.1591
0.0926
0.053
0.1277
0.0938
0.0303
0.1711
0.0704
0.039
0.0826
0.1261
0.1429
0.0571
0.0
0.2088
0.0417
0.0435
0.011
0.1081
0.088
0.1026
0.0783
0.0909
0.2615
0.1406
0.25
0.2561
0.0275
0.0147
0.12
0.1231
0.0
0.6
0.6071
0.86
0.8065
0.4068
0.7632
0.0405
0.4762
0.3333
0.1489
0.0417
0.8571
0.1684
0.0075
0.0224
0.0467
0.0594
0.0579
0.0169
0.1364
0.1053
0.1385
0.1757
0.1296
0.0
0.049
0.0846
0.0083
0.0244
0.0252
0.063
0.0759
0.1852
0.1461
0.0382
0.0443
0.0231
0.0571
0.2727
0.3465
0.1214
0.051
0.0652
0.1579
0.1605
0.3714
0.0917
0.1538
0.0
0.0172
0.0204
0.0431
0.0734
0.1887
0.1481
0.1429
0.275
0.1094
0.2906
0.7969
0.6346
0.5417
0.0244
0.05
0.2973
0.2093
0.0667
0.1389
0.0208
0.375
0.4242
0.2553
0.3333
0.2326
0.0123
0.0
1.0
0.1017
0.0652
0.0463
0.0673
0.1575
0.0097
0.0345
0.1095
0.0345
0.0122
0.25
0.1461
0.7143
0.1
0.0
0.0309
0.3158
0.6389
0.1935
0.04
0.0496
0.0394
0.2319
0.0294
0.0141
0.25
0.2222
0.2
0.1212
0.0
0.7826
0.1951
0.2821
0.4051
0.2451
0.2247
0.0769
0.0073
0.0338
0.375
0.0208
0.0598
0.1217
0.104
0.0
0.1398
0.021
0.0132
0.0
0.0305
0.0238
0.0154
0.08
0.0
0.3115
0.2157
0.4773
0.4
0.3725
0.1398
0.1091
0.2951
0.0522
0.7059
0.2
0.0549
0.069
0.0714
0.5
0.0762
0.0221
0.0694
0.0374
0.0351
0.0
0.0625
0.0
0.1
0.0532
0.075
0.2632
0.3881
0.3067
0.6933
0.3043
0.5217
0.1765
0.1194
0.0141
0.0968
0.2836
0.0984
0.0641
0.027
0.1395
0.1379
0.051
0.141
0.1857
0.1507
0.2188
0.3191
0.9688
0.4
0.02
0.0274
0.0074
0.0137
0.2708
0.0636
0.0588
0.1702
0.8167
0.7561
0.6351
0.375
0.5185
0.1064
0.0208
0.0682
0.5
0.0947
0.1667
0.403
0.699
0.6214
0.0481
0.0877
0.0581
0.1233
0.0168
0.039
0.0101
0.0395
0.0865
0.1765
0.1528
0.5075
0.4
0.0174
0.0116
0.0968
0.0
0.0426
0.125
0.5
0.3333
0.55
0.3333
0.2222
0.125
0.5258
0.5263
0.1429
0.2195
0.2527
0.1633
0.4091
0.1558
0.0973
0.0606
0.2706
0.1343
0.3382
0.3372
0.1918
0.0072
0.0227
0.1209
0.1
0.2907
0.122
0.0786
0.2593
0.3108
0.125
0.0
0.1222
0.2771
0.0071
0.0364
0.015
0.0156
0.0833
0.1587
0.0841
0.0917
0.0
0.0
0.0086
0.0336
0.8974
0.942
0.4565
0.0
0.0703
0.0088
0.0
0.0385
0.0784
0.1892
0.101
0.0061
0.006
0.0059
0.0153
0.0076
0.0985
0.0556
0.1061
0.1379
0.1127
0.0517
0.0244
0.0526
0.2319
0.7051
0.5455
0.1795
0.1707
0.0
0.0
0.0204
0.0219
0.0435
0.42
0.4043
0.0303
0.036
0.0547
0.0662
0.0559
0.0621
0.2069
0.2821
0.2368
0.3735
0.2121
0.3864
0.0976
0.0577
0.3077
0.75
0.48
0.4048
0.25
0.0
0.016
0.0435
0.0543
0.1475
0.12
0.1268
0.1263
0.2456
0.1304
0.3607
0.0721
0.0609
0.1828
0.1837
0.2299
0.5147
0.2346
0.0909
0.0136
0.0609
0.0676
0.1296
0.427
0.0583
0.0374
0.1099
0.1339
0.1639
0.1733
0.5891
0.0216
0.006
0.0132
0.0132
0.0189
0.2593
0.1584
0.0377
0.0658
0.1078
0.0145
0.0074
0.0408
0.0074
0.0098
0.0083
0.0115
0.0602
0.0921
0.1571
0.1282
0.1556
0.2771
0.236
0.0471
0.0353
0.0667
0.0345
0.0339
0.0455
0.8611
0.9011
0.8395
0.0256
0.0625
0.0169
0.0602
0.0381
0.0897
0.1061
0.0465
0.0174
0.0074
0.0141
0.2672
0.7143
0.0294
0.2117
0.2239
0.0633
0.0123
0.0383
0.0057
0.625
0.2
0.303
0.2639
0.2
0.2
0.0638
0.0674
0.0769
0.0808
0.0729
0.1169
0.0909
0.1714
0.2394
0.2903
0.1857
0.3636
0.3284
0.0
0.1064
0.3191
0.1071
0.163
0.2078
0.087
0.0303
0.0135
0.0
0.0396
0.0515
0.0278
0.0256
0.0522
0.5625
0.5645
0.0755
0.0685
0.4091
0.5
0.4
0.3804
0.0364
0.0769
0.0744
0.0214
0.0144
0.0292
0.021
0.7561
0.4074
0.2817
0.1417
0.6667
0.0208
0.0
0.0809
0.375
0.0625
0.0625
0.0222
0.0341
0.0811
0.1124
0.0125
0.0069
0.0072
0.0
0.0735
0.0157
0.0149
0.1111
0.5455
0.1364
0.1408
0.0462
0.065
0.0855
1.0
0.1125
0.1642
0.0068
0.0444
1.0
0.0842
0.1429
0.0984
0.6486
0.5
0.0526
0.0213
0.0769
0.2564
0.5
0.9556
0.0543
0.0391
0.0706
0.1739
1.0
0.5128
0.4737
0.6071
0.2143
0.4444
0.4167
0.028
0.0
0.0
0.021
0.0165
0.0659
0.5526
0.0924
0.0909
0.0602
0.036
0.0451
0.1212
0.0397
0.0806
0.4528
0.0
0.1789
0.4416
0.75
0.045
0.1442
0.2243
0.2593
0.4234
0.2566
0.0331
0.1333
0.0208
0.1509
0.2333
0.1979
0.0377
0.1316
0.1695
0.1515
0.1408
0.0205
0.0132
0.3222
0.378
0.0244
0.0312
0.0105
0.0476
0.0612
0.0526
0.34
0.38
0.0526
0.0078
0.0252
0.1489
0.0259
0.05
0.0385
0.04
0.551
0.0458
0.0684
0.1864
0.2292
0.7222
0.7143
0.8
0.0323
0.1321
0.1321
0.1071
0.075
0.0548
0.0361
0.26
0.1343
0.1275
0.1279
0.3382
0.0549
0.2857
0.0164
0.0286
0.0642
0.1062
0.1474
0.0072
0.0137
0.1316
0.1
0.3182
0.1304
0.1333
0.062
0.0828
0.0677
0.0611
0.2174
0.2381
0.1316
0.0256
0.0732
0.0217
0.1039
0.1069
0.2586
0.2906
0.2353
0.0345
0.1019
0.1226
0.0541
0.0978
0.3898
0.5
0.0455
0.3182
0.1282
0.122
0.1375
0.1316
0.125
0.0
0.2879
0.1628
0.2
0.0909
0.3396
0.1724
0.25
0.4545
0.8571
0.8947
0.7619
0.6129
0.5556
0.0204
0.0128
0.0
0.075
0.0902
0.0
0.2857
0.3725
0.2174
0.0267
0.0451
0.0219
0.08
0.0583
0.0306
0.0263
0.032
0.3708
0.1848
0.9524
0.6944
0.0396
0.1569
0.0638
0.0549
0.0737
0.0532
0.02
0.4742
0.1489
0.0706
0.05
0.009
0.0254
0.1238
0.875
0.7692
0.0256
0.1613
0.05
0.25
0.0891
0.0746
0.0183
0.0833
0.0877
0.0959
0.5455
0.1087
0.0682
0.1205
0.2951
0.3378
0.2911
0.075
0.2381
0.8462
0.725
0.1899
0.1528
0.0833
0.1828
0.1053
0.0588
0.066
0.0064
0.2105
0.0635
0.0396
0.1392
0.1266
0.1216
0.032
0.0515
0.1625
0.25
0.1613
0.3043
0.2353
0.0208
0.3056
0.9348
0.5526
0.486
0.5041
0.544
1.0
0.3793
0.1049
0.0779
0.0599
0.0355
0.0538
0.0171
0.2254
0.2045
0.1485
0.2778
0.5758
0.7692
0.8182
0.0
0.1556
0.1579
0.2128
0.1221
0.1538
0.1651
0.0252
0.0309
0.0698
0.0551
0.0275
0.0382
0.0139
0.0769
0.0824
0.026
0.4286
0.0918
0.129
0.06
0.1176
0.3636
0.3947
0.0189
0.0317
0.0476
0.1333
0.0
0.0226
0.0455
0.5556
0.3529
0.1667
0.2636
0.5385
0.3061
0.0053
0.493
0.5135
0.9872
0.2083
0.1027
0.1
0.0714
0.7463
0.0286
0.0172
0.0283
0.12
0.0496
0.0391
0.0351
0.0423
0.0267
0.1477
0.5333
0.0055
0.0105
0.0375
0.0123
0.0168
0.0392
0.1207
0.1475
0.1493
0.05
0.2812
0.4
0.3171
0.7067
0.7121
0.0407
0.1818
0.1429
0.0561
0.5124
0.5574
0.0118
0.4306
0.0
0.0076
0.0714
0.0377
0.0168
0.0056
0.3729
0.0714
0.0741
0.0745
0.2292
0.4058
0.3077
0.0392
0.0161
0.7901
0.3953
0.0723
0.0515
0.0
0.015
0.6667
0.3636
0.0087
0.0085
0.0083
0.0577
0.7414
0.0402
0.1212
0.0833
0.0504
0.0507
0.0225
0.0
0.0192
0.8421
0.1875
0.3246
0.2143
0.0349
0.4737
0.0323
0.012
0.0268
0.035
0.0974
0.0803
0.0769
1.0
0.2913
0.0822
0.0523
0.025
0.9574
0.0
0.0441
0.0932
0.0432
0.0632
0.0884
0.042
0.0938
0.0448
0.0417
0.0889
0.0816
0.0899
0.0649
0.303
0.0741
0.0345
0.0482
0.0325
0.3218
0.2424
0.1626
0.5862
0.0909
0.0435
0.0571
0.0811
1.0
0.19
0.023
0.0504
0.0
0.0297
0.0341
0.6842
0.5938
0.7059
0.4265
0.4219
0.134
0.2759
0.2745
0.2963
0.0877
0.029
0.0213
0.0352
0.0548
0.2133
0.0727
0.1032
0.32
0.1818
0.1733
0.0878
0.0179
0.0098
0.1429
0.0122
0.0229
0.1176
0.0526
0.0893
0.1037
0.1074
0.0199
0.0
0.136
0.0625
0.0733
0.0942
0.1622
0.1111
0.6957
0.8605
0.7368
0.3967
0.3548
0.3929
0.2093
0.3158
0.2464
0.2316
0.0492
0.0328
0.1429
0.125
0.1307
0.2759
0.0565
0.8333
0.2143
0.383
0.0541
0.0533
0.0
0.1146
0.1383
0.0656
0.0227
0.0288
0.0072
0.1739
0.0588
0.2651
0.4231
0.1171
0.0826
0.0811
0.0901
0.0492
0.1712
0.9714
0.9697
0.8857
0.8636
0.3864
0.3261
0.1091
0.0381
0.0769
0.1398
0.099
0.3462
0.1446
0.2432
0.0698
0.0566
0.1014
0.2407
0.3191
0.3333
0.1739
0.0213
0.2727
0.0294
0.2
0.1857
0.2338
0.0379
0.0219
0.0357
0.0256
0.0926
0.0435
0.4074
0.4865
0.2553
0.0442
0.0583
0.0
0.0808
0.1685
0.5867
0.5909
0.0139
0.0385
0.0149
0.3472
0.459
0.2
0.1452
0.0357
0.0916
0.0966
0.2065
0.2556
0.7846
0.022
0.0312
0.7857
0.1461
0.0417
0.0517
0.1296
0.1356
0.0538
0.0595
0.0625
0.0938
0.1176
0.08
0.0467
0.1176
0.1111
0.0816
0.0796
0.5588
0.2453
0.1375
0.0714
0.303
0.2273
0.4348
0.037
0.141
0.3253
0.3281
0.1169
0.0471
0.0325
0.0141
0.0132
0.0133
0.029
0.032
0.1731
0.0132
0.0069
0.0068
0.03
0.0319
0.0093
0.3421
0.3049
0.125
0.24
0.2969
0.1311
0.1774
0.026
0.1111
0.4286
0.0
0.0706
0.1064
0.1279
0.9565
0.2239
0.0065
0.0127
0.0744
0.0631
0.0619
0.0583
0.3452
0.0
0.0
0.1
0.8269
0.5172
0.2727
0.9167
0.3
0.0673
0.0849
0.5362
0.6667
0.5424
0.4286
0.0087
0.0
0.1538
0.0
0.0
0.0413
0.0494
0.5185
0.1579
0.7317
0.0059
0.1389
0.1111
0.0719
0.3636
0.8068
0.1053
0.375
0.3939
0.6702
0.5972
0.0729
0.0357
0.1609
0.0403
0.0448
0.16
0.1429
0.1855
0.0414
0.6667
0.1786
0.0842
0.1895
0.2043
0.8214
0.0396
0.0233
0.027
0.1818
0.1239
0.1961
0.2653
0.1143
0.0267
0.4426
0.726
0.1951
0.0625
0.082
0.0517
0.0336
0.0748
0.1313
0.4889
0.2603
0.0248
0.0526
0.0849
0.1111
0.2292
0.1346
0.1915
0.3404
0.4805
0.12
0.0661
0.0991
0.0847
0.0392
0.1379
0.4444
0.1818
0.1416
0.2584
0.1122
0.6604
0.8143
0.9143
0.8983
0.1481
0.069
0.1111
0.1538
0.0611
0.0741
0.025
0.0272
0.9
0.0379
0.1
0.0494
0.2239
0.1594
0.0826
0.0709
0.0268
0.025
0.0263
0.0864
0.0096
0.0619
0.0333
0.1733
0.0897
0.0714
0.0133
0.6842
0.2857
0.1648
0.575
0.2424
0.1596
0.056
0.0519
0.9423
0.6327
0.0617
0.1167
0.022
0.0202
0.0755
0.0326
0.1789
0.0455
0.2222
0.4286
0.8333
0.2375
0.5862
0.4583
0.625
0.0141
0.8276
0.7407
0.1111
0.0182
0.0
0.2917
0.3099
0.2747
0.0075
0.02
0.3158
0.1064
0.039
0.046
0.1209
0.0926
0.2836
0.2577
0.1132
0.28
0.2381
0.2308
0.1017
0.0619
0.07
0.6458
0.5333
0.1791
0.1739
0.031
0.0062
0.0104
0.0392
0.037
0.0411
0.2333
0.1605
0.451
0.1558
1.0
0.0784
0.6364
0.0667
0.1569
0.0056
0.0536
0.1692
0.2449
0.01
0.0265
0.0392
0.1222
0.1413
0.2698
0.2424
0.0312
0.1947
0.1034
0.045
0.0769
0.0737
0.0488
0.1333
0.1864
0.3415
0.4545
0.1778
0.0441
0.0088
0.0236
0.0579
0.65
0.0333
0.4314
0.7333
0.8415
0.8235
0.1754
0.2059
0.0833
0.04
0.2989
0.0721
0.8333
0.7895
0.0725
