0.016
0.0366
0.0652
0.1705
0.0099
0.1429
0.0106
0.0196
0.0
0.0513
0.2391
0.3043
0.0291
0.5455
0.96
0.0385
0.3333
0.4627
0.4167
0.1818
0.7222
0.0085
0.0196
0.3
0.3281
0.0515
0.0577
0.0833
0.1111
0.0408
0.3333
0.0686
0.2609
0.2069
0.119
0.0226
0.0068
0.1282
0.0273
0.8
0.3393
0.1053
0.0
0.0
0.0882
0.1183
0.0833
0.0182
0.3673
0.3571
0.0625
0.0096
0.1111
0.0612
0.1429
0.007
0.2632
0.1
0.0189
0.0091
0.1573
0.0152
0.1343
0.2308
0.102
0.5844
0.44
0.0746
0.0331
0.2344
0.0278
0.1163
0.008
0.1111
0.75
0.0412
0.0506
0.0
0.2105
0.131
0.1111
0.9435
0.0172
0.4459
0.0526
0.5
0.28
0.0481
0.0531
0.0909
0.1
0.2857
0.6932
0.0412
0.1447
0.2
0.0154
0.1186
0.0156
0.0719
0.9789
0.0061
