0.1818
0.1842
0.1321
0.1091
0.4091
0.1458
0.0278
1.0
1.0
1.0
0.0782
0.0398
0.0591
0.6111
0.85
0.0221
0.1572
0.0241
0.0508
0.0191
0.0412
0.061
0.3622
0.3209
0.4386
0.4203
0.1404
0.2857
0.3038
0.8378
0.1345
0.3944
0.7143
0.0368
0.0385
0.0326
0.0225
0.1098
0.15
0.0296
0.9643
0.5088
0.3182
0.3509
0.2941
0.0796
0.7619
0.9143
0.5946
0.7215
0.0452
0.0396
0.0714
0.1064
0.093
0.16
0.0181
0.0
0.0051
0.0
0.5
0.2083
0.0
0.0
0.0
0.027
0.0169
0.125
0.0212
0.0735
0.4841
0.3256
0.184
0.3241
0.0833
0.0917
0.075
0.0449
0.0217
1.0
0.0889
0.0956
0.2812
0.2059
0.2687
0.0282
0.6522
0.5526
0.3621
0.1368
0.2017
0.1167
0.048
0.0806
0.3651
0.163
0.0533
0.0588
0.8308
0.475
0.0497
0.0227
0.9114
0.8404
0.0549
0.1091
0.0556
0.1698
0.2745
0.3243
0.0938
0.125
0.2597
0.1585
0.0385
0.0443
0.0544
0.0169
0.0169
0.1374
0.2302
0.4286
0.5472
0.3922
0.4333
0.2121
0.4815
0.4906
0.0207
0.0054
0.0255
0.0105
0.0182
0.0403
0.5
0.1124
0.0152
0.0894
0.2738
0.6566
0.77
0.0648
0.0534
0.0106
0.2941
0.1271
0.1792
0.0179
0.2436
0.2917
0.2687
0.1231
0.1509
0.0439
0.0292
0.0538
0.1176
0.1495
0.0303
0.1379
0.125
0.0144
0.0513
0.0382
0.0634
0.5366
0.25
0.2593
0.1818
0.098
0.1224
0.0373
0.1163
0.0408
0.0417
0.0328
0.2632
0.027
0.0117
0.0282
0.0327
0.1829
0.1324
0.0879
0.0657
0.1139
0.0278
0.1034
0.3731
0.2429
0.2073
0.101
0.2239
0.0385
0.2706
0.0476
0.0198
0.0449
0.0542
0.1242
0.1667
0.2024
0.16
0.38
0.1111
0.2754
0.0392
0.005
0.1127
0.1739
0.2857
0.2619
0.7407
0.3617
0.26
0.1441
0.4855
0.093
0.0585
0.0476
0.0638
0.8182
0.9348
0.8475
0.1935
0.1803
0.0556
0.0315
0.0186
0.0569
0.0756
0.0821
0.0976
0.006
0.0486
0.058
0.0207
0.0484
0.1739
0.266
0.0473
0.1215
0.9474
0.9459
0.9767
1.0
0.5254
0.4746
0.1136
0.215
0.3165
0.4348
0.34
0.0458
0.0744
0.0113
0.0738
0.1226
0.5444
0.5584
0.0353
0.0455
0.0127
0.1348
0.1647
0.1707
0.0229
0.0219
0.1143
0.1538
0.1408
0.1556
0.4595
0.4583
0.1887
0.3544
0.4348
0.2615
0.0964
0.0619
0.0621
0.0523
0.45
0.0938
0.0811
0.8136
0.5111
0.0492
0.0593
0.0225
0.0209
0.0
0.375
0.053
0.0584
0.0503
0.1042
0.1053
0.0
0.0422
0.0584
0.0774
0.0312
0.0345
0.0249
0.0746
0.0196
0.2583
0.3333
0.0617
0.0695
0.1149
0.1156
0.7158
0.019
0.0235
0.0822
0.1223
0.0677
0.0542
0.6667
0.4247
0.3846
0.126
0.2073
0.2051
0.2192
0.1528
0.0732
0.0783
0.06
0.0773
0.0476
0.0069
0.0305
0.0403
0.1143
0.129
0.0992
0.1607
0.0316
0.1042
0.2667
0.75
0.662
0.2281
0.1261
0.1118
0.1946
0.1324
0.0993
0.0932
0.195
0.2533
0.5333
0.155
0.0833
0.0667
0.0423
0.1429
0.8333
0.0303
0.0616
0.0977
0.1311
0.1007
0.0855
0.0732
0.0568
0.0166
0.0769
0.0484
0.0174
0.1097
0.6522
0.3253
0.1466
0.1167
0.2174
0.3067
0.4615
0.0188
0.0885
0.4227
0.4444
0.0971
0.025
0.0359
0.0272
0.0253
0.02
0.0308
0.0723
0.1181
0.0149
0.0363
0.026
0.0551
0.0615
0.0069
0.1875
0.1571
0.0463
0.1935
0.3538
0.2368
0.2308
0.0337
0.125
0.1538
0.0682
0.0991
0.0656
0.0943
0.8767
0.2208
0.0149
0.0147
0.0549
0.028
0.0219
0.0437
0.3178
0.0057
0.0057
0.0645
0.7042
0.413
0.2562
1.0
0.2324
0.0753
0.1071
0.5446
0.6552
0.4342
0.3133
0.0311
0.0
0.0455
0.0105
0.0
0.0376
0.0495
0.5882
0.0851
0.5098
0.0082
0.1224
0.0952
0.0837
0.4762
0.7815
0.1438
0.3871
0.241
0.5854
0.5
0.0253
0.0333
0.1478
0.0506
0.101
0.0769
0.1562
0.1677
0.0449
0.8333
0.2069
0.1667
0.2815
0.256
0.7381
0.0726
0.0402
0.3977
0.6916
0.1064
0.0602
0.0
0.0282
0.0581
0.0863
0.1008
0.1279
0.0994
0.2245
0.2681
0.4333
0.1494
0.0248
0.1071
0.0853
0.1223
0.2653
0.188
0.224
0.4228
0.5047
0.1562
0.0738
0.1606
0.1061
0.0227
0.1774
0.3077
0.25
0.128
0.24
0.1769
0.7273
0.9342
0.9419
0.9315
0.0
0.0526
0.0758
0.1091
0.0686
0.0709
0.0161
0.0605
0.9592
0.0107
0.0727
0.0826
0.2727
0.2101
0.1118
0.0778
0.0292
0.0526
0.0693
0.1456
0.0522
0.1684
0.1453
0.0959
0.0309
0.4595
0.1368
0.0833
0.6316
0.3816
0.1471
0.0362
0.0065
0.9577
0.6
0.0439
0.165
0.0657
0.0537
0.0886
0.3474
0.5556
0.4717
0.6606
0.0195
0.8
0.7021
0.14
1.0
1.0
0.0511
0.1597
0.0575
0.2632
0.2424
0.0725
0.3
0.23
0.2442
0.125
0.0815
0.0827
0.5469
0.5049
0.1111
0.0339
0.1429
0.475
0.4957
0.3475
0.0197
0.0175
0.2927
0.1918
0.066
0.0252
0.0426
0.1165
0.1748
0.1897
0.0065
0.0046
0.1143
0.0909
0.3846
0.1266
0.5
0.024
0.5476
0.1196
0.1216
0.015
0.0544
0.0991
0.1806
0.0141
0.0141
0.018
0.131
0.1519
0.28
0.1304
0.0547
0.1221
0.1047
0.0251
0.0828
0.0714
0.0833
0.1556
0.2
0.2206
0.3409
0.1747
0.086
0.04
0.0236
0.034
0.6552
0.0321
0.3308
0.5
0.7051
0.8446
0.8073
0.2658
0.2877
0.1392
0.104
0.0872
0.6667
0.8095
0.0283
0.0058
0.0461
0.0612
0.0691
0.5125
0.097
0.0411
0.023
0.0265
0.9538
0.0417
0.0359
0.0377
0.069
0.2093
0.0909
0.0254
0.0114
0.016
0.5556
0.1705
0.1301
0.1473
0.0145
0.0548
0.0393
0.1069
0.0621
0.9375
0.0593
0.1009
0.0645
0.0904
0.0793
0.0243
0.0317
0.2121
0.13
0.1802
0.1301
0.4
0.7792
0.7237
0.6064
0.0185
0.0698
0.0541
0.0238
0.0237
0.0051
1.0
0.6216
0.828
0.0133
0.0469
0.0576
0.9167
0.2151
0.1974
0.0333
0.1294
0.1714
0.0354
0.0275
0.0226
0.1391
0.3394
0.0724
0.0597
0.0699
0.0465
0.274
0.0444
0.1429
0.119
0.0678
0.0926
0.0082
0.0116
0.1384
0.0611
0.0839
0.0136
0.0303
0.0211
0.0314
0.0417
0.0889
0.7594
0.8657
0.3095
0.4538
0.0046
0.0
0.0049
0.0
0.122
0.0775
0.0789
0.0909
0.1192
0.0256
0.084
0.0847
0.1223
0.129
0.1043
0.0637
0.0529
0.8061
0.0084
0.0628
0.2245
0.3704
0.6364
0.9259
0.1
0.0567
0.0179
0.0252
0.1484
0.0286
0.0046
0.1765
0.0714
0.039
0.0507
0.06
0.1154
0.1053
0.0385
0.0511
0.0636
0.0464
0.0121
0.0108
0.0424
0.0218
0.0255
0.0295
0.1322
0.1557
0.3968
0.1667
0.0216
0.2615
0.014
0.4118
0.4468
0.1875
0.292
0.274
0.2568
0.7681
0.3538
0.2364
0.0759
0.0163
0.5862
0.2317
0.4825
0.0601
0.5091
0.44
0.5833
0.4198
0.0
0.3478
0.6885
0.6847
0.1932
0.292
0.4956
0.9079
0.2987
0.1207
0.2188
0.0435
0.0068
0.0629
0.0059
0.0412
0.0072
0.0563
0.064
0.0193
0.0121
0.1495
0.1875
0.4595
0.3448
0.2651
0.4744
0.3472
0.5
0.0983
0.264
0.25
0.1712
0.1538
0.6111
0.0
0.0441
0.0196
0.05
0.0518
0.0492
0.0888
0.0776
0.5425
0.5192
0.3583
0.4333
0.383
0.1463
0.0659
0.0353
0.1106
0.1092
0.1034
0.1972
0.3692
0.9928
0.0219
0.1651
0.1296
0.0325
0.008
0.0227
0.0427
0.2981
0.5692
1.0
0.5455
0.039
0.1786
0.1507
0.0383
0.0793
0.0047
0.0699
0.0652
0.0517
0.0282
0.0164
0.1792
0.2717
0.129
0.3333
0.4615
0.42
0.1905
0.0765
0.0923
0.093
0.9701
0.8868
0.1905
0.0899
0.2941
0.125
0.0654
0.0357
0.0359
0.125
0.0403
0.0284
0.0355
0.3143
0.1527
0.1748
0.0252
0.0212
0.0612
0.0872
0.4833
0.5
0.0096
0.1963
0.2923
0.2205
0.0303
0.0714
0.431
0.581
0.7984
0.7704
0.1204
0.0064
0.0333
0.1688
0.0132
0.0331
0.016
0.0306
0.0556
0.3879
0.0146
0.046
0.03
0.027
0.1068
0.1441
0.1136
0.0621
0.3974
0.1053
0.1031
0.0859
0.0293
0.1751
0.6047
0.3294
0.5325
0.8
0.92
0.9524
0.18
0.2581
0.0632
0.1679
0.2931
0.0612
0.0405
0.0417
0.0184
0.7574
0.7426
0.4175
0.069
1.0
0.2105
0.0597
0.1154
0.1287
0.9828
0.2427
0.0362
0.4956
0.1411
0.0398
0.051
0.3636
0.4286
0.6867
0.6667
0.5714
0.5082
0.2468
0.3165
0.2444
0.1417
0.2652
0.1429
0.2128
0.2941
0.1739
0.3134
0.3273
0.0233
0.0909
0.125
0.1538
0.2381
0.2381
0.1683
0.0929
0.1646
0.2683
0.1707
0.3782
0.1092
0.5676
0.0437
0.0387
0.0769
0.1351
0.203
0.4231
0.8478
0.8081
0.4884
0.0198
0.0203
0.5
0.4167
0.0324
0.1197
0.1494
0.1235
0.0194
0.0144
0.0531
0.2013
0.3519
0.0782
0.1005
0.0839
0.0
0.7532
0.7717
0.6374
0.1342
0.0357
0.0375
0.0375
0.0529
0.064
0.1961
0.5854
0.0833
0.1057
0.0844
0.069
0.0276
0.0131
0.7429
0.0088
0.0916
0.1207
0.0155
0.0189
0.1284
0.1
0.0667
0.4314
0.25
0.1318
0.1583
0.2353
0.4167
0.75
0.0162
0.0443
0.051
0.0897
0.0857
0.0255
0.0362
0.2353
0.4048
0.0233
0.0422
0.5349
0.3136
0.0941
0.2188
0.4
0.3529
0.0
0.0
0.0
0.0134
0.0202
0.0188
0.019
0.1024
0.2562
0.076
0.04
0.0814
0.087
0.0479
0.2286
0.1954
0.2738
0.0631
0.186
0.2551
0.1409
0.0249
0.04
0.0097
0.0473
0.0365
0.0287
0.0595
0.0305
0.102
0.1139
0.018
0.013
0.0087
0.1266
0.037
0.6132
0.3571
0.4091
0.1447
0.6296
0.0536
0.085
0.1792
0.1868
0.4706
0.0811
0.1193
0.2371
0.5352
0.3646
0.443
0.3059
0.5658
0.0122
0.016
0.0042
0.3333
0.4545
0.0449
0.0179
0.0
0.0
0.0882
0.0897
0.0755
0.0793
0.042
0.0192
0.068
0.1475
0.1667
0.253
0.8041
0.8193
0.0678
0.381
0.2619
0.1579
0.0282
0.0305
0.043
0.0455
0.0193
0.7453
0.5
0.008
0.004
0.108
0.0213
0.125
0.3509
0.2182
0.25
0.0279
0.1438
0.3419
0.4198
0.5243
0.3629
0.2583
0.0079
0.0188
0.0047
0.0274
0.3867
0.175
0.1127
0.1017
0.1376
0.0641
0.2917
0.3939
0.2917
0.1364
0.1029
0.0833
0.3297
0.2584
0.0602
0.5085
0.2564
0.6794
0.2317
0.0686
0.25
0.04
0.0455
0.0422
0.0952
0.1297
0.1071
0.1439
0.1911
0.3388
0.2719
0.3694
0.3196
0.4727
0.1887
0.1827
0.1299
0.0061
0.1374
0.2405
0.0429
0.1364
0.0
0.0114
0.0068
0.0241
0.0833
0.2302
0.3667
0.0508
0.0308
0.1429
0.0659
0.0792
0.0301
0.0403
0.6429
0.3827
0.52
0.0359
0.0568
0.0945
0.08
0.028
0.0424
0.0663
0.2759
0.1818
0.0658
0.0446
0.0314
0.1029
0.0663
0.661
0.1569
0.2308
0.04
0.3333
0.0815
0.0968
0.3939
0.3158
0.14
0.1594
0.6111
0.1111
0.3333
0.5455
0.0735
0.0105
0.0366
0.0447
0.0538
0.0299
0.0625
0.1135
0.1163
0.084
0.0769
0.037
0.1964
0.6875
0.5195
0.1475
0.0154
0.0662
0.0444
0.64
0.4167
0.6
0.1429
0.1043
0.0813
0.6102
0.1067
0.0426
0.0
0.1429
0.15
0.0206
0.0
0.131
0.0984
0.1084
0.0287
0.0175
0.0492
0.069
0.0558
0.0254
0.087
0.3519
0.0112
0.0303
0.03
0.0443
0.0054
1.0
1.0
0.7073
0.2346
0.0093
0.0294
0.0176
0.1806
0.1497
0.0359
0.126
0.4571
0.2941
0.2162
0.0337
0.0542
0.1011
0.0935
0.0349
0.2807
0.6806
0.85
0.8649
0.3636
0.2203
1.0
0.0094
0.0184
0.0282
0.5942
0.0658
0.0494
0.0741
0.0943
0.0806
0.2188
0.0476
0.0489
0.0491
0.0766
0.0242
0.0575
0.1081
0.0357
0.575
0.4118
0.0275
0.1892
0.2264
0.1084
0.0769
0.2261
0.9014
0.9524
0.0282
0.0349
0.1562
0.7391
0.13
0.0199
0.0252
0.0074
0.0293
0.0553
0.0068
0.0182
0.0045
0.0364
0.4156
0.0909
0.0769
0.0833
0.0593
0.4
0.1798
0.1756
0.2143
0.2073
0.3542
0.3085
0.1395
0.1486
0.1382
0.0123
0.0054
0.1091
0.3636
0.5714
0.1232
0.0169
0.0056
0.0692
0.0573
0.0615
0.2372
0.0591
0.0093
0.0106
0.6505
0.75
0.872
0.6
0.1429
0.2353
0.1111
0.0061
0.0109
0.0463
0.2353
0.2698
0.296
0.6447
0.0349
0.0476
0.0992
0.1
0.1908
0.3415
0.7857
0.3714
0.0423
0.1567
0.018
0.0287
0.0252
0.1391
0.4583
0.1338
0.0338
0.1325
0.0635
0.0474
0.6379
0.065
0.0671
0.0861
0.0267
0.1129
0.2741
0.0286
0.1382
0.0789
0.0389
0.0764
0.875
0.0595
0.0286
0.1325
0.2386
0.2535
0.2937
0.0376
0.1129
0.0651
0.2479
0.2188
0.2295
0.0356
0.0966
0.051
0.25
0.7158
0.7312
0.1401
0.1799
0.1333
0.104
0.022
0.0606
0.0769
0.0826
0.1549
0.0372
0.1445
0.1975
0.0208
0.0185
0.0438
0.0223
0.0336
0.0151
0.0987
0.1418
0.641
0.8163
0.8871
0.8429
0.1154
0.3
0.022
0.0306
0.0389
0.1829
0.4268
0.6422
0.2086
0.0914
0.0591
0.0299
0.1782
0.4211
0.0106
0.4561
0.1091
0.7699
0.0684
0.1259
0.1243
0.0755
0.3083
0.3467
0.0645
0.0261
0.0318
0.1289
0.1042
0.03
0.3523
0.3333
0.4206
0.4035
0.3714
0.303
0.5278
0.7642
0.6463
0.3953
0.2105
0.0809
0.0124
0.0081
0.087
0.0279
0.1538
0.7241
0.3433
0.0566
0.1724
0.1743
0.3933
0.0169
0.163
0.934
0.9486
0.374
0.36
0.0741
0.0532
0.1043
0.1828
0.3117
0.4878
0.7459
0.3448
0.0517
0.1655
0.141
0.0535
0.0435
0.0235
0.052
0.0325
0.014
0.0444
0.0987
0.1048
0.1111
0.0724
0.2087
0.1393
0.0838
0.1429
0.3025
0.3043
0.2562
0.1292
0.05
0.0778
0.0769
0.097
0.3782
0.1667
0.0361
0.013
0.4667
0.4857
0.7424
0.8333
0.5102
0.1053
0.0548
0.014
0.0128
0.0123
0.0533
0.0508
0.0246
0.0437
0.0258
0.375
0.1302
0.1925
0.2222
0.6047
0.3016
0.1295
0.0
0.0134
0.1111
0.0775
0.0207
0.0432
0.027
0.4138
0.0343
0.0724
0.0595
0.0522
0.0341
0.056
0.093
0.0787
0.0492
0.1389
0.2075
0.3167
0.225
0.2261
0.8421
0.8889
0.7083
0.4186
0.7381
0.0773
0.0598
0.2527
0.1613
0.1905
0.0568
0.0247
0.0324
0.2846
0.0714
0.2115
0.0619
0.1935
0.902
0.6508
0.2857
0.0485
0.0154
0.2439
0.066
0.3158
0.6559
0.0289
0.0513
0.0811
0.1707
0.0273
0.0097
0.3019
0.1771
0.4253
1.0
0.2222
0.5125
0.0415
0.0459
0.0657
0.0585
0.1105
0.775
0.8571
1.0
0.075
0.2734
0.1273
0.5593
0.1557
0.1923
0.5373
0.2419
0.0588
0.0267
0.1111
0.0385
0.0345
0.0938
0.3636
0.0515
0.1969
0.192
0.097
0.12
0.234
0.3673
0.2805
0.9607
0.9468
0.1231
0.05
0.0575
0.0538
0.4545
0.3514
0.5
0.7048
0.0685
0.1316
0.1895
0.0206
0.0201
0.2143
0.1667
0.1228
0.0966
0.1367
0.1351
0.0
0.0667
0.058
0.0
0.0897
0.0125
0.0426
0.1444
0.0816
0.0585
0.0378
0.7757
0.033
0.0163
0.52
0.8723
0.1556
0.0327
0.0234
0.0355
0.0341
0.7097
0.4216
0.4615
0.3438
0.2973
0.1081
0.0909
0.2261
0.087
0.1343
0.0185
1.0
0.9795
0.0262
0.9531
0.0787
0.1667
0.0909
0.1633
0.0268
0.0412
0.0296
0.2769
0.1765
0.0667
0.1077
0.413
0.2222
0.2081
0.0089
0.0041
0.0039
0.2143
0.1949
0.0219
0.0332
0.0645
0.0933
0.5211
0.1288
0.5556
0.4923
0.4848
0.0694
0.0444
0.96
0.4054
0.2769
0.1232
0.1633
0.0303
0.1061
0.31
0.3936
0.2133
0.3647
0.7632
0.7792
0.6154
0.9167
0.0152
0.1364
0.0749
1.0
0.04
0.0845
0.0776
0.25
0.119
0.0135
0.0449
0.0488
0.0526
0.1389
0.12
0.2344
0.0119
0.0179
0.0547
0.0398
0.1728
0.0494
0.015
0.0645
0.0
0.0602
0.1111
0.0484
0.0216
0.0415
0.1126
0.4275
0.0064
0.0078
0.0857
0.1894
0.078
0.181
0.0267
0.0398
0.0739
0.1635
0.0714
0.7727
0.0149
0.0392
0.3125
0.2889
0.12
0.1415
0.1765
0.0323
0.0968
0.0154
0.0336
0.0339
0.0632
0.0492
0.5873
0.8632
0.7876
0.2969
0.0314
0.1218
0.7746
0.7049
0.7164
0.0522
0.0372
0.0269
0.3043
0.0233
0.0355
0.0314
0.0321
0.1478
0.1429
0.3019
0.3456
0.6283
0.0597
0.0112
0.0061
0.3333
0.0495
0.0556
0.0106
0.0127
0.9655
0.8125
0.0104
0.0108
0.0594
0.0579
0.1212
0.1892
0.2169
0.2434
0.5
0.027
0.0
0.45
0.3148
0.0688
0.0585
0.0529
0.1053
0.0769
0.0448
0.0295
0.0447
0.1074
0.0275
0.0077
0.0252
0.0408
0.0787
0.0955
0.0733
0.1
0.209
0.4381
0.3019
0.0128
0.0196
0.0519
0.8936
0.7308
0.5385
0.0984
0.0471
0.1739
0.0337
0.0867
0.0394
0.0105
0.0258
0.0299
0.4857
0.3333
0.2655
0.2057
0.2045
0.0284
0.0168
0.0138
0.0067
0.9231
0.7115
0.3529
0.071
0.0667
0.9304
0.9091
0.8716
0.2941
0.05
0.1756
0.1086
0.1908
0.2119
0.1185
0.0992
0.2273
0.1048
0.1101
0.1089
0.1515
0.3243
0.0952
0.069
0.0423
0.0706
0.0336
0.0206
0.0519
0.1569
0.3982
0.3173
0.1702
0.175
0.0851
0.0551
0.1351
0.4615
0.3095
0.2727
0.0992
0.0571
0.5
0.5057
0.6667
0.3929
0.165
0.0659
0.2667
1.0
0.0452
0.0242
0.2821
0.6939
0.0492
0.0227
0.0309
0.0185
0.5102
0.3925
0.5408
0.2308
0.1262
0.0244
0.8143
0.3061
0.0065
0.0115
0.0696
0.0259
0.0152
0.05
0.213
0.0
0.004
0.0469
0.2826
0.193
0.2
0.1364
0.025
0.0385
0.042
0.1538
1.0
0.14
0.0404
0.0545
0.6143
0.0574
0.07
0.04
0.0182
0.1263
0.0796
0.1532
0.3158
0.0291
0.3293
0.1313
0.0949
0.0183
0.1567
0.0237
0.0409
0.0904
0.1224
0.1742
0.0492
0.0465
0.0174
0.0109
0.03
0.0222
0.0293
0.1007
0.1826
0.3729
0.284
0.3694
0.695
0.0923
0.2095
0.0971
0.0808
0.9898
1.0
0.028
0.4286
0.84
0.7629
0.0825
0.0208
0.0504
0.0902
0.0585
0.0818
0.2164
0.1166
0.0356
0.0276
0.0256
0.1959
0.1217
0.1319
0.0365
0.1892
0.087
0.08
0.3313
0.0052
0.0305
0.0538
0.1307
0.1473
0.2059
0.2222
0.0335
0.0729
0.0476
0.0588
0.0645
0.1346
0.0629
0.0106
0.0167
0.0427
0.006
0.0233
0.1182
0.0233
0.0988
0.1667
0.25
0.2755
0.3023
0.0857
0.1099
0.1195
0.1732
0.1589
0.0087
0.0093
0.0152
0.142
0.3125
0.625
0.071
0.0957
0.0791
0.0828
0.3231
0.3736
0.2044
0.2235
0.1776
0.1589
0.0225
0.0407
0.0506
0.0548
0.1154
0.1047
0.0685
0.1852
0.0294
0.0199
0.0731
0.0687
0.3167
0.1111
0.1364
0.0407
0.0526
0.0723
0.0588
0.78
0.1329
0.1034
0.0343
0.0
0.3
0.1087
0.0725
0.0367
0.125
0.0933
0.0816
0.0
0.0426
0.0063
0.1319
0.8182
0.0535
0.0603
0.3158
0.6667
0.0156
0.0337
0.1321
0.1566
0.0571
0.119
0.05
0.0862
0.0909
0.6306
0.0141
0.02
0.4937
0.2336
0.0385
0.4595
0.5472
0.6129
0.7949
0.2
0.3333
0.5429
0.2639
0.2012
0.28
0.0495
0.2778
0.9885
0.9947
0.2414
0.1594
0.354
0.3
0.1739
0.0842
0.1037
0.0
0.1279
0.2126
0.2769
0.2126
0.0429
0.0909
0.0408
0.2195
0.0959
0.0259
0.0245
0.4483
0.12
0.175
0.0707
0.0308
0.0366
0.1553
0.1592
0.0333
0.0242
0.545
0.3235
0.3438
0.0795
0.0161
0.2424
0.1
0.0201
0.102
0.1296
0.1887
0.0294
0.8235
0.8519
0.7045
0.65
0.6
0.1364
0.1111
0.06
0.0556
0.1215
0.0613
0.0828
0.0805
0.0208
0.0076
0.0621
0.0364
0.0312
0.0103
0.0186
0.0604
0.1429
0.2739
0.3623
0.1594
0.4519
0.0444
0.0968
0.3065
0.25
0.1944
0.1944
0.2109
0.2969
0.0546
0.7184
0.024
0.1154
0.1071
0.0148
0.0828
0.3182
0.5745
0.1136
0.1039
0.0318
0.2276
0.4167
0.1417
0.7
0.0382
0.2424
0.0325
0.0469
0.0469
0.0455
0.0429
1.0
0.073
0.0638
0.0759
0.0537
0.9444
0.9286
0.1163
0.0184
0.02
0.0339
0.0959
0.0234
0.1919
0.0441
0.2442
0.4384
0.1885
0.2746
0.2941
0.122
0.0776
0.25
0.115
0.0387
0.0435
0.1654
0.0847
0.4051
0.0385
0.5385
0.014
0.0474
0.08
0.1346
0.2885
1.0
1.0
0.0727
0.7209
0.1148
0.1102
0.0608
0.025
0.0577
0.0973
0.0345
0.3361
0.22
0.3158
0.6222
0.7857
0.08
0.0813
0.189
0.0
0.039
0.0155
0.1538
0.5208
0.4854
0.0342
0.1571
0.1556
0.0058
0.0615
0.0526
0.0563
0.641
0.8404
0.3262
0.1064
0.0
0.0093
0.0545
0.2941
0.3103
0.3
0.2951
0.0395
0.2045
0.1833
0.1538
0.0556
0.0464
0.0132
0.0439
0.0241
0.1593
0.0435
0.1548
0.1299
0.2
0.0915
0.0818
0.0219
0.0173
0.0576
0.0916
0.058
0.0843
0.2231
0.2
0.0532
0.0335
0.0366
0.0613
0.0435
0.0145
0.1197
0.0663
0.0909
0.0813
0.0427
0.2
0.1842
0.3067
0.1282
0.6053
0.4884
0.8667
0.7209
0.3553
0.76
0.0452
0.4762
0.2826
0.0896
0.0417
0.0441
0.0385
0.125
0.1139
0.0521
0.0419
0.0481
0.0054
0.2745
0.1765
0.1402
0.1009
0.0802
0.0625
0.2
0.0412
0.0
0.1964
0.0083
0.068
0.1379
0.0585
0.1951
0.4444
0.5326
0.2574
0.2321
0.051
0.0156
0.1135
0.2526
0.6538
0.073
0.0136
0.4301
0.5096
0.5047
0.2788
0.131
0.0741
0.1008
0.0909
0.0758
0.0656
0.1406
0.45
0.1444
0.1887
0.0598
0.0138
0.0066
0.0139
0.2432
0.2447
0.0367
0.1688
0.073
0.825
0.4474
0.0973
0.2152
0.1829
0.6154
0.3929
0.0523
0.0255
0.1754
0.1023
0.0849
0.1414
0.0641
0.0118
0.12
0.1089
0.1
0.1269
0.3623
0.383
0.6186
0.5814
0.2258
0.1786
0.202
0.1739
0.0184
0.051
0.0811
0.0347
0.062
0.0797
0.0769
0.1522
0.875
0.2143
0.006
0.0176
0.0714
0.0864
0.0231
0.0056
0.0532
0.1348
0.1
0.0302
0.0354
0.0414
0.06
0.2246
0.4686
0.1196
0.0616
0.0781
0.1538
0.8621
0.6184
0.5616
0.0
0.0182
0.1912
0.1667
0.0261
0.0879
0.0056
0.3043
0.2
0.125
0.2745
0.2321
0.01
0.1429
0.0088
0.2857
0.1478
0.5593
0.1667
0.1429
0.087
0.3929
0.5
0.1636
0.0
0.4444
0.0909
0.1189
0.0909
0.0643
0.0818
0.0379
0.0253
0.0617
0.0741
0.0611
0.0559
0.1515
0.0294
0.0096
0.2609
0.2
0.3585
0.0845
0.0603
0.7273
0.1489
0.3452
0.5567
0.2586
0.3619
0.0853
0.0056
0.0117
0.3889
0.0484
0.0482
0.1188
0.0747
0.0147
0.1544
0.0152
0.0142
0.0
0.043
0.0634
0.0636
0.2449
0.0044
0.2871
0.2381
0.4925
0.3714
0.3125
0.1224
0.1489
0.2019
0.08
0.7778
0.1169
0.0244
0.053
0.1429
0.4615
0.1533
0.0
0.055
0.0342
0.0272
0.0833
0.2143
0.0
0.2045
0.1518
0.0662
0.1333
0.1532
0.0455
0.0735
0.1128
0.112
0.2041
0.3117
0.3548
0.7368
0.2878
0.5667
0.2364
0.0885
0.2321
0.1786
0.1684
0.2903
0.9341
0.5294
0.0196
0.0143
0.0123
0.0211
0.1429
0.0604
0.04
0.1781
0.8333
0.6867
0.625
0.3226
0.4242
0.1613
0.0411
0.0756
0.45
0.066
0.1343
0.3765
0.6815
0.5852
0.0392
0.0737
0.0183
0.0467
0.033
0.0517
0.0143
0.0924
0.0576
0.1806
0.1125
0.6136
0.5
0.0137
0.0138
0.44
0.1058
0.2308
0.2059
0.1604
0.375
0.193
0.1571
0.1037
0.2605
0.1757
0.4032
0.3294
0.186
0.0127
0.0449
0.1261
0.097
0.1963
0.2667
0.1087
0.1731
0.3368
0.2101
0.0058
0.096
0.3
0.0258
0.0394
0.0195
0.0284
0.113
0.2273
0.0866
0.0797
0.005
0.0312
0.053
0.0479
0.5056
0.2647
0.0859
0.0337
0.0634
0.1031
0.1647
0.3723
0.0328
0.0144
0.0459
0.0909
0.253
0.2292
0.8491
0.9091
0.3934
0.0321
0.1007
0.0
0.0116
0.039
0.0938
0.1923
0.0859
0.0249
0.0139
0.0133
0.0054
0.017
0.1258
0.0435
0.0305
0.042
0.0649
0.4167
0.1515
0.0959
0.05
0.1014
0.2604
0.1845
0.0571
0.0331
0.06
0.2045
0.8261
0.0506
0.0211
0.0784
0.0288
0.08
0.4561
0.4068
0.009
0.041
0.0292
0.0735
0.0129
0.0533
0.3077
0.2766
0.25
0.3467
0.1913
0.3182
0.0606
0.0256
0.35
0.6957
0.5238
0.4032
0.25
0.3279
0.2151
0.4545
0.0282
0.0294
0.2727
0.2155
0.3274
0.0124
0.0052
0.0057
0.0114
0.0216
0.2771
0.1441
0.0437
0.0545
0.6121
0.1195
0.0052
0.0
0.0672
0.0215
0.0533
0.0
0.0092
0.0211
0.0667
0.1325
0.1443
0.1522
0.21
0.1727
0.0249
0.0448
0.0476
0.0
0.0063
0.0
0.1959
0.6341
0.0075
0.2381
0.291
0.01
0.0154
0.028
0.0191
0.5556
0.1831
0.3049
0.1446
0.1376
0.2469
0.1481
0.042
0.06
0.0292
0.0541
0.573
0.5882
0.1071
0.0648
0.2955
0.5513
0.464
0.4297
0.0244
0.0374
0.0449
0.0857
0.1
0.1478
0.0977
0.1
0.1667
0.2174
0.1923
0.29
0.2093
0.0068
0.0703
0.3115
0.1525
0.1636
0.2233
0.1566
0.0391
0.0549
0.0625
0.0567
0.0896
0.7143
0.0159
0.0
0.0678
0.2368
0.0833
0.0619
0.0411
0.042
0.0431
0.0943
0.0446
0.0231
0.0267
0.0419
0.0163
0.6774
0.3544
0.1975
0.128
0.019
0.0164
0.0168
0.026
0.1596
0.0743
0.0769
0.027
0.5217
0.1635
0.1321
0.0594
0.0323
0.0552
1.0
0.0535
0.0459
0.0352
0.1981
0.0485
0.0745
0.3235
0.0541
0.0696
0.3163
0.5926
0.0448
0.1364
0.2568
0.1765
0.3265
0.3077
0.1277
0.1829
0.0262
0.0305
0.8889
0.1399
0.1429
0.1392
0.5909
0.5
0.034
0.0157
0.0656
0.2391
0.4737
0.803
0.0056
0.0833
0.0678
0.2812
0.3824
0.0055
0.0278
0.0392
0.019
0.0762
0.1884
0.3968
0.4416
0.0374
0.1721
0.2727
0.2203
0.0781
0.0714
0.1733
0.125
0.0933
0.0391
0.0278
0.0255
0.0299
0.1111
0.0076
0.0286
0.0377
0.0397
0.4038
0.0301
0.058
0.1735
0.2319
0.7538
0.6415
0.8302
0.0779
0.0667
0.0674
0.0455
0.0378
0.0556
0.0769
0.3333
0.1648
0.0915
0.1455
0.1379
0.0306
0.125
0.0132
0.0267
0.0342
0.0945
0.1217
0.0301
0.0066
0.038
0.04
0.1852
0.1368
0.1607
0.0417
0.0568
0.0497
0.0223
0.4815
0.4688
0.216
0.1207
0.1429
0.0984
0.1087
0.1304
0.3167
0.3193
0.2162
0.1186
0.1094
0.0811
0.2222
0.0508
0.1214
0.1408
0.0
0.3301
0.1525
0.161
0.0874
0.1383
0.1923
0.3906
0.4381
0.8
0.7797
0.6774
0.3968
0.4535
0.0488
0.0261
0.0263
0.0885
0.0545
0.0068
0.1818
0.2474
0.0484
0.0233
0.0227
0.0649
0.0244
0.0216
0.0143
0.4842
0.3333
0.9259
0.5625
0.0609
0.2396
0.0667
0.055
0.041
0.0584
0.0687
0.1522
0.8
0.7647
0.0889
0.1556
0.08
0.234
0.1095
0.0265
0.0227
0.3729
0.1222
0.0299
0.05
0.0411
0.0714
0.625
0.1667
0.1176
0.1728
0.3857
0.3506
0.4316
0.2903
0.0515
0.0245
0.0366
0.1267
0.0055
0.1206
0.1791
0.0777
0.1947
0.0824
0.0843
0.0452
0.0392
0.1875
0.2727
0.1622
0.5
0.2973
0.0407
0.4557
0.9684
0.5593
0.4818
0.4812
0.5693
0.9487
0.1429
0.0516
0.0409
0.0233
0.0192
0.0449
0.0233
0.3158
0.2308
0.1771
0.4333
0.5429
0.7656
0.8605
0.1429
0.1739
0.2619
0.3111
0.1159
0.1971
0.2105
0.0272
0.0317
0.024
0.0079
0.0419
0.0519
0.0242
0.1452
0.1048
0.0133
0.3333
0.0543
0.0992
0.5641
0.5806
0.9787
0.0816
0.1562
0.3061
0.2609
0.0175
0.0125
0.0323
0.0769
0.0
0.0411
0.0081
0.2
0.1
0.1875
0.252
0.6383
0.2308
0.0106
0.027
0.043
0.0165
0.0104
0.0088
0.0924
0.1484
0.1062
0.0388
0.043
0.0779
0.2073
0.6087
0.0089
0.233
0.0947
0.0741
0.0638
0.0197
0.4688
0.2381
0.2857
0.3519
0.36
0.7692
0.7297
0.0568
0.1714
0.1143
0.0839
0.5267
0.6071
0.1143
0.1129
0.0865
0.0147
0.0064
0.0885
0.0109
0.0142
0.0047
0.3051
0.2653
0.5167
0.1081
0.8684
0.0321
0.129
0.1037
0.0216
0.0272
0.0166
0.0103
0.0581
0.7857
0.1692
0.3097
0.2258
0.0364
0.2778
0.0369
0.1951
0.2045
0.0824
0.1348
0.5161
0.1034
0.0588
0.0341
0.0591
0.0994
0.069
0.0609
0.0561
0.0
0.2481
0.0659
0.0743
0.0196
1.0
0.1111
0.0933
0.1646
0.0491
0.0846
0.1078
0.0542
0.0476
0.0345
0.0351
0.0349
0.0531
0.2796
0.2174
0.1706
0.5488
0.0251
0.0195
0.0959
0.0354
0.0833
0.0828
0.0979
0.0244
0.9688
0.1172
0.0488
0.0333
0.0504
0.1905
0.0619
0.1438
0.0159
0.0203
0.1357
0.0517
0.0391
0.0419
0.0488
0.1143
0.2075
0.2035
0.1795
0.3504
0.0938
0.8571
0.371
0.5918
0.1714
0.0833
0.7619
0.0706
0.0942
0.0105
0.0086
0.0545
0.5976
0.5417
0.1695
0.1099
0.1058
0.041
0.0067
0.0
0.087
0.8072
0.7576
0.4076
0.3694
0.2105
0.2105
0.2542
0.3118
0.3066
