0.0714
0.0
0.048
0.0677
0.0079
0.169
0.0678
0.0588
0.2712
0.087
0.1795
0.0254
0.0
0.043
0.0672
0.0
0.1053
0.5135
0.0068
0.4366
0.0476
0.0
0.049
0.3445
0.0388
0.0143
0.0062
0.0769
0.7607
0.0316
0.1446
0.1
0.2532
0.0
0.0629
0.1163
0.58
0.0267
0.3788
0.0061
0.3333
0.2124
0.4388
0.0061
0.2419
0.0
0.0684
0.0593
0.0
0.0133
0.3301
0.2037
0.1402
0.1124
0.056
0.072
0.0194
0.1182
0.0494
0.0162
0.211
0.1224
0.5
0.2552
0.1185
0.0989
0.0562
0.8571
0.0592
0.032
0.1579
0.1071
0.8889
0.0357
0.6
0.0
0.0127
0.0136
0.3231
0.1157
0.0696
0.0493
0.2079
0.1389
0.0123
0.1552
0.0741
0.4348
0.0391
0.2115
0.0309
0.0476
0.0921
0.036
0.0131
0.0808
0.012
0.17
0.0777
0.15
0.0054
0.0054
0.0
0.0427
0.8585
0.0
0.1064
0.05
0.0312
0.0392
0.0606
0.1809
0.0345
0.0341
0.0311
0.0804
0.2051
0.1053
0.0191
0.4286
0.2674
0.019
0.0769
0.0429
0.2703
0.0112
0.1009
0.0571
0.0392
0.1538
0.0435
0.1111
0.7444
0.0093
0.1429
0.7094
0.1129
0.0248
