0.95
1.0
0.625
0.2273
0.3125
0.1364
0.0588
0.0364
0.0976
0.0635
0.2326
0.9444
0.0714
0.8
0.3077
0.3824
0.5
0.1099
0.1343
0.3611
0.0397
0.1558
0.3696
0.1728
0.2239
0.3448
0.6761
0.6571
0.7763
0.25
0.9565
0.6667
0.2593
0.1754
0.0556
0.1515
0.1875
0.5
0.403
0.3214
0.1786
0.8136
0.2388
0.0182
0.0261
0.0208
0.0794
0.1923
0.5667
0.5385
0.5714
0.3333
0.1068
0.0571
0.6071
0.2698
0.0128
0.1818
0.4516
0.3125
0.0577
0.9426
0.8969
0.0755
0.1644
0.0808
0.0865
0.1013
0.1647
0.1026
0.4091
0.2143
0.0077
0.0222
0.0741
0.0169
0.1266
0.3065
0.7031
0.2292
0.161
0.125
0.2353
0.2857
0.0125
0.2927
0.2182
0.2179
0.1154
0.0825
0.3562
0.3289
0.6389
0.3902
0.7931
0.325
0.2133
0.1954
0.028
0.0449
0.0294
0.0702
0.125
0.1092
0.0244
0.2333
0.1216
0.0467
0.2535
0.0885
0.0423
0.1633
0.1569
0.0485
0.0649
0.044
0.0526
0.0333
0.0083
0.3562
0.2763
0.0789
0.1746
0.0362
0.0077
0.0203
0.5735
0.3733
0.5
0.55
0.2564
0.3167
0.24
0.0556
0.0541
1.0
0.1092
0.0631
0.0862
0.013
0.3448
0.3
0.7885
0.1717
0.0538
0.0682
0.0814
0.2308
0.0465
0.0588
0.0364
0.0388
0.0632
0.0361
0.0314
0.0294
0.0745
0.0224
0.0353
0.2111
0.037
0.0532
0.2609
0.0283
0.0593
0.2644
0.4194
0.2267
0.1359
0.0476
0.3
0.1059
0.4186
0.7778
0.0202
0.2794
0.15
0.2683
0.4286
0.2222
0.0909
0.5333
0.4459
0.1387
0.0855
0.3146
0.7234
0.9167
0.1128
0.1037
0.0084
0.0265
0.4545
0.0252
0.1909
0.4868
0.2941
0.0522
0.0526
0.1081
0.0833
0.08
0.0268
0.08
0.28
0.1154
0.2162
0.1558
0.9259
0.1356
0.5882
0.3137
0.8125
0.3953
0.0588
0.0617
0.9375
0.4082
0.1961
0.3944
0.381
0.1
0.0522
0.064
0.1744
0.0833
0.2927
0.25
0.1068
0.02
0.2234
0.0426
0.0897
0.0933
0.1286
0.0794
0.0185
0.4524
0.8649
0.6296
0.1346
0.5
0.4697
0.5
0.3708
0.0446
0.0737
0.1391
0.3182
0.1596
0.1111
0.1084
0.0678
0.7143
0.2647
0.8673
0.7848
0.0673
0.2623
0.5
0.2468
0.0137
0.0522
0.4286
0.2326
0.0
0.0
0.15
0.6471
0.7349
0.0737
0.0233
0.0233
0.1316
0.06
0.0783
0.1944
0.124
0.6429
0.2703
0.3404
0.0577
0.4028
0.1023
0.2308
0.1167
0.1385
0.1293
0.7
0.2985
0.1368
0.3091
0.7412
0.1406
0.5
0.0667
0.0206
0.0851
0.0631
0.3125
0.1364
0.0353
0.1587
0.0741
0.25
0.25
0.2075
0.2
0.0633
0.1607
0.5139
0.5217
0.0388
0.0813
0.0494
0.0083
0.1364
0.0909
0.0132
0.0076
0.9718
0.75
0.5319
0.5556
0.141
0.1522
0.1048
0.11
0.0448
0.1553
0.3667
0.4545
0.3846
0.7111
0.1039
0.1385
0.3684
0.1304
0.0894
0.0417
0.141
0.032
0.1447
0.381
0.2472
0.1605
0.0583
0.0625
0.0303
0.0172
0.0909
0.2405
0.3061
0.1591
0.287
0.3019
0.1888
0.0759
0.0946
0.3019
0.1132
0.0783
0.2564
0.5077
0.0855
0.0328
0.1222
0.034
0.3333
0.1505
0.2568
0.1186
0.3333
0.0397
0.0795
0.2683
0.2162
0.4407
0.6905
0.2188
0.1842
0.1607
0.875
0.1667
0.0452
0.0116
0.0776
0.078
0.8333
0.2
0.0909
0.0565
0.0455
0.1209
0.1447
0.375
0.2453
0.2062
0.0635
0.1176
0.114
0.2979
0.3673
0.1746
0.0917
0.08
0.233
0.0556
0.0735
0.17
0.026
0.0741
0.1235
0.8095
0.475
0.2348
0.1707
0.3396
0.1019
0.1182
0.0795
0.1562
0.0385
0.0592
0.1154
0.3509
0.1569
0.1143
0.0933
0.1538
0.2933
0.5429
0.0488
0.0938
0.2151
0.2131
0.0412
0.3043
0.0435
0.3333
0.0787
0.0511
0.0522
0.2182
0.0923
0.0685
0.1149
0.2951
0.098
0.05
0.0615
0.2824
0.2286
0.3058
0.3301
0.0504
0.0991
0.0423
0.0413
0.072
0.0847
0.1579
0.1978
0.1591
0.0426
0.0536
0.875
0.3
0.0233
0.061
0.2381
0.2069
0.2609
0.1429
0.5517
0.2545
0.1522
0.2353
0.3663
0.1386
0.7246
0.7538
0.1414
0.8421
0.3276
0.0866
1.0
0.4762
0.2353
0.084
0.1143
0.3731
0.2078
0.1739
0.4118
0.0288
0.041
0.0233
0.0465
0.1928
0.4348
0.4286
0.1802
0.0
0.4667
0.0849
0.0756
0.0566
0.2041
0.1688
0.08
0.0
0.1042
0.0638
0.4237
0.044
0.2985
0.01
0.0362
0.5513
0.5758
0.3
0.3378
0.5571
0.1171
0.0231
0.0833
0.1045
0.625
0.6667
0.5312
0.4286
0.1026
0.0385
0.0337
0.1687
0.0959
0.4868
0.8605
0.7742
0.2857
0.0936
0.0899
0.1441
0.5934
0.5556
0.736
0.6042
0.5968
0.1045
0.6719
0.2791
0.0811
0.1148
0.8442
0.9085
0.9
0.3289
0.0676
0.25
0.016
0.0541
0.0745
0.0769
0.0943
0.04
0.1415
0.1566
0.0283
0.3462
0.175
0.0568
0.0267
0.0256
0.3049
0.2258
0.0181
0.021
0.0
0.2062
0.2913
0.8571
0.2041
0.0391
0.1081
0.0
0.0
0.3462
0.0465
0.0473
0.0598
0.0753
0.0804
0.3673
0.1508
0.0889
0.0165
0.0242
0.0411
0.2055
0.2667
0.0385
0.0909
0.0879
0.126
0.4237
0.4308
0.4595
0.1296
0.2472
0.8095
0.2857
0.75
0.7895
0.1754
0.0784
0.5385
0.3444
0.0259
0.0938
0.3269
0.0874
0.2336
0.3867
0.0233
0.1
0.6087
0.0816
0.0385
0.027
0.075
0.1915
0.6429
0.1429
0.1075
0.5323
0.52
0.3115
0.98
0.0862
0.287
0.3511
0.1575
0.2088
0.5
0.44
0.0061
0.4098
0.1667
0.5636
0.1311
0.1475
0.1449
0.115
0.2571
0.1449
0.1356
0.0238
0.1733
0.0761
0.1972
0.2222
0.3205
0.1714
0.6977
0.4247
0.5926
0.2222
0.4348
0.0506
0.6087
0.1094
0.3571
0.3125
0.1
0.1923
0.2917
0.0385
0.1667
0.3043
0.1157
0.101
1.0
0.5128
0.1935
0.2523
0.0508
0.0163
0.0214
0.0099
0.4658
0.6444
0.0603
0.35
0.0641
0.3143
0.3906
0.2787
0.8387
0.7857
0.3
0.0738
0.1389
0.0562
0.025
0.0221
0.0204
0.1667
1.0
0.5823
0.6716
0.3117
0.5882
0.1481
0.7241
0.7213
0.5814
0.4
0.175
0.0734
0.127
0.0872
0.6316
0.1111
0.1196
0.0809
0.0545
0.1887
0.1429
0.1067
0.0233
0.9016
0.9109
0.4878
0.0205
0.027
0.3704
0.7664
0.6771
0.5263
0.1111
0.5593
0.2321
0.2566
0.2099
0.2405
0.2791
0.028
0.0154
0.2414
0.0769
0.625
0.1081
0.1481
0.5
0.2209
0.4583
0.5921
0.5679
0.2021
0.2826
0.0833
0.1837
0.0213
0.0105
0.0217
0.0661
0.0367
0.1023
0.1587
0.3721
0.2308
0.9595
0.8939
0.1333
0.5818
0.1268
0.0351
0.016
0.0842
0.1923
0.0488
0.0397
0.1277
0.0201
0.0397
0.0149
0.0191
0.3038
0.2329
0.2826
0.1683
0.11
0.119
0.1795
0.193
0.2787
0.0074
0.08
0.0849
0.2143
0.0385
0.0268
0.0196
0.018
0.1
0.5
0.1077
0.2821
0.0762
0.3099
0.1217
0.043
0.1818
0.0494
0.0804
0.1556
0.2703
0.042
0.0455
0.0265
0.2803
0.2128
0.2462
0.1486
0.1698
0.1122
0.1031
0.48
0.2568
0.2899
0.2836
0.1681
0.2639
0.3111
0.2391
0.0863
0.287
0.011
0.28
0.4138
0.125
0.283
0.2381
0.6087
0.1566
0.0321
0.0
0.0233
0.0382
0.1
0.2344
0.1446
0.2766
0.0962
0.0345
0.7353
0.0104
0.1129
0.1228
0.0385
0.0381
0.7027
0.4898
0.3171
0.053
0.2963
0.104
0.4
0.3793
0.4091
0.6418
0.5147
0.0455
0.0488
0.1818
0.25
0.0571
0.1957
0.181
0.0286
0.0337
0.0519
0.0068
0.0205
0.0331
0.0741
0.2812
0.1957
0.1429
0.2812
0.5682
0.5882
0.4746
0.2
0.0476
0.0741
0.1067
0.0541
0.0094
0.0
0.2188
0.1356
0.0943
0.2125
0.1442
0.098
0.2584
0.0432
0.0721
0.16
0.2
0.3171
0.0804
0.0471
0.0741
0.1628
0.2234
0.4407
0.1028
0.0547
0.15
0.1795
0.093
0.697
0.6316
0.2075
0.0333
0.0625
0.0533
0.36
0.1385
0.1667
0.5625
0.3871
0.901
0.7158
0.0909
0.2167
0.018
0.0
0.016
0.8971
0.2949
0.1304
0.0965
0.075
0.1463
0.1809
0.5
0.8889
0.1687
0.0167
0.3974
0.3714
0.06
0.0833
0.0847
0.1727
1.0
0.6923
0.4154
0.0885
0.1489
0.0847
0.125
0.398
0.0432
0.0233
0.2625
0.1034
0.8364
0.0333
0.1282
0.1148
0.007
0.125
0.036
0.1515
0.7241
0.3333
0.4138
0.1321
0.1228
0.2453
0.1373
0.12
0.1194
0.5952
0.2179
0.0312
0.1622
0.413
0.0759
0.2381
0.0387
0.1389
0.1158
0.2268
0.2
0.7895
0.2333
0.0789
0.1489
0.2838
0.0714
0.0185
0.0794
0.0787
0.375
0.2162
0.3951
0.6415
0.24
0.5
0.0893
0.0306
0.0291
0.1
0.0227
0.2533
0.2258
0.5682
0.8085
0.2162
0.5952
0.265
0.5469
0.117
0.8919
0.3855
0.3614
0.2468
0.0133
0.0138
0.1538
0.4762
0.1129
0.1194
0.4231
0.125
0.1417
0.0392
0.1183
0.0199
0.2209
0.2821
0.1074
0.68
0.5405
0.5909
0.1029
0.0887
0.0738
0.1494
0.175
0.2222
0.0893
0.3256
0.1148
0.4667
0.0355
0.3956
0.1948
0.5
0.1313
0.4118
0.068
0.1695
0.0761
0.5
0.0636
0.1379
0.0841
0.1038
0.36
0.44
0.1977
0.1505
0.2055
0.117
0.3418
0.2381
0.4038
0.1875
0.2297
0.2632
0.8462
0.2212
0.5636
0.2973
0.2361
0.4545
0.3429
0.18
0.381
0.8182
0.9565
0.3607
0.0693
0.17
0.3443
0.2353
0.0
0.0909
0.2
0.7586
0.1026
0.0763
0.4167
0.3944
0.0706
0.1642
0.125
0.1299
0.1654
0.4198
0.4429
0.0417
0.0202
0.4194
0.2857
0.8036
0.4923
0.5246
0.3
0.1011
0.2321
0.2576
0.2059
0.2273
0.2955
0.1068
0.0991
0.1183
0.0741
0.1304
0.1538
0.1364
0.1562
0.0597
0.4032
0.1111
0.0079
0.0
0.5926
0.4211
0.0438
0.3636
0.0
0.0074
0.9844
0.6923
0.1905
0.4237
0.1299
0.1124
0.3061
0.1875
0.0408
0.0762
0.2022
0.6393
0.1647
0.0638
0.1842
0.1316
0.0957
0.0957
0.0321
0.1839
0.2295
0.3239
0.5152
0.3684
0.1648
0.125
0.1951
0.2647
0.9014
0.7708
0.3256
0.1209
0.1134
0.098
0.2727
0.0789
0.175
0.2712
0.0354
0.2195
0.1887
0.2292
0.119
0.75
0.1333
0.1067
0.2174
0.1023
0.0519
0.6593
0.65
0.1507
0.1562
0.3333
0.0886
0.087
0.0847
0.1
0.0342
0.0199
0.5938
0.1648
0.0926
0.0796
0.1531
0.5366
0.3654
0.2286
0.0377
0.2963
0.1528
0.0813
0.2
0.3889
0.1765
0.07
0.1132
0.2969
0.1728
0.066
0.0381
0.0217
0.0805
0.2667
0.2022
0.1456
0.4038
0.4912
0.0219
0.0526
0.0769
0.0517
0.4688
0.3333
0.8205
0.1882
0.6212
0.3304
0.2143
0.9787
0.14
0.1636
0.0538
0.0072
0.0438
0.3421
0.4516
0.1351
0.0707
0.587
0.4691
0.3196
0.1
0.0526
0.0818
0.7234
0.4333
0.1846
0.2812
0.1974
0.0574
0.898
0.537
0.4091
0.1
0.0625
0.0319
0.0706
0.8475
0.1485
0.1171
0.4659
0.0909
0.3548
0.473
0.6923
0.3699
0.1558
0.2955
0.0413
0.1795
0.0795
0.1333
0.1515
0.7045
0.3333
0.1429
0.7037
0.1905
0.3333
0.7895
0.3797
0.4394
0.1275
0.1429
0.2375
0.1685
0.3333
0.1746
0.0388
1.0
0.431
0.0769
0.2245
0.0472
0.0379
0.1429
0.0727
0.1594
0.1447
0.1375
0.1087
0.4054
0.1364
0.4595
0.375
0.3125
0.0493
0.8
0.2692
0.5366
0.0117
0.0687
0.0241
0.1518
0.1139
0.0777
0.1522
0.3
0.1887
0.197
0.4375
0.7317
0.0538
0.169
0.0714
0.0964
0.3934
0.1538
0.1379
0.8824
0.7115
0.3301
0.0667
0.0804
0.0426
0.0615
0.2
0.2254
0.1111
0.2414
0.2174
0.0211
0.0667
0.05
0.0769
0.0593
0.1282
0.0594
0.2333
0.0943
0.125
0.0952
0.1518
0.0865
0.0145
0.7349
0.377
0.9375
0.8776
0.7963
0.0263
0.1573
0.037
0.0763
0.021
0.0758
0.1481
0.44
0.1343
0.0597
0.7143
0.6
0.0259
0.0968
0.0882
0.1379
0.0196
0.0563
0.2667
0.0625
0.2188
0.1884
0.2174
1.0
0.7727
0.0515
0.098
0.3125
0.2745
0.0213
0.2292
0.4615
0.569
0.0388
0.2
0.2381
0.0536
0.3333
0.3704
0.5556
0.5
0.3158
0.3
0.1231
0.4848
0.9302
0.8286
0.1774
0.0962
0.0299
0.0072
0.0242
0.0316
0.1522
0.1343
0.0822
0.8627
0.0414
0.2286
0.0794
0.0382
0.0574
0.1008
0.1016
0.1168
0.1333
0.7308
0.0645
0.5306
0.0642
0.0595
0.1765
0.0545
0.2712
0.2051
0.0256
0.1
0.4314
0.0465
0.0327
0.0147
0.0763
0.0551
0.0441
0.0508
0.0149
0.1569
0.1735
0.0567
0.0119
0.0284
0.1412
0.0303
0.0827
0.1743
0.1683
0.7333
0.0079
0.0631
0.8148
0.1553
0.0211
0.7447
0.4909
0.0333
0.1359
0.3171
0.2286
0.1341
0.0
0.0244
0.1486
0.125
0.2
0.4487
0.33
0.0567
0.3158
0.1553
0.2949
0.625
0.2179
0.0901
0.0726
0.1176
0.1753
0.234
0.0263
0.2527
0.8611
0.0769
0.1171
0.1778
0.0206
0.1858
0.0312
0.0
0.0
0.0588
0.1667
0.1333
0.1429
0.1579
0.1099
0.1786
0.1942
0.25
0.64
0.5
0.3684
0.084
0.0274
0.0
0.0
0.0248
0.1038
0.6321
0.6667
0.4957
0.6239
0.0608
0.75
0.6458
0.7317
0.4933
0.4421
0.9111
0.7805
0.4444
0.1296
0.5357
0.1071
0.1111
0.3846
0.186
0.1818
0.1828
0.0811
0.1625
0.0303
0.0375
0.0978
0.0219
0.0
0.0429
0.2576
0.1128
0.381
0.0195
0.0219
0.1094
0.0805
0.3594
0.3896
0.1222
0.1944
0.5676
0.675
0.4423
0.0719
0.0075
0.2308
0.9681
1.0
0.0538
0.1053
0.2619
0.1739
0.3208
0.1008
0.2157
0.0261
0.0081
0.0354
0.3733
0.5397
0.1154
0.1884
0.0417
0.0938
0.0562
0.2679
0.5122
0.062
0.4889
0.2235
0.0885
0.0132
0.2407
0.026
0.2
0.0
0.0
0.0
0.0351
0.082
0.197
0.0331
0.1282
0.2051
0.027
0.3478
0.5435
0.5098
0.0244
0.2115
0.1047
0.0625
0.1618
0.1458
0.1628
0.2353
0.033
0.2963
0.1562
0.0361
0.0182
0.0085
0.1124
0.1646
0.1176
0.1607
0.3571
0.625
0.2
0.0794
0.068
0.1562
0.102
0.032
0.1304
0.0526
0.1486
0.2453
0.4737
0.1404
0.2674
0.3378
0.4667
0.2154
0.6196
0.587
0.8485
0.2549
0.4062
0.2188
0.3333
0.15
0.4
0.2381
0.1429
0.3784
0.0932
0.5417
0.1463
0.0635
0.1364
0.2115
0.3214
0.9643
0.5357
0.2727
0.0323
0.2941
0.3059
0.1667
0.092
0.322
0.2609
0.15
0.4828
0.3415
0.0851
0.0714
0.0366
0.0909
0.2075
0.1774
0.1765
0.2391
0.0789
0.4493
0.2368
0.1023
0.037
0.028
0.0317
0.0667
0.2326
0.0652
0.0986
0.1486
0.1176
0.1684
0.0726
0.3636
0.5873
0.6892
0.449
0.25
0.0448
0.0353
0.0
0.069
0.1932
0.0645
0.1549
0.0612
0.5455
0.0682
0.0465
0.2647
0.2857
0.0845
0.0568
0.1389
0.1236
0.2632
0.1667
0.1091
0.1111
0.459
0.6364
0.3019
0.0964
0.0723
0.0714
0.0658
0.7647
0.1341
0.1343
0.0617
0.0374
0.0423
0.0879
0.2069
0.3636
0.2344
0.0857
0.2222
0.1887
0.1364
0.1667
0.2169
0.075
0.1974
0.2069
0.5122
0.0545
0.0897
0.1009
0.1532
0.0809
0.6818
0.7273
0.1429
0.092
0.027
0.186
0.6034
0.08
0.1136
0.1591
0.4348
0.5
0.3846
0.4085
0.1596
0.2308
0.2319
0.2167
0.1529
0.25
0.0645
0.0088
0.3542
0.16
0.1084
0.6071
0.066
0.0222
0.3659
0.3514
0.1429
0.4
0.2245
0.087
0.0879
0.1236
0.1163
0.0841
0.0792
0.2895
0.6585
0.381
0.1948
0.2222
0.055
0.0272
0.0545
0.32
0.0156
0.0714
0.0783
0.2308
0.1585
0.1538
0.2111
0.3051
0.2264
0.075
0.0297
0.02
0.0303
0.0098
0.7143
0.1149
0.055
0.0085
0.4706
0.1282
0.0874
0.2083
0.1905
0.3409
0.0533
0.0467
0.0278
0.1111
0.0
0.0
0.0
0.0345
0.0366
0.0333
0.0247
0.4118
0.2754
0.5385
0.0288
0.4286
0.3256
0.1455
0.0854
0.0548
0.0843
