0.0556
0.1111
0.0
0.0
0.1333
1.0
0.52
0.3
0.0597
0.1842
0.0732
0.1277
0.5
0.2632
0.0595
0.0811
0.5185
0.3038
0.7907
0.1376
0.1829
0.1882
0.0891
0.2754
0.2212
0.2368
0.2048
0.8976
0.8767
0.4337
0.4091
0.375
0.1806
0.7407
0.4516
0.6134
1.0
0.493
0.5256
0.567
0.4125
0.4627
0.1215
0.0818
0.0968
0.0112
0.0286
0.0792
0.4561
0.9897
0.7903
0.4231
0.8627
0.9565
0.2976
0.5522
0.1111
0.1261
0.9853
0.284
0.0625
0.381
0.187
0.3626
0.4429
0.3833
0.1882
0.2615
0.1739
0.6462
0.4848
0.1515
0.3167
0.377
0.7556
0.3167
0.2021
0.4333
0.5588
0.5532
0.9688
0.3611
0.6279
0.0893
0.2292
0.4659
0.0632
0.3729
0.088
0.1136
0.5484
0.9619
0.8764
0.2623
0.125
0.0588
0.0455
0.4727
0.0357
0.0233
0.1237
0.5667
0.5513
0.443
0.8493
0.2687
0.4
0.5
0.8667
0.0462
0.0862
1.0
0.75
0.9744
0.9294
0.9195
0.8529
0.8085
0.186
0.25
0.1809
0.2459
1.0
0.1515
0.0364
0.0339
0.9286
0.3433
0.0909
0.2133
0.5
0.6154
0.7857
0.1167
0.2667
0.2537
0.283
0.3
0.1333
0.1591
0.15
0.0806
0.4688
0.14
0.8571
0.5094
0.2297
0.4507
0.5128
0.36
0.1163
0.9375
0.5349
0.4894
0.65
0.089
0.2245
0.2759
0.2556
0.0165
0.2727
0.25
0.065
0.2286
0.6842
0.8611
0.0407
0.0396
0.1569
0.2941
0.1587
0.0909
0.3846
0.1646
0.321
0.5294
0.0455
0.066
0.1263
0.3939
0.377
0.8136
0.3768
0.097
0.1591
0.2333
0.1852
0.1447
0.0492
0.2941
0.32
0.1463
0.1111
0.098
0.8696
0.3462
1.0
0.6111
0.34
0.5116
0.2941
0.0571
0.0603
0.0976
0.9701
0.2712
0.1154
0.0155
0.3333
0.0968
0.2371
0.1667
0.2269
0.7297
0.7097
0.2021
0.2273
0.4375
0.4655
0.3151
0.1739
0.5455
0.2879
0.5833
0.6301
0.192
0.8235
0.2955
0.1587
0.2388
0.2095
0.2029
0.4667
0.6087
0.2353
0.2041
0.16
0.7347
0.2203
0.1724
0.6829
0.2838
0.4878
0.1351
0.9032
0.973
0.1111
1.0
0.053
0.8621
0.7547
0.3704
0.1149
0.2833
0.6774
0.5577
0.3855
0.4902
0.2529
0.2021
0.6087
0.7059
0.2051
0.2949
0.9512
0.9565
0.5741
0.1504
0.0308
0.0811
1.0
0.8875
0.3649
0.6327
0.0545
0.0
0.0526
0.5667
0.9744
0.3784
0.5581
0.5802
0.8387
0.9259
0.9508
0.1143
0.0619
0.1349
0.0196
0.0167
0.4706
0.25
0.033
0.0814
0.0941
0.3881
0.0722
0.2955
0.2632
0.2105
0.1868
0.1739
0.3091
0.0282
0.0256
0.3208
0.82
0.0198
0.1379
0.275
0.1294
0.2642
0.119
0.2
0.0964
0.234
0.4167
0.1481
0.0432
0.042
0.0442
0.6061
0.0391
0.0526
0.0417
0.75
0.0851
0.0342
0.0198
0.2373
0.1045
0.1739
0.0577
0.0115
0.1008
0.0152
0.05
0.3944
1.0
0.236
0.112
1.0
0.0714
0.8305
0.3889
0.0804
0.25
0.3043
0.3125
0.0366
0.1071
0.4419
0.4
0.5088
0.0325
0.0833
0.18
0.8537
0.0932
0.0312
0.13
0.0769
0.1385
0.1486
0.1398
0.3889
0.7843
0.1923
0.2857
0.376
0.0394
0.1522
0.113
0.1835
0.169
0.3086
0.2969
0.15
0.2128
0.5385
0.1089
0.1519
0.4839
0.4524
0.1864
0.5
0.0164
0.0229
0.2075
0.1695
0.0964
0.2192
0.5
0.6071
0.0301
0.871
0.5918
0.4267
0.5085
0.5
0.44
0.2524
0.2821
0.4407
0.1786
0.2692
0.1026
0.0667
1.0
0.3676
0.1375
0.2373
0.381
0.2727
0.2951
0.1333
0.1548
0.9554
0.9833
0.9926
0.9675
0.9712
0.8806
1.0
0.1584
0.6338
0.3542
0.7692
0.098
0.0156
0.475
0.2277
0.3562
0.5405
0.4681
0.2462
0.1341
0.1379
0.0947
0.0714
0.1518
0.8667
0.1184
0.1169
0.1613
0.6944
0.3913
0.4043
0.1079
0.4412
0.6875
0.0217
0.0614
0.0596
0.3636
0.8772
0.9333
0.9333
0.3068
0.5246
0.0244
0.3333
0.2727
0.2083
0.25
0.2625
0.3438
0.2192
0.1905
0.3385
0.4528
0.6667
0.7188
0.7308
0.0319
0.012
0.5797
0.9437
0.8312
0.8602
0.7342
0.1238
0.0543
0.0909
0.3146
0.1478
0.1364
0.0803
1.0
0.3649
0.4082
0.3
0.7353
0.0952
0.66
0.0296
0.0597
0.5
0.5591
0.0
0.0175
0.5085
0.6316
0.3366
0.3226
0.4219
0.434
0.6216
0.5088
0.3099
1.0
0.7105
0.5873
0.6933
0.5395
0.5211
0.6418
0.2656
0.2017
0.6667
0.0486
0.0741
0.042
0.1683
0.4227
0.4
0.5893
0.7753
0.8696
0.2222
0.1404
0.0652
0.0435
0.0405
0.0278
0.04
0.14
0.4651
0.4909
0.9265
0.825
0.8689
0.2609
0.8077
0.1519
0.2766
0.0357
0.0811
0.3793
0.5373
0.6835
0.7164
0.7931
0.716
0.7872
0.2174
0.0426
0.0515
0.0515
0.25
0.5
0.1452
0.1333
0.15
0.2
0.3235
0.1129
0.1765
0.2222
0.1233
0.9412
0.9355
0.1538
0.1029
0.2769
0.386
0.3429
0.5526
0.44
0.8611
0.8889
0.9545
0.6522
0.5476
0.8361
0.7273
0.3934
0.1887
0.4909
0.4638
0.3289
0.6441
0.1795
0.9538
0.7561
0.5
0.8471
0.9195
0.957
0.9368
0.9901
0.9468
0.2222
0.661
0.3051
0.1625
0.7021
0.9216
0.6622
0.0395
0.4058
0.2368
0.14
0.1628
1.0
0.0971
0.2439
0.2927
0.0948
0.0606
0.1871
0.4
0.0833
0.1094
0.8824
0.85
0.3846
0.2979
0.2054
0.1792
0.4769
0.0145
0.0164
0.1118
0.0256
0.0288
0.0792
0.2432
0.4423
0.5192
0.623
0.6133
0.5714
0.3514
0.0775
0.0571
0.0933
0.6207
0.0414
0.5273
0.6735
0.0488
0.2308
0.3235
0.2321
0.1667
0.0366
0.0395
0.1068
0.1519
0.3261
0.6889
0.1625
0.5802
0.4857
0.2167
0.055
0.2769
0.0547
0.0641
0.0526
0.76
0.1648
0.6406
0.1809
0.8421
0.2364
0.0826
0.9062
0.1964
0.0741
0.1458
0.5208
0.1765
0.0625
0.0667
0.2586
0.3889
0.9079
0.7857
0.2245
0.1481
0.0769
0.9259
0.1392
0.2157
0.1837
0.7179
0.4563
0.2644
0.5366
0.1319
0.075
0.0594
0.9259
0.8493
0.6027
0.5192
0.0408
0.2093
0.0678
0.2
0.6786
0.6923
0.6897
0.0123
0.0427
0.1412
0.6667
0.7692
0.8108
0.7286
0.1429
0.7692
0.0458
0.0849
0.2333
0.0976
0.4
0.2903
0.0583
0.0072
0.1134
0.4062
0.0403
0.274
0.2195
0.3182
0.7627
0.2115
0.122
0.2727
0.0964
0.0291
0.08
0.0734
1.0
0.3793
0.1549
0.1975
0.6279
0.7647
0.8082
0.7867
0.0364
0.1587
0.7551
0.5909
0.0778
0.1707
0.1099
0.102
0.0857
0.1932
0.2621
0.0758
0.25
0.1085
0.2581
0.2857
0.2278
0.5
0.625
0.0432
0.0429
0.75
0.1778
0.5224
0.8182
0.95
0.8551
0.6852
0.0071
0.0278
0.1619
0.6154
0.8427
0.4762
0.5581
0.1733
0.3667
0.0704
0.0351
0.2286
0.3288
0.3151
0.569
0.4062
0.0448
0.2326
0.7368
0.0405
0.0395
0.2
0.8
0.181
0.3023
0.9322
0.0563
0.1759
0.434
0.5161
0.4638
0.6528
0.6774
0.3214
0.5233
0.2273
0.4783
0.5667
0.0667
0.0106
0.0661
0.5333
0.1789
0.2105
0.1368
0.1429
0.3281
0.3472
0.1081
0.1667
0.1324
0.5333
0.3385
0.2766
0.5455
0.1818
0.0909
0.0238
0.4667
1.0
0.3448
0.1406
0.2679
0.0952
0.4024
0.82
0.6842
0.6489
0.8596
0.2615
0.3235
0.3692
0.5882
0.0902
0.4
0.7111
0.3951
0.1059
0.2727
0.2588
0.9153
0.0176
0.5345
0.0577
0.2286
0.2222
0.25
0.1159
0.0189
0.029
0.2078
0.2133
0.9
0.5227
0.1299
0.0667
0.0217
0.0306
0.0833
0.0526
0.1857
0.4747
0.0986
0.9677
0.1413
0.0566
0.8736
0.0533
0.7424
0.068
0.3095
0.6087
0.0686
0.1746
0.2
0.1463
0.35
0.1905
0.3929
0.25
0.0492
0.028
0.05
0.0667
0.5532
0.0833
0.131
0.1923
0.2595
1.0
0.9024
0.8737
0.5634
0.025
0.0221
0.086
0.4
0.0952
0.0735
0.0241
0.0636
0.1758
0.8824
0.8462
0.0204
0.0108
0.0392
0.0847
0.875
0.5385
0.2333
0.3836
0.2754
0.028
0.8571
0.18
0.1481
0.5522
0.1017
0.1207
0.6667
0.386
0.2472
0.6429
0.82
0.8105
0.7821
0.7895
0.7273
0.0455
0.9792
0.6667
0.0116
0.0485
0.3333
0.3065
0.6667
0.931
0.1915
0.7935
0.3134
0.243
0.2656
0.0455
0.0139
0.05
0.0392
0.2593
0.0614
0.1212
0.5652
0.3167
0.5435
0.7561
0.5385
0.3611
0.3889
0.1728
0.1042
0.0755
0.1839
0.1609
0.1753
0.6111
0.2344
0.1646
0.1856
0.1667
0.7711
0.6351
0.2469
0.2174
0.25
0.1053
0.1311
0.3636
0.0097
0.0381
0.169
0.1954
0.4074
0.7925
0.3478
0.7632
0.4211
0.0328
0.09
0.1967
0.0247
0.0645
0.4382
0.0744
0.0536
0.0561
0.2059
0.0443
0.017
0.216
0.1977
0.7474
0.8384
0.1579
0.7647
0.7955
0.7931
0.7407
0.0424
0.1864
0.0473
0.0571
0.1494
0.1789
0.1078
0.1935
0.3077
0.3367
0.2667
0.2273
0.1233
0.0714
0.1481
0.1707
0.9565
0.8551
0.8028
0.3529
0.0652
0.6607
0.7692
0.5301
0.6304
0.2167
0.0924
0.1217
0.1391
0.2429
0.1327
0.9286
0.0648
0.1236
0.4
0.9048
0.0926
0.0435
0.0488
0.0617
0.0069
0.0134
0.1122
0.2045
0.2791
0.15
0.3163
0.2469
0.5641
0.1667
0.1493
0.024
0.0342
0.0455
0.7097
0.8947
0.4375
0.7541
0.1416
0.5048
0.47
0.5402
0.5849
0.9032
0.1414
0.0536
0.3194
0.1532
0.0615
0.2292
0.2768
0.4848
0.75
0.3367
0.9792
0.8958
0.8958
0.8267
0.3304
0.875
0.7945
0.6875
0.45
0.0299
0.8986
0.8421
0.2727
0.1935
0.3542
0.2549
0.2698
0.3621
0.1366
0.0965
0.6
0.2632
0.375
0.0825
0.1333
0.3448
0.5517
0.0635
0.1667
0.1027
0.0503
0.0388
0.0968
0.1261
0.2289
0.1591
0.1404
0.0568
0.5897
0.4211
0.9787
0.0909
0.0172
0.0909
0.3188
0.2881
0.2609
0.1863
0.1273
0.0976
0.1574
0.0236
0.0926
0.4304
0.6818
0.283
0.2759
0.1648
0.2315
0.549
0.46
0.1892
0.0816
0.2745
0.1471
0.5424
0.5952
0.697
0.1875
0.8901
0.7045
0.1587
0.1122
0.2292
0.2308
0.0488
0.065
0.0583
1.0
0.2308
0.8537
0.1646
0.963
0.98
0.6173
0.6623
0.1892
0.211
0.0743
0.4074
0.4528
0.202
0.1765
1.0
1.0
0.1786
0.0196
0.625
0.4127
0.8689
0.3973
0.0991
0.1429
0.55
0.8537
0.0
0.0278
0.0833
0.3636
0.241
0.2208
0.1839
0.2586
0.2958
0.4416
0.1575
0.7755
0.1351
0.2391
0.6377
0.2903
0.2881
0.3838
0.3125
0.0229
0.6765
0.0491
0.6977
0.0538
0.7273
0.2203
0.2286
0.1034
0.8333
0.2165
0.7586
0.0721
0.9
0.717
0.7234
0.3265
0.2647
0.25
0.6866
0.5106
0.0301
0.0545
0.5
0.6923
0.1429
0.0714
0.0645
0.6383
0.9268
0.6071
0.3205
0.6556
0.16
0.2558
0.4815
0.094
0.0333
0.1389
0.48
0.4487
0.3684
0.1409
0.2105
0.0408
0.2093
0.3125
0.6613
0.9
0.8378
0.6744
0.4516
0.3333
0.1333
0.2245
0.2333
0.2231
1.0
0.9
0.3
0.4186
0.3019
0.2588
0.087
0.6111
0.099
0.0789
0.125
0.5833
0.6173
0.339
0.5672
0.6226
0.4154
0.5385
0.661
0.4194
0.7838
0.0638
0.0421
0.38
0.3043
0.2414
0.2842
0.5366
0.4444
0.5217
0.1094
0.1111
0.7
0.44
0.1333
0.9412
0.4444
0.1277
0.12
0.0857
0.8151
0.8268
0.855
0.8155
0.6835
0.6852
0.75
0.6559
0.72
0.65
0.4875
0.2143
0.3636
0.02
0.1014
0.0547
0.1786
0.1
0.5128
0.0431
0.6129
0.459
0.1402
1.0
1.0
0.8621
0.4815
0.1944
0.1887
0.9773
1.0
0.3241
0.0485
0.0268
0.0448
0.0833
0.0588
0.5345
0.0814
0.26
0.1831
0.2619
0.5417
0.0583
0.0492
0.1972
0.4568
0.7143
0.7742
0.194
0.25
0.0155
0.0412
0.9885
0.0729
0.2778
0.7619
0.0909
0.2469
0.7222
0.0
0.0435
0.1875
1.0
0.5743
0.3978
0.6279
0.6667
0.1017
0.75
0.0909
0.0938
1.0
0.7045
0.3947
0.3908
0.7073
0.6
0.0
0.0108
0.1515
0.5789
0.6061
0.6716
0.2078
0.0146
0.6897
0.4906
0.1846
0.1094
0.2838
0.4928
0.9438
0.9639
0.0932
0.1089
0.0991
0.1757
0.8772
0.906
0.7692
0.569
0.1404
0.2364
0.5128
0.4565
0.0935
0.0506
0.0382
0.0424
0.0588
0.2045
0.7614
0.6957
0.3
0.7
0.2391
0.4318
0.0089
0.1379
0.3333
0.7818
0.3654
0.375
0.1007
0.1704
0.1489
0.2545
0.3222
0.2468
0.102
0.2769
0.6111
1.0
0.7297
0.1613
0.1064
0.775
0.3913
0.4026
0.5085
0.125
0.1
0.0093
0.0405
0.9545
0.9474
0.5432
0.4634
0.4308
0.3438
0.8679
0.4909
0.338
0.0921
0.8182
0.6667
0.92
0.8226
0.4359
0.519
0.175
0.1818
0.6667
0.7368
0.2059
0.7647
0.7407
0.7143
0.7143
0.0748
0.371
0.697
0.8725
0.8333
0.1875
0.0526
0.4375
0.18
0.1733
0.2267
0.1688
0.2885
0.6522
0.1639
0.0789
0.0778
0.0976
0.191
0.3929
0.0438
0.614
0.7826
0.1393
0.9595
0.8696
0.6585
0.0758
0.1071
0.1586
0.241
0.614
0.2083
0.88
0.1522
0.9649
0.0759
0.85
0.0973
0.4225
1.0
0.82
0.8936
0.0513
0.2
0.9091
0.4444
0.4048
0.4364
0.0882
0.5714
0.0427
0.1056
0.2892
0.3382
0.2174
0.1224
0.4487
0.1374
0.0238
0.1463
0.1239
0.0579
0.9375
0.9778
0.4643
0.3878
0.6184
0.3516
0.2118
0.0661
0.0075
0.2174
0.7647
0.0667
0.1596
0.1333
0.3867
0.3692
0.8023
0.8571
0.6349
0.0424
0.0268
0.8684
0.2593
0.0417
0.0217
0.3913
0.0797
0.4737
0.2273
0.0833
0.0463
0.0131
0.0118
0.1154
0.3176
0.4643
0.8462
0.2857
0.0354
0.1233
0.1333
0.1644
0.0921
0.0886
0.0236
0.55
0.8704
0.907
0.4583
0.1579
0.5657
0.6129
0.1392
0.65
0.7692
0.48
0.2807
0.0811
0.48
0.3977
0.0656
0.0326
0.0826
0.0071
0.0278
0.4828
0.1304
0.1449
0.2024
0.0347
0.0455
0.2586
0.4179
0.1287
0.0667
0.7606
0.178
0.1509
0.1875
0.9459
0.1429
0.0171
0.2444
0.2752
0.3303
0.5122
0.0991
0.6458
0.2969
0.0547
0.1895
0.1391
0.0769
0.3077
0.4074
0.131
0.5694
0.5556
0.0603
0.1376
0.1951
0.4118
0.871
0.2065
0.6316
0.6329
0.6627
0.4054
0.117
0.172
0.2727
0.2969
0.1963
0.4222
0.2647
1.0
1.0
0.12
0.0577
0.1895
0.1264
0.1154
0.1613
0.3846
0.6604
0.0667
0.0735
0.1068
0.021
0.049
0.3788
0.0469
0.0127
0.0351
0.0354
0.1087
0.1667
0.1071
0.2039
0.6471
0.1045
0.0316
0.1947
0.019
0.0397
0.4231
0.6552
0.75
0.7245
0.1509
0.092
0.1236
0.0
0.0763
0.2286
0.4237
0.2353
0.4286
0.5942
0.3188
0.3333
0.0263
0.8667
0.1319
0.8065
0.8393
0.8475
0.625
0.8118
0.2818
0.6389
0.7826
0.7037
0.9077
0.9333
0.8704
0.1781
0.0682
0.6346
0.55
0.619
0.3182
0.25
0.325
0.75
0.7471
0.5949
0.5968
0.4912
0.4364
0.3571
0.3934
0.375
0.2703
0.0625
0.2558
0.0941
0.3333
0.1975
0.2581
0.6981
0.5714
0.3103
0.3934
0.2895
0.0741
0.4839
0.2407
0.3333
0.7761
0.951
0.9412
0.8
0.5882
0.4783
0.32
0.2037
0.2571
0.2419
0.84
0.8182
0.1839
0.266
0.1389
0.3469
0.3256
0.5952
0.5
0.8814
0.3676
0.5
0.0755
0.0562
0.0326
0.0991
0.1216
0.1961
0.8226
0.9149
0.5806
0.197
0.3803
0.5692
0.8286
0.8043
0.8175
0.0642
0.4062
0.08
0.1092
0.1739
0.1782
0.8333
0.4643
0.0882
0.4737
0.2453
0.2857
0.2564
0.0887
0.4412
0.3
0.3372
0.0921
0.3662
0.3409
0.0667
0.7432
0.6897
0.0745
0.2286
0.1311
0.1765
0.3088
0.4384
0.3837
0.3614
0.4568
0.5125
0.1402
0.12
0.0686
0.4342
0.7872
0.7027
0.5179
0.72
0.8431
0.96
0.9208
0.6154
0.7692
0.7778
0.8875
0.5862
0.0333
1.0
0.3651
0.5303
0.8906
0.9429
0.9872
0.1008
0.1304
0.1232
0.2267
0.2
0.1591
0.4107
0.1966
0.7105
0.0173
0.193
0.3462
0.6471
0.0684
0.8667
0.1209
0.0891
0.1159
0.6552
0.8077
0.4314
0.2642
0.1455
0.3365
0.3789
0.3796
0.3333
0.9701
1.0
0.9
0.3293
0.7945
0.8649
0.7662
0.7358
0.75
0.4561
0.1818
0.8485
0.3214
0.0448
0.5
0.5128
0.4359
0.0918
0.0714
0.0394
0.0577
0.0446
0.4667
0.129
0.1489
1.0
0.1176
0.8349
0.9355
0.9083
0.8592
0.125
0.2712
0.1493
0.3529
0.641
0.121
0.2366
0.1121
0.2436
0.1765
0.5429
0.5161
0.3636
0.069
0.1538
0.5122
0.2083
0.303
0.8889
0.101
0.1754
0.1154
0.7288
0.1698
0.04
0.0593
0.2021
0.1698
0.3651
0.7143
0.3
1.0
0.5
0.4167
0.129
0.375
0.2222
0.3043
0.8916
0.1545
0.0342
0.0361
0.2231
0.3333
0.1618
0.2
0.1439
0.134
0.6029
0.75
0.3111
0.2614
0.3265
0.5422
0.7031
0.8
0.1905
0.2237
0.1017
0.0853
0.1972
0.4909
0.1531
0.0643
0.6154
0.2136
0.1667
0.1154
0.0588
0.0198
0.0097
0.0759
0.0616
0.0889
0.2021
0.0444
0.0714
0.4194
0.8478
0.4915
0.0962
0.7288
0.381
0.1546
0.2031
0.0568
0.0429
0.2542
0.3154
0.3786
0.6733
0.3482
0.6562
0.3776
0.2244
0.0566
0.0787
0.2066
