0.0526
0.0
0.05
0.0526
0.0625
1.0
0.7
0.5161
0.1375
0.413
0.1765
0.2558
0.958
0.9439
0.2857
0.05
0.0612
0.0392
0.3971
0.3438
0.6
0.125
0.1014
0.4583
0.2059
0.2692
0.4038
0.24
0.1447
0.026
0.0366
0.0526
0.0732
0.14
0.8
0.1111
0.1154
0.1136
0.7419
0.4068
0.3333
0.1095
0.3256
0.5
0.0256
0.0517
0.0514
0.2203
0.8793
0.9667
0.9143
0.2034
0.5122
0.0571
0.1282
0.2957
0.2286
0.2261
0.2637
0.3816
0.2329
0.1172
0.25
0.4167
0.8182
0.8
0.7812
0.013
0.0098
0.1594
0.2222
0.5938
0.2407
0.087
0.3333
0.6087
0.4627
0.6747
0.8854
0.86
0.8512
0.7339
0.1007
0.0377
0.0417
0.1444
0.1395
0.1882
0.1259
1.0
0.2907
0.4273
0.2973
0.6774
0.0743
0.6111
0.0421
0.0714
0.5658
0.5135
0.0
0.0286
0.541
0.5342
0.3152
0.6533
0.7946
0.6867
0.6628
0.7639
0.1096
0.2937
1.0
0.0857
0.087
0.1961
0.2527
0.3182
0.537
0.4267
0.3617
0.72
0.7292
0.7083
0.0216
0.0259
0.0259
0.1453
0.382
0.3772
0.5333
0.7753
0.8333
0.3443
0.2923
0.1071
0.047
0.069
0.0292
0.0531
0.2222
0.4043
0.4889
0.3966
0.0328
0.8228
0.7889
0.9221
0.3218
0.75
0.2414
0.1059
0.3733
0.4627
0.573
0.6341
0.6941
0.6602
0.7907
0.1154
0.0485
0.0325
0.0714
0.4348
0.7556
0.1348
0.1667
0.1053
0.1364
0.413
0.197
0.0379
0.0604
1.0
0.9792
0.2394
0.1585
0.1167
0.5441
0.5513
0.4886
0.7027
0.2222
0.8824
0.7826
0.5526
0.8
0.8725
0.9
0.8689
0.8952
0.8868
0.0
0.0303
0.2283
0.1389
0.2464
0.3607
0.4375
0.5909
0.4516
0.9487
0.9286
0.9737
0.7358
0.625
0.9474
0.8889
0.3
0.0938
0.5556
0.2615
0.1129
0.7879
0.9016
0.4828
0.0197
0.4405
0.2418
0.0896
0.1765
1.0
0.1346
0.117
0.3488
0.1429
0.0917
0.1216
0.25
0.0385
0.0968
0.7097
0.8462
0.4375
0.3333
0.1619
0.4375
0.3125
0.0517
0.0857
0.5738
0.3131
0.1111
0.3977
0.5085
0.5
0.0203
0.0301
0.0701
0.0153
0.027
0.0901
0.3333
0.5571
0.6628
0.573
0.3881
0.0909
0.0756
0.1209
0.525
0.0231
0.3415
0.5156
0.0659
0.1979
0.3667
0.2308
0.1048
0.3474
0.7234
0.1402
0.5591
0.38
0.0909
0.0638
0.6757
0.1429
0.024
0.0619
0.0735
0.0784
0.76
0.1892
0.6914
0.2328
0.8636
0.3731
0.0902
0.9091
0.1905
0.0909
0.213
0.0523
0.063
0.0362
0.3714
0.8659
0.78
0.1692
0.4407
0.1651
0.0508
0.1739
0.3529
0.2034
0.1714
0.1356
0.8571
0.2418
0.1311
0.08
0.814
0.3364
0.2979
0.3333
0.1694
0.0963
0.0877
0.8182
0.8442
0.6094
0.5536
0.0115
0.0305
0.169
0.7556
0.95
0.7375
0.5833
0.0411
0.0926
0.2308
0.0417
0.2727
0.0444
0.102
0.0602
0.1061
0.3649
0.0183
0.3431
0.2932
0.3934
0.7857
0.1528
0.697
0.0541
0.234
0.1014
0.2088
0.8043
0.8391
0.825
0.3
0.2273
0.28
0.0234
0.0201
0.0142
0.0504
0.1571
0.8605
0.6164
0.1493
0.4444
1.0
0.3214
0.1932
0.5116
0.4722
0.1596
0.2553
0.2
0.2
0.661
0.8333
0.8652
0.8588
0.0134
0.1156
0.1818
0.1613
0.2
0.2596
0.0563
0.3511
0.0423
0.2533
0.3077
0.1449
0.64
0.6452
0.0608
0.0633
0.6591
0.2581
0.4648
0.6774
0.9524
0.8211
0.6774
0.005
0.0282
0.1074
0.6081
0.8318
0.5294
0.5088
1.0
0.9406
0.9314
0.8283
0.7536
0.1923
0.375
0.1646
0.0299
0.1795
0.3976
0.375
0.6567
0.5854
0.0548
0.0417
0.0714
0.8
0.2202
0.3232
0.7931
0.0299
0.2626
0.2941
0.3958
0.15
0.5362
0.6076
0.4507
0.6338
0.5763
0.35
0.5842
0.08
0.5357
0.5769
0.0884
0.0179
0.0854
0.5778
0.1304
0.0222
0.1129
0.1395
0.1633
0.1398
0.1569
0.1771
0.1707
0.5294
0.2424
0.2687
0.3864
0.225
0.0446
0.0097
0.3421
1.0
0.3
0.25
0.2364
0.0945
0.453
0.8103
0.7182
0.6893
0.8378
1.0
0.5
0.1538
0.35
0.3333
0.5
0.1081
0.24
0.5833
0.3103
0.0769
0.2553
0.215
0.8571
0.0216
0.5366
0.1316
0.2703
0.1618
0.2254
0.2537
0.0206
0.0571
0.2564
0.3478
0.8824
0.5849
0.1711
0.0973
0.0186
0.0256
0.0938
0.0373
0.1512
0.3333
0.2247
0.134
0.3902
0.0714
0.3514
0.1277
0.122
0.6667
0.1702
0.2933
0.1818
0.26
0.9444
0.2131
0.0833
0.0725
0.8444
0.3333
1.0
0.1584
0.0424
0.8358
0.0769
0.6825
0.0745
0.2449
0.2364
0.3333
0.1923
0.1803
0.0
0.0128
0.0296
0.3542
0.1111
0.6379
0.0619
0.1094
0.2143
0.1757
0.0714
0.1294
0.2
0.2617
0.9737
0.8957
0.9107
0.7297
0.0056
0.0135
0.07
0.5833
0.0278
0.0972
0.0184
0.0307
0.2366
0.8947
0.807
0.0513
0.0233
0.0458
0.058
0.7778
0.6875
0.2472
0.4342
0.3288
0.0244
0.5
0.1765
0.1983
0.6406
0.1148
0.1379
0.375
0.2373
0.9318
0.8182
0.0058
0.0549
0.3478
0.3125
0.6833
0.5065
0.6333
0.3333
0.7895
0.8384
0.8532
0.8161
0.8611
0.8824
0.28
0.875
0.3667
0.2523
0.1446
0.0294
0.0053
0.1333
0.0738
0.2439
0.0714
0.134
0.5075
0.3258
0.4225
0.7736
0.2632
0.3261
0.2889
0.137
0.1124
0.1154
0.1892
0.1909
0.1905
0.2
0.1687
0.4211
0.75
0.2987
0.22
0.1892
0.1136
0.7444
0.5773
0.2391
0.3171
0.3913
0.1032
0.1
0.2353
0.0042
0.0709
0.1771
0.1681
0.4023
0.7463
0.375
0.6706
0.4
0.0976
0.0935
0.2037
0.009
0.0457
0.4731
0.0533
0.0992
0.1119
0.1917
0.027
0.0138
0.1739
0.2299
0.75
0.8211
0.0938
0.5806
0.6949
0.75
0.62
0.0519
0.0789
0.0311
0.0377
0.0909
0.1287
0.1496
0.2466
0.1818
0.213
0.2455
0.1681
0.0211
0.0189
0.1364
0.2
0.8833
0.9302
0.8831
0.4143
0.0872
0.5882
0.6486
0.6118
0.5938
0.2267
0.1146
0.0986
0.1203
0.2857
0.0949
0.8824
0.0483
0.0513
0.0729
0.0361
0.0367
0.0221
0.0157
0.0929
0.0973
0.4667
0.8788
0.1486
0.2273
0.1355
0.2973
0.2295
0.66
0.2111
0.2857
0.053
0.1024
0.0597
0.12
0.9655
0.5
0.8205
0.1184
0.5968
0.562
0.6053
0.5373
0.7674
0.1061
0.0548
0.3158
0.1103
0.3529
0.2619
0.0276
0.1927
0.2203
0.4167
0.9848
0.88
0.9038
0.8372
0.3505
1.0
0.7857
0.8
0.5577
0.0517
0.8471
0.8219
0.2568
0.2111
0.413
0.271
0.2176
0.3582
0.1217
0.0683
0.622
0.3906
0.4444
0.0
0.008
0.4412
0.3182
0.058
0.1154
0.0964
0.0492
0.0872
0.0921
0.125
0.23
0.156
0.1613
0.1007
0.5682
0.4118
0.9744
0.1301
0.0577
0.1354
0.5773
0.4868
0.6538
0.0902
0.1684
0.1122
0.1019
0.254
0.177
0.2439
0.2421
0.2564
0.2037
0.1045
0.0682
0.1441
0.012
0.0556
0.5278
0.6429
0.2714
0.312
0.225
0.2075
0.5
0.4211
0.5122
0.1163
0.1746
0.2778
0.5
0.5349
0.4667
0.2308
0.7067
0.6053
0.2069
0.1905
0.26
0.5263
0.1633
0.0752
0.0815
1.0
0.5676
0.7419
0.17
0.9722
0.9655
0.7683
0.764
0.2087
0.2479
0.1506
0.5758
0.6613
0.2991
0.2143
1.0
1.0
0.1461
0.0481
0.6667
0.5581
0.8846
0.1736
0.2308
0.2222
0.4328
0.62
0.3488
0.275
0.068
0.4819
0.1949
0.625
0.1579
0.0687
0.3289
0.7619
0.0135
0.0119
0.0438
0.2414
0.2857
0.3407
0.2033
0.1642
0.24
0.2088
0.0479
0.5714
0.0388
0.2632
0.6471
0.3077
0.3168
0.375
0.6111
0.1032
0.6522
0.25
0.1667
0.2581
1.0
0.1455
0.6
0.0932
0.873
0.4627
0.4545
0.2025
0.2936
0.2683
0.6
0.4483
0.026
0.0424
0.2955
0.7619
0.0985
0.0793
0.018
0.475
0.8
0.65
0.1
0.6
0.1176
0.1867
0.5385
0.0517
0.0402
0.1858
0.475
0.4824
0.3711
0.1687
0.9242
0.9333
0.5625
0.4286
0.4444
0.2364
0.8293
0.463
0.1574
0.0704
0.4444
0.0722
0.0536
0.1831
0.0395
0.2913
0.2857
0.1417
0.1125
0.4667
0.6184
0.9565
0.8652
0.5833
0.5
0.4167
0.1368
0.3077
0.2931
0.1538
1.0
0.9143
0.2833
0.2909
0.24
0.1026
0.6471
0.5842
0.3455
0.7857
0.0504
0.3649
0.4868
0.7368
0.2474
0.4688
0.6377
0.0968
0.4333
0.2969
0.1327
0.3058
0.5833
0.4122
0.48
0.2394
0.1923
0.9412
0.52
0.1389
0.92
0.3585
0.0957
0.1786
0.1504
0.005
0.0288
0.2059
0.6066
0.9906
0.75
0.5256
0.5789
0.7586
0.3423
0.5824
0.8246
0.8365
0.8218
0.7789
0.5974
0.7559
0.7987
0.8654
0.7886
0.7033
0.6712
0.1268
0.3623
0.0
0.0556
0.0769
0.1538
0.0976
0.5217
0.0579
0.5373
0.4167
0.1374
1.0
1.0
0.7812
0.3636
0.1622
0.2316
0.9661
0.9348
0.2839
0.0608
0.0255
0.0723
0.0604
0.0714
0.3103
0.0789
0.68
0.2463
0.2059
0.1413
0.1364
0.2941
0.0448
0.0667
0.2239
0.5224
0.7
0.1544
0.1301
0.9412
0.3451
0.1489
0.4118
0.2574
0.434
0.4286
0.4789
0.0769
0.0155
0.0621
0.954
0.0357
0.2951
0.5769
1.0
0.5443
0.3765
0.0234
0.1188
0.7647
0.0
0.0247
0.2174
0.5732
0.6892
0.1712
0.6316
0.0851
0.1176
1.0
0.6604
0.4773
0.2368
0.0217
0.7368
0.5
0.2466
0.0682
0.3088
0.6
0.9623
0.9634
0.4583
1.0
0.5882
0.2727
0.5714
0.4026
0.4203
0.1293
0.1
0.0515
0.4333
0.732
0.6667
0.0054
0.0
0.1986
0.5484
0.5781
0.6324
0.1209
0.9098
0.9685
0.124
0.1158
0.1553
0.1446
0.1905
0.1837
0.2647
0.2875
0.2632
0.0551
0.3167
0.5
0.6429
0.6032
0.1
0.2239
0.5476
0.3833
0.1667
0.0964
0.0338
0.0469
0.0565
0.2281
0.69
0.6957
0.375
0.5897
0.2609
0.375
0.0233
0.1667
0.4444
0.9153
0.3455
0.6
0.0597
0.0536
0.8857
0.6102
0.4382
0.44
0.0156
0.0492
0.0312
0.0769
1.0
0.7872
0.898
0.8625
0.3778
0.3187
0.2603
0.1522
0.2941
0.5455
0.75
0.8615
0.0816
0.1875
0.3063
0.3297
0.3529
0.9155
0.6667
0.3371
0.0952
0.6667
0.5
0.8864
0.8659
0.5932
0.5053
0.25
0.1724
0.5556
0.75
0.381
0.71
0.6719
0.6694
0.6466
0.0826
0.3729
0.7576
0.932
0.9032
0.1633
0.0741
0.6452
0.1818
0.1217
0.1954
0.1707
0.3833
0.6786
0.1233
0.1136
0.1944
0.7083
0.8254
0.11
0.9444
0.8472
0.6056
0.4348
0.0397
0.0566
0.1504
0.0923
0.0875
0.0809
0.117
0.3333
0.1739
0.7576
0.1805
0.8649
0.0429
0.9688
0.0598
0.2083
0.9623
0.8684
0.8636
0.0761
0.1915
0.6809
0.3855
0.3659
0.3881
0.0519
0.5
0.0213
0.0619
0.3934
0.3585
0.2059
0.3611
0.6167
0.2976
1.0
0.902
0.5
0.0864
0.0625
0.0476
0.2537
0.5
0.2321
0.087
0.8421
0.5111
0.6275
0.6316
0.1308
0.8167
0.0833
0.2
0.3803
0.0511
0.0108
0.25
0.1083
0.0325
0.1493
0.2115
0.4805
0.2787
0.7684
0.8172
0.6316
0.048
0.0424
0.9123
0.4
0.0323
0.0248
0.0256
0.0195
0.1043
0.5424
0.1167
0.7857
0.1471
0.0722
0.069
0.1833
0.3913
0.75
0.0333
0.2135
0.3881
0.6452
0.3125
0.0822
0.1474
0.0988
0.1268
0.1758
0.1364
0.0266
0.5882
0.9079
0.8033
0.3765
0.1837
0.6916
0.7885
0.1415
0.7143
0.697
0.5714
0.4478
0.2326
0.5652
0.5182
0.0441
0.0476
0.2029
0.0158
0.034
0.4286
0.3103
0.6133
0.7927
0.5484
0.02
0.0809
0.1205
0.0256
0.0476
0.3273
0.5172
0.0991
0.0333
0.8108
0.0648
0.102
0.1639
0.1481
0.0526
0.0873
0.0889
0.0435
0.9825
0.2281
0.097
0.3434
0.3097
0.3866
0.5055
0.2358
0.5263
0.186
0.2895
0.16
0.24
0.5179
0.0873
0.1587
0.1618
0.2222
0.2927
0.2989
0.0192
0.3448
0.2909
0.7759
0.3019
0.2414
0.1562
0.6857
0.6765
0.5222
0.3375
0.1754
0.1518
0.2667
0.2985
0.1639
1.0
1.0
0.2436
0.0656
0.2056
0.1304
0.0789
0.2963
0.2639
0.4912
0.0545
0.1139
0.217
0.0129
0.0583
0.5205
0.037
0.0294
0.0208
0.021
0.0708
0.2222
0.0537
0.1373
0.0909
0.2258
0.7727
0.0682
0.0864
0.175
0.0183
0.0496
0.5217
0.625
0.72
0.7722
0.0957
0.04
0.0392
0.0149
0.0952
0.1705
0.2676
0.2174
0.4
0.6377
0.1818
0.4118
0.0134
0.625
0.0938
0.6316
0.8491
0.8772
0.7576
0.8621
0.1901
0.6932
0.9231
0.6552
0.8354
0.8533
0.8286
0.5
0.5443
0.4194
0.1591
0.0573
0.5397
0.339
0.6296
0.2281
0.0938
0.4416
0.7763
0.7753
0.625
0.7143
0.5439
0.0319
0.2264
0.3
0.1967
0.0706
0.3026
0.1765
0.2667
0.4853
0.0226
0.0
0.0737
0.0769
0.2045
0.0938
0.2135
0.1227
0.0964
0.2143
0.3056
0.88
0.7083
0.2289
0.2703
0.1705
0.1389
0.3846
0.2836
0.2609
0.6184
0.8974
0.8831
0.5769
0.38
0.4595
0.5152
0.209
0.2338
0.2
0.8333
0.7667
0.1395
0.2315
0.1496
0.4127
0.1622
0.3659
0.3214
0.7333
0.2195
0.4643
0.1622
0.0804
0.0579
0.1026
0.1134
0.1071
0.7937
0.0968
0.4038
0.0714
0.0744
0.0776
0.0968
0.8125
0.7241
0.1765
0.3521
0.6111
0.8705
0.8661
0.8707
0.5556
0.5
0.0608
0.3725
0.175
0.1489
0.16
0.0822
0.4603
0.3214
0.3544
0.2258
0.4
0.4524
0.0263
0.6029
0.6804
0.05
0.14
0.0431
0.0862
0.2836
0.5352
0.427
0.4659
0.4868
0.75
0.7654
0.9481
0.619
0.0395
1.0
0.4247
0.4744
0.1271
0.1167
0.08
0.4603
0.7835
0.7703
0.6207
0.7159
0.843
0.9362
0.9167
0.7468
0.321
0.8571
0.934
1.0
0.0845
0.1111
0.0769
0.2125
0.2468
0.2653
0.381
0.2598
0.6444
0.026
0.2182
0.5
0.8333
0.1043
0.1667
0.2556
0.4026
0.3645
0.3034
1.0
1.0
0.8684
0.8438
0.1919
0.1238
0.0635
0.5161
0.6
0.5185
0.2642
0.325
0.8125
0.814
0.7397
0.6607
0.6939
0.0977
0.117
0.2414
0.4844
0.2656
0.0804
0.0707
0.0444
0.09
0.0748
0.3077
0.1398
0.825
0.2833
0.0154
0.3871
0.3077
0.274
0.1351
1.0
0.1391
0.7
0.9259
0.9429
0.8615
0.2243
0.3548
0.1692
0.3774
0.2667
0.1119
0.1712
0.1261
0.2283
0.2136
0.3571
0.5
0.4146
0.1299
0.2593
0.4792
0.1455
0.2162
0.75
0.1574
0.0086
0.186
0.2667
0.642
0.25
0.0061
0.006
0.1966
0.1679
0.3718
0.8333
0.4754
0.9583
0.193
0.0118
0.0286
0.25
0.1739
0.1105
0.4706
0.1824
0.178
0.5904
0.7143
0.3654
0.2755
1.0
0.5263
0.1579
0.129
0.4348
0.2414
0.3478
0.1739
0.2051
0.3933
0.7654
0.8333
0.8256
0.1471
0.241
0.1037
0.0714
0.2063
0.2877
0.1456
0.0662
0.4
0.2197
0.2727
0.0319
0.0702
0.0431
0.0435
0.1275
0.0889
0.0596
0.1515
0.0
0.0428
0.4896
0.8
0.6389
0.1492
0.3364
0.8333
0.2157
0.2468
0.0507
0.0566
0.1694
0.6901
0.2987
0.0474
0.295
0.354
0.4248
0.6279
0.0687
0.1828
0.0603
0.2195
0.3929
0.0769
0.22
0.1698
0.8276
0.3529
1.0
0.6667
0.3469
0.3878
0.2766
0.0909
0.0594
0.0959
0.28
0.5424
0.4038
0.1615
0.7368
0.6491
0.2021
0.2093
0.1727
0.9863
0.2759
0.0658
0.0188
0.2299
0.1169
0.8043
0.4684
0.1652
0.2778
0.4912
0.5714
0.3766
0.123
0.5375
0.2632
1.0
0.5455
0.1695
0.1954
0.2185
0.125
0.4694
0.5208
0.2
0.0976
0.1316
0.7424
0.3258
0.1882
0.4314
0.2568
0.3415
0.0316
0.72
0.8621
0.1075
0.9231
0.0629
0.0732
0.6383
0.6071
0.4844
0.898
0.8846
0.7959
0.4754
0.093
0.2381
0.6667
0.4386
0.1264
0.4444
0.3119
0.0725
0.5862
0.74
0.3617
0.4348
0.9655
0.875
0.7015
0.7778
0.0536
0.0
0.037
0.5
0.8947
0.45
0.7879
0.7292
0.9079
0.9692
0.9545
0.0
0.1194
0.1744
0.0
0.0115
0.451
0.0722
0.022
0.1522
1.0
0.8
0.3333
0.0556
0.0649
0.1235
0.1351
0.2429
0.0891
0.2115
0.1525
0.1795
0.1714
0.186
0.2419
0.0141
0.0165
0.3654
0.8696
0.0465
0.1127
0.1
0.0918
0.1875
0.3
0.2048
0.0692
0.016
0.036
0.6
0.0224
0.125
0.1268
0.0364
0.1875
0.1875
0.0706
0.6333
0.0408
0.0365
0.0543
0.1935
0.1642
0.2174
0.9365
0.5484
0.1385
0.9737
0.2647
0.0909
0.05
0.1724
0.0197
0.042
0.4933
1.0
0.1707
0.1101
1.0
0.0621
0.099
0.2769
0.274
0.0426
0.1633
0.5968
0.5
0.6032
0.0274
0.0547
0.2824
0.8444
0.1172
0.0388
0.1068
0.0636
0.125
0.1538
0.1633
0.3261
0.7241
0.1831
0.2614
0.274
0.0154
0.15
0.0893
0.1589
0.2464
0.1456
0.2727
0.1538
0.3393
0.5439
0.163
0.2714
0.5806
0.59
0.1429
0.3944
0.0753
0.029
0.1364
0.2031
0.1
0.0851
0.4444
0.6071
0.0443
0.8378
0.4138
0.271
0.3968
1.0
0.4211
0.2393
0.0357
0.1081
0.0522
0.0661
0.875
0.3529
0.3651
0.4691
0.1429
0.1778
0.2286
0.3472
0.3836
0.24
0.2019
0.9474
0.9587
0.9779
0.9444
0.9208
0.8286
1.0
0.1111
