0.0
0.2
0.0833
0.0
0.1
0.8462
0.3704
0.1667
0.1017
0.5
0.2121
0.2778
0.4167
0.1429
0.05
0.0449
0.4407
0.4545
0.9412
0.1481
0.125
0.3095
0.697
0.2444
0.169
0.4667
0.7037
0.6078
0.35
0.0857
0.1053
0.386
0.1127
0.3404
0.1028
0.0488
0.5217
0.0595
0.2121
0.197
0.4655
0.5455
0.2963
0.9474
0.8871
0.2449
0.0556
0.0412
0.0206
0.3077
0.038
0.0808
0.5952
0.1043
0.2165
0.1939
0.1262
0.32
0.2816
0.2727
0.3095
0.1284
0.0612
0.9677
0.2535
0.0385
0.4286
0.2222
0.3919
0.4333
0.4375
0.0108
0.0292
0.1212
0.5085
1.0
0.7059
0.5147
0.7419
0.7273
0.4
0.5897
0.0625
0.5405
0.4615
0.2679
0.8444
0.3738
1.0
0.5692
0.3968
0.6118
0.4
0.403
0.0481
0.0348
0.0495
0.2069
0.4062
0.3636
0.3571
0.082
0.25
0.1081
0.0727
0.44
1.0
0.1455
0.0952
1.0
0.625
0.15
0.2917
0.1912
0.2609
1.0
0.2364
0.0612
0.0392
0.8293
0.3519
0.15
0.8393
0.4667
0.2154
0.4098
0.9091
0.9275
0.9054
0.8143
0.6727
0.1071
0.2069
0.4348
0.6222
0.6889
0.1404
0.1905
0.339
0.3256
0.4688
0.3235
0.1296
0.6667
0.4828
0.6129
0.9375
0.0879
0.0741
0.5
0.6842
0.0658
0.3111
0.5902
0.84
0.42
0.3056
0.3438
0.3425
0.0581
0.25
0.2063
0.0421
0.0781
0.2647
0.45
0.2
0.1091
0.2791
0.25
0.3333
0.4545
0.0128
0.0375
0.1029
0.0612
0.0758
0.186
0.0185
0.058
0.1607
0.25
0.3889
0.1111
0.1951
0.2045
0.84
0.2692
1.0
0.7143
0.3611
0.5135
0.3684
0.2069
0.1358
0.125
0.1129
0.2264
0.9828
0.325
0.0476
0.0348
0.3036
0.0784
0.1379
0.7143
0.4839
0.209
0.3137
0.3438
0.425
0.4386
0.1975
0.6
0.2273
0.8571
0.5091
0.1034
0.746
0.34
0.1412
0.5366
0.3065
0.1458
0.25
0.3091
0.6552
0.6923
0.2687
0.1429
0.1935
0.8333
0.3269
0.2453
0.4583
0.0986
0.65
0.8182
0.0161
1.0
0.0708
0.0308
0.5161
0.2192
0.5278
0.3378
0.0649
0.2537
0.5769
0.5614
0.9091
0.7907
0.4915
0.5738
0.2656
0.463
0.9211
0.9545
0.6667
0.2143
0.0093
0.0088
0.0566
0.5714
0.8571
0.5556
0.7183
0.7037
0.8971
0.9821
1.0
0.0345
0.0299
0.1942
0.0233
0.0561
0.431
0.1266
0.039
0.129
0.9831
0.8077
0.3636
0.2143
0.0357
0.127
0.1475
0.2364
0.0779
0.2308
0.2273
0.254
0.1831
0.1698
0.2273
0.0
0.0
0.3182
0.8684
0.0541
0.0429
0.0909
0.037
0.1964
0.2182
0.1311
0.1098
0.1639
0.4091
0.0909
0.0556
0.0319
0.0625
0.6667
0.0189
0.129
0.08
0.6
0.087
0.028
0.03
0.2034
0.0851
0.1075
0.1
0.0779
0.1579
0.0331
0.0426
0.3393
1.0
0.1622
0.0777
1.0
0.0667
0.0794
0.3333
0.3617
0.0449
0.1591
0.3729
0.3729
0.4386
0.8444
0.4103
0.0971
0.0101
0.0732
0.3478
0.8
0.1111
0.0543
0.4259
0.0467
0.0845
0.0897
0.2453
0.2105
0.1864
0.3889
0.8
0.3415
0.303
0.3614
0.0481
0.16
0.1034
0.1667
0.3265
0.1622
0.2826
0.1594
0.3256
0.3889
0.2078
0.3793
0.5143
0.5538
0.0732
0.0
0.0645
0.1636
0.1094
0.082
0.5926
0.6667
0.032
0.8367
0.4167
0.2933
0.48
1.0
0.6061
0.2637
0.0814
0.1333
0.1111
0.1702
1.0
0.3636
0.1081
0.3684
0.1964
0.2069
0.3548
0.2292
0.2653
0.0455
0.0845
0.902
0.9455
0.9381
0.9278
0.9167
0.75
1.0
0.1782
0.4468
0.2941
0.7778
0.1042
0.0597
0.6552
0.2429
0.3387
0.5312
0.3077
0.3019
0.06
0.0727
0.0471
0.0794
0.1798
0.6786
0.1538
0.1231
0.25
0.5625
0.011
0.0429
0.0952
0.4516
0.8649
0.9355
0.8148
0.1486
0.5254
0.0492
0.16
0.2958
0.0968
0.72
0.5208
0.3103
0.043
0.1447
0.1733
0.2264
0.3462
0.2069
0.1286
0.3958
0.3939
0.375
0.6667
0.6429
0.0118
0.0149
0.4902
0.8929
0.8776
0.8182
0.625
1.0
0.3968
0.4375
0.3333
0.1028
0.061
0.1
0.1746
0.1489
0.2063
0.1261
0.6486
0.75
0.549
0.549
0.5714
0.1724
0.3444
0.2353
0.3256
0.3488
0.6429
0.2857
0.1731
1.0
0.68
0.0545
0.64
0.6494
0.0
0.0
0.4828
0.5833
0.3333
0.6
0.0938
0.6176
0.0615
0.8636
0.0673
0.0638
0.0543
0.1154
0.6029
0.5432
0.7013
0.8657
0.8621
0.2381
0.1915
0.1045
0.0213
0.037
0.0119
0.0
0.1923
0.4848
0.4878
0.8182
0.8235
0.8269
0.2364
0.8261
0.1311
0.25
0.1522
0.1176
0.4091
0.4627
0.6129
0.6731
0.6346
0.6818
0.8525
0.1957
0.0278
0.0238
0.0265
0.3333
0.6923
0.1702
0.1429
0.1176
0.0455
0.3171
1.0
1.0
0.1875
0.0806
0.1169
0.6071
0.55
0.4151
0.72
0.0625
0.8333
0.7292
0.3824
0.7391
0.7949
0.8875
0.875
0.8925
0.95
0.0612
0.0938
0.3091
0.15
0.1613
0.2456
0.2069
0.5932
0.4737
0.973
0.9079
0.9867
0.7321
0.6842
1.0
0.7949
0.4878
0.3659
0.0348
0.0943
0.6271
0.3393
0.2097
0.8269
0.9811
0.5102
0.2692
0.1236
0.1765
1.0
0.1268
0.1587
0.2195
0.3067
0.2051
0.1682
0.3333
0.0152
0.0189
0.8095
0.9091
0.5
0.3188
0.1772
0.1724
0.6604
0.0368
0.0738
0.1418
0.0354
0.0123
0.0899
0.2558
0.5435
0.5106
0.5455
0.6552
0.5294
0.2778
0.0619
0.1034
0.0694
0.6842
0.025
0.3226
0.4688
0.0678
0.25
0.2963
0.2576
0.0897
0.2105
0.5789
0.2143
0.6479
0.3784
0.1549
0.0481
0.7222
0.1493
0.6957
0.3375
1.0
0.375
0.122
0.925
0.2558
0.098
0.1786
0.5
0.2679
0.2419
0.0323
0.0278
0.0139
0.0241
0.0263
0.1124
0.1528
0.4667
0.9423
0.7609
0.0526
0.0986
0.2889
0.1875
0.2239
0.137
0.9
0.3571
0.12
0.1389
0.7407
0.3333
0.2167
0.5526
0.0946
0.0465
0.0345
0.7222
0.7059
0.6034
0.5106
0.0143
0.0283
0.2424
0.6591
0.9375
0.7586
0.6552
0.0431
0.0549
0.1522
0.0595
0.3684
0.1842
0.087
0.0526
0.0825
0.3692
0.0519
0.3418
0.3103
0.3908
0.7576
0.0976
0.2281
0.11
0.125
0.7234
0.7091
0.7647
0.194
0.6897
0.2623
0.0926
0.2308
0.0722
0.0215
0.0412
0.0777
1.0
0.3448
0.1228
0.2029
0.6857
0.8235
0.875
0.8909
0.0119
0.2079
0.6977
0.76
0.1618
0.2206
0.2206
0.1212
0.2
0.1447
0.2289
0.0638
0.2923
0.0968
0.2941
0.3191
0.1786
0.8182
0.6182
0.0404
0.0412
0.9615
0.3623
0.5385
0.7674
0.9412
0.8182
0.6383
0.0075
0.0101
0.1556
0.6102
0.8358
0.4531
0.4872
0.2615
0.3036
0.1944
0.1084
0.1806
0.1129
0.0811
0.2174
0.2745
0.2642
0.5116
0.875
0.0762
0.0192
0.1538
0.6
0.2
0.2857
0.8085
0.0885
0.0988
0.4444
0.6038
0.3846
0.5714
0.5238
0.3077
0.5714
0.2727
0.7222
0.6842
0.0964
0.0625
0.2055
0.24
0.0119
0.1429
0.3462
0.1702
0.15
0.2075
0.1385
0.1311
0.1964
0.4634
0.3276
0.1803
0.4103
0.2203
0.069
0.0633
0.36
1.0
0.4828
0.2692
0.1957
0.098
0.44
0.8333
0.7053
0.7356
0.8525
0.1194
0.3774
0.4889
0.3409
0.1167
0.381
0.6471
0.3137
0.0375
0.2708
0.2297
0.8298
0.0159
0.5
0.1493
0.225
0.3333
0.3846
0.2609
0.0227
0.0446
0.1875
0.2131
1.0
0.4286
0.1667
0.0795
1.0
0.1304
0.0617
0.8387
0.0238
0.5902
0.1556
0.3766
0.1711
0.0
0.0123
0.1026
0.0645
0.2623
0.2368
0.1818
0.3
0.2381
0.1346
0.0759
0.6667
0.0492
0.102
0.2745
0.1509
0.016
0.0182
0.0337
0.4118
0.1549
0.125
1.0
0.8923
0.8784
0.5
0.0087
0.0
0.0909
0.6316
0.1875
0.1636
0.0508
0.0488
0.3182
0.8182
0.8438
0.0135
0.0282
0.0286
0.0698
0.3
0.2752
0.8571
0.1667
0.2787
0.4909
0.2679
0.0
0.5556
0.2391
0.2095
0.6735
0.16
0.1346
0.5135
0.0909
1.0
0.8085
0.0124
0.0964
0.4267
0.4429
0.678
0.4857
0.703
0.2817
0.7121
0.8434
0.8046
0.7903
0.8723
0.8611
0.2683
0.7531
0.3143
0.1698
0.1642
0.0507
0.0145
0.0926
0.0729
0.1935
0.0862
0.2059
0.5581
0.3478
0.551
0.7805
0.4286
0.375
0.3462
0.2653
0.1333
0.0843
0.1029
0.0735
0.3649
0.5294
0.2683
0.1739
0.2405
0.1791
0.6724
0.5273
0.4043
0.1852
0.2273
0.0
0.0484
0.1905
0.2593
0.5
0.7273
0.6
0.85
0.4412
0.0909
0.1556
0.1667
0.0417
0.0704
0.5238
0.0847
0.1552
0.1132
0.1129
0.1266
0.2059
0.1538
0.0571
0.0441
0.2045
0.1786
0.6
0.6667
0.24
0.9333
0.9333
0.8333
0.7273
0.0714
0.2059
0.082
0.0727
0.2564
0.1481
0.0392
0.3095
0.3137
0.2727
0.2759
0.2836
0.0196
0.0
0.0811
0.1364
0.9355
0.8605
0.8667
0.4839
0.1553
0.1562
0.1505
0.1471
0.5476
0.825
0.8333
0.0222
0.4651
0.7595
0.65
0.6222
0.2653
0.1239
0.0571
0.0583
0.0926
0.0462
0.0377
0.0357
0.0292
0.036
0.086
0.1717
0.2247
0.1287
0.2772
0.2051
0.4857
0.1857
0.2182
0.0619
0.0641
0.0417
0.2222
0.8947
0.3571
0.6216
0.1702
0.6282
0.5857
0.6301
0.5
1.0
0.0946
0.1042
0.2407
0.1053
0.7778
0.75
1.0
0.7778
0.7907
0.9444
0.3415
0.4167
0.3333
0.0094
0.2133
0.2553
0.4462
0.6667
0.5333
0.0242
0.8154
0.8571
0.2273
0.1746
0.411
0.3176
0.2843
0.2895
0.1441
0.0455
0.6279
0.3429
0.6
0.1042
0.2262
0.0312
0.4091
0.383
0.9412
0.1831
0.092
0.1587
0.5763
0.4444
0.0312
0.0111
0.619
0.3333
0.0976
0.1176
0.1238
0.0522
0.0769
0.131
0.1772
0.3621
0.625
0.1282
0.1905
0.1385
0.25
0.1758
0.075
0.1017
0.1646
0.0183
0.0465
0.4314
0.2597
0.439
0.4186
0.3514
0.068
0.1905
0.2222
0.4091
0.5606
0.3824
0.1282
0.6182
0.6818
0.0741
0.1124
0.2174
1.0
0.3214
0.7727
0.2258
1.0
0.9677
0.64
0.6458
0.2727
0.0548
0.0177
0.0367
0.186
0.1707
0.1091
0.6667
0.5849
0.3553
0.3158
0.96
1.0
0.1111
0.0375
0.5556
0.5333
0.918
0.3051
0.1026
0.3871
0.1364
0.641
0.2178
0.0686
0.3962
0.7647
0.0179
0.0
0.0973
0.2963
0.3056
0.2676
0.1579
0.1522
0.1864
0.2923
0.6458
0.2805
0.268
0.3176
0.8957
0.8246
0.4286
0.4444
0.2917
0.1803
0.8136
0.4396
0.234
0.0438
0.6
0.0432
0.6
0.0769
0.8444
0.6136
0.4651
0.283
0.2436
0.4483
0.4906
0.5897
0.0
0.0256
0.1111
0.1875
1.0
0.1228
0.75
0.0538
0.0376
0.0423
0.7097
0.8571
0.4667
0.4643
0.0678
0.6216
0.2941
0.193
0.1053
0.5072
0.0571
0.1692
0.6111
0.0918
0.2558
0.0222
0.2353
0.339
0.0074
0.163
0.4133
0.4384
0.3803
0.124
0.6889
0.95
0.9074
0.7241
0.5
0.25
0.1132
0.2162
0.2468
0.2286
0.0441
0.1139
0.1818
0.0972
0.049
1.0
0.963
0.3143
0.3611
0.2195
0.0667
0.6479
0.5714
0.3519
0.5278
0.6415
0.2593
0.5417
0.6364
0.225
0.7419
0.1026
0.0562
0.5088
0.3542
0.1778
0.3265
0.5833
0.3784
0.4
0.175
0.1333
0.5294
0.5238
0.129
0.9375
0.3226
0.1333
0.1613
0.1111
0.725
0.7857
0.8082
0.75
0.5167
0.8021
0.8571
0.886
0.8333
0.6545
0.6571
0.2
0.4146
0.04
0.112
0.0312
0.0862
0.0517
0.4524
0.0326
0.5227
0.2273
0.1546
1.0
1.0
0.9333
0.5
0.1899
0.1724
1.0
1.0
0.2745
0.0538
0.0446
0.0484
0.0556
0.0361
0.0541
0.931
0.1061
0.1176
0.0648
0.3077
0.0909
0.3158
0.7059
0.9804
0.5741
0.3188
0.26
0.1948
0.2703
0.2759
0.0625
0.1031
0.4
0.7115
0.7857
0.7273
0.1667
0.0543
0.2059
0.75
0.0
0.0476
0.1538
0.4815
0.551
0.0659
0.5676
0.0392
0.0385
1.0
0.6333
0.44
0.2679
0.0326
0.7059
0.5227
0.2766
0.0822
0.4186
0.6739
0.9571
0.9811
0.4833
0.7368
0.7143
0.0093
0.0
0.1772
0.6923
0.5714
0.619
0.0632
0.0735
0.1932
0.0976
0.8772
0.9032
0.1
0.1758
0.1782
0.2687
0.2807
0.3333
0.1266
0.3
0.5
1.0
0.6136
0.0781
0.2143
0.4324
0.3636
0.08
0.0769
0.0396
0.0549
0.0682
0.1765
0.5938
0.6613
0.4545
0.6667
0.2308
0.3548
0.0488
0.1489
0.375
0.8163
0.2973
0.3
1.0
0.5806
0.087
0.1026
0.8182
0.6176
0.5098
0.4906
0.0326
0.037
0.0426
0.1159
0.9342
0.9333
0.5
0.4444
0.3393
0.28
0.9375
0.65
0.3036
0.2083
0.875
0.8
0.9123
0.8333
0.4043
0.1667
0.6923
0.7143
0.2188
0.8065
0.7191
0.6889
0.6962
0.5
0.275
0.7143
0.1887
0.1023
0.1932
0.5091
0.8947
0.9186
0.8621
0.1667
0.0909
0.0563
0.1912
0.2241
0.1803
0.2553
0.5
0.1034
0.0759
0.1154
0.2632
0.0374
0.6585
0.8222
0.1196
0.8889
0.8
0.6481
0.1346
0.1406
0.0984
0.1781
0.3864
0.1831
0.6364
0.1845
0.9375
0.0738
0.9636
0.8958
0.5588
0.193
0.95
0.825
0.9048
0.1059
0.1573
0.7755
0.3895
0.3469
0.4205
0.0875
0.697
0.0086
0.1359
0.5556
0.55
0.2459
0.8966
0.0729
0.1316
0.4328
0.25
0.8182
0.0673
0.3846
0.4035
0.0928
0.0317
0.2188
0.1084
0.0227
0.1014
0.0215
0.0278
0.2364
0.1282
0.1765
0.4026
0.4706
0.0723
0.4762
0.1774
0.0
0.0081
0.0745
0.2653
0.8986
0.9571
0.5952
0.022
0.033
0.8485
0.2973
0.023
0.0256
0.0758
0.0341
0.2857
0.413
0.7727
0.1765
0.0408
0.1538
0.114
0.025
0.1864
0.1515
0.031
0.5625
0.878
0.8182
0.2542
0.0312
0.5432
0.6533
0.1375
0.05
0.1019
0.1471
0.0357
0.0549
0.3103
0.3571
0.075
0.0515
0.775
0.1348
0.1507
0.2222
0.1333
0.0367
0.1011
0.0918
0.0897
1.0
0.1875
0.0543
0.3239
0.2857
0.3704
0.4603
0.2048
0.6667
0.0328
0.05
0.05
0.0072
0.0388
0.5
0.875
0.6774
0.5806
0.2571
0.0909
0.5625
0.5059
0.2093
0.2692
0.1505
0.3077
0.7049
0.0658
0.1912
0.2024
0.4595
0.8372
0.2391
0.3279
0.1358
0.7037
0.7
0.5806
0.3833
0.1515
0.1651
0.3636
0.4182
0.1869
0.0417
0.2368
0.1719
0.0541
0.08
0.2195
0.4348
1.0
1.0
0.2167
0.0833
0.1746
0.1828
0.0082
0.0874
0.48
0.0175
0.0247
0.018
0.0179
0.1111
0.2135
0.6667
0.1
0.0857
0.1084
0.0074
0.0259
0.4815
0.1359
0.1719
0.6829
0.7419
0.7381
0.09
0.0816
0.08
0.0
0.0814
0.1571
0.3333
0.2133
0.4833
0.6667
0.2319
0.4694
0.0167
0.7333
0.1111
0.675
0.775
0.8409
0.6154
0.7759
0.1702
0.6061
0.9
0.75
0.9804
0.9804
0.9756
0.1129
0.1176
0.5128
0.3091
0.8182
0.1714
0.087
0.4737
0.8235
0.8472
0.6269
0.6897
0.5581
0.4375
0.45
0.3333
0.3571
0.2353
0.1071
0.4359
0.1351
0.186
0.2667
0.2821
0.6667
0.8
0.0909
0.25
0.1304
0.4516
0.3913
0.4211
0.1389
0.0548
0.0723
0.1294
0.1842
0.0571
0.7073
0.65
0.9444
0.9538
0.5676
0.3824
0.5263
0.6667
0.3725
0.2254
0.1552
0.15
0.3548
0.2321
0.3137
0.9259
0.625
0.1552
0.3725
0.5435
0.8269
0.819
0.8404
0.8095
0.92
0.2029
0.2432
0.1795
0.3415
0.2353
0.8333
0.1452
0.0968
0.3636
0.069
0.1327
0.1111
0.1263
0.5
0.4167
0.0446
0.2857
0.1618
0.1622
0.225
0.0943
0.3939
0.2987
0.2532
0.1944
0.4925
0.3256
0.027
0.6515
0.6082
0.0667
0.1505
0.113
0.1081
0.3382
0.5616
0.4524
0.4819
0.4333
0.7368
0.7458
0.918
0.5333
0.1176
1.0
0.5614
0.5577
0.2143
0.1538
0.1098
0.4444
0.8281
0.8545
0.6458
0.8226
0.8652
0.92
0.9239
0.6923
0.4909
0.8
0.9286
0.9857
0.1212
0.2111
0.1485
0.3148
0.125
0.4237
0.76
0.1071
0.1034
0.1509
0.3556
0.2381
0.7188
0.0167
0.8125
0.2442
0.1546
0.1538
0.619
0.7
0.4545
0.3261
0.1446
0.3636
0.4407
0.3544
0.3472
1.0
1.0
0.8235
0.35
0.7407
0.7647
0.7143
0.62
0.5294
0.3077
0.2558
0.0921
0.0667
0.0556
0.1429
0.0843
0.2353
0.1765
0.7917
0.2195
0.0882
0.36
0.3636
0.5484
0.2963
1.0
0.1429
0.7848
0.913
0.8791
0.8246
0.1515
0.1842
0.2364
0.2368
0.4211
0.1013
0.1395
0.0769
0.2151
0.2
0.3333
0.4688
0.3333
0.125
0.1429
0.5882
0.2821
0.1111
1.0
0.1795
0.1111
0.3235
0.6327
0.2632
1.0
0.1429
0.2727
0.1304
0.6
0.5
0.3125
0.0088
0.0244
0.1591
0.1386
0.2778
0.7838
0.4091
0.9444
0.1681
0.0204
0.019
0.252
0.1648
0.1014
0.1034
0.6471
0.8039
0.3253
0.2083
0.3023
0.1667
0.0833
0.0385
0.0
0.0
0.038
0.3621
0.7419
0.8197
0.8272
0.1288
0.2785
0.1282
0.1024
0.2027
0.3226
0.16
0.084
0.3529
0.193
0.2212
0.0957
0.122
0.0707
0.7551
0.3269
0.2024
0.7812
0.2208
0.1875
0.0286
0.0108
0.1875
0.0522
0.0841
0.194
0.0112
0.0441
0.5542
0.7442
0.6271
0.063
0.029
0.2717
0.3333
0.4206
0.6897
