0.0385
0.1429
0.0
0.0
0.0
0.9615
0.5
0.3077
0.1081
0.4595
0.3
0.3774
0.6
0.3333
0.0584
0.056
0.6164
0.3514
0.65
0.1212
0.1848
0.1515
0.0483
0.1529
0.1966
0.203
0.3261
0.9435
0.7885
0.4526
0.5263
0.3333
0.125
0.7119
0.3626
0.3545
1.0
0.6173
0.3626
0.6465
0.3978
0.4348
0.084
0.0615
0.0579
0.008
0.0168
0.155
0.5479
0.9831
0.7662
0.4333
0.5417
0.8485
0.2766
0.4845
0.1656
0.129
1.0
0.2727
0.0952
0.4048
0.2295
0.4396
0.4632
0.4344
0.1356
0.1233
0.1299
0.4925
0.5435
0.3019
0.9487
0.2857
0.1778
0.3333
0.7273
0.25
0.1263
0.5278
0.5593
0.431
0.5294
0.1373
0.197
0.4561
0.1128
0.3768
0.1118
0.088
0.5238
0.931
0.8365
0.1928
0.129
0.0506
0.0474
0.1974
0.0537
0.0497
0.0952
0.5926
0.5591
0.3864
0.8056
0.3836
0.5362
0.4355
0.9231
0.0882
0.1279
1.0
0.6923
0.9545
0.9412
0.931
0.8659
0.6935
0.2295
0.29
0.1458
0.2667
1.0
0.2444
0.0735
0.0634
0.7778
0.381
0.3548
0.1111
0.2558
0.1867
0.8493
0.5065
0.3
0.4545
0.1176
0.1146
0.5217
0.0735
0.2674
0.519
0.68
0.7907
0.0208
0.1739
0.337
0.4074
0.3902
0.3151
0.1351
0.6842
0.371
0.375
0.6429
0.0581
0.1636
0.5882
0.6977
0.0282
0.22
0.3269
0.2571
0.0538
0.3158
0.2069
0.0325
0.093
0.303
0.4194
0.2796
0.0625
0.2785
0.1653
0.2712
0.4096
0.0065
0.0263
0.1885
0.3291
0.5319
0.7857
0.5104
0.122
0.1579
0.1912
0.1429
0.1975
0.0584
0.2955
0.4667
0.0504
0.1562
0.1081
0.8889
0.2712
1.0
0.7692
0.4328
0.4935
0.3291
0.0417
0.0458
0.0532
0.1438
0.7353
0.6269
0.192
0.9904
0.3824
0.0947
0.006
0.3069
0.1594
0.2381
0.1527
0.3402
0.3793
0.5405
0.4059
0.176
0.5728
0.1552
1.0
0.5882
0.1299
0.7281
0.41
0.1736
0.2195
0.2061
0.3111
0.6667
0.7193
0.2389
0.1634
0.1205
0.7059
0.2717
0.1744
0.4308
0.2353
0.322
0.0656
0.7037
0.9231
0.055
1.0
0.069
0.8205
0.8889
0.47
0.0631
0.2754
0.7
0.5584
0.1714
0.5167
0.2685
0.0407
0.5577
0.6747
0.2841
0.4516
0.9464
0.9455
0.7239
0.4815
0.0815
0.0
0.0098
0.5577
0.9706
0.4048
0.7119
0.75
0.9194
0.9652
0.9875
0.0263
0.0551
0.1279
0.0086
0.0289
0.4752
0.0788
0.0366
0.1887
1.0
0.8182
0.3878
0.2571
0.0521
0.12
0.1616
0.2584
0.0714
0.1897
0.1967
0.2396
0.1328
0.1584
0.2676
0.0
0.0124
0.2742
0.9091
0.1316
0.0849
0.1349
0.0139
0.1579
0.25
0.1043
0.119
0.1486
0.36
0.125
0.0707
0.0296
0.0387
0.7321
0.0166
0.1057
0.098
0.7381
0.1406
0.0378
0.0345
0.1889
0.1591
0.194
0.0583
0.0551
0.142
0.0138
0.0435
0.4167
1.0
0.1901
0.1071
0.8764
0.4306
0.0647
1.0
0.026
0.0737
0.121
0.2747
0.8043
0.0696
0.0188
0.1078
0.2597
0.2055
0.0413
0.1333
0.5077
0.3913
0.4717
0.0643
0.0544
0.1038
0.136
0.1232
0.3529
0.8772
0.1786
0.2353
0.3607
0.0252
0.2586
0.2571
0.1837
0.0324
0.0965
0.087
0.1583
0.2784
0.1838
0.2935
0.1488
0.2667
0.4839
0.1
0.2347
0.5484
0.5478
0.0891
0.4085
0.052
0.0606
0.5745
0.6875
0.0553
0.881
0.2807
0.269
0.4711
1.0
0.4138
0.2281
0.1081
0.1667
0.1525
0.1325
0.8182
0.3717
0.1786
0.4396
0.2558
0.1613
0.2119
0.2716
0.3231
0.2935
0.3217
0.9489
0.975
0.9771
0.9669
0.9431
0.8471
1.0
0.1786
0.45
0.3939
0.8
0.1122
0.0667
0.5192
0.2222
0.34
0.4058
0.2637
0.2041
0.0556
0.0763
0.0667
0.0579
0.1712
0.7586
0.0957
0.0756
0.0567
0.5
0.4762
0.2955
0.1029
0.2963
0.5405
0.0219
0.0522
0.0788
0.325
0.9474
0.9167
0.8222
0.2109
0.51
0.0565
0.1319
0.3333
0.1859
0.1862
0.2222
0.3267
0.2157
0.0809
0.2093
0.4235
0.75
0.6739
0.6042
0.0054
0.0221
0.5126
0.9023
0.8468
0.8267
0.6667
1.0
0.2584
0.4037
0.3036
0.0898
0.0534
0.1529
0.2212
0.1218
0.1284
0.1444
0.6571
0.0727
0.5571
0.0246
0.0566
0.6341
0.525
0.0
0.0101
0.4074
0.4615
0.2782
0.2679
0.2655
0.4167
0.6604
0.4105
0.3056
0.6957
0.6122
0.7949
0.0249
0.0164
0.0169
0.1168
0.5093
0.5038
0.6529
0.8475
0.8197
0.2131
0.1944
0.031
0.024
0.0571
0.0309
0.0467
0.2128
0.3846
0.425
0.6173
0.7015
0.6102
0.6017
0.6852
0.2088
0.293
0.87
0.8224
0.9186
0.2222
0.8049
0.1842
0.2903
0.0741
0.3913
0.7606
0.1409
0.1739
0.1538
0.1071
0.4419
0.1111
0.4433
0.5918
0.6602
0.7381
0.587
0.6598
0.8426
0.1967
0.0571
0.011
0.0281
0.8889
0.98
0.2059
0.1084
0.1776
0.5976
0.56
0.4348
0.7667
0.1594
0.9579
0.8276
0.5072
0.8403
0.9008
0.9348
0.8483
0.9231
0.9225
0.0706
0.1111
0.3187
0.1545
0.4353
0.057
0.25
0.3627
0.4464
0.5755
0.398
0.8143
0.9071
0.9624
0.6667
0.661
0.9608
0.8095
0.3976
0.0536
0.7634
0.3265
0.1765
0.72
0.9351
0.3565
0.2841
0.1513
0.3143
1.0
0.1667
0.2558
0.3016
0.2353
0.129
0.18
0.0
0.048
0.0816
0.8163
0.9167
0.5
0.2881
0.1318
0.1268
0.4535
0.4359
0.5063
0.0229
0.0255
0.093
0.0235
0.0211
0.1168
0.24
0.6505
0.7143
0.6238
0.4247
0.0914
0.1139
0.1176
0.5111
0.0546
0.3649
0.6622
0.0519
0.1818
0.2329
0.2019
0.0909
0.3366
0.6875
0.1746
0.5804
0.4262
0.117
0.0988
0.0231
0.0191
0.0643
0.1328
0.2281
0.0562
0.0357
0.0255
0.75
0.203
0.7126
0.3279
0.92
0.3521
0.1
0.7805
0.2714
0.0824
0.2329
0.4444
0.1951
0.3617
0.8942
0.75
0.8636
0.2261
0.197
0.1562
0.0884
0.05
0.1748
0.3333
0.0986
0.1094
0.8205
0.2377
0.2397
0.4571
0.1888
0.1
0.0872
0.7429
0.8202
0.5385
0.4211
0.0262
0.0483
0.2588
0.746
1.0
0.8133
0.7284
0.0505
0.0593
0.25
0.0159
0.2609
0.0727
0.0435
0.0188
0.1543
0.3846
0.0435
0.2756
0.3008
0.3798
0.7159
0.1277
0.7671
0.1
0.2929
0.0828
0.2947
0.7905
0.82
0.7857
0.3333
0.1939
0.2063
0.0407
0.0263
0.0319
0.0324
1.0
0.4211
0.1667
0.187
0.6883
0.8205
0.8053
0.8545
0.0333
0.1561
0.65
0.5227
0.0763
0.2018
0.1638
0.1429
0.0976
0.2031
0.2328
0.0723
0.2807
0.0645
0.2368
0.268
0.2143
0.641
0.4384
0.0421
0.04
0.7049
0.3047
0.4677
0.8352
0.947
0.8571
0.7067
0.0
0.0172
0.1387
0.5941
0.7727
0.4414
0.5
0.2416
0.4211
0.1887
0.0263
0.1852
0.2473
0.2308
0.4935
0.1789
0.163
0.0962
0.7959
0.0815
0.0498
0.0
0.6
0.2483
0.3889
0.7396
0.043
0.0795
0.5556
0.5806
0.48
0.6364
0.6301
0.2941
0.5138
0.2857
0.6047
0.7273
0.0578
0.0064
0.1011
0.4576
0.1761
0.069
0.1692
0.1379
0.1538
0.1579
0.1575
0.1795
0.1456
0.3235
0.4079
0.2184
0.4
0.181
0.0355
0.0261
0.4762
1.0
0.2955
0.2037
0.2405
0.0993
0.4423
0.8065
0.6747
0.6859
0.8654
0.0893
0.2593
0.1681
0.8481
0.0203
0.2762
0.2872
0.3394
0.3148
0.1279
0.2162
0.5373
0.433
0.4839
0.0693
0.274
0.2278
0.2526
0.2466
0.0167
0.0613
0.3107
0.3511
0.9091
0.5256
0.2188
0.0929
0.0202
0.0208
0.0612
0.0497
0.2294
0.296
0.18
0.9818
0.1
0.0441
0.8222
0.0647
0.7073
0.0733
0.2258
0.2727
0.3235
0.3148
0.1605
0.123
0.5699
0.0625
0.0777
0.1963
0.1504
0.0129
0.0189
0.0552
0.4154
0.0945
0.188
0.2029
0.237
0.0588
0.1074
0.0139
0.0179
0.1419
0.931
0.8608
0.024
0.0426
0.0498
0.0942
0.9722
0.8986
0.8456
0.6111
0.0
0.0
0.0387
0.4054
0.76
0.5455
0.2174
0.4943
0.2632
0.0325
0.75
0.2038
0.1856
0.5663
0.125
0.1184
0.3556
0.8043
0.3113
0.7521
0.8446
0.8165
0.7373
0.7872
0.6429
0.1915
0.9643
0.8036
0.0044
0.016
0.4
0.375
0.7059
0.9091
0.2889
0.7097
0.2935
0.1929
0.15
0.0365
0.012
0.1325
0.1049
0.1963
0.0711
0.1681
0.5663
0.4327
0.5979
0.7407
0.6364
0.5
0.4375
0.165
0.0992
0.0504
0.1441
0.1405
0.209
0.5517
0.3011
0.194
0.1946
0.1554
0.7168
0.5741
0.2143
0.2545
0.3429
0.097
0.1807
0.375
0.0
0.0362
0.1696
0.1913
0.3875
0.65
0.6667
0.7264
0.4842
0.043
0.0593
0.1824
0.0088
0.0341
0.4579
0.0541
0.0846
0.1067
0.1453
0.02
0.0235
0.1737
0.1798
0.7083
0.7518
0.0866
0.6429
0.6667
0.6893
0.5493
0.0225
0.1222
0.0537
0.0459
0.1186
0.0976
0.1409
0.2737
0.2727
0.3051
0.2541
0.2066
0.0204
0.0342
0.1081
0.1129
0.8909
0.7812
0.7582
0.2963
0.0486
0.6034
0.697
0.567
0.6
0.1346
0.0729
0.0686
0.08
0.2073
0.0898
0.9394
0.0679
0.0337
0.0099
0.0214
0.0513
0.0234
0.0175
0.1
0.1611
0.5238
0.8732
0.1074
0.186
0.141
0.2838
0.2883
0.5091
0.2258
0.2561
0.0343
0.0602
0.044
0.3667
0.9535
0.4935
0.7041
0.1311
0.4786
0.4444
0.5289
0.5273
0.9322
0.0805
0.0562
0.4038
0.1613
0.0625
0.2303
0.2733
0.486
0.48
0.3007
1.0
0.8571
0.875
0.7742
0.42
0.9
0.7248
0.8
0.4935
0.0369
0.8762
0.8333
0.2394
0.2301
0.3016
0.2553
0.2308
0.3596
0.1289
0.0562
0.5161
0.3478
0.3529
0.018
0.0331
0.4286
0.2667
0.0788
0.25
0.0707
0.0681
0.0833
0.1282
0.1523
0.2411
0.137
0.2177
0.0886
0.4909
0.3579
0.9242
0.1667
0.0552
0.1099
0.5909
0.5278
0.2841
0.1473
0.087
0.0583
0.1412
0.0493
0.073
0.4423
0.6452
0.1944
0.2824
0.2222
0.2166
0.4045
0.3718
0.4889
0.0963
0.2308
0.3659
0.4459
0.5969
0.5
0.1754
0.7264
0.7885
0.23
0.1707
0.2742
1.0
0.3958
0.725
0.25
0.9787
0.973
0.7273
0.7182
0.3529
0.0781
0.0289
0.0359
0.1429
0.1259
0.1449
0.6
0.55
0.2986
0.2374
0.9815
1.0
0.1385
0.0947
0.7436
0.4107
0.8842
0.2328
0.1034
0.3894
0.15
0.6143
0.2
0.1139
0.4948
0.6667
0.0286
0.0094
0.0699
0.1867
0.256
0.1892
0.194
0.137
0.2597
0.2696
0.5534
0.2929
0.271
0.349
0.2424
0.0094
0.6277
0.0327
0.561
0.0419
0.5625
0.2078
0.1702
0.1111
0.8182
0.1207
0.551
0.1156
0.8737
0.6923
0.5977
0.2766
0.3803
0.4561
0.5875
0.4638
0.0136
0.0219
0.4423
0.8095
0.128
0.0644
0.0728
0.5
0.8696
0.5645
0.16
0.6275
0.1707
0.1966
0.6034
0.1069
0.0367
0.1507
0.4516
0.4435
0.4609
0.1684
0.0797
0.0513
0.3182
0.1048
0.0146
0.1831
0.0441
0.2566
0.3659
0.6234
0.9596
0.87
0.5645
0.4359
0.3226
0.1702
0.2571
0.2517
0.171
0.403
0.5618
0.6875
0.2336
0.4337
0.5778
0.096
0.6512
0.5645
1.0
0.9474
0.3387
0.4559
0.3056
0.2727
0.8571
0.0778
0.0327
0.5057
0.3205
0.1611
0.3415
0.6034
0.4182
0.2353
0.2603
0.1264
0.8846
0.5806
0.12
1.0
0.3636
0.0769
0.1373
0.1053
0.8254
0.8571
0.8613
0.8413
0.6916
0.8323
0.8526
0.8763
0.8581
0.7714
0.6912
0.2162
0.3906
0.0127
0.0341
0.0591
0.1818
0.1413
0.5366
0.0588
0.3571
0.168
0.1489
0.9615
0.9375
0.2873
0.0339
0.0203
0.0115
0.4605
0.2079
0.102
1.0
1.0
0.7667
0.0882
0.0815
0.2151
0.1104
0.2
0.1293
0.2787
0.3256
0.0518
0.0629
0.3111
0.5769
0.8103
0.7843
0.1804
0.0789
0.0169
0.0273
0.9552
0.1
0.4304
0.6512
0.9459
0.5397
0.3261
0.0667
0.22
0.7
0.0
0.0577
0.2167
0.5
0.6111
0.1438
0.5893
0.1714
0.1143
1.0
0.7255
0.5778
0.1648
0.0529
0.6591
0.5181
0.3111
0.1342
0.2766
0.5625
0.981
0.9896
0.4157
0.7212
0.52
0.009
0.0095
0.1622
0.6571
0.6098
0.6744
0.099
0.9051
0.9211
0.1098
0.0763
0.1528
0.1087
0.1856
0.1595
0.281
0.2642
0.2288
0.0647
0.2667
0.5758
0.7647
0.6129
0.1071
0.2041
0.3696
0.4177
0.1333
0.0818
0.0479
0.0467
0.0658
0.2623
0.7687
0.7584
0.3125
0.5116
0.1685
0.3421
0.0155
0.1385
0.439
0.8462
0.4
0.2174
0.1828
0.1733
0.7073
0.4925
0.3933
0.4231
0.0352
0.0787
0.0351
0.0787
1.0
0.8033
0.9194
0.898
0.4167
0.3627
0.3295
0.24
0.973
0.62
0.3431
0.1518
0.8571
0.6667
0.8983
0.9032
0.566
0.5149
0.2375
0.1212
0.7059
0.75
0.2115
0.7965
0.7594
0.7339
0.6897
0.0797
0.3803
0.859
0.9574
0.8269
0.1739
0.0988
0.5818
0.3107
0.1942
0.2522
0.2556
0.375
0.7353
0.236
0.0761
0.1343
0.5
0.0488
0.0442
0.2
0.8413
0.8272
0.0616
0.9524
0.8302
0.6667
0.1154
0.1413
0.1078
0.1429
0.4737
0.25
0.75
0.1463
0.8421
0.0611
0.9268
0.0775
0.0284
0.1702
0.1171
0.0588
0.1977
0.9863
0.85
0.8246
0.0719
0.2166
0.747
0.4726
0.4476
0.4628
0.0677
0.6324
0.037
0.0969
0.4375
0.4607
0.275
0.9857
0.8429
0.4792
0.2885
0.5536
0.3411
0.1
0.5402
0.0655
0.043
0.2353
0.1138
0.034
0.8427
0.0449
0.2243
0.2207
0.402
0.3333
0.8017
0.8235
0.5897
0.0325
0.0342
0.8148
0.303
0.0604
0.0397
0.0146
0.0274
0.0882
0.5393
0.1047
0.5789
0.1849
0.1085
0.0818
0.2444
0.4697
0.7353
0.2844
0.0437
0.1441
0.0735
0.131
0.1316
0.1197
0.0272
0.5439
0.8667
0.8136
0.4082
0.2326
0.754
0.8182
0.0862
0.4211
0.6226
0.4407
0.3231
0.125
0.5373
0.4853
0.0385
0.0091
0.1126
0.0099
0.0265
0.427
0.0
0.1375
0.0928
0.0363
0.0611
0.3636
0.48
0.0957
0.0426
0.8125
0.1606
0.1151
0.2152
0.9783
0.1579
0.085
0.3613
0.3904
0.4414
0.5217
0.1681
0.5926
0.1589
0.0255
0.1206
0.1241
0.0854
0.1633
0.241
0.0543
0.3478
0.6092
0.0734
0.1698
0.2436
0.3934
0.8028
0.2571
0.2875
0.1833
0.6854
0.7234
0.6224
0.4756
0.096
0.2028
0.4211
0.3797
0.209
1.0
1.0
0.234
0.0916
0.2421
0.1456
0.0417
0.4074
0.4655
0.6885
0.0667
0.0805
0.1538
0.0414
0.0634
0.5181
0.0417
0.0403
0.0727
0.0552
0.1157
0.13
0.1688
0.2202
0.7895
0.1029
0.0795
0.1349
0.0311
0.072
0.5139
0.6071
0.6
0.7642
0.1349
0.0857
0.0811
0.0152
0.045
0.125
0.2656
0.1875
0.2688
0.5333
0.2558
0.2951
0.0233
0.7857
0.1226
0.6308
0.7969
0.8356
0.589
0.7426
0.1844
0.5686
0.7
0.7333
0.8101
0.8235
0.8154
0.1633
0.044
0.52
0.4328
0.5357
0.1731
0.0943
0.4062
0.7412
0.7798
0.6207
0.6292
0.5714
0.3553
0.3867
0.375
0.2
0.2909
0.1458
0.2621
0.0995
0.1889
0.1625
0.2133
0.7414
0.5556
0.1831
0.3049
0.1446
0.0435
0.4054
0.1475
0.2297
0.8113
0.8571
0.1557
0.2203
0.1151
0.4762
0.1667
0.6786
0.9091
0.9125
0.6154
0.5263
0.6176
0.6486
0.2763
0.1839
0.1515
0.5806
0.3226
0.75
0.3425
0.5135
0.1448
0.9032
0.6429
0.0229
0.1481
0.6162
0.9085
0.8704
0.8625
0.0926
0.451
0.0927
0.0753
0.1061
0.1102
0.0379
0.0276
0.0793
0.0698
0.1316
0.803
0.6
0.58
0.053
0.3662
0.1429
0.1957
0.1774
0.1006
0.3718
0.2286
0.2286
0.1778
0.4557
0.4643
0.0068
0.4714
0.5043
0.082
0.1984
0.0979
0.1164
0.3284
0.4646
0.37
0.3333
0.4302
0.7556
0.7579
0.869
0.519
0.0714
1.0
0.4429
0.5316
0.163
0.1008
0.0985
0.4769
0.8426
0.8
0.5574
0.7391
0.8707
0.9363
0.9174
0.68
0.45
0.7969
0.9508
0.9895
0.0893
0.1389
0.1078
0.3069
0.0825
0.2885
0.2899
0.1985
0.8313
0.0398
0.2549
0.53
0.6667
0.1207
0.8919
0.1944
0.1009
0.2051
0.3495
0.3571
0.3516
0.2929
0.9868
1.0
0.92
0.3647
0.7742
0.8173
0.7375
0.5962
0.5
0.2297
0.7
0.641
0.3881
0.2222
0.3016
0.1935
0.055
0.0891
0.0448
0.0833
0.0463
0.4706
0.1616
0.875
0.3077
0.0685
0.641
0.6757
0.5349
0.1892
1.0
0.0992
0.8083
0.9333
0.9474
0.8413
0.1905
0.28
0.1014
0.3
0.2593
0.1221
0.2177
0.1024
0.1649
0.1597
0.4737
0.4194
0.4324
0.087
0.3929
0.6383
0.2308
0.2286
0.8889
0.1132
0.1389
0.2391
0.7123
0.2299
0.0366
0.0516
0.2295
0.2171
0.3797
0.7188
0.3333
0.9333
0.2258
0.0237
0.0423
0.2754
0.3043
0.1829
0.1008
0.0802
0.0962
0.6296
0.8193
0.297
0.1585
1.0
0.7692
0.4
0.1765
0.5263
0.44
0.375
0.3776
0.7312
0.8659
0.8585
0.0974
0.1398
0.0972
0.0745
0.2069
0.2222
0.1729
0.1034
0.4444
0.1987
0.2148
0.117
0.0172
0.008
0.0083
0.0213
0.5818
0.4388
0.0414
0.1241
0.2294
0.0164
0.0457
0.4825
0.8429
0.6027
0.1174
0.0518
0.2937
0.3239
0.3728
0.6131
0.1189
0.1789
0.0556
0.2054
0.875
0.1364
0.2515
0.0467
0.087
0.1623
