0.0092
0.2826
0.0208
0.0395
0.022
0.0185
0.0
0.0354
0.0123
0.0877
0.1923
0.3143
0.0233
0.4595
0.7714
0.0957
0.15
0.4146
0.3529
0.2469
0.5769
0.0
0.058
0.4706
0.2169
0.018
0.0824
0.0579
0.0625
0.042
0.5455
0.0317
0.2154
0.2241
0.0874
0.6
0.1455
0.0412
0.0
0.0054
0.3623
0.0746
0.0
0.0208
0.0118
0.1579
0.25
0.1061
0.4627
0.2895
0.0
0.0
0.1224
0.125
0.0833
0.1842
0.0
0.0465
0.0263
0.0216
0.0968
0.0071
0.1613
0.0625
0.0208
0.4625
0.4444
0.039
0.1346
0.2234
0.0783
0.1194
0.0148
0.1512
0.9091
0.0698
0.0423
0.0076
0.1364
0.1818
0.1017
0.9538
0.0205
0.4045
0.0403
0.8
0.5484
0.0511
0.0167
0.1148
0.0
0.6667
0.7757
0.0373
0.0
0.2
0.2874
0.0763
0.015
0.1371
0.9935
0.0251
