0.9333
1.0
0.5714
0.05
0.4167
0.0625
0.2105
0.0471
0.08
0.048
0.2162
0.381
0.0159
0.0952
0.0353
0.023
0.0597
0.0423
0.0375
0.0814
0.1146
0.0345
0.0667
0.1429
0.1127
0.0633
0.0645
0.0694
0.5455
0.1077
0.1915
0.4048
0.3514
0.0909
0.0116
0.2619
0.1833
0.2885
0.2273
0.0
0.4167
0.18
0.561
0.2222
0.1803
0.0962
0.3226
0.0294
0.1724
0.0357
0.0833
0.0426
0.4118
0.037
0.0568
0.0303
0.0417
0.25
0.1071
0.0933
0.0426
0.0588
0.1282
0.0635
0.6875
0.2245
0.0283
0.051
0.0244
0.0743
0.6364
0.0556
0.1846
0.1964
0.117
0.4
0.0519
0.0676
0.3519
0.1833
0.0333
0.0297
0.1818
0.7826
0.1154
0.4
0.2632
0.1935
0.1618
0.0645
0.0986
0.137
0.3429
0.1163
0.4545
0.0843
0.051
0.0337
0.5
0.05
0.2593
0.0851
0.3077
0.038
0.0462
0.125
0.1429
0.2258
0.4062
0.1358
0.0595
0.2195
0.1017
0.9
0.027
0.1507
0.2593
0.1897
0.3846
0.0882
0.1111
0.1034
0.069
0.0357
0.1538
0.0568
0.0875
0.0909
0.0211
0.0122
0.0899
0.2182
0.16
0.1912
0.1569
0.1628
0.0494
0.1333
0.1429
0.0333
0.0652
0.44
0.0702
0.1408
0.2459
0.041
0.0328
0.0192
0.1594
0.0381
0.0725
0.0385
0.2826
0.5135
0.0481
0.5833
0.3103
0.5306
0.1011
0.1429
0.0417
0.0
0.1546
0.14
0.1786
0.1806
0.9383
1.0
0.0374
0.6939
0.0202
0.0341
0.1818
0.04
0.2125
0.0
0.0
0.0106
0.0833
0.1321
0.3529
0.5926
0.65
0.1071
0.2245
0.0568
0.1311
0.2542
0.0
0.3784
0.1294
0.1636
0.1017
0.0625
0.1316
0.1667
0.0787
0.4902
0.1795
0.0526
0.0
0.0
0.24
0.5231
0.0459
0.1702
0.2037
0.1923
0.2833
0.5625
0.0784
0.1429
0.1636
0.3889
0.125
0.7027
0.6522
0.8
0.1628
0.3279
0.2586
0.3939
0.2159
0.0417
0.1299
0.1389
0.1277
0.0769
0.1515
0.6
0.5714
0.2632
0.1224
0.375
0.1316
0.4545
0.3
0.2045
0.4583
0.3514
0.3467
0.88
0.4138
0.2
0.0962
0.2826
0.0875
0.1667
0.2105
0.0761
0.1515
0.0
0.15
0.3636
0.1346
0.0864
0.1273
0.2368
0.2407
0.5385
0.3793
0.1892
0.15
0.039
0.2
0.1067
0.4062
0.1031
0.043
0.0594
0.5556
0.5556
0.7077
0.4103
0.1034
0.0408
0.0441
0.0
0.0635
0.2131
0.0354
0.0296
0.0348
0.1636
0.1412
0.2203
0.1475
0.1296
0.1549
0.0132
0.1852
0.4
0.1096
0.0676
0.1124
0.1053
0.4419
0.1915
0.1316
0.0645
0.3571
0.7619
0.3585
0.1266
0.0267
0.0875
0.0845
0.5926
0.0704
0.1045
0.0714
0.0735
0.1803
0.0984
0.3333
0.08
0.1702
0.1875
0.1587
0.058
0.0109
0.026
0.08
0.2742
0.32
0.1467
0.0532
0.1857
0.4167
0.102
0.4074
0.0485
0.0282
0.0787
0.1868
0.0824
0.6316
0.8824
0.0408
0.1343
0.2667
0.4143
0.5278
0.3488
0.3871
0.1892
0.25
0.0938
0.2373
0.0986
0.1333
0.7636
0.2826
0.1594
0.3256
0.0732
0.0213
0.5143
0.1538
0.0135
0.6071
0.1169
0.0
0.48
0.2609
0.25
0.2
0.4762
0.2459
0.1148
0.1538
0.0366
0.0085
0.1084
0.3636
0.0291
0.0526
0.0485
0.1324
0.1566
0.0533
0.2687
0.3958
0.1579
0.0986
0.0385
0.0526
0.0196
0.0
0.5217
0.087
0.0282
0.0
0.2778
0.25
0.1528
0.175
0.386
0.2549
0.0862
0.0519
0.02
0.1446
0.125
0.1562
0.0545
0.0769
0.1786
0.1034
0.1136
0.5
0.3636
0.4783
0.0
0.5455
0.3421
0.0213
0.125
0.0833
0.0959
0.3333
0.3818
0.5303
0.0811
0.0893
0.4615
0.0357
0.1636
0.4667
0.2241
0.3019
0.5882
0.8478
0.7857
0.8824
0.2625
0.75
0.2281
0.5882
0.4468
0.2
0.36
0.1034
0.0517
0.6562
0.2759
0.7179
0.32
0.0897
0.0526
0.1143
0.0202
0.3019
0.8889
0.5556
0.2653
0.2857
0.2222
0.0727
0.1754
0.4211
0.4286
0.018
0.1111
0.4348
0.3
0.0588
0.9512
0.9167
0.1333
0.1731
0.2051
0.0595
0.0536
0.0164
0.2759
0.1818
0.1458
0.0588
0.2889
0.1163
0.1279
0.25
0.8
0.3056
0.2439
0.1395
0.3714
0.3256
0.1818
0.1277
0.1852
0.5143
0.3519
0.1579
0.1186
0.0312
0.0926
0.087
0.0465
0.2128
0.125
0.0316
0.0633
0.08
0.3333
0.3846
0.5882
0.2174
0.0811
0.1148
0.058
0.0278
0.008
0.0094
0.3443
0.18
0.0288
0.0426
0.0299
0.0714
0.1912
0.5286
0.4324
0.4146
0.5
0.2927
0.2708
0.1613
0.1383
0.0563
1.0
0.1609
0.1573
0.0909
0.0769
0.3488
0.2466
0.8235
0.0725
0.0411
0.025
0.0938
0.0259
0.0641
0.1846
0.0
0.1111
0.25
0.283
0.625
0.26
0.0758
0.0312
0.0147
0.1111
0.0233
0.0
0.0667
0.0909
0.3684
0.0179
0.2
0.4444
0.2857
0.4333
0.2593
0.1061
0.5606
0.4375
0.163
0.0676
0.2222
0.1622
0.3784
0.7037
0.6667
0.0909
0.0727
0.0187
0.0427
0.25
0.4103
0.1091
0.1373
0.0361
0.0469
0.2477
0.375
0.0698
0.2698
0.08
0.1538
0.1538
0.9091
0.1023
0.5897
0.25
0.8182
0.3333
0.0984
0.0758
1.0
0.25
0.4627
0.4848
0.22
0.0
0.0455
0.1386
0.0714
0.2927
0.2034
0.1486
0.0075
0.241
0.0494
0.0588
0.0984
0.34
0.0481
0.0606
0.1194
0.4688
0.2203
0.2099
0.2537
0.0938
0.6383
0.375
0.6038
0.5641
0.5455
0.9667
0.6667
0.1528
0.3721
0.9394
0.8814
0.0597
0.0811
0.2895
0.4667
0.2069
0.019
0.0562
0.4118
0.2072
0.038
0.0096
0.1
0.551
0.6
0.1111
0.0938
0.0435
0.0909
0.0412
0.0602
0.1587
0.1047
0.7059
0.2857
0.2917
0.0
0.4545
0.125
0.2308
0.1607
0.056
0.7273
0.234
0.0732
0.2041
0.875
0.1754
0.3125
0.0392
0.0125
0.1163
0.0686
0.3929
0.1702
0.0449
0.2361
0.1053
0.4
0.1644
0.1579
0.1507
0.1468
0.1731
0.5065
0.3443
0.066
0.0614
0.0222
0.0459
0.087
0.0556
0.0078
0.0086
0.9385
0.6905
0.4565
0.7143
0.2424
0.1978
0.1028
0.093
0.0391
0.1386
0.2857
0.1818
0.4074
0.75
0.2055
0.1064
0.1724
0.1053
0.0866
0.0841
0.1948
0.4286
0.2025
0.1667
0.0632
0.0652
0.0103
0.0122
0.1176
0.0308
0.1039
0.3333
0.3247
0.1912
0.35
0.3951
0.2151
0.049
0.06
0.3171
0.129
0.0857
0.3594
0.4783
0.0676
0.0968
0.2182
0.0769
0.1724
0.1538
0.0594
0.1296
0.4242
0.2754
0.4655
0.7436
0.4783
0.0556
0.5128
0.8333
0.1034
0.0391
0.0543
0.0244
0.0792
0.7241
0.2
0.1111
0.025
0.0
0.1207
0.2115
0.2667
0.359
0.1613
0.0118
0.0638
0.2055
0.0102
0.0194
0.1333
0.024
0.102
0.2632
0.1951
0.1379
0.0698
0.0568
0.0833
0.0484
0.6
0.4688
0.1667
0.1212
0.1154
0.0933
0.1071
0.0357
0.11
0.0241
0.1375
0.2034
0.5
0.3148
0.0374
0.2264
0.3514
0.2154
0.1842
0.0263
0.3714
0.0625
0.4667
0.0789
0.2162
0.2754
0.3846
0.0808
0.0636
0.0367
0.1944
0.1429
0.0984
0.1644
0.5179
0.3673
0.0265
0.0424
0.0808
0.1463
0.2346
0.0741
0.1348
0.1026
0.2258
0.2
0.1385
0.0455
1.0
0.2059
0.0485
0.1475
0.3438
0.1429
0.15
0.1098
0.4444
0.2667
0.1957
0.2
0.3725
0.093
0.7229
0.65
0.1053
0.5345
0.1566
0.1074
0.2063
0.1954
0.0431
0.1587
0.1667
0.0656
0.0789
0.125
0.0455
0.8333
0.283
0.096
1.0
0.5
0.253
0.0424
0.1266
0.3478
0.3404
0.0635
0.4091
0.026
0.0194
0.4643
0.5
0.1321
0.3902
0.3387
0.0926
0.0294
0.8136
0.9084
0.88
0.0938
0.0822
0.0588
0.2553
0.1333
0.587
0.8684
0.7
0.1795
0.1207
0.0164
0.1948
0.5652
0.5
0.6543
0.3333
0.6316
0.4074
0.3906
0.5507
0.2019
0.0094
0.0442
0.0762
0.25
0.5854
0.4444
0.25
0.3594
0.0603
0.2297
0.0192
0.0354
0.1833
0.0
0.4286
0.25
0.15
0.0476
0.0388
0.2245
0.625
0.15
0.0336
0.0899
0.411
0.4412
0.0272
0.0254
0.0141
0.1333
0.0114
0.013
0.4333
0.0472
0.0333
0.0247
0.1282
0.0707
0.4146
0.2308
0.1389
0.0396
0.0286
0.0625
0.3333
0.44
0.0851
0.1392
0.2105
0.1075
0.4474
0.5122
0.2857
0.038
0.1333
0.2639
0.0263
0.1026
0.3043
0.1279
0.2527
0.3585
0.7778
0.375
0.8667
0.9
0.0128
0.0816
0.7143
0.1622
0.0189
0.0909
0.2167
0.2273
0.5625
0.119
0.0723
0.5085
0.4717
0.3134
0.9773
0.1064
0.4167
0.3906
0.1356
0.2597
0.4
0.3125
0.0735
0.8235
0.093
0.3636
0.3235
0.1667
0.2115
0.1935
0.3659
0.1594
0.5667
0.3889
0.6786
0.1538
0.375
0.1685
0.2987
0.0794
0.1087
0.0123
0.15
0.2063
0.1053
0.3333
0.0072
0.2381
0.25
0.2211
0.0877
1.0
0.2258
0.2
0.0465
0.0341
0.0268
0.0241
0.1412
0.5652
0.6923
0.4
0.1101
0.127
0.0789
0.0165
0.0256
0.0341
0.2273
1.0
0.549
0.6667
0.383
0.1667
0.0645
0.2979
0.6806
0.7213
0.1333
0.4
0.0732
0.8222
0.8537
0.5789
0.322
0.2436
0.0706
0.0899
0.0417
0.6111
0.1333
0.1719
0.0833
0.0506
0.2346
0.1975
0.1364
0.0147
0.9535
0.9306
0.5143
0.018
0.0333
0.0625
0.828
0.6912
0.4545
0.0678
0.322
0.28
0.4524
0.1566
0.1566
0.2353
0.0595
0.0
0.1356
0.0833
0.6
0.1594
0.2308
0.3333
0.1571
0.5
0.5373
0.5441
0.0114
0.0141
0.1304
0.3939
0.375
0.2466
0.475
0.1299
0.1875
0.0133
0.0
0.0
0.0833
0.9831
0.902
0.0833
0.4
0.1587
0.0202
0.0192
0.3429
0.0753
0.0612
0.119
0.0075
0.0098
0.0275
0.0328
0.3273
0.2
0.3103
0.2742
0.1429
0.2615
0.1296
0.2381
0.25
0.0263
0.0189
0.0595
0.1818
0.0442
0.0
0.0136
0.0185
0.1618
0.5833
0.0734
0.2778
0.0366
0.5227
0.1124
0.1286
0.0166
0.1268
0.125
0.0513
0.1538
0.2836
0.068
0.0973
0.0142
0.5
0.3387
0.322
0.3171
0.1807
0.1774
0.4762
0.1974
0.0899
0.2195
0.1139
0.0769
0.2619
0.3019
0.5
0.2569
0.0556
0.2556
0.0274
0.2558
0.6
0.3529
0.026
0.1132
0.1833
0.25
0.0159
0.05
0.0467
0.0364
0.0426
0.1765
0.3091
0.0673
0.0088
0.2167
0.1149
0.0506
0.7246
0.6842
0.4615
0.3538
0.1098
0.3333
0.1264
0.5143
0.2222
0.3793
0.5738
0.4462
0.0784
0.037
0.2353
0.25
0.08
0.1795
0.1176
0.0159
0.029
0.0635
0.0072
0.0076
0.012
0.1048
0.2245
0.2738
0.1781
0.4082
0.3529
0.7097
0.5
0.3636
0.0769
0.0556
0.0984
0.0957
0.0421
0.024
0.1
0.0824
0.0943
0.2738
0.2569
0.1765
0.2209
0.0355
0.1205
0.1964
0.0759
0.6129
0.5897
0.22
0.069
0.041
0.125
0.0267
0.1364
0.1186
0.129
0.5
0.3171
0.932
0.8391
0.0556
0.3214
0.0294
0.0074
0.0086
0.8088
0.225
0.0845
0.0805
0.7632
0.0103
0.0833
0.1
0.028
0.1325
0.0337
0.0729
0.0972
0.0482
0.5
1.0
0.1471
0.1148
0.3929
0.381
0.2069
0.137
0.0972
0.0263
0.0513
0.0345
0.2658
1.0
0.72
0.0174
0.3214
0.3488
0.6667
0.5152
0.5278
0.2245
0.1346
0.2105
0.2857
0.0976
0.0893
0.5172
0.1111
0.0714
0.1607
0.0305
0.1636
0.1129
0.0735
0.1837
0.4
0.1625
0.4237
0.6346
0.1702
0.5417
0.0588
0.0225
0.0323
0.0241
0.2333
0.1829
0.8824
0.3514
0.2195
0.16
0.3478
0.1167
0.069
0.2286
0.3714
0.6538
0.7317
0.2593
0.5641
0.375
0.4727
0.0789
0.9333
0.5
0.4444
0.3393
0.0536
0.0
0.1023
0.3824
0.0667
0.1163
0.35
0.1026
0.181
0.0312
0.092
0.0357
0.1404
0.1507
0.1099
0.6154
0.55
0.623
0.0946
0.07
0.0495
0.1566
0.0857
0.1607
0.1
0.2917
0.1566
0.5106
0.098
0.3
0.2414
0.4054
0.0909
0.5385
0.1321
0.098
0.3913
0.3433
0.09
0.0642
0.0921
0.1071
0.2459
0.2368
0.3864
0.1831
0.2179
0.3125
0.7692
0.3293
0.6596
0.2778
0.2712
0.4054
0.3548
0.175
0.1538
0.2
0.2
0.0769
0.0421
0.0612
0.069
0.3968
0.2571
0.7778
0.4151
0.1739
0.2766
0.963
0.4103
0.0396
0.4444
0.0588
0.0179
0.0168
0.5833
0.5085
0.0093
0.5
0.0
0.0
0.9655
0.3667
0.0533
0.0194
0.1351
0.0923
0.1064
0.1754
0.2462
0.6897
0.2143
0.0297
0.4032
0.459
0.2941
0.8627
0.6364
0.6792
0.4074
0.0882
0.2444
0.2381
0.2692
0.029
0.2055
0.1846
0.1379
0.1858
0.3968
0.381
0.2703
0.3962
0.0435
0.1053
0.0759
0.0505
0.1129
0.1184
0.3125
0.5814
0.1538
0.0857
0.0741
0.1183
0.0833
0.0833
0.1781
0.0147
0.1667
0.2414
0.25
0.4
0.5
0.0635
0.35
0.2727
0.7843
0.6571
0.1667
0.1294
0.1222
0.2143
0.1579
0.0426
0.1014
0.2931
0.0556
0.1176
0.14
0.413
0.2174
0.875
0.137
0.0
0.7294
0.746
0.0971
0.163
0.5854
0.36
0.2143
0.4242
0.2037
0.1351
0.1228
0.3492
0.2308
0.0233
0.3333
0.1831
0.08
0.1842
0.0155
0.0149
0.6491
0.1587
0.1569
0.1286
0.0946
0.3061
0.1354
0.0495
0.0154
0.1892
0.3621
0.1519
0.1806
0.3125
0.4595
0.0263
0.0
0.0588
0.0467
0.4918
0.5
0.68
0.2029
0.5128
0.2031
0.2174
0.9722
0.375
0.2297
0.3148
0.7
0.2909
0.4783
0.0729
0.2857
0.0283
0.0392
0.2727
0.44
0.2333
0.0625
0.4722
0.3692
0.3494
0.1053
0.125
0.1134
0.7083
0.5714
0.0984
0.8182
0.5714
0.0417
0.284
0.2436
0.0851
0.7959
0.5789
0.377
0.4688
0.0709
0.4167
0.5077
0.7188
0.2676
0.1154
0.4118
0.0472
0.2
0.1165
0.1635
0.1875
0.1042
0.0777
0.0577
0.0568
0.8378
0.1744
0.0889
0.0381
0.6
0.1481
0.129
0.1867
0.0947
0.0808
0.1034
0.0421
0.0984
0.1333
0.1538
0.1026
0.5
0.1818
0.5
0.3478
0.2821
0.027
0.7692
0.1429
0.449
0.0076
0.0521
0.0093
0.1446
0.1905
0.1077
0.28
0.0732
0.0909
0.0909
0.1111
0.3492
0.1221
0.0982
0.0168
0.0308
0.1299
0.1899
0.1449
0.2
0.1379
0.0395
0.0923
0.0312
0.0192
0.05
0.0778
0.7895
0.7381
0.0847
0.0968
0.1071
0.1944
0.338
0.5122
0.3625
0.1607
0.0594
0.0323
0.5882
0.3455
1.0
0.8947
0.8824
0.0
0.1625
0.0459
0.0855
0.0148
0.0758
0.1321
0.381
0.0882
0.0484
0.6607
0.6182
0.1918
0.1644
0.8333
0.072
0.0769
0.098
0.1688
0.6444
0.0515
0.1194
0.2982
0.2449
0.0462
0.0132
0.2889
0.1875
0.0926
0.4483
0.5156
0.1961
0.2857
0.6094
0.4776
0.5435
0.2188
0.2703
0.1731
0.4857
0.9048
0.6857
0.1136
0.1951
0.0312
0.0172
0.0105
0.0734
0.1081
0.1967
0.1207
0.8816
0.0583
0.2609
0.0658
0.033
0.07
0.1364
0.0323
0.0526
0.15
0.7692
0.12
0.6538
0.0879
0.25
0.0196
0.0667
0.2674
0.027
0.0833
0.0556
0.0595
0.1667
0.1163
0.1486
0.1324
0.0171
0.0273
0.1263
0.0722
0.0566
0.0943
0.0179
0.0769
0.0
0.0
0.4444
0.6842
0.1
0.08
0.2581
0.3065
0.1268
0.016
0.0282
0.1646
0.2308
0.2105
0.0075
0.0
0.0244
0.1558
0.0482
0.0696
0.1917
0.2065
0.7358
0.3396
0.0469
0.4186
0.3431
0.0305
0.15
0.1702
0.2683
0.6316
0.0769
0.0777
0.0896
0.1444
0.2347
0.2805
0.0286
0.1489
0.875
0.0411
0.2041
0.3049
0.0112
0.9483
0.9444
0.7368
0.1429
0.3684
0.2
0.1333
0.2252
0.0397
0.0714
0.176
0.1604
0.1875
0.587
0.4314
0.3636
0.0808
0.0526
0.02
0.0
0.045
0.0654
0.6038
0.699
0.5104
0.5596
0.5522
0.5213
0.0609
0.8065
0.5714
0.6944
0.563
0.097
0.292
0.0288
0.1228
0.1132
0.0776
0.4444
0.1818
0.2195
0.0952
0.15
0.0237
0.0493
0.2329
0.0137
0.0854
0.1831
0.7018
0.5
0.125
0.0
0.0
0.0536
0.0526
0.3529
0.3548
