0.1111
0.125
0.0
0.027
0.4815
0.1667
0.0577
0.7143
0.9231
0.9333
0.0985
0.0411
0.1046
0.7895
0.881
0.0169
0.1233
0.0159
0.0909
0.04
0.0526
0.0655
0.3333
0.3431
0.4667
0.4839
0.1603
0.3864
0.369
0.026
0.0522
0.5288
0.4333
0.1192
0.2241
0.88
0.1314
0.4561
0.7564
0.119
0.1316
0.2128
0.0109
0.0278
0.0124
0.0056
0.6364
0.1892
0.3
0.18
0.3455
0.0392
0.1571
0.1383
0.125
0.0526
0.0526
0.0625
0.0667
0.0769
0.1096
0.1324
0.0438
0.8947
0.4694
0.3333
0.32
0.2727
0.1698
0.875
0.9057
0.5614
0.7
0.0256
0.0625
0.0517
0.0101
0.0
0.0059
0.0213
0.0066
0.1538
0.0282
1.0
0.0351
0.0775
0.7812
0.697
0.2708
0.2222
0.2903
0.0674
0.0941
0.0814
0.5909
0.1573
0.0526
0.0388
0.78
0.5172
0.0862
0.0569
0.8281
0.92
0.096
0.0426
0.0177
0.0375
0.0986
0.2632
0.12
0.1231
0.3014
0.2125
0.0412
0.0391
0.0534
0.0221
0.0352
0.1238
0.2234
0.6
0.6579
0.55
0.6087
0.2642
0.5405
0.6136
0.021
0.0072
0.0083
0.0208
0.0072
0.0319
0.56
0.1111
0.0263
0.0631
0.1867
0.573
0.7262
0.0471
0.0593
0.0
0.3
0.1348
0.1647
0.0355
0.1923
0.3019
0.3455
0.0849
0.0155
0.0206
0.1212
0.0579
0.0392
0.029
0.0598
0.0
0.0658
0.0278
0.05
0.3043
0.1786
0.1765
0.2542
0.05
0.025
0.129
0.0714
0.1875
0.0517
0.0833
0.1087
0.0652
0.24
0.1282
0.0164
0.0149
0.0154
0.2174
0.2115
0.1286
0.0938
0.125
0.1212
0.0972
0.2931
0.053
0.2075
0.0606
0.0405
0.0615
0.0323
0.0833
0.1129
0.1642
0.1299
0.0909
0.0735
0.2991
0.0625
0.0
0.0789
0.2833
0.0698
0.0184
0.0339
0.0769
0.2727
0.2933
0.6364
0.1562
0.1765
0.1705
0.5248
0.0455
0.0296
0.0315
0.0309
0.8571
0.963
0.9255
0.122
0.1667
0.0417
0.0115
0.0424
0.0625
0.0211
0.1158
0.1308
0.016
0.0364
0.0636
0.0315
0.0283
0.2133
0.2754
0.0569
0.186
0.9744
0.975
0.9667
0.9643
0.5
0.4706
0.1237
0.2143
0.3559
0.4468
0.375
0.0265
0.0792
0.0141
0.0899
0.1429
0.5775
0.6562
0.0
0.0222
0.0
0.3559
0.44
0.1455
0.1324
0.05
0.0806
0.0781
0.1273
0.1132
0.1967
0.0079
0.007
0.1786
0.2188
0.1707
0.0899
0.5
0.5769
0.2778
0.7
0.0444
0.0816
0.8784
0.4444
0.0632
0.0686
0.0267
0.0079
0.6667
0.7333
0.0547
0.0504
0.0569
0.0667
0.0667
0.0066
0.1364
0.0923
0.0698
0.0
0.0074
0.0062
0.0769
0.0172
0.2544
0.3131
0.0611
0.0526
0.0915
0.0882
0.4091
0.4478
0.3731
0.1101
0.2857
0.2787
0.2909
0.1379
0.0373
0.0451
0.072
0.0897
0.1404
0.0855
0.0882
0.0693
0.1282
0.4
0.1398
0.2105
0.0604
0.8955
0.0533
0.0394
0.1171
0.1731
0.0426
0.0583
0.0909
0.25
0.8214
0.7674
0.25
0.1481
0.1193
0.2857
0.1262
0.088
0.0781
0.2745
0.3398
0.7143
0.1743
0.0
0.0484
0.0877
0.1379
0.9273
0.0123
0.0614
0.0659
0.0976
0.0349
0.0732
0.0469
0.0303
0.065
0.0
0.0465
0.0283
0.0777
0.625
0.2419
0.0779
0.1525
0.2553
0.2903
0.4828
0.0561
0.1757
0.4231
0.4576
0.1064
0.0642
0.0479
0.0375
0.0189
0.019
0.038
0.0923
0.1453
0.0331
0.027
0.027
0.037
0.0455
0.0078
0.3377
0.3293
0.1158
0.2759
0.3167
0.2459
0.25
0.0864
0.0714
0.3
0.0488
0.0412
0.0808
0.1124
0.8806
0.2564
0.0185
0.0188
0.0677
0.0256
0.0496
0.0376
0.2872
0.0121
0.0122
0.0682
0.8293
0.4255
0.2078
1.0
0.1923
0.0446
0.0435
0.4754
0.5645
0.5294
0.2879
0.029
0.0
0.0667
0.0
0.0288
0.0303
0.0845
0.1091
0.0577
0.0375
0.3333
0.8539
0.1221
0.5556
0.4035
0.7629
0.6721
0.0522
0.0316
0.5152
0.2069
0.6667
0.0197
0.1818
0.0744
0.1231
0.1667
0.1875
0.1418
0.0214
0.6
0.0909
0.1148
0.1909
0.2586
0.875
0.1651
0.0307
0.3243
0.6471
0.2439
0.0462
0.0727
0.0656
0.0515
0.0833
0.117
0.1129
0.0893
0.2308
0.2673
0.5417
0.1579
0.0
0.0597
0.08
0.1471
0.1739
0.1209
0.1839
0.3412
0.403
0.0667
0.0417
0.1
0.1263
0.0465
0.2071
0.6667
0.1695
0.0952
0.2245
0.125
0.8182
0.8769
0.9322
0.8846
0.1176
0.0909
0.0755
0.1739
0.104
0.1122
0.0455
0.0408
0.931
0.021
0.0769
0.1176
0.2273
0.163
0.0887
0.0703
0.0315
0.75
0.2424
0.1618
0.697
0.3191
0.1667
0.0595
0.0217
0.9103
0.5625
0.0164
0.2037
0.0533
0.027
0.1522
0.0789
0.0588
0.1184
0.0459
0.0779
0.197
0.15
0.0833
0.6071
0.4493
0.6154
0.0323
0.4
0.75
0.3065
0.0833
0.75
0.5
0.0196
0.0845
0.0463
0.2451
0.0732
0.0556
0.2258
0.3582
0.21
0.0072
0.0
0.4375
0.2593
0.0575
0.0341
0.0882
0.1622
0.2222
0.2188
0.0248
0.0064
0.3134
0.2273
0.1897
0.3529
0.2326
0.1875
0.0972
0.0098
0.0189
0.5952
0.5325
0.1333
0.1184
0.4
0.1392
0.6667
0.0381
0.625
0.1111
0.1404
0.0184
0.098
0.1077
0.2195
0.022
0.0429
0.02
0.1585
0.1646
0.4043
0.1231
0.4516
0.0315
0.0413
0.1402
0.1212
0.0547
0.0625
0.0632
0.0241
0.082
0.1228
0.1892
0.32
0.1856
0.0469
0.0172
0.0224
0.063
0.3404
0.6389
0.8444
0.8077
0.25
0.4167
0.1207
0.0854
0.39
0.0976
0.6667
0.8182
0.0119
0.0086
0.0583
0.0928
0.1007
0.5686
0.1308
0.0143
0.0203
0.0203
1.0
0.1489
0.0462
0.0476
0.0588
0.2432
0.0952
0.0686
0.0327
0.0062
0.8
0.1594
0.1263
0.1313
0.0702
0.08
0.0362
0.1132
0.0876
0.8571
0.0714
0.0526
0.068
0.0656
0.0806
0.0625
0.028
0.2
0.1067
0.1205
0.1071
0.3947
0.8846
0.7872
0.6066
0.038
0.069
0.0704
0.051
0.0556
0.0242
0.9365
0.6458
0.8873
0.0408
0.0684
0.0598
0.75
0.1552
0.1087
0.0
0.06
0.0556
0.0
0.0315
0.0328
0.1061
0.2545
0.0674
0.0273
0.0566
0.0648
0.22
0.0354
0.1176
0.1111
0.0545
0.0795
0.0133
0.0127
0.7941
0.9167
0.3226
0.3864
0.0195
0.0205
0.0282
0.0342
0.3333
0.1354
0.1375
0.056
0.0968
0.1359
0.0902
0.0874
0.0127
0.0075
0.0233
0.0256
0.0189
0.0579
0.0648
0.0758
0.0938
0.2178
0.1667
0.1205
0.1111
0.087
0.8333
0.0139
0.09
0.2292
0.3636
0.4375
0.86
0.1238
0.048
0.0577
0.0769
0.2
0.0323
0.0538
0.0896
0.0152
0.0657
0.0231
0.0143
0.0123
0.0123
0.0123
0.2174
0.2368
0.0902
0.0462
0.013
0.1471
0.0886
0.068
0.1064
0.0748
0.1538
0.381
0.1667
0.015
0.3056
0.0222
0.2222
0.3871
0.1868
0.2255
0.2072
0.1845
0.6383
0.3333
0.2333
0.0588
0.0112
0.5714
0.3095
0.398
0.0896
0.3684
0.3871
0.5789
0.4769
0.0714
0.4035
0.6452
0.6322
0.2179
0.2597
0.3636
1.0
0.2419
0.0909
0.125
0.1351
0.1705
0.1224
0.5366
0.0
0.0
0.0242
0.0667
0.0084
0.0647
0.0268
0.0448
0.0238
0.0789
0.0421
0.0123
0.0078
0.1236
0.175
0.5556
0.3542
0.2727
0.4688
0.2195
0.4815
0.0882
0.2
0.1826
0.1509
0.2062
0.23
0.253
0.561
0.98
0.0687
0.058
0.0438
0.0511
0.55
0.5481
0.0137
0.0179
0.1094
0.3067
0.4815
0.8
1.0
0.1358
0.2727
0.1538
0.011
0.0897
0.0631
0.0312
0.0541
0.1
0.0476
0.04
0.2031
0.2593
0.1111
0.4286
0.75
0.2857
0.1571
0.4348
0.4783
0.3429
0.1111
0.0145
0.0092
0.0604
0.1912
0.1429
0.0556
0.062
0.1019
0.1188
0.963
0.92
0.3065
0.129
0.4348
0.2647
0.0795
0.04
0.026
0.0649
0.0
0.0263
0.0254
0.2736
0.165
0.2051
0.0273
0.0315
0.0602
0.0714
0.0323
0.0507
0.4762
0.4561
0.7349
0.7229
0.1429
0.0174
0.0213
0.1404
0.0136
0.7045
0.6512
0.0
0.2165
0.3333
0.2079
0.0391
0.042
0.0783
0.0469
0.4091
0.0204
0.0462
0.0196
0.0467
0.0946
0.1268
0.0658
0.0692
0.5686
0.1458
0.0952
0.1351
0.0615
0.1478
0.3
0.1061
0.36
0.6
0.95
0.9839
0.1875
0.2778
0.0323
0.1739
0.2208
0.1447
0.1167
0.0463
0.0516
0.7529
0.7317
0.44
0.0879
0.5
0.1
0.0217
0.0556
0.1039
0.9714
0.1515
0.0128
0.4571
0.1631
0.0345
0.0567
0.0
0.75
0.7317
0.0
0.3333
0.4286
0.1967
0.2424
0.0769
0.1386
0.2439
0.1667
0.1515
0.2128
0.125
0.2593
0.3247
0.0099
0.0071
0.0667
0.1881
0.3
0.0762
0.0427
0.1124
0.0
0.7292
0.75
0.5075
0.0638
0.0
0.0357
0.0849
0.3077
0.2683
0.093
0.0875
0.066
0.0887
0.1481
0.1333
0.3494
0.0769
0.4815
0.0164
0.025
0.5
0.8
0.018
0.1739
0.213
0.2475
0.0659
0.1121
0.1304
0.0989
0.1905
0.4648
0.8684
0.8553
0.5072
0.0504
0.0517
0.0431
0.0315
0.0538
0.1538
0.541
0.0833
0.1
0.0748
0.1923
0.0312
0.0231
0.7931
0.0155
0.053
0.068
0.0301
0.0
0.1224
0.0303
0.027
0.4762
0.2448
0.0952
0.0889
0.2581
0.3333
1.0
0.0361
0.3226
0.2041
0.1628
0.0476
0.2535
0.2353
0.1026
0.0354
0.2167
0.0222
0.3333
0.2
0.0556
0.1892
0.2308
0.3226
0.0076
0.0169
0.5263
0.2179
0.0526
0.1923
0.5556
0.3922
0.0
0.0174
0.0111
0.0342
0.0132
0.0
0.02
0.0887
0.0504
0.0443
0.1322
0.037
0.0
0.0182
0.0617
0.0097
0.0233
0.0326
0.0511
0.0965
0.0719
0.1748
0.1066
0.0276
0.0065
0.0065
0.0392
0.0423
0.5909
0.4194
0.3333
0.1268
0.5
0.0339
0.0755
0.1279
0.1571
0.463
0.0099
0.0274
0.1286
0.5614
0.3333
0.3878
0.3333
0.5932
0.0
0.0062
0.05
0.3146
0.4091
0.0308
0.023
0.0
0.0203
0.084
0.1057
0.064
0.0769
0.0412
0.0081
0.0894
0.1327
0.1609
0.25
0.6429
0.7551
0.0
0.1667
0.2353
0.0833
0.0128
0.0462
0.0964
0.0556
0.0176
0.6742
0.5596
0.0109
0.0109
0.0784
0.0085
0.0968
0.2979
0.1959
0.2198
0.0058
0.1349
0.337
0.3553
0.4907
0.4167
0.3048
0.0083
0.0
0.0364
0.0479
0.4833
0.2609
0.0943
0.3836
0.2754
0.0606
0.4211
0.2
0.7011
0.1818
0.0661
0.2295
0.0505
0.1013
0.0909
0.1565
0.2521
0.1818
0.0748
0.115
0.3191
0.2826
0.3521
0.3667
0.1026
0.1149
0.0573
0.225
0.3378
0.1892
0.1333
0.06
0.0979
0.5405
0.1781
0.1618
0.1607
0.0084
0.0924
0.2411
0.0705
0.1429
0.0488
0.0333
0.0748
0.0708
0.0769
0.2289
0.3871
0.0462
0.0185
0.1667
0.027
0.0602
0.0299
0.0609
0.6667
0.3167
0.1176
0.0305
0.0598
0.1413
0.1176
0.0435
0.0423
0.1028
0.4762
0.1279
0.0746
0.0738
0.0283
0.0696
0.0441
0.7407
0.1455
0.2198
0.0303
0.4658
0.0802
0.1111
0.3462
0.2609
0.0
0.1383
0.6667
0.0866
0.2857
0.2857
0.0544
0.0219
0.0702
0.032
0.0706
0.0222
0.072
0.12
0.1667
0.1047
0.0169
0.0392
0.2632
0.6304
0.5208
0.0789
0.0058
0.0825
0.0714
0.5
0.0745
0.6061
0.5
1.0
0.1029
0.1264
0.0847
0.0211
0.0106
0.2
0.2143
0.0
0.0116
0.0645
0.0962
0.0704
0.023
0.0053
0.0427
0.0706
0.0751
0.0208
0.0667
0.3951
0.0
0.0137
0.0154
0.0284
0.1313
0.0196
0.0359
0.0816
0.0
1.0
1.0
0.8
0.2708
0.0256
0.0515
0.0126
0.5
0.2
0.1957
0.0164
0.0276
0.1282
0.1446
0.0252
0.5
0.8444
0.9206
0.9667
0.3636
0.1471
1.0
0.0
0.0342
0.0574
0.5
0.0479
0.0311
0.027
0.082
0.2727
0.0174
0.4062
0.3548
0.0207
0.1505
0.1899
0.1
0.0407
0.1282
0.9
0.8889
0.0893
0.0571
0.1562
0.1
0.0526
0.0417
0.1
0.0154
0.0645
0.0
0.0326
0.5682
0.0929
0.0157
0.0275
0.005
0.011
0.0465
0.0877
0.0625
0.0708
0.092
0.0179
0.0385
0.0128
0.0231
0.45
0.3462
0.2
0.125
0.1286
0.1391
0.3562
0.3778
0.1061
0.0926
0.0833
0.0
0.0076
0.1556
0.5
0.625
0.0729
0.023
0.0144
0.0101
0.0377
0.0531
0.188
0.0884
0.0139
0.0328
0.7922
0.8125
0.9174
0.6979
0.0924
0.1176
0.2143
0.0168
0.0476
0.0154
0.2459
0.2581
0.3088
0.6744
0.0609
0.0551
0.0556
0.0648
0.15
0.3636
0.7549
0.3125
0.029
0.0972
0.0238
0.012
0.0221
0.0893
0.4857
0.1613
0.0068
0.0312
0.0617
0.0075
0.4565
0.043
0.0439
0.0571
0.0063
0.2
0.1957
0.0164
0.1158
0.0879
0.0523
0.0902
0.823
0.0584
0.0533
0.1024
0.0403
0.12
0.0652
0.2234
0.3279
0.3333
0.0549
0.0827
0.0938
0.2029
0.2174
0.2917
0.2222
0.7667
0.7667
0.0776
0.1
0.1043
0.0741
0.0175
0.0714
0.0833
0.0923
0.1471
0.0286
0.2131
0.1964
0.0312
0.0194
0.0319
0.025
0.0385
0.0325
0.1262
0.1935
0.55
0.7333
0.8235
0.8043
0.1613
0.1607
0.0063
0.0208
0.0574
0.1935
0.5
0.7143
0.1649
0.065
0.08
0.0189
0.1304
0.5333
0.0049
0.3415
0.1098
0.863
0.0308
0.1038
0.0956
0.0625
0.3011
0.3475
0.0432
0.0385
0.0461
0.1338
0.0932
0.0234
0.4107
0.3182
0.4189
0.413
0.3115
0.2442
0.4314
0.7763
0.6316
0.3846
0.1744
0.084
0.0189
0.0303
0.0677
0.0347
0.1803
0.8519
0.3958
0.0808
0.197
0.25
0.3836
0.0245
0.2421
0.9595
0.9869
0.3448
0.254
0.1
0.0588
0.0988
0.1406
0.2545
0.451
0.7616
0.3158
0.1277
0.1827
0.1204
0.0429
0.0549
0.05
0.0656
0.0571
0.0134
0.0583
0.04
0.0544
0.2371
0.07
0.2024
0.1461
0.0351
0.0962
0.3521
0.2407
0.2022
0.1293
0.0286
0.04
0.0617
0.0225
0.3077
0.1758
0.0357
0.0091
0.3385
0.2857
0.7667
0.8837
0.5
0.1059
0.3056
0.1754
0.1759
0.22
0.4
0.1707
0.087
0.0
0.016
0.1039
0.0353
0.0073
0.0
0.0
0.0309
0.0541
0.0
0.042
0.0551
0.0426
0.0227
0.0248
0.0144
0.4035
0.042
0.0574
0.036
0.019
0.0286
0.0556
0.1132
0.1304
0.1818
0.1061
0.08
0.0309
0.3099
0.1667
0.2667
0.0
0.3333
0.9667
0.7209
0.4444
0.0727
0.0
0.0738
0.2857
0.2581
0.3421
0.2195
0.2192
0.7143
0.9091
0.8519
0.5455
0.8125
0.0526
0.0833
0.3269
0.1532
0.1573
0.1032
0.3793
0.623
0.0088
0.1731
0.0877
0.2258
0.0355
0.0608
0.3333
0.177
0.3095
1.0
0.2273
0.569
0.0569
0.0488
0.0351
0.0435
0.1273
0.75
0.8333
1.0
0.087
0.2323
0.1324
0.575
0.1688
0.194
0.4227
0.3148
0.0593
0.0877
0.1389
0.03
0.0779
0.1124
0.2647
0.1286
0.1098
0.1
0.0236
0.127
0.1379
0.3158
0.2167
0.9836
0.8793
0.2444
0.0559
0.0638
0.0769
0.4118
0.4565
0.4545
0.6988
0.0541
0.4091
0.25
0.063
0.064
0.1111
0.1667
0.1087
0.0632
0.1124
0.1053
0.0
0.1667
0.087
0.0131
0.0851
0.0893
0.0638
0.1613
0.0521
0.0171
0.0556
0.7738
0.0385
0.0353
0.4561
0.6346
0.2066
0.0559
0.0341
0.0381
0.0265
0.7231
0.3194
0.2222
0.1923
0.1515
0.1462
0.0286
0.2564
0.9853
0.975
0.0182
0.8974
0.0385
0.5
0.087
0.0741
0.0
0.0357
0.0286
0.04
0.0167
0.0169
0.4118
0.1842
0.0526
0.0847
0.375
0.2388
0.1325
0.0
0.0
0.0065
0.1475
0.1382
0.0142
0.029
0.08
0.0769
0.5116
0.1348
0.6429
0.4651
0.4878
0.065
0.0635
0.1429
0.3889
0.7164
0.8571
0.7
1.0
0.0481
0.2468
0.064
1.0
0.0625
0.1354
0.1772
0.1818
0.0862
0.0342
0.0909
0.0976
0.9412
0.3214
0.186
0.1068
0.175
0.04
0.1818
0.3165
0.4133
0.0714
0.0886
0.14
0.1228
0.0458
0.051
0.068
0.0405
0.1875
0.0667
0.0258
0.1333
0.0
0.0857
0.1935
0.0707
0.0265
0.0353
0.1278
0.3559
0.0429
0.0238
0.1667
0.1412
0.1167
0.1429
0.069
0.0458
0.0373
0.2188
0.1667
0.8
0.0134
0.0496
0.4231
0.3421
0.0625
0.1688
0.2429
0.011
0.1633
0.04
0.0594
0.0976
0.0741
0.025
0.6875
0.8391
0.8161
0.3243
0.0598
0.1293
0.75
0.7273
0.7333
0.0421
0.0379
0.0526
0.3721
0.048
0.0579
0.0439
0.0291
0.1687
0.2025
0.3333
0.3171
0.4868
0.1607
0.0
0.0265
0.1562
0.18
0.1607
0.2056
0.5
0.05
0.0
0.4426
0.3542
0.0652
0.0543
0.065
0.1087
0.0796
0.049
0.0253
0.0146
0.0901
0.0571
0.0326
0.0476
0.0421
0.0472
0.055
0.0792
0.1215
0.2885
0.5
0.3521
0.018
0.0076
0.0595
0.9254
0.8571
0.6
0.1364
0.0417
0.1605
0.0357
0.0526
0.4
0.0563
0.1172
0.0214
0.0625
0.9677
0.8571
0.0
0.0265
0.0526
0.09
0.4737
0.0288
0.0465
0.9342
0.9277
0.9118
0.2941
0.037
0.2195
0.1982
0.2391
0.3043
0.4138
0.3108
0.2471
0.099
0.1562
0.0102
0.0602
0.0196
0.0
1.0
0.8108
0.0217
0.0
0.0
0.043
0.0588
0.1053
0.2333
0.1111
0.0784
0.1064
0.1461
0.0714
0.0556
0.0556
0.0316
0.1111
0.0196
0.0077
0.0405
0.2
0.3077
0.2453
0.2647
0.1702
0.0909
0.0864
0.1905
0.4348
0.1948
0.1235
0.1238
0.0735
0.4107
0.5507
0.6506
0.2424
0.0727
0.0484
0.2949
1.0
0.0216
0.0137
0.4026
0.5385
0.0
0.0
0.0242
0.0476
0.4324
0.3023
0.3692
0.2037
0.093
0.0185
0.75
0.3111
0.0403
0.021
0.1064
0.033
0.1143
1.0
0.1507
0.0405
0.0377
0.0063
0.0
0.0321
0.1111
0.0
0.0
0.0616
0.2143
0.1304
0.1463
0.0761
0.0149
0.0357
0.619
0.0469
0.0427
0.0417
0.0556
0.1449
0.0405
0.2632
0.3684
0.0726
0.375
0.1404
0.1132
0.0559
0.1548
0.0291
0.0756
0.1085
0.0986
0.152
0.0943
0.0488
0.0157
0.0076
0.0067
0.0117
0.0133
0.102
0.2887
0.0286
0.027
0.942
1.0
0.0333
0.3529
0.8615
0.7458
0.1017
0.04
0.049
0.0886
0.058
0.0654
0.2165
0.0973
0.0189
0.0069
0.0119
0.2037
0.1538
0.1136
0.0153
0.2778
0.0417
0.0685
0.3673
0.0078
0.0231
0.0342
0.1071
0.1494
0.2333
0.1818
0.3038
0.6804
0.0737
0.2286
0.2593
0.2
0.0787
0.0579
0.0171
0.06
0.0238
0.0714
0.0752
0.0
0.0
0.0132
0.0189
0.0444
0.1319
0.012
0.1154
0.0
0.0
0.3191
0.3585
0.0417
0.1034
0.1316
0.1485
0.1964
0.0241
0.0311
0.0191
0.084
0.1818
0.75
0.0185
0.0349
0.0467
0.0804
0.2857
0.3158
0.1522
0.2766
0.1406
0.1667
0.0255
0.0403
0.0357
0.0968
0.2308
0.1818
0.1316
0.2353
0.0746
0.0482
0.0855
0.0584
0.1875
0.0449
0.1515
0.1045
0.1111
0.0161
0.0583
0.1094
0.1522
0.0584
0.0231
0.0667
0.066
0.5676
0.1275
0.1373
0.0225
0.1111
0.5714
0.1304
0.1111
0.0175
0.0426
0.1446
0.0068
0.2162
0.087
0.1296
0.2821
0.4855
0.0526
0.0706
0.5
0.0268
0.2667
0.931
0.0993
0.1415
0.2105
0.3704
0.0273
0.1529
0.0273
0.475
0.5476
0.5714
0.8065
0.1212
0.2333
0.5
0.339
0.2358
0.3333
0.0222
0.2841
0.9661
0.9773
0.0196
0.0385
0.0366
0.129
0.05
0.0241
0.0294
0.1447
0.12
0.2857
0.5
0.3
0.1163
0.1034
0.5
0.1143
0.2198
0.2727
0.2212
0.36
0.0909
0.2143
0.0933
0.029
0.0197
0.6058
0.2759
0.3333
0.1268
0.0278
0.2812
0.1176
0.0233
0.1067
0.186
0.2105
0.0714
0.4545
0.9231
0.6053
0.537
0.6308
0.0071
0.0072
0.1642
0.1562
0.0323
0.0396
0.1058
0.0894
0.4444
0.2041
0.0784
0.0941
0.1429
0.0818
0.1509
0.14
0.0
0.0
0.0
0.0092
0.0899
0.1364
0.3958
0.1
0.3333
0.0541
0.1064
0.36
0.25
0.1923
0.2593
0.3131
0.3636
0.0153
0.6032
0.0072
0.125
0.1026
0.0392
0.1398
0.3662
0.7
0.1122
0.0826
0.0159
0.1867
0.36
0.186
0.7727
0.0638
0.1481
0.0211
0.0476
0.0481
0.0147
0.0104
0.8333
0.1146
0.101
0.1087
0.075
0.913
0.8235
0.1964
0.027
0.0261
0.0374
0.0952
0.0192
0.2453
0.0505
0.2745
0.3607
0.1731
0.2476
0.3288
0.2316
0.0959
0.0909
0.0843
0.0741
0.0792
0.1809
0.0421
0.3333
0.0
0.625
0.0292
0.0222
0.125
0.129
0.2667
0.7692
1.0
0.0702
0.8421
0.0533
0.0921
0.0306
0.0145
0.0342
0.0581
0.0
0.2338
0.1481
0.3
0.7213
0.082
0.0075
0.0064
0.0282
0.2245
0.2222
0.1707
0.1277
0.0667
0.0588
0.0566
0.1163
0.0714
0.0294
0.0091
0.0284
0.6364
0.0962
0.0851
0.1304
0.0141
0.0265
0.0222
0.1579
0.6727
0.5714
0.0761
0.1562
0.1711
0.0234
0.1212
0.0635
0.0517
0.6286
0.8657
0.2547
0.0069
0.2451
0.04
0.1548
0.1282
0.1429
0.0604
0.08
0.0152
0.007
0.0238
0.0259
0.1321
0.1833
0.2021
0.2088
0.0377
0.0169
0.0116
0.0597
0.0519
0.0473
0.007
0.2857
0.2414
0.0652
0.0278
0.0273
0.0696
0.0536
0.0404
0.1368
0.4444
0.1791
0.1932
0.0729
0.025
0.0294
0.0333
0.3378
0.2716
0.0515
0.0789
0.0674
0.0417
0.0561
0.0
0.0781
0.0156
0.1959
0.0408
0.0559
0.1704
0.0816
0.1375
0.3205
0.3974
0.2105
0.2
0.0543
0.0702
0.114
0.2125
0.4444
0.0682
0.024
0.473
0.5833
0.6
0.275
0.0331
0.0286
0.0652
0.0455
0.0139
0.6286
0.5758
0.8367
0.6585
0.3968
0.75
0.0424
0.35
0.25
0.0899
0.0515
0.0818
0.0348
0.0957
0.087
0.1049
0.05
0.0366
0.2576
0.2308
0.2836
0.0893
0.2308
0.0316
0.8333
0.4348
0.1299
0.2267
0.2059
0.7778
0.2881
0.0414
0.0563
0.1739
0.0441
0.0526
0.0886
0.0667
0.0133
0.0963
0.05
0.0636
0.0619
0.2295
0.3562
0.6235
0.6026
0.8085
0.2209
0.0067
0.0138
0.0339
0.0672
0.0296
0.0072
0.0694
0.087
0.1212
0.1667
0.15
0.0167
0.024
0.0492
0.0
0.032
0.0351
0.0465
0.1714
0.0315
0.0238
0.21
0.4882
0.0896
0.0104
0.1
0.15
0.1081
0.1667
0.0127
0.0397
0.8333
0.6567
0.6102
0.0
0.0
0.2162
0.1081
0.0889
0.1525
0.0274
0.3333
0.25
0.0638
0.2581
0.2222
0.0183
0.2121
0.0194
0.3019
0.1609
0.6429
0.2
0.1316
0.0467
0.4444
0.4688
0.1613
0.0
1.0
0.0909
0.1525
0.1221
0.0583
0.0756
0.036
0.0408
0.0167
0.0435
0.0357
0.0276
0.16
0.0288
0.0135
0.3077
0.1667
0.3448
0.1489
0.0964
0.7917
0.12
0.2683
0.4138
0.25
0.2596
0.1275
0.0588
0.0496
0.6667
0.0244
0.069
0.0948
0.1083
0.0112
0.0938
0.0069
0.0134
0.0137
0.0543
0.06
0.0308
0.0417
0.0071
0.3333
0.2105
0.4211
0.3095
0.2889
0.1868
0.1266
0.1829
0.0576
0.6842
0.2195
0.0968
0.0909
0.1304
0.5217
0.0991
0.0
0.0119
0.0427
0.0348
0.0698
0.1739
0.0286
0.1967
0.1522
0.1
0.0825
0.0889
0.0459
0.0957
0.07
0.0971
0.1477
0.2698
0.197
0.7024
0.2609
0.4615
0.2041
0.129
0.1828
0.1609
0.1486
0.2545
0.8824
0.5667
0.0234
0.0235
0.0083
0.0128
0.1951
0.0826
0.038
0.1346
0.8542
0.7183
0.6125
0.4
0.5758
0.18
0.0566
0.0361
0.4545
0.0583
0.1935
0.3231
0.6396
0.5417
0.0515
0.1884
0.0789
0.1528
0.0142
0.043
0.0093
0.1034
0.1111
0.2442
0.0685
0.5949
0.4487
0.0115
0.0056
0.5625
0.1505
0.25
0.2045
0.1905
0.2174
0.0617
0.0656
0.065
0.1474
0.1525
0.3333
0.2537
0.1639
0.0141
0.0547
0.1845
0.1724
0.2609
0.1818
0.1111
0.1698
0.2949
0.161
0.0368
0.117
0.314
0.0261
0.0336
0.0305
0.0086
0.0375
0.1525
0.0549
0.0632
0.0062
0.048
0.0536
0.0244
0.875
0.88
0.3913
0.0435
0.0522
0.0
0.0077
0.1087
0.1064
0.1538
0.0538
0.0258
0.0253
0.0189
0.0156
0.0233
0.0973
0.027
0.0
0.019
0.0682
0.5429
0.2785
0.0991
0.04
0.0714
0.1951
0.2273
0.4384
0.0375
0.0101
0.0625
0.0982
0.2667
0.1556
0.1304
0.2391
0.2143
0.1558
0.2462
0.0661
0.113
0.2698
0.8056
0.2143
0.1923
0.1194
0.0541
0.0222
0.0238
0.0455
0.102
0.4706
0.4167
0.0098
0.055
0.0296
0.0732
0.0671
0.0479
0.1923
0.2439
0.3023
0.3902
0.2451
0.3671
0.0682
0.0233
0.4167
0.6471
0.55
0.3898
0.3617
0.3016
0.2604
0.5672
0.0472
0.032
0.1538
0.1959
0.2273
0.6181
0.008
0.0061
0.0071
0.0139
0.0065
0.3239
0.1585
0.0128
0.0201
0.0948
0.0135
0.0072
0.0515
0.0146
0.027
0.0076
0.0099
0.0588
0.1077
0.22
0.1594
0.2118
0.2762
0.2294
0.0299
0.0235
0.0
0.0179
0.0276
0.0263
0.2206
0.6667
0.0336
0.1987
0.1781
0.0549
0.0113
0.0272
0.0053
0.5714
0.3103
0.3934
0.2895
0.1222
0.2895
0.1176
0.0909
0.0588
0.0511
0.0397
0.6866
0.6857
0.1129
0.1235
0.4524
0.6026
0.4653
0.4322
0.0084
0.0513
0.0177
0.0729
0.2588
0.25
0.2414
0.2963
0.0253
0.0496
0.0845
0.0909
0.0991
0.0865
0.0857
0.0288
0.0381
0.1316
0.0889
0.16
0.2911
0.2564
0.2472
0.3626
0.2973
1.0
0.0208
0.0
0.0828
0.1765
0.0476
0.0476
0.0339
0.0273
0.0575
0.1235
0.0551
0.034
0.0263
0.0625
0.0526
0.8
0.4286
0.2464
0.168
0.0125
0.0
0.0076
0.0136
0.1071
0.0357
0.0533
0.0323
0.5667
0.1667
0.1522
0.0207
0.0486
0.069
1.0
0.1014
0.1695
0.0299
0.0417
1.0
0.1391
0.08
0.0763
0.5217
0.3846
0.0254
0.0
0.0
0.1667
0.45
0.8226
0.0284
0.0135
0.0131
0.1176
0.0366
0.032
0.34
0.0357
0.1579
0.3733
0.6724
0.0087
0.1456
0.2348
0.1111
0.2692
0.2475
0.0138
0.1471
0.0364
0.1695
0.2889
0.2211
0.0449
0.2
0.1061
0.1333
0.1053
0.0064
0.0
0.3776
0.45
0.0194
0.0536
0.0235
0.0345
0.0745
0.1364
0.3148
0.2963
0.036
0.0481
0.0505
0.1915
0.0192
0.0135
0.0735
0.0495
0.5319
0.0373
0.0609
0.127
0.1887
0.7971
0.5778
0.7826
0.0625
0.12
0.1282
0.1184
0.042
0.0353
0.0805
0.2826
0.1475
0.1057
0.1443
0.2299
0.0414
0.0
0.0089
0.0086
0.0538
0.1078
0.1341
0.0217
0.014
0.0984
0.0833
0.32
0.1262
0.1368
0.1429
0.2647
0.175
0.1333
0.1417
0.2885
0.3077
0.2703
0.0308
0.0294
0.0677
0.0704
0.1905
0.4194
0.1475
0.0408
0.06
0.0
0.3855
0.18
0.1667
0.0732
0.1667
0.1176
0.4255
0.3971
0.1562
0.4595
0.125
0.1532
0.1553
0.9091
0.9583
0.8723
0.5366
0.5333
0.0278
0.0638
0.0722
0.1685
0.0938
0.01
0.3125
0.3167
0.0552
0.0348
0.0348
0.0949
0.05
0.0171
0.0
0.41
0.2371
0.9286
0.4571
0.0841
0.1748
0.1593
0.045
0.0233
0.0455
0.0611
0.2119
0.6923
0.5
0.0408
0.0455
0.0241
0.0833
0.0763
0.2593
0.0506
0.049
0.0486
0.1339
0.0404
0.0089
0.4021
0.1316
0.0367
0.1
0.0952
0.137
0.5556
0.0741
0.0435
0.1605
0.3651
0.2807
0.3016
0.0
0.1748
0.0385
0.0253
0.2192
0.1687
0.1538
0.0167
0.0412
0.2034
0.1951
0.1471
0.2381
0.1786
0.0333
0.56
0.7679
0.8226
0.1429
0.3188
0.9881
0.6078
0.4516
0.5093
0.5794
1.0
0.3684
0.0721
0.0726
0.0511
0.0284
0.0581
0.0
0.2464
0.25
0.1959
0.4
0.1481
0.0714
0.1404
0.0787
0.1111
0.1074
0.0241
0.0237
0.037
0.0439
0.0185
0.0507
0.027
0.0989
0.0952
0.0299
0.3636
0.0625
0.1287
0.4444
0.4583
1.0
0.0889
0.1053
0.3056
0.2619
0.0
0.0
0.0317
0.0952
0.0111
0.0522
0.0357
0.2
0.25
0.2529
0.2637
0.5122
0.2083
0.0
0.0495
0.0625
0.0286
0.0201
0.0112
0.1205
0.1818
0.1825
0.0316
0.0526
0.1515
0.1846
0.625
0.012
0.1818
0.1
0.2632
0.186
0.2
0.3421
0.3333
0.1818
0.6842
0.7024
0.0704
0.1818
0.1429
0.0427
0.4818
0.5113
0.0225
0.4941
0.1316
0.0789
0.075
0.0107
0.0
0.0577
0.0119
0.0
0.0107
0.3091
0.2093
0.4127
0.0345
0.7903
0.0375
0.2065
0.1382
0.0246
0.0244
0.0065
0.0081
0.0612
0.8636
0.1652
0.3786
0.2692
0.0276
0.4074
0.0233
0.0258
0.0076
0.087
0.0904
0.0476
0.0321
1.0
0.3196
0.0991
0.0342
0.0168
1.0
0.04
0.0185
0.0992
0.0115
0.037
0.0292
0.031
0.0535
0.0423
0.1463
0.0402
0.0376
0.2941
0.2364
0.1824
0.5484
0.0732
0.0952
0.0494
0.1325
0.3
0.0851
0.0411
0.0435
0.975
0.1681
0.0278
0.0
0.0642
0.0059
0.0
0.0615
0.0426
0.1194
0.0923
0.1043
0.028
0.0833
0.1649
0.1553
0.1168
0.25
0.0776
0.9091
0.4286
0.5102
0.1923
0.087
0.642
0.0
0.0103
0.125
0.0916
0.0786
0.0633
0.1467
0.093
0.0212
0.0336
0.0478
0.6889
0.6543
0.1393
0.0671
0.0775
0.3778
0.1594
0.125
0.1097
0.0074
0.0078
0.05
0.9048
0.7963
0.4815
0.446
0.28
0.1176
0.15
0.2273
0.2087
