0.0
0.0543
0.7444
0.0323
0.1899
0.0604
0.2252
0.0055
0.0412
0.18
0.4138
0.0382
0.3836
0.0051
0.161
0.3423
0.4286
0.0311
0.0863
0.0299
0.0
0.2376
0.007
0.0413
0.2208
0.0758
0.1826
0.0408
0.3468
0.1776
0.0686
0.0682
0.063
0.1026
0.0588
0.0104
0.0702
0.0146
0.1493
0.0877
0.4474
0.2273
0.1643
0.0635
0.1327
0.0312
0.7692
0.0389
0.051
0.006
0.1875
0.882
0.175
0.0442
0.7333
0.0053
0.0
0.2759
0.0238
0.0891
0.1333
0.0278
0.156
0.1522
0.011
0.1579
0.3649
0.0457
0.2985
0.1944
0.0556
0.0419
0.09
0.0721
0.0148
0.0093
0.0614
0.0133
0.0805
0.0565
0.1386
0.0175
0.0085
0.0168
0.1269
0.8767
0.0
0.0896
0.065
0.0198
0.0748
0.0588
0.2727
0.1068
0.0439
0.0331
0.04
0.0252
0.1538
0.0511
0.0437
0.2466
0.2451
0.0
0.0606
0.0072
0.2879
0.0
0.186
0.0493
0.1528
0.0131
0.1349
0.0169
0.039
0.6495
0.1278
0.0204
0.6385
0.0984
0.0212
0.0909
0.1271
0.0513
0.0122
0.0485
0.0423
0.1522
0.6491
0.0377
0.3929
0.0752
0.0
0.0364
0.3305
0.0263
0.027
0.0054
