0.8148
0.7619
0.4375
0.0556
0.4706
0.1111
0.2069
0.015
0.102
0.0465
0.3684
0.1558
0.0155
0.0503
0.0887
0.08
0.0859
0.0692
0.0902
0.0877
0.1057
0.1488
0.1923
0.1061
0.375
0.0396
0.1481
0.0155
0.0076
0.0513
0.0185
0.3913
0.114
0.236
0.0
0.4182
0.2
0.5493
0.1932
0.1562
0.0455
0.3538
0.14
0.1792
0.1235
0.114
0.1967
0.2261
0.1857
0.2537
0.0821
0.0076
0.0885
0.1053
0.0395
0.3115
0.051
0.0526
0.0161
0.0138
0.2054
0.6076
0.0843
0.1743
0.191
0.2
0.5246
0.0471
0.0463
0.0698
0.0667
0.1058
0.1134
0.0556
0.4762
0.2
0.0074
0.0263
0.0236
0.2857
0.2
0.1328
0.1
0.1441
0.2022
0.0184
0.0368
0.5106
0.1429
0.049
0.375
0.7949
0.0877
0.5714
0.1714
0.1495
0.375
0.0758
0.2824
0.1944
0.0511
0.1111
0.1667
0.3556
0.1145
0.1028
0.0994
0.113
0.2522
0.5
0.1016
0.053
0.2329
0.1028
0.8261
0.0973
0.1168
0.2308
0.165
0.4615
0.2
0.1513
0.0889
0.125
0.06
0.1719
0.0629
0.1022
0.0323
0.0153
0.1111
0.1111
0.0538
0.0671
0.0593
0.1519
0.1295
0.1774
0.0345
0.0575
0.4545
0.1477
0.2426
0.2143
0.0314
0.0062
0.0256
0.0244
0.0319
0.225
0.0641
0.0928
0.1
0.2676
0.4255
0.0403
0.5067
0.3407
0.575
0.1091
0.2174
0.0462
0.015
0.1173
0.2366
0.14
0.0284
0.5568
0.0245
0.0312
0.1565
0.9313
0.995
0.1447
0.0337
0.1831
0.0141
0.0076
0.0
0.0519
0.0543
0.25
0.5789
0.6143
0.0842
0.1635
0.0188
0.125
0.1818
0.0556
0.34
0.1103
0.1379
0.1524
0.1515
0.24
0.381
0.0781
0.4366
0.178
0.05
0.0138
0.0064
0.0658
0.2289
0.7059
0.6525
0.1269
0.0549
0.1102
0.0943
0.0896
0.0194
0.2206
0.1757
0.1616
0.2603
0.7826
0.1467
0.1909
0.2809
0.6316
0.1395
0.6636
0.7021
0.8889
0.2982
0.3404
0.2917
0.3725
0.188
0.4175
0.3182
0.119
0.3878
0.0672
0.5294
0.2157
0.131
0.3125
0.4189
0.3077
0.9024
0.4651
0.2308
0.0568
0.25
0.1096
0.1505
0.19
0.0833
0.0894
0.005
0.3103
0.3878
0.1531
0.1149
0.2233
0.186
0.11
0.5784
0.4524
0.1157
0.1192
0.0769
0.2688
0.1319
0.4444
0.0659
0.0637
0.0802
0.3889
0.6436
0.7679
0.4844
0.1964
0.0449
0.0165
0.0
0.0945
0.1466
0.0761
0.0283
0.04
0.1667
0.1783
0.2206
0.1507
0.1932
0.1565
0.0625
0.2941
0.4571
0.1515
0.084
0.1067
0.0833
0.4821
0.3051
0.1754
0.093
0.3875
0.6667
0.2338
0.1103
0.0847
0.0648
0.0566
0.6984
0.1301
0.177
0.1111
0.0377
0.0443
0.0741
0.1078
0.2899
0.2451
0.088
0.3077
0.25
0.1463
0.1415
0.1772
0.0721
0.1809
0.1593
0.3858
0.395
0.4149
0.4898
0.1275
0.3913
0.3238
0.1389
0.1429
0.2794
0.34
0.0651
0.056
0.125
0.1654
0.0351
0.6667
0.8529
0.1418
0.1707
0.0752
0.2268
0.6618
0.5102
0.3182
0.1429
0.2935
0.1488
0.2667
0.0891
0.0269
0.3036
0.1143
0.0813
0.5
0.0816
0.0
0.375
0.2824
0.1818
0.1979
0.6143
0.4217
0.1375
0.2
0.075
0.0281
0.1014
0.378
0.0153
0.0233
0.0258
0.1799
0.1923
0.1034
0.2614
0.3905
0.1129
0.0541
0.0366
0.0395
0.0093
0.0068
0.5962
0.097
0.0674
0.023
0.3226
0.197
0.1149
0.2075
0.032
0.0845
0.1119
0.0166
0.0268
0.3077
0.3333
0.5854
0.2538
0.3059
0.0565
0.0179
0.0331
0.044
0.025
0.1316
0.0065
0.2778
0.4035
0.1294
0.1376
0.1205
0.1053
0.2222
0.4024
0.569
0.084
0.05
0.2459
0.0325
0.1553
0.4364
0.1731
0.2588
0.9265
0.4681
0.1341
0.1096
0.0769
0.1772
0.2727
0.5135
0.3077
0.25
0.7882
0.7381
0.9101
0.2302
0.4571
0.2188
0.825
0.3421
0.0483
0.0483
0.0385
0.0415
0.2903
0.4286
0.2714
0.2857
0.3654
0.1701
0.0617
0.8
0.3038
0.0096
0.2151
0.413
0.1296
0.0563
0.9441
0.9225
0.0576
0.0932
0.0117
0.0938
0.2955
0.0573
0.22
0.1419
0.0795
0.024
0.3086
0.0541
0.0469
0.1831
0.7273
0.2169
0.1438
0.0884
0.3455
0.3878
0.092
0.0922
0.3737
0.3448
0.7
0.3151
0.6747
0.2419
0.16
0.1639
0.0065
0.0394
0.0588
0.051
0.2526
0.104
0.0228
0.146
0.0284
0.1849
0.0515
0.0376
0.1562
0.0816
0.0217
0.0
0.2842
0.1848
0.1318
0.3421
0.0652
0.0389
0.0165
0.4043
0.3818
0.1964
0.2344
0.1892
0.0828
0.0526
1.0
0.1758
0.4831
0.3358
0.1106
0.1123
0.0569
0.4026
0.2713
0.8939
0.1277
0.0593
0.0615
0.0455
0.0156
0.0496
0.1759
0.0382
0.0991
0.1958
0.0704
0.0861
0.0848
0.25
0.052
0.0297
0.256
0.3256
0.1695
0.0774
0.0769
0.2857
0.0887
0.197
0.3571
0.4
0.5
0.2642
0.0709
0.4444
0.4476
0.125
0.051
0.2441
0.1186
0.2389
0.8043
0.8
0.0727
0.1215
0.0414
0.2047
0.5146
0.191
0.0428
0.1053
0.1429
0.0685
0.0471
0.0208
0.0455
0.2762
0.0853
0.1481
0.1491
1.0
0.1386
0.6197
0.3288
0.84
0.2973
0.1222
0.1089
0.8889
0.2676
0.3684
0.3814
0.1818
0.073
0.0791
0.1409
0.0658
0.2879
0.2101
0.1224
0.1818
0.019
0.2246
0.0667
0.1226
0.0673
0.4032
0.8372
0.6026
0.1358
0.4405
0.6207
0.6667
0.3111
0.0254
0.0291
0.0696
0.375
0.198
0.1642
0.18
0.0375
0.7353
0.2879
0.8067
0.6975
0.0342
0.0261
0.0545
0.0617
0.0328
0.3857
0.1837
0.0488
0.0203
0.1444
0.6174
0.6549
0.3474
0.6102
0.2294
0.0326
0.1094
0.0606
0.0638
0.1205
0.0637
0.6364
0.3579
0.25
0.0667
0.5294
0.1313
0.2031
0.2097
0.039
0.7
0.2785
0.1239
0.1842
0.8652
0.1806
0.3077
0.058
0.0083
0.0556
0.0556
0.4096
0.1216
0.0504
0.265
0.1429
0.2
0.2056
0.2128
0.2421
0.1167
0.2024
0.4937
0.3053
0.0391
0.0585
0.0359
0.0466
0.1111
0.0946
0.0087
0.0143
0.8696
0.7536
0.5538
0.6364
0.14
0.1371
0.0292
0.1346
0.0897
0.0927
0.0638
0.0859
0.32
0.25
0.5161
0.6806
0.1635
0.1529
0.2679
0.0877
0.1047
0.018
0.0672
0.3137
0.1496
0.2097
0.0909
0.1504
0.0276
0.0203
0.1029
0.3175
0.2385
0.2087
0.3008
0.2667
0.1966
0.0741
0.1141
0.3188
0.1339
0.0719
0.2619
0.4348
0.0976
0.1
0.2018
0.0621
0.1828
0.1429
0.0364
0.125
0.3208
0.1894
0.4066
0.7143
0.3125
0.0947
0.427
0.7692
0.0857
0.0728
0.0238
0.1064
0.0656
0.8293
0.2545
0.0968
0.0563
0.0476
0.1333
0.1798
0.2
0.2917
0.1154
0.0287
0.0741
0.0933
0.3857
0.3553
0.0933
0.075
0.0613
0.2966
0.0263
0.0254
0.1806
0.0615
0.0986
0.0991
0.5484
0.3425
0.1053
0.0921
0.1071
0.2143
0.1111
0.2642
0.2
0.0308
0.0256
0.128
0.3077
0.0797
0.1439
0.1415
0.5357
0.2222
0.4259
0.0662
0.1746
0.2969
0.1579
0.0458
0.4819
0.0899
0.3371
0.0988
0.0565
0.0503
0.2376
0.1754
0.069
0.1842
0.4133
0.2206
0.2484
0.3176
0.0134
0.1329
0.1294
0.0699
0.0518
0.1568
0.1758
0.1513
0.1866
0.0625
0.8182
0.3958
0.0526
0.1869
0.4091
0.2333
0.2174
0.1102
0.4697
0.2152
0.1176
0.2593
0.306
0.0827
0.6293
0.6514
0.1154
0.7183
0.3766
0.0909
0.8571
0.4803
0.2623
0.0927
0.2895
0.4872
0.2793
0.1569
0.5321
0.1218
0.0928
0.0517
0.1842
0.1146
0.066
0.0423
0.0561
0.0839
0.4177
0.0398
0.4545
0.0195
0.0383
0.4455
0.4951
0.1714
0.6462
0.4184
0.1771
0.0706
0.792
0.9319
0.9178
0.095
0.0727
0.1842
0.2167
0.0703
0.015
0.215
0.1584
0.4954
0.8814
0.6444
0.1358
0.6102
0.6364
0.7413
0.5102
0.5567
0.3905
0.0612
0.2241
0.0309
0.0417
0.4264
0.4222
0.2982
0.0783
0.0253
0.0409
0.0995
0.55
0.5185
0.4211
0.2273
0.2804
0.0078
0.3441
0.172
0.075
0.0263
0.0574
0.2712
0.375
0.0337
0.0068
0.0323
0.2385
0.2612
0.7143
0.1273
0.0138
0.0932
0.0042
0.0142
0.4648
0.0333
0.0229
0.0305
0.0994
0.0878
0.3846
0.2426
0.0167
0.0123
0.006
0.0133
0.2766
0.3333
0.0603
0.1226
0.1145
0.0881
0.2113
0.3933
0.1268
0.051
0.3103
0.2789
0.1528
0.2831
0.4074
0.04
0.0918
0.3396
0.5735
0.1636
0.7671
0.9796
0.0198
0.0968
0.6222
0.122
0.0432
0.0523
0.0949
0.25
0.6786
0.1895
0.0595
0.4909
0.549
0.2105
1.0
0.0761
0.3988
0.4726
0.15
0.1875
0.3838
0.4667
0.1226
0.256
0.1205
0.1149
0.0444
0.1277
0.12
0.1875
0.2222
0.4245
0.2331
0.5574
0.4804
0.6111
0.3333
0.3373
0.0972
0.1667
0.2535
0.0963
0.6061
0.0889
0.4762
0.1455
0.0
0.2148
0.2202
0.1515
0.1062
1.0
0.3016
0.3154
0.0402
0.0258
0.0092
0.0176
0.1579
0.5347
0.6795
0.0123
0.055
0.0329
0.1156
0.9091
0.623
0.7059
0.5682
0.0675
0.1495
0.1048
0.4362
0.284
0.1279
0.4699
0.6406
0.6864
0.2843
0.5714
0.0411
0.8913
0.8
0.6232
0.3605
0.2021
0.0769
0.1185
0.0396
0.475
0.1198
0.1704
0.1322
0.0144
0.1707
0.1765
0.2614
0.0185
0.9357
0.9538
0.5357
0.0479
0.0795
0.3333
0.8291
0.748
0.5
0.1852
0.4533
0.1761
0.2681
0.1828
0.2644
0.2917
0.0462
0.0152
0.2237
0.0336
0.6154
0.1089
0.25
0.3793
0.2403
0.6316
0.6364
0.6
0.0571
0.0602
0.1364
0.4096
0.2593
0.2013
0.4062
0.0947
0.2564
0.0493
0.0288
0.0597
0.0796
0.9717
0.8529
0.0933
0.4286
0.1604
0.0266
0.0249
0.2754
0.06
0.0534
0.1224
0.016
0.0
0.024
0.0161
0.4535
0.3827
0.2105
0.1923
0.1138
0.0945
0.1231
0.1182
0.1739
0.0172
0.0595
0.0759
0.287
0.0361
0.0289
0.0133
0.0176
0.0465
0.2105
0.0556
0.2453
0.1111
0.3626
0.1935
0.0448
0.1545
0.0588
0.0647
0.0915
0.2353
0.0349
0.0345
0.0246
0.2637
0.2131
0.1566
0.1449
0.1206
0.4028
0.25
0.2667
0.2105
0.1718
0.211
0.4464
0.3246
0.0663
0.2317
0.2571
0.5769
0.2481
0.036
0.1765
0.3929
0.3056
0.2571
0.2
0.0281
0.0448
0.0464
0.0281
0.1013
0.1616
0.2479
0.1929
0.0432
0.7419
0.0213
0.2121
0.1798
0.0442
0.0597
0.541
0.3774
0.4889
0.5238
0.3556
0.0864
0.032
0.7778
0.581
0.3404
0.0982
0.5
0.0949
0.2857
0.381
0.1607
0.1567
0.1279
0.0098
0.0682
0.1188
0.019
0.0236
0.0274
0.1188
0.2381
0.1739
0.08
0.4128
0.5256
0.5949
0.4878
0.3014
0.0526
0.0368
0.0619
0.0816
0.0219
0.0117
0.1463
0.125
0.1318
0.1667
0.2279
0.1844
0.2897
0.0293
0.1349
0.1959
0.1092
0.5
0.4478
0.2344
0.086
0.0343
0.0853
0.0439
0.3529
0.0645
0.0818
0.54
0.411
0.8865
0.8462
0.0881
0.2128
0.0292
0.0
0.0
0.8972
0.2612
0.1619
0.0889
0.0602
0.1333
0.1704
0.7
0.8333
0.1508
0.0253
0.4388
0.3118
0.0597
0.12
0.0798
0.2051
1.0
0.8
0.7333
0.05
0.095
0.1412
0.0372
0.0994
0.0
0.2108
0.0641
0.1575
0.012
0.1795
0.3231
0.6286
0.4878
0.4333
0.1447
0.1196
0.2667
0.1228
0.1864
0.1728
0.5
0.2289
0.068
0.18
0.0363
0.1398
0.1074
0.0839
0.1193
0.3462
0.1971
0.514
0.6957
0.2609
0.3415
0.04
0.053
0.038
1.0
0.2571
0.0943
0.1529
0.3534
0.0347
0.0988
0.0709
0.1613
0.0879
0.1983
0.3103
0.6119
0.8243
0.4881
0.1628
0.3022
0.3636
0.2885
0.898
0.4167
0.3627
0.3295
0.02
0.0051
0.0724
0.4091
0.1471
0.1299
0.4167
0.1494
0.2065
0.0301
0.064
0.0473
0.0816
0.09
0.071
0.6818
0.0543
0.1156
0.1027
0.2
0.1044
0.283
0.5197
0.6337
0.087
0.3261
0.0986
0.4286
0.071
0.3193
0.2321
0.3824
0.1324
0.5417
0.089
0.1298
0.4638
0.3333
0.1145
0.0979
0.1739
0.1282
0.2717
0.2979
0.4737
0.25
0.2405
0.2308
0.7333
0.3287
0.5405
0.2389
0.2035
0.2828
0.4167
0.1918
0.3919
0.75
0.1008
0.019
0.1017
0.1724
0.1216
0.15
0.0597
0.0064
0.0185
0.6484
0.4545
0.0442
0.625
0.0055
0.0053
0.9821
0.4848
0.0494
0.3867
0.0676
0.1611
0.2716
0.1939
0.2264
0.2
0.1
0.0896
0.9444
0.3051
0.3596
0.1053
0.1343
0.1333
0.6186
0.0597
0.0366
0.3864
0.321
0.2361
0.7101
0.4098
0.5278
0.1875
0.0833
0.2167
0.2283
0.4024
0.0333
0.1928
0.0989
0.1368
0.245
0.4382
0.4375
0.2245
0.4225
0.0636
0.1043
0.2857
0.3077
0.1087
0.0828
0.1626
0.56
0.2458
0.0794
0.0968
0.0839
0.0633
0.0638
0.0185
0.0283
0.3
0.2551
0.52
0.4839
0.1293
0.1048
0.2222
0.3069
0.8981
0.7222
0.3261
0.1049
0.0884
0.1429
0.3478
0.0541
0.1604
0.3261
0.0157
0.1667
0.2277
0.4177
0.2353
0.9608
0.1304
0.125
0.2889
0.0052
0.0047
0.6395
0.1275
0.0455
0.1983
0.0303
0.7903
0.7234
0.076
0.1701
0.4615
0.5053
0.2095
0.0556
0.2179
0.1217
0.0629
0.1
0.4407
0.1429
0.0779
0.0882
0.3362
0.1852
0.0515
0.0149
0.0057
0.0684
0.303
0.1371
0.1286
0.3623
0.3521
0.0308
0.0645
0.0523
0.05
0.4731
0.8182
0.7656
0.1721
0.5667
0.2087
0.1529
0.9697
0.0258
0.0357
0.2857
0.3421
0.1923
0.0636
0.5093
0.4
0.3786
0.2609
0.119
0.0545
0.7308
0.6392
0.1176
0.2589
0.2099
0.0746
0.7679
0.375
0.1846
0.6444
0.1835
0.3333
0.7
0.3737
0.3803
0.1429
0.3846
0.88
0.303
0.0567
0.4607
0.1867
0.0333
0.0426
0.0687
0.8136
0.1259
0.1318
0.2788
0.0365
0.1489
0.0842
0.1739
0.1892
0.0526
0.3939
0.5
0.6517
0.4419
0.18
0.7111
0.25
0.0541
0.069
0.129
0.0244
0.0127
0.1444
0.0839
0.1481
0.0748
0.1512
0.1562
0.3478
0.1064
0.3243
0.2394
0.3301
0.0194
0.5
0.1053
0.58
0.0192
0.0519
0.0263
0.1045
0.1717
0.1479
0.2955
0.0959
0.0647
0.1625
0.4235
0.6364
0.0976
0.8043
0.6912
0.1078
0.1261
0.0726
0.3553
0.1592
0.2742
0.0877
0.0573
0.0169
0.0549
0.2455
0.2342
0.2301
0.0848
0.1221
0.2527
0.1224
0.0458
0.1278
0.0893
0.129
0.0514
0.0597
0.0426
0.63
0.3714
0.9444
0.8361
0.8039
0.0357
0.1373
0.0342
0.0662
0.0058
0.0899
0.137
0.4375
0.1047
0.0633
0.7708
0.7432
0.0608
0.1132
0.187
0.1584
0.1682
0.2342
1.0
0.6842
0.0774
0.1923
0.2326
0.3529
0.0253
0.1111
0.283
0.2593
0.0164
0.375
0.5
0.2714
0.4
0.5068
0.4944
0.4211
0.2212
0.2419
0.1857
0.5
0.9265
0.7407
0.1711
0.1228
0.0274
0.0116
0.0219
0.0314
0.1143
0.1477
0.093
0.8958
0.033
0.2771
0.049
0.0136
0.0301
0.087
0.0897
0.1259
0.3333
0.7576
0.04
0.58
0.0909
0.1964
0.0422
0.1017
0.3732
0.037
0.0811
0.1053
0.0265
0.2208
0.1212
0.088
0.1053
0.0387
0.0379
0.088
0.1077
0.0759
0.0866
0.0167
0.8947
0.1119
0.0518
0.0094
0.0168
0.1748
0.0597
0.0769
0.2014
0.2544
0.0982
0.253
0.1972
0.1183
0.0065
0.0494
0.1765
0.375
0.2453
0.7455
0.4853
0.0178
0.2533
0.8947
0.0732
0.192
0.299
0.0185
0.3491
0.2857
0.0679
0.1143
0.1017
0.2455
0.5833
0.1494
0.125
0.0822
0.15
0.1953
0.2735
0.0455
0.1613
0.1
0.0417
0.5
0.2417
0.0427
0.176
0.2201
0.1963
0.2437
0.5319
0.4237
0.2203
0.0815
0.0553
0.0044
0.0177
0.0788
0.0984
0.6071
0.6696
0.4634
0.6667
0.871
0.7907
0.3913
0.1111
0.4889
0.1481
0.1538
0.0303
0.8548
0.7154
0.807
0.4086
0.4919
0.3214
0.1
0.3256
0.1143
0.165
0.1402
0.0327
0.0503
0.0144
0.1081
0.0612
0.2571
0.2099
0.5724
0.0825
0.0926
0.0208
0.0352
0.0072
0.0617
0.1944
0.0405
0.3016
0.1468
0.1325
0.6429
0.4681
