0.2857
0.225
0.0331
0.0726
0.0206
0.1735
0.0748
0.031
0.5294
0.0737
0.2162
0.0636
0.1833
0.0423
0.008
0.0137
0.1224
0.0283
0.6308
0.359
0.1111
0.0103
0.024
0.0103
0.2069
0.1607
0.1
0.0506
0.3253
0.2885
0.0303
0.0
0.1471
0.0741
0.1071
0.0347
0.1538
0.0
0.0327
0.0473
0.0
0.101
0.0168
0.1684
0.1304
0.0635
0.5889
0.1591
0.6216
0.0611
0.1798
0.0792
0.2177
0.0847
0.0069
0.1692
0.8261
0.0273
0.0455
0.0088
0.1429
0.1538
0.1368
0.9832
0.0208
0.4624
0.0244
0.6667
0.6316
0.0556
0.032
0.0543
0.1429
0.6
0.5543
0.0602
0.0072
0.3966
0.125
0.1932
0.0794
0.0159
0.0606
0.9645
0.0354
0.0732
0.0105
0.3511
0.0826
0.4324
0.7838
0.1176
0.4118
0.4235
0.3125
0.2059
0.6667
0.0
0.0435
0.0
0.0286
0.25
