0.8235
0.8
0.3
0.1333
0.2857
0.1176
0.0
0.0778
0.0294
0.1217
0.303
0.2674
0.1111
0.0924
0.0199
0.4035
0.1639
0.4583
0.2615
0.2388
0.0667
0.1613
0.1616
0.1485
0.1681
0.2451
0.0816
0.102
0.243
0.1875
0.13
0.45
0.0326
0.4615
0.04
0.0331
0.134
0.0556
0.5156
0.1604
0.3537
0.4773
0.12
0.1818
0.3889
0.5357
0.1275
0.0189
0.2093
0.1714
0.2718
0.2326
0.1127
0.1311
0.0816
0.4314
0.0594
0.2566
0.0323
0.069
0.3023
0.6517
0.1053
0.2079
0.1818
0.3077
0.5165
0.1329
0.0349
0.23
0.0769
0.0854
0.1139
0.0811
0.375
0.1587
0.068
0.1386
0.0532
0.6795
0.3239
0.1304
0.3733
0.1215
0.2247
0.0439
0.0971
0.3548
0.2241
0.0928
0.2593
0.2955
0.3409
0.0543
0.0978
0.1262
0.1786
0.3816
0.6296
0.117
0.0859
0.3696
0.8
0.1415
0.5714
0.3188
0.2286
0.4773
0.2727
0.5
0.287
0.3049
0.3929
0.2329
0.6923
0.1728
0.1667
0.403
0.2987
0.3333
0.0625
0.1119
0.0172
0.2235
0.0833
0.1176
0.0729
0.2075
0.1217
0.0583
0.1818
0.2727
0.2661
0.2247
0.1495
0.2576
0.1585
0.3956
0.0682
0.1167
0.303
0.1412
0.18
0.4211
0.0317
0.0242
0.0167
0.1683
0.1912
0.2727
0.0702
0.0824
0.019
0.3158
0.5476
0.0748
0.549
0.2143
0.0118
0.0068
0.375
0.5517
0.1333
0.2812
0.5897
0.0968
0.0612
0.1778
0.9266
1.0
0.7922
0.0885
0.3462
0.3651
0.1377
0.2018
0.0303
0.0455
0.0424
0.0217
0.0952
0.3077
0.8182
0.6364
0.0513
0.2716
0.0449
0.314
0.2063
0.0395
0.4348
0.0901
0.0746
0.2262
0.4062
0.1081
0.3125
0.1111
0.463
0.2762
0.3896
0.0707
0.0236
0.127
0.2069
0.5
0.7436
0.17
0.1053
0.0707
0.0488
0.069
0.1262
0.193
0.1746
0.2785
0.3333
0.8333
0.127
0.2581
0.3333
0.5909
0.1724
0.625
0.6203
0.7083
0.1837
0.2982
0.1379
0.2927
0.2738
0.4935
0.4211
0.1884
0.6585
0.0362
0.3
0.3649
0.165
0.7586
0.3333
0.2
0.3448
0.3148
0.4118
1.0
0.8
0.48
0.0299
0.44
0.1545
0.3714
0.473
0.3719
0.1456
0.1538
0.3457
0.1754
0.5714
0.0333
0.0397
0.2289
0.1282
0.2222
0.2778
0.1299
0.6082
0.5778
0.1667
0.123
0.0851
0.2
0.6437
0.7778
0.3519
0.037
0.05
0.0444
0.0256
0.2299
0.2
0.0744
0.038
0.0394
0.4571
0.1875
0.2174
0.4321
0.3205
0.2031
0.303
0.043
0.2632
0.1642
0.0759
0.1961
0.2133
0.6429
0.2766
0.2381
0.0345
0.4853
0.6667
0.3175
0.2209
0.0204
0.0594
0.2683
0.8
0.1446
0.2576
0.322
0.2623
0.2653
0.2143
0.2375
0.0792
0.0169
0.0682
0.1047
0.2462
0.4333
0.3676
0.25
0.3521
0.193
0.2099
0.3519
0.0278
0.1
0.1481
0.3289
0.4359
0.4146
0.1429
0.0595
0.1
0.3143
0.068
0.0649
0.2391
0.2469
0.0862
0.8158
0.8929
0.1648
0.1875
0.194
0.137
0.7188
0.2969
0.15
0.2128
0.1864
0.04
0.5306
0.234
0.0345
0.5
0.0982
0.1045
0.3684
0.1373
0.2
0.5641
0.5435
0.4167
0.4493
0.6531
0.3898
0.1266
0.1385
0.1928
0.0755
0.0732
0.3889
0.1138
0.0673
0.0169
0.5059
0.5057
0.1282
0.2824
0.3692
0.2157
0.0886
0.0562
0.3444
0.2039
0.0625
0.0159
0.0123
0.675
0.1039
0.1136
0.1078
0.3125
0.2667
0.494
0.4364
0.1316
0.0459
0.04
0.2232
0.1884
0.08
0.0857
0.1154
0.1163
0.072
0.1081
0.2667
0.4177
0.6029
0.0374
0.125
0.3939
0.0556
0.3529
0.28
0.2535
0.3448
0.5926
0.6486
0.087
0.1084
0.2222
0.1882
0.358
0.1446
0.137
0.5167
0.9138
0.5758
0.4941
0.383
0.3673
0.2917
0.3043
0.6087
0.3276
0.6364
0.8148
0.7237
0.8642
0.4035
0.4375
0.0964
0.8056
0.4667
0.0526
0.0804
0.0769
0.0876
0.3194
0.6027
0.6034
0.6364
0.4028
0.1
0.1412
0.6897
0.2679
0.0246
0.1875
0.8065
0.4722
0.1628
0.9231
0.8571
0.0795
0.2958
0.1087
0.1096
0.5231
0.1038
0.2239
0.0722
0.0923
0.0526
0.8
0.4658
0.1881
0.1339
0.4082
0.3803
0.1111
0.2895
0.2143
0.1579
0.1215
0.14
0.5976
0.5397
0.6829
0.3889
0.62
0.4819
0.5128
0.1519
0.1392
0.1316
0.027
0.0169
0.371
0.2532
0.0787
0.1724
0.0845
0.3256
0.0865
0.2394
0.122
0.0421
0.1017
0.0144
0.4405
0.3182
0.1552
0.25
0.1102
0.1466
0.0112
0.5679
0.4253
0.5814
0.7273
0.4444
0.3077
0.1781
0.2832
0.2151
1.0
0.2243
0.4691
0.1714
0.1111
0.0842
0.5333
0.4112
0.8182
0.1171
0.0526
0.0417
0.0241
0.0543
0.1889
0.2747
0.0833
0.0854
0.0597
0.0845
0.1714
0.0444
0.03
0.4133
0.5938
0.2115
0.0361
0.1932
0.3469
0.0761
0.3542
0.625
0.0962
0.5098
0.6889
0.4815
0.0619
0.5238
0.4545
0.3016
0.0288
0.2222
0.1613
0.2738
0.8333
1.0
0.2735
0.0606
0.097
0.0775
0.0952
0.1795
0.125
0.1489
0.0392
0.1029
0.3689
0.5373
0.1923
0.3333
0.1633
0.2118
0.411
1.0
0.1869
0.7059
0.4746
0.7857
0.2941
0.1607
0.1471
1.0
0.3864
0.5802
0.5873
0.0952
0.1735
0.1524
0.3171
0.0196
0.2727
0.2593
0.0843
0.2706
0.3548
0.8286
0.7021
0.2174
0.3673
0.0815
0.1589
0.1477
0.1884
0.0656
0.6429
0.6308
0.614
0.0909
0.029
0.0706
0.5122
0.1507
0.1596
0.1644
0.1622
0.7302
0.34
0.4
0.5484
0.2581
0.1748
0.8556
0.8171
0.0
0.1735
0.55
0.265
0.039
0.0167
0.1194
0.6452
0.697
0.0805
0.0769
0.0484
0.1919
0.1241
0.1057
0.1667
0.0877
0.8
0.3867
0.2432
0.0476
0.6098
0.1429
0.2075
0.2222
0.1017
0.0938
0.3
0.05
0.2941
0.1346
0.1702
0.0741
0.0435
0.1852
0.2708
0.375
0.2239
0.3295
0.1774
0.9474
0.125
0.3684
0.1379
0.0594
0.1042
0.0738
0.1176
0.1316
0.2222
0.1831
0.413
0.5
0.3125
0.7097
0.2031
0.2593
0.3939
0.1143
0.1558
0.4783
0.1667
0.5493
0.3973
0.9896
0.8413
0.5854
0.8
0.4366
0.117
0.1468
0.2
0.0634
0.1197
0.1739
0.1346
0.0164
0.036
0.4179
0.193
0.096
0.3333
0.0976
0.25
0.2619
0.3553
0.1707
0.0606
0.0984
0.5625
0.2545
0.1429
0.4483
0.4821
0.4205
0.1807
0.1839
0.4884
0.1515
0.1013
0.5357
0.6627
0.1087
0.0404
0.1714
0.1062
0.3077
0.1923
0.0763
0.25
0.38
0.1628
0.5312
0.6852
0.3725
0.3491
0.4186
0.9403
0.1186
0.0884
0.044
0.3906
0.1722
0.8696
0.3191
0.2031
0.0522
0.0455
0.1899
0.1639
0.48
0.42
0.3529
0.0982
0.169
0.3077
0.0783
0.0813
0.4175
0.0783
0.1349
0.4462
0.3934
0.4688
0.1217
0.0804
0.1698
0.1558
0.6923
0.449
0.1735
0.2174
0.2785
0.41
0.0882
0.2895
0.2326
0.0202
0.0556
0.1714
0.3333
0.2308
0.1068
0.2326
0.4444
0.6
0.7857
0.0816
0.1379
0.4
0.3214
0.043
0.4839
0.058
0.3607
0.0545
0.042
0.048
0.4182
0.25
0.1408
0.186
0.3966
0.3091
0.0796
0.1356
0.2661
0.3302
0.4
0.3465
0.191
0.0794
0.4394
0.2927
0.1081
0.1803
0.4444
0.3611
0.0458
0.1031
0.2581
0.1405
0.25
0.1383
0.4182
0.2754
0.2041
0.2381
0.5741
0.1053
0.6765
0.7159
0.0916
0.8929
0.3333
0.2544
1.0
0.575
0.3846
0.2381
0.4105
0.431
0.4571
0.1983
0.5902
0.134
0.1538
0.4667
0.1307
0.5763
0.0808
0.0593
0.5596
0.5979
0.1496
0.2895
0.1429
0.1169
0.0
0.1712
0.1134
0.1519
0.8148
0.3371
0.1148
0.025
0.9032
0.939
0.9226
0.2
0.0755
0.0508
0.3165
0.2949
0.5974
0.7895
0.6786
0.1429
0.2129
0.0093
0.413
0.7802
0.9
0.7524
0.6444
0.7255
0.4557
0.1111
0.5294
0.0147
0.1705
0.4022
0.3968
0.4103
0.1056
0.0128
0.1
0.1184
0.4737
0.7627
0.7037
0.6471
0.2034
0.0
0.5
0.26
0.0702
0.0159
0.0464
0.5301
0.5918
0.0511
0.0198
0.0185
0.3111
0.3556
0.5714
0.1333
0.1504
0.1146
0.4906
0.0703
0.0376
0.0614
0.2523
0.1818
0.4038
0.4537
0.0455
0.0339
0.0084
0.0345
0.005
0.0056
0.3281
0.2963
0.0696
0.1149
0.1343
0.2195
0.4576
0.4386
0.2364
0.0893
0.4
0.3085
0.3694
0.36
0.5625
0.1496
0.2286
0.3194
0.6333
0.2118
0.9022
0.9615
0.0855
0.3033
0.3902
0.1733
0.045
0.0435
0.2037
0.2338
0.75
0.1884
0.2991
0.5
0.5224
0.3765
0.9821
0.0566
0.4231
0.4038
0.1511
0.2
0.5375
0.3333
0.2549
0.5052
0.3951
0.2958
0.086
0.2152
0.2048
0.2459
0.3784
0.4079
0.2524
0.5789
0.5606
0.6438
0.2143
0.4906
0.5
0.6667
0.0794
0.5385
0.1515
0.3429
0.2308
0.3818
0.0345
0.4536
0.2892
0.2087
0.3366
1.0
0.275
0.3452
0.0294
0.0442
0.0079
0.0222
0.6154
0.4902
0.3243
0.0423
0.0522
0.0438
0.1687
0.9333
0.7872
0.8333
0.5185
0.1765
0.0882
0.0194
0.5375
0.4306
0.19
0.3585
0.7439
0.7215
0.2969
0.619
0.1154
0.7917
0.7778
0.6531
0.4333
0.2022
0.1489
0.1923
0.1278
0.6346
0.1515
0.1687
0.2336
0.044
0.119
0.1515
0.2778
0.0
0.9549
0.9815
0.6111
0.0526
0.1099
0.3214
0.87
0.6562
0.3529
0.1034
0.7091
0.3039
0.2796
0.1948
0.2031
0.3485
0.0935
0.0079
0.3382
0.0667
0.7407
0.1299
0.1111
0.3393
0.1759
0.4848
0.5604
0.6118
0.31
0.5536
0.2234
0.2241
0.0476
0.0312
0.0377
0.2016
0.1402
0.2188
0.3
0.549
0.5
0.9762
0.8947
0.1304
0.375
0.1167
0.0364
0.0177
0.5294
0.051
0.0408
0.198
0.0444
0.0
0.0775
0.0671
0.4444
0.4194
0.2529
0.1569
0.0721
0.1064
0.2105
0.1724
0.2364
0.069
0.036
0.014
0.0268
0.1846
0.0909
0.2
0.0667
0.0948
0.1684
0.3429
0.4921
0.2105
0.5
0.2403
0.2222
0.3023
0.3
0.0348
0.0833
0.2024
0.3486
0.3333
0.0408
0.3676
0.2889
0.3077
0.14
0.1402
0.5139
0.4176
0.4177
0.303
0.2478
0.2738
0.5
0.5312
0.1016
0.4
0.3594
0.5
0.4231
0.0805
0.2923
0.4643
0.3333
0.5541
0.0314
0.187
0.152
0.0294
0.0417
0.2677
0.2447
0.1091
0.4038
0.2195
0.1261
0.2286
0.4731
0.5047
0.0273
0.7011
0.7467
0.5676
0.3382
0.0859
0.5455
0.09
0.86
0.7755
0.5
0.6825
0.4444
0.0755
0.0698
0.5
0.5714
0.3462
0.1364
0.1569
0.0315
0.1184
0.1389
0.0153
0.0224
0.0826
0.2177
0.1754
0.301
0.2574
0.3651
0.4815
0.5735
0.4746
0.25
0.0222
0.2258
0.0484
0.0776
0.0874
0.0574
0.16
0.1364
0.3874
0.1895
0.1504
0.124
0.292
0.0328
0.0671
0.1609
0.2338
0.163
0.5116
0.5769
0.403
0.027
0.2278
0.1429
0.5357
0.1587
0.1408
0.4667
0.375
0.9149
0.8279
0.2143
0.2879
0.0636
0.0
0.0135
0.9059
0.2907
0.1974
0.2673
0.05
0.1296
0.1642
0.6667
0.7143
0.4355
0.08
0.3906
0.3673
0.0816
0.1795
0.0811
0.2273
1.0
0.6897
0.8254
0.1008
0.2376
0.125
0.042
0.0862
0.3061
0.49
0.1296
0.0728
0.1818
0.2545
0.1776
0.6944
0.5532
0.4857
0.1923
0.1406
0.2941
0.2353
0.1231
0.1733
0.5833
0.1566
0.1512
0.3297
0.084
0.2911
0.1429
0.3535
0.358
0.5743
0.3645
0.6771
0.7222
0.3733
0.549
0.1974
0.128
0.084
0.0536
0.1579
0.1556
0.9355
0.3385
0.1781
0.2288
0.4068
0.1758
0.0606
0.3068
0.3514
0.6279
0.7885
0.5057
0.3429
0.3402
0.5286
0.1477
0.9474
0.5432
0.4634
0.4308
0.04
0.0
0.1574
0.5745
0.1463
0.12
0.2143
0.1091
0.3232
0.2955
0.046
0.1043
0.1149
0.1111
0.1356
0.6
0.0615
0.049
0.0526
0.1975
0.1724
0.4211
0.618
0.7681
0.1613
0.375
0.3182
0.5472
0.0684
0.4302
0.2647
0.6216
0.1638
0.6452
0.1356
0.115
0.4462
0.4394
0.1238
0.1081
0.1538
0.1091
0.3714
0.225
0.614
0.2083
0.2593
0.2917
0.7143
0.32
0.7595
0.2821
0.2
0.5258
0.4146
0.1765
0.3492
0.5
0.1803
0.2222
0.4598
0.9231
0.3509
0.2656
0.3171
0.2857
0.1058
0.0865
0.1583
0.6282
0.15
0.0296
0.0137
0.6618
0.4722
0.0611
0.7333
0.0221
0.0207
1.0
0.6667
0.125
0.024
0.0417
0.1818
0.1009
0.1765
0.3521
0.2778
0.1667
0.2817
0.7121
0.1429
0.1308
0.3714
0.4675
0.381
0.8305
0.4815
0.6735
0.2903
0.0833
0.0732
0.1757
0.4677
0.1932
0.2692
0.1974
0.2278
0.2787
0.4545
0.4286
0.1224
0.5909
0.1622
0.1957
0.0577
0.1744
0.1753
0.6333
0.266
0.1758
0.1053
0.1261
0.0909
0.0891
0.2778
0.5286
0.0803
0.1059
0.5362
0.3421
0.4595
0.6667
0.2747
0.2031
0.2041
0.3582
0.8485
0.6047
0.4839
0.1075
0.1122
0.1633
0.3333
0.14
0.1772
0.4559
0.0238
0.3696
0.3281
0.5
0.3291
0.8056
0.2533
0.0854
0.1395
0.0725
0.0347
0.7619
0.1212
0.0926
0.2237
0.0127
0.6907
0.675
0.1328
0.1802
0.6154
0.5833
0.2941
0.0563
0.3731
0.1868
0.0325
0.3274
0.4815
0.2432
0.09
0.2769
0.44
0.5217
0.193
0.0541
0.0272
0.1573
0.4125
0.3548
0.1698
0.6
0.6909
0.1407
0.0667
0.0956
0.0803
0.3816
0.7273
0.6842
0.2198
0.76
0.3294
0.2317
0.9783
0.0833
0.1081
0.4889
0.5909
0.4255
0.0575
0.5556
0.5309
0.1354
0.8367
0.6415
0.2676
0.3814
0.1304
0.1176
0.403
0.3016
0.0723
0.7347
0.5686
0.3704
0.7273
0.1975
0.4394
0.8478
0.4416
0.4
0.1648
0.5
0.5181
0.2653
0.07
0.0682
0.0625
0.8704
0.1515
0.1321
0.875
0.4808
0.1402
0.0612
0.4286
0.4819
0.7544
0.2571
0.1558
0.4265
0.0364
0.0667
0.125
0.1149
0.1045
0.4884
0.0833
0.025
0.3645
0.1979
0.0504
0.0164
0.2532
0.0952
0.1538
0.1136
0.52
0.1321
0.3333
0.1125
0.2973
0.3333
0.52
0.0288
0.6667
0.2364
0.5745
0.0305
0.1493
0.038
0.1709
0.1882
0.2845
0.2286
0.0952
0.1919
0.2414
0.4722
0.6341
0.2772
0.8333
0.625
0.3939
0.5205
0.1134
0.7468
0.2459
0.4681
0.2977
0.4483
0.0072
0.2258
0.3333
0.3544
0.1461
0.403
0.3038
0.0198
0.2688
0.1786
0.1096
0.1667
0.1346
0.1919
0.1776
0.0411
0.642
0.38
0.8947
0.85
0.75
0.0
0.3168
0.0909
0.0541
0.0071
0.1184
0.1333
0.4815
0.0909
0.1232
0.7882
0.8649
0.1975
0.5114
0.165
0.1183
0.5854
0.1811
0.3372
0.2973
0.3222
0.2319
0.9375
0.5211
0.037
0.2235
0.4688
0.1364
0.1591
0.625
0.4342
0.3333
0.4833
0.6133
0.5634
0.5246
0.3881
0.3962
0.25
0.5821
0.8684
0.6333
0.2833
0.1731
0.0741
0.036
0.0265
0.2
0.3026
0.2692
0.8889
0.0331
0.3881
0.1009
0.0325
0.1232
0.1654
0.1654
0.1938
0.2033
0.2308
0.8333
0.2368
0.6098
0.2016
0.1957
0.0417
0.0517
0.3971
0.0345
0.1744
0.25
0.125
0.3939
0.2459
0.3053
0.3587
0.0286
0.0407
0.1748
0.1321
0.1009
0.0893
0.0476
0.9565
0.0667
0.145
0.0311
0.0376
0.1744
0.1167
0.0889
0.3077
0.225
0.1429
0.0
0.1111
0.3333
0.7333
0.5
0.0949
0.2261
0.5714
0.5152
0.2468
0.0261
0.0621
0.1786
0.2174
0.2778
0.3231
0.9018
0.038
0.1466
0.2021
0.0588
0.4894
0.3889
0.0791
0.2162
0.233
0.3077
0.5
0.1948
0.0815
0.0963
0.1538
0.1892
0.4649
0.0723
0.35
0.3356
0.1963
0.2406
0.2441
0.2642
0.6852
0.5357
0.3559
0.1455
0.2222
0.0136
0.0417
0.0536
0.449
0.6882
0.766
0.5185
0.7368
0.2373
0.8443
0.7547
0.766
0.5699
0.4831
0.4336
0.871
0.8409
0.5517
0.2245
0.5263
0.2143
0.0769
0.1048
0.0682
0.1538
0.1875
0.5852
0.0516
0.0196
0.0162
0.0833
0.0797
0.3443
0.4091
0.46
0.0323
0.0833
0.3564
0.135
0.0547
0.0581
0.24
0.0986
0.4412
0.1949
0.1216
0.7292
0.6667
