0.1
0.0145
0.1169
0.0625
0.0592
0.3
0.1048
0.0902
0.1282
0.3415
0.1356
0.0484
0.0984
0.019
0.1053
0.0179
0.1321
0.6338
0.0711
0.5204
0.0687
0.0114
0.0714
0.3716
0.0275
0.0635
0.0123
0.0714
0.8108
0.026
0.086
0.1429
0.2462
0.0
0.0385
0.0909
0.3881
0.0478
0.4239
0.0
0.5556
0.195
0.457
0.0094
0.0957
0.0588
0.0196
0.2283
0.0
0.0268
0.3521
0.1939
0.1102
0.137
0.0479
0.0294
0.125
0.0211
0.0066
0.0339
0.1701
0.1111
0.5862
0.3301
0.125
0.0921
0.0732
0.64
0.0431
0.0204
0.1272
0.8876
0.1377
0.0231
0.7609
0.0128
0.0314
0.271
0.0271
0.0824
0.0724
0.0236
0.2481
0.2
0.0268
0.1184
0.0457
0.0595
0.22
0.2061
0.0578
0.0463
0.0088
0.0174
0.0042
0.0845
0.0044
0.0826
0.0889
0.1719
0.0226
0.0
0.0041
0.0702
0.875
0.0122
0.0676
0.0588
0.0446
0.0392
0.0679
0.1333
0.0324
0.036
0.0306
0.0336
0.1224
0.0318
0.0427
0.4366
0.2887
0.0258
0.0573
0.0385
0.3082
0.0145
0.1442
0.1098
0.0241
0.1391
0.014
0.0606
0.5789
0.0394
0.1543
0.6758
0.0615
0.0348
