0.1026
0.0794
0.7054
0.0463
0.1807
0.0855
0.2577
0.0116
0.047
0.18
0.3061
0.0592
0.3188
0.0057
0.4324
0.2397
0.376
0.0184
0.0
0.1579
0.0652
0.0067
0.2118
0.0
0.125
0.0194
0.3426
0.1983
0.1638
0.1183
0.0815
0.0708
0.084
0.0167
0.0
0.0462
0.1679
0.124
0.5676
0.3256
0.1045
0.04
0.0132
0.0526
0.7692
0.051
0.0373
0.1224
0.8345
0.1963
0.0282
0.75
0.0068
0.0615
0.16
0.0068
0.0932
0.0992
0.0395
0.2899
0.2162
0.325
0.0056
0.2128
0.0455
0.2625
0.0365
0.1679
0.0519
0.1143
0.0722
0.0115
0.011
0.0612
0.0132
0.1111
0.096
0.0
0.0
0.2048
0.0256
0.0426
0.85
0.0336
0.1207
0.1417
0.0352
0.0119
0.0862
0.1132
0.041
0.0115
0.0479
0.0755
0.1892
0.0407
0.0703
0.5
0.2889
0.0118
0.0551
0.0652
0.3259
0.1509
0.0203
0.1327
0.04
0.0882
0.0216
0.1885
0.0123
0.0476
0.6977
0.1562
0.0342
0.6818
0.1231
0.0181
0.0
0.0139
0.065
0.0056
0.0938
0.04
0.1957
0.042
0.1818
0.0825
0.0075
0.0667
0.2645
0.0274
0.4396
0.1081
0.5714
0.0226
0.0484
0.0185
