0.046
0.2979
0.0392
0.0072
0.1048
0.0588
0.0312
0.0134
0.25
0.0164
0.0309
0.1939
0.3387
0.0488
0.0122
0.0055
0.0794
0.0451
0.6301
0.4176
0.1266
0.0106
0.0167
0.025
0.1333
0.215
0.1111
0.1216
0.0
0.3889
0.3333
0.0667
0.0219
0.1504
0.4444
0.0959
0.0526
0.014
0.1964
0.0209
0.0872
0.0377
0.0138
0.1327
0.0127
0.1868
0.234
0.3158
0.0833
0.6263
0.5172
0.099
0.0221
0.1078
0.0551
0.0758
0.0
0.72
0.186
0.0199
0.048
0.0143
0.2857
0.1622
0.1339
0.9396
0.5
0.0254
0.6
0.0331
0.5758
0.0292
0.0
0.0877
0.0
0.5556
0.6
0.0258
0.0066
0.1852
0.2222
0.0748
0.0057
0.0888
0.0045
0.985
0.0
0.2143
0.0545
0.3137
0.0692
0.2414
0.8718
0.1765
0.0
0.3659
0.25
0.2222
0.6522
0.0132
0.0411
0.5714
