0.0435
0.0152
0.1176
0.1068
0.1646
0.2
0.0
0.0565
0.1493
0.0222
0.1667
0.0256
0.0606
0.0862
0.1351
0.0079
0.1034
0.65
0.0
0.0685
0.3375
0.0536
0.3519
0.0707
0.0114
0.0317
0.0076
0.05
0.686
0.0361
0.1475
0.1034
0.3382
0.0159
0.0175
0.1077
0.2895
0.0196
0.4058
0.0066
0.5
0.2436
0.2917
0.0231
0.1597
0.031
0.0069
0.2051
0.0
0.0149
0.3585
0.131
0.0633
0.1011
0.0522
0.0377
0.11
0.0076
0.0088
0.0208
0.2
0.1096
0.4138
0.2075
0.2453
0.1017
0.0375
0.95
0.1026
0.0431
0.0288
0.86
0.1791
0.0254
0.8571
0.0089
0.0306
0.3
0.0068
0.1078
0.09
0.3103
0.1282
0.0139
0.0387
0.1892
0.0714
0.3818
0.0161
0.304
0.0496
0.05
0.0538
0.0548
0.0067
0.1111
0.0086
0.1585
0.0886
0.1127
0.0075
0.0254
0.0267
0.0795
0.8333
0.0213
0.0667
0.0659
0.0291
0.0411
0.0882
0.1622
0.0349
0.0
0.0
0.0897
0.125
0.051
0.0517
0.4545
0.3056
0.0079
0.0709
0.0847
0.3585
0.0078
0.119
0.1091
0.0075
0.1778
0.0
0.02
0.6267
0.1128
0.0
0.1071
0.6311
0.0414
