0.0435
0.1176
0.0
0.0
0.0
1.0
0.4643
0.3548
0.0676
0.3438
0.1481
0.2708
0.4318
0.2267
0.3415
0.3231
0.25
0.6111
0.1818
0.0694
0.4878
0.163
0.303
0.4894
0.3393
0.2542
0.125
0.0968
0.0606
0.0128
0.1923
0.9259
0.0933
0.0864
0.0825
0.7021
0.3898
0.3462
0.0976
0.2941
0.5417
0.0164
0.0388
0.0949
0.2632
0.8974
0.9231
0.7419
0.2128
0.4928
0.0698
0.1389
0.2727
0.1569
0.1959
0.2162
0.3377
0.2537
0.1057
0.1975
0.3636
0.7059
0.7143
0.7143
0.0296
0.0103
0.5976
0.9398
0.7979
0.8163
0.7391
0.6122
0.0968
0.5455
0.0503
1.0
0.3243
0.4138
0.297
0.0781
0.6667
0.5472
0.0
0.0492
0.45
0.4247
0.3084
0.3056
0.2917
0.4127
0.5814
0.5588
0.3735
0.8333
0.8056
0.6481
0.7528
0.5909
0.5977
0.6579
0.1404
0.25
0.1186
0.2759
0.6757
0.2
0.1316
0.5294
0.537
0.5476
0.1111
0.0632
0.0972
0.2857
0.1382
0.2289
0.1151
0.7727
0.0382
0.0504
0.0342
0.0943
0.4265
0.3883
0.5253
0.7733
0.8444
0.3333
0.26
0.0814
0.0075
0.0238
0.0
0.028
0.1053
0.3636
0.4286
0.8406
0.8235
0.8654
0.2344
0.8837
0.1852
0.3571
0.08
0.1538
0.28
0.3333
0.4026
0.5397
0.6364
0.7059
0.8286
0.1944
0.0597
0.0439
0.0654
0.4186
0.8409
0.213
0.25
0.28
0.2609
0.44
0.9756
0.2051
0.9231
1.0
0.1957
0.1071
0.1717
0.5625
0.5814
0.4625
0.7397
0.1489
0.9846
0.7674
0.5814
0.8571
0.9053
0.9159
0.9099
0.945
0.9239
0.0727
0.2162
0.3425
0.2593
0.2027
0.2951
0.4483
0.4615
0.3529
0.8571
0.9326
0.9756
0.6727
0.6591
1.0
0.75
0.3906
0.0746
0.569
0.2361
0.1977
0.7705
0.8986
0.4815
0.0473
0.2
0.2292
0.1222
0.0928
0.1511
0.1667
0.0952
0.1081
0.5278
0.2603
0.0965
0.2059
1.0
0.2159
0.619
0.7143
0.2727
0.3011
0.1562
0.1429
0.5147
0.5091
0.6327
0.0385
0.0078
0.1274
0.0175
0.0353
0.1744
0.449
0.48
0.5854
0.4795
0.3077
0.1419
0.1238
0.1084
0.4333
0.0455
0.439
0.6078
0.0728
0.2099
0.2667
0.1525
0.0777
0.3793
0.5417
0.3043
0.6279
0.4
0.0896
0.0738
0.9118
0.8837
0.2581
0.0606
0.0565
0.0238
0.0229
0.0336
0.124
0.1505
0.2195
0.0851
0.0727
0.0588
0.7727
0.193
0.6812
0.3089
0.9545
0.24
0.0956
0.8537
0.1299
0.0404
0.25
0.4833
0.2459
0.5263
0.9167
0.72
0.0532
0.1604
0.2429
0.1702
0.1798
0.1485
0.8333
0.1852
0.22
0.2174
0.6875
0.3095
0.2308
0.4483
0.1404
0.1066
0.0806
0.8846
0.7391
0.6049
0.4776
0.0851
0.1806
0.125
0.2292
1.0
0.2353
0.0612
0.0476
0.8261
0.403
0.013
0.0531
0.169
0.7143
1.0
0.7759
0.6429
0.0538
0.08
0.2264
0.0659
0.5385
0.1818
0.0333
0.0211
0.1441
0.4286
0.0397
0.32
0.3222
0.4318
0.7632
0.1558
0.7759
0.1047
0.2025
0.121
0.2245
0.8209
0.8033
0.8478
0.1857
0.16
0.1333
0.0602
0.0143
0.0405
0.0397
0.5625
0.0909
0.6512
0.4737
0.0933
0.1884
0.1389
0.1071
0.6739
0.825
0.8971
0.869
0.0
0.1429
1.0
0.3429
0.2262
0.1875
0.1429
0.1304
0.1705
0.0909
0.3953
0.0565
0.2623
0.2759
0.1867
0.7895
0.5614
0.0391
0.0462
0.7632
0.2
0.4853
0.65
0.931
0.7722
0.7288
0.0116
0.0163
0.1468
0.6197
0.8023
0.4933
0.6154
0.2727
0.25
0.3061
0.1935
0.3366
0.1932
0.0395
0.2128
0.3563
0.3407
0.6429
0.8293
0.0458
0.025
0.0476
0.4706
0.2049
0.3113
0.7887
0.0336
0.1282
0.4727
0.5811
0.4066
0.6353
0.6184
0.2045
0.5543
0.1379
0.5588
0.5588
0.0652
0.008
0.0748
0.4
0.184
0.0889
0.115
0.1096
0.0923
0.1029
0.1882
0.2099
0.1519
0.3333
0.3158
0.2388
0.3191
0.1013
0.0748
0.0412
0.3462
1.0
0.25
0.2368
0.1481
0.0336
0.3579
0.734
0.6061
0.6
0.7627
0.1882
0.5135
0.1299
0.2308
0.0857
0.0515
0.5517
0.061
0.2373
0.1728
0.7234
0.0301
0.2206
0.3538
0.3934
0.2927
0.1111
0.3462
0.6136
0.4203
0.8545
0.85
0.3922
0.5385
0.3636
0.1546
0.7407
0.4519
0.4595
0.125
0.1132
0.197
0.2
0.1897
0.0333
0.0413
0.169
0.197
0.9286
0.5714
0.1892
0.1348
0.0403
0.0495
0.1176
0.0259
0.1739
0.3542
0.0472
0.0465
0.4699
0.1944
1.0
0.0595
0.0189
0.8289
0.0581
0.6774
0.0719
0.1724
0.2222
0.3478
0.3478
0.1475
0.125
0.566
0.0638
0.0526
0.2182
0.0923
0.0641
0.0875
0.0138
0.0135
0.2025
0.8571
0.8222
0.0488
0.0421
0.0312
0.036
0.0137
0.0649
0.0431
0.3913
0.0769
0.1765
0.1341
0.2872
1.0
0.9175
0.9012
0.5962
0.0122
0.0213
0.1031
0.4815
0.8
0.5
0.2118
0.4648
0.2424
0.0164
0.5
0.1892
0.161
0.6462
0.125
0.1143
0.4286
0.7315
0.3095
0.7703
0.835
0.8182
0.8026
0.7812
0.5294
0.1053
0.9231
0.6739
0.0114
0.0619
0.3371
0.2955
0.6129
0.8936
0.2222
0.7407
0.3919
0.2613
0.1389
0.0291
0.0108
0.1266
0.0741
0.2836
0.0522
0.1667
0.4571
0.3068
0.4706
0.6939
0.4211
0.5116
0.4651
0.2692
0.0659
0.0645
0.1456
0.1416
0.1798
0.0556
0.0274
0.1923
0.1786
0.75
0.8974
0.0488
0.5556
0.7
0.7778
0.7391
0.6923
0.322
0.2674
0.2766
0.1839
0.7397
0.5
0.1791
0.2963
0.6667
0.0123
0.0476
0.1404
0.1857
0.359
0.8485
0.5625
0.78
0.5385
0.1316
0.0962
0.1744
0.0427
0.0814
0.4603
0.069
0.1
0.1111
0.2075
0.1584
0.1463
0.1333
0.0423
0.1282
0.0366
0.0471
0.1765
0.1957
0.1045
0.2564
0.3385
0.3651
0.3134
0.2286
0.0417
0.0294
0.075
0.069
0.9111
0.85
0.8846
0.2923
0.0827
0.6042
0.7606
0.5714
0.6042
0.1477
0.0611
0.0385
0.0465
0.2632
0.125
0.9643
0.0741
0.1237
0.5417
0.963
0.0462
0.0274
0.0276
0.0583
0.0062
0.0062
0.0932
0.1638
0.2135
0.1
0.2719
0.2667
0.4878
0.24
0.3333
0.0219
0.0952
0.0855
0.0965
0.0547
0.3733
0.1261
0.3462
0.9355
0.4694
0.7571
0.1534
0.4775
0.4563
0.5258
0.5789
0.9655
0.2857
0.1
0.0569
0.0727
0.64
0.3958
0.5769
0.4902
0.0387
0.8429
0.7963
0.1607
0.2121
0.3725
0.2735
0.2595
0.0479
0.2427
0.2385
0.4225
0.8182
0.7463
0.9796
0.7959
0.7959
0.8
0.3488
0.3333
0.2845
0.3585
0.15
0.0746
0.5625
0.2222
0.2941
0.0085
0.0472
0.5357
0.3016
0.1037
0.0
0.1154
0.0333
0.0992
0.0794
0.1197
0.2529
0.1356
0.2276
0.1455
0.2
0.1299
0.4848
0.625
0.2812
0.0783
0.5152
0.4576
0.875
0.25
0.1429
0.1319
0.5696
0.3846
0.2043
0.1345
0.0811
0.0471
0.1654
0.0116
0.0076
0.4835
0.7222
0.2344
0.219
0.1875
0.4651
0.5949
0.5116
0.2791
0.7011
0.7907
0.2269
0.4571
0.3968
0.4054
0.1129
0.3571
0.1905
0.2113
0.1731
0.2353
0.5172
0.1389
0.0659
0.0609
1.0
0.3143
0.6364
0.2
0.9375
0.9778
0.72
0.7051
0.1275
0.1458
0.0897
0.6875
0.6667
0.3545
0.2418
0.5417
0.1069
0.1849
0.1695
0.0458
0.2135
0.1875
0.188
0.2292
0.9722
1.0
0.1625
0.0877
0.6818
0.573
0.9091
0.2692
0.1458
0.4412
0.1416
0.6591
0.1351
0.0789
0.3846
0.881
0.0
0.02
0.1077
0.24
0.2857
0.2625
0.1474
0.2034
0.2571
0.3415
0.5574
0.3048
0.3274
0.4257
0.2143
0.0235
0.6667
0.087
0.4444
0.0677
0.6136
0.2075
0.1786
0.1963
0.0946
0.2903
0.1613
0.8333
0.1923
0.6
0.0579
0.881
0.6774
0.6462
0.2464
0.3036
0.3095
0.6094
0.4643
0.0057
0.0065
0.1944
0.7692
0.1111
0.0728
0.0865
0.6216
0.9318
0.6545
0.0141
0.12
0.3673
0.4043
0.3778
0.0992
0.1591
0.6538
0.1111
0.1935
0.6735
0.1032
0.023
0.0634
0.6364
0.0602
0.0216
0.2857
0.0
0.2143
0.3548
0.6038
0.9385
0.8833
0.7586
0.25
0.2373
0.1538
0.2159
0.1591
0.1825
1.0
0.75
0.26
0.3833
0.2424
0.0968
0.6533
0.6375
0.3962
0.5156
0.6129
0.2969
0.5536
0.7963
0.2143
0.7692
0.0811
0.0541
0.6207
0.45
0.0957
0.2871
0.5227
0.4519
0.4286
0.2295
0.1685
0.8824
0.6279
0.2444
1.0
0.2941
0.0909
0.1067
0.1047
0.1296
0.2603
0.5263
0.6508
0.7619
0.0843
0.1452
0.3043
0.2963
0.8108
0.8346
0.8871
0.8241
0.7564
0.6604
0.9459
0.7949
0.8022
0.7436
0.5522
0.234
0.2791
0.0
0.0526
0.0345
0.1698
0.1176
0.4737
0.0595
0.5079
0.3485
0.1196
1.0
1.0
0.7857
0.4444
0.1596
0.0714
1.0
0.925
0.2381
0.0305
0.0403
0.0649
0.072
0.0588
0.3065
0.1596
0.2
0.0947
0.2
0.4
0.0581
0.0424
0.2879
0.641
0.84
0.8065
0.1846
0.1058
0.6818
0.6143
0.4459
0.8545
0.1394
0.1908
0.9492
0.2407
0.14
0.4769
0.2053
0.3391
0.4
0.4245
0.5
0.7778
0.0588
0.0333
0.0497
0.9778
0.0543
0.9821
0.5147
0.3521
0.5357
0.6471
0.0777
0.561
0.1333
0.1622
0.0459
0.1818
0.6
0.0
0.082
0.1625
1.0
0.7941
0.5
0.3621
0.7467
0.6977
0.0
0.0075
0.2475
0.6667
0.5
0.6212
0.1507
0.8736
0.8958
0.0076
0.0248
0.0902
0.4412
0.9853
0.7368
0.5
0.5455
0.6977
0.2927
0.4811
0.0865
0.12
0.1413
0.1728
0.0397
0.5833
0.5294
0.2568
0.0926
0.2812
0.5921
0.9625
0.9873
0.056
0.1271
0.1071
0.2821
0.2031
0.2254
0.0723
0.3256
0.5652
0.8333
0.6034
0.1176
0.2537
0.5556
0.4127
0.09
0.0769
0.0444
0.0522
0.0708
0.1739
0.6627
0.6707
0.1111
0.4286
0.0968
0.2708
0.0087
0.0645
0.3944
0.806
0.2759
0.4706
1.0
0.7273
0.1528
0.0909
0.8537
0.6038
0.4133
0.4595
0.0672
0.0822
0.0355
0.0404
0.949
0.8919
0.3855
0.3614
0.2468
0.4565
1.0
0.6552
0.3307
0.5781
0.2963
0.3382
0.0943
0.0629
0.0342
0.2162
0.9107
0.625
0.3049
0.1591
0.6429
0.5294
0.8315
0.7903
0.4478
0.0714
0.5882
0.7857
0.3158
0.8621
0.7273
0.7273
0.7158
0.5
0.2549
0.0702
0.3929
0.7606
0.9369
0.878
0.0652
0.0267
0.5
0.1642
0.0538
0.037
0.1264
0.2347
0.2336
0.4035
0.8182
0.1728
0.13
0.1607
0.4118
0.062
0.5263
0.66
0.117
0.8684
0.8904
0.7377
0.1806
0.1795
0.1339
0.1031
0.4038
0.1875
0.7895
0.1887
0.8621
0.0656
0.931
0.086
0.1667
0.4706
0.1102
0.0
0.25
0.1224
0.009
0.2373
1.0
0.8846
0.9804
0.0952
0.2037
0.9189
0.381
0.3366
0.382
0.0562
0.6047
0.0192
0.1049
0.3492
0.4483
0.2892
0.2632
0.6024
0.3571
0.7755
0.0708
0.1324
0.1792
0.4062
0.3404
0.3333
0.275
0.04
0.2174
0.9792
0.9825
0.5412
0.1158
0.0566
0.0073
0.2206
0.3939
0.8681
0.8977
0.6944
0.028
0.0348
0.9048
0.3864
0.0093
0.0088
0.0143
0.0268
0.1261
0.5484
0.1415
0.5806
0.1705
0.1
0.0303
0.2254
0.0481
0.2361
0.4
0.7586
0.275
0.0696
0.1364
0.0897
0.0833
0.1739
0.1549
0.0465
0.4167
0.6842
0.8
0.32
0.1081
0.697
0.7941
0.1842
0.6154
0.7292
0.5641
0.3878
0.125
0.6061
0.5795
0.0263
0.1066
0.1333
0.0382
0.0777
0.1304
0.3571
0.6818
0.0088
0.087
0.0556
0.1091
0.0073
0.0297
0.4035
0.2143
0.3396
0.0562
0.0396
0.7742
0.0879
0.1724
0.2105
1.0
0.2963
0.1231
0.3814
0.3462
0.3824
0.4533
0.2609
0.6579
0.1765
0.0556
0.14
0.1667
0.1316
0.28
0.3231
0.1383
0.3611
0.52
0.0581
0.1881
0.2523
0.0
0.1429
0.36
0.1163
0.16
0.3958
0.2222
0.3289
0.537
0.0364
0.0381
0.0824
0.4074
0.7455
0.2245
0.1892
0.2527
0.7705
0.7812
0.6316
0.4521
0.1222
0.2
0.2703
0.338
0.1616
1.0
1.0
0.1358
0.0702
0.0615
0.163
0.0
0.0088
0.3731
0.0
0.0235
0.0458
0.0515
0.101
0.1682
0.1791
0.4545
0.3051
0.1111
0.7273
0.6216
0.5357
0.7692
0.0917
0.1923
0.6667
0.0952
0.0714
0.1826
0.0185
0.029
0.4634
0.0726
0.1477
0.0947
0.0
0.2143
0.2745
0.5926
0.7193
0.75
0.7979
0.1154
0.1047
0.1124
0.0328
0.117
0.2135
0.377
0.2353
0.3649
0.5714
0.2346
0.3
0.0452
0.875
0.0909
0.7812
0.8036
0.8548
0.7037
0.828
0.2636
0.6216
0.85
0.7083
0.9079
0.8987
0.8529
0.0667
0.0769
0.5
0.4727
0.56
0.14
0.0851
0.3611
0.6479
0.7
0.5185
0.5692
0.5106
0.4038
0.3692
0.4107
0.3158
0.5634
0.8429
0.4844
0.1111
0.4074
0.2222
0.2338
0.0909
0.1833
0.2405
0.2877
0.8205
0.625
0.2
0.303
0.2639
0.7917
0.75
0.0946
0.1829
0.069
0.3077
0.2059
0.6719
0.9121
0.8929
0.4857
0.2973
0.4231
0.3929
0.2273
0.2115
0.2222
0.1081
0.4286
0.2321
0.3
0.4706
0.25
0.8077
0.283
0.3684
0.1413
0.0672
0.0
0.0949
0.0673
0.1731
0.9556
0.9
0.0952
0.1207
0.8889
0.6538
0.1404
0.3881
0.5538
0.831
0.8222
0.8374
0.1075
0.4444
0.065
0.0982
0.125
0.1149
0.6
0.5238
0.0615
0.2041
0.082
0.1944
0.2766
0.1473
0.4833
0.2921
0.3
0.2179
0.5513
0.434
0.6364
0.6591
0.8448
0.4754
0.0857
0.9894
0.4902
0.027
0.6207
0.5921
0.058
0.1395
0.1524
0.1414
0.3585
0.3971
0.3971
0.3438
0.3906
0.3898
0.2
0.1735
0.1163
0.4082
0.9079
0.8154
0.7358
0.8154
0.87
0.9293
0.9643
0.7692
0.3729
0.9111
0.9333
0.9881
0.0926
0.1146
0.0917
0.3235
0.0806
0.6087
0.7308
0.4839
0.2143
0.15
0.44
0.6875
0.1228
0.1077
0.2381
0.3585
0.2198
0.7733
0.0352
0.099
0.2444
0.2812
0.24
0.2439
0.9492
1.0
0.8611
0.871
0.1341
0.038
0.3108
0.7121
0.8125
0.6944
0.5818
0.6774
0.3623
0.2143
0.0496
0.1068
0.0426
0.0833
0.0513
0.44
0.1287
0.871
0.2727
0.0192
0.5
0.5152
0.443
0.2414
1.0
0.0833
0.7614
0.9286
0.8981
0.8235
0.2921
0.2182
0.2162
0.4783
0.1782
0.08
0.2747
0.21
0.4
0.5
0.425
0.0676
0.2258
0.5385
0.3061
0.2619
0.1138
0.1731
0.6364
0.65
0.1358
0.0256
0.0154
0.1875
0.1802
0.3651
0.807
0.3261
0.1719
0.2222
0.6912
0.1642
0.1613
0.8333
0.1616
0.9697
0.1698
0.0201
0.0132
0.2857
0.1239
0.146
0.18
0.6716
0.8182
0.3333
0.2439
0.3548
0.1714
1.0
0.6923
0.4783
0.0345
0.5333
0.2273
0.2381
0.0762
0.125
0.098
0.9286
0.2889
1.0
0.9048
0.3871
0.4638
0.3973
0.5441
0.8101
0.8675
0.8734
0.1736
0.2286
0.0789
0.064
0.1525
0.3617
0.1683
0.1128
0.4634
0.1532
0.2281
0.0909
0.1017
0.0439
0.0459
0.0957
0.0679
0.0894
0.2529
0.0282
0.06
0.5699
0.913
0.6197
0.0714
0.2959
0.9048
0.2632
0.1985
0.9577
0.3469
0.0685
0.0208
0.2179
0.0536
0.766
0.4203
0.0427
0.3274
0.3667
0.4138
0.6436
0.0714
0.1932
0.0603
0.0859
0.0833
0.1532
0.0323
0.0459
0.0385
0.0896
0.1558
0.375
0.25
0.1486
0.0556
0.2182
0.8364
0.678
0.2308
0.5303
0.1
0.2069
0.194
0.4615
0.35
0.5278
0.4324
0.3846
0.2056
0.6
0.2714
1.0
0.5645
0.087
0.1231
0.1494
0.1944
0.5893
0.5778
0.2468
0.1446
0.0556
0.7143
0.3269
0.2264
0.7286
0.2895
0.1071
0.4091
0.3239
0.3125
0.075
0.7188
0.9655
0.0854
0.6667
0.0699
1.0
0.625
0.8387
0.902
0.4079
0.08
0.2281
0.6724
0.5532
0.1579
0.4783
0.4085
0.0222
0.5714
0.6857
0.4267
0.5135
0.9792
0.96
0.6372
0.7778
0.0424
0.0
0.0
0.4444
0.963
0.4
0.6047
0.597
0.8409
0.875
0.95
0.1071
0.0408
0.1163
0.988
0.7273
0.3059
0.0588
0.1358
0.1951
0.2642
0.3725
0.3922
0.2121
0.2222
0.1803
0.1957
0.2162
0.3256
0.0083
0.0
0.2969
0.8684
0.0333
0.025
0.1622
0.0126
0.0413
0.5
0.0909
0.0759
0.1684
0.2188
0.3506
0.0561
0.0556
0.1212
0.1392
0.1
0.11
0.1017
0.3
0.0926
0.0687
0.0
0.0312
0.4889
0.0265
0.0886
0.0886
0.6857
0.0333
0.0145
0.0155
0.2429
0.1774
0.2458
0.0656
0.0423
0.1415
0.0448
0.0755
0.5323
1.0
0.1327
0.1157
0.8596
0.4324
0.0686
0.9459
0.9077
0.9054
0.8358
0.7234
1.0
0.0638
0.0556
0.0348
0.0625
0.0795
0.0989
0.2889
0.7778
0.2029
0.1967
0.3776
0.04
0.1081
0.2
0.8621
0.1293
0.0522
0.1205
0.2131
0.2034
0.0404
0.14
0.4464
0.4035
0.4559
0.0174
0.1979
0.1132
0.1979
0.1639
0.1222
0.2167
0.1529
0.25
0.5128
0.1648
0.2597
0.5
0.4625
0.0645
0.0
0.2778
0.1455
0.0933
0.4559
0.0301
0.0988
0.4722
0.6552
0.0352
0.8824
0.2727
0.25
0.4857
1.0
0.4815
0.2727
0.0874
0.098
0.1111
0.1389
0.875
0.3125
0.2041
0.4412
0.0938
0.3171
0.2941
0.2857
0.2615
0.1818
0.2111
0.9109
0.964
0.984
0.9495
0.9146
0.7692
1.0
0.0769
