0.8571
0.6667
0.0
0.125
0.5
0.1579
0.1333
0.0086
0.1053
0.1075
0.0794
0.0517
0.2333
0.3281
0.5795
0.1042
0.1159
0.4783
0.0441
0.0899
0.2453
0.1413
0.2159
0.9254
0.4516
0.24
0.0769
0.0714
0.0972
0.2338
0.4062
0.2931
0.25
0.7703
0.6761
0.8333
0.1622
0.3939
0.122
0.7838
0.2625
0.0329
0.04
0.0667
0.0429
0.1882
0.4889
0.4364
0.4
0.3261
0.1121
0.0725
0.6923
0.3012
0.0233
0.1531
0.0223
0.2603
0.6765
0.4222
0.1698
0.9134
0.8586
0.0973
0.1277
0.3288
0.0435
0.377
0.1212
0.0777
0.1324
0.016
0.2048
0.1884
0.2283
0.723
0.2647
0.1731
0.123
0.3265
0.3913
0.0721
0.0208
0.3289
0.2875
0.6327
0.2692
0.6885
0.2626
0.12
0.0909
0.1573
0.219
0.1509
0.0238
0.0526
0.0208
0.0426
0.266
0.1273
0.0156
0.0625
0.0297
0.1505
0.087
0.0253
0.0333
0.0066
0.2174
0.1096
0.1221
0.1646
0.0486
0.0552
0.0181
0.5169
0.3196
0.4651
0.5455
0.2558
0.2459
0.1744
0.0656
0.0612
1.0
0.0929
0.1803
0.0635
0.0299
0.3265
0.2828
0.8667
0.066
0.0463
0.0328
0.0778
0.434
0.0923
0.0833
0.02
0.0684
0.1667
0.0287
0.0163
0.1212
0.0408
0.1087
0.2692
0.0323
0.0127
0.12
0.0581
0.0571
0.2857
0.5333
0.1053
0.0595
0.0851
0.2844
0.0745
0.3429
0.3077
0.0755
0.3077
0.3514
0.2326
0.1182
0.5644
0.5185
0.0723
0.0331
0.2381
0.1011
0.2784
0.8158
0.6
0.1282
0.0956
0.0405
0.4889
0.0473
0.2158
0.4667
0.1912
0.0423
0.0625
0.1765
0.0408
0.1111
0.0348
0.0471
0.2055
0.1057
0.1977
0.1159
1.0
0.1478
0.5909
0.193
0.95
0.5789
0.0625
0.0435
1.0
0.375
0.4684
0.3973
0.1486
0.0741
0.084
0.1667
0.082
0.3846
0.2703
0.0804
0.1616
0.035
0.1786
0.05
0.0732
0.0959
0.434
0.0968
0.1429
0.4667
0.8043
0.5893
0.1681
0.4194
0.3146
0.0316
0.0659
0.0909
0.3023
0.1429
0.1154
0.1299
0.4776
0.6604
0.8523
0.7791
0.0361
0.06
0.7391
0.4
0.3492
0.5333
0.2027
0.0541
0.0544
0.4035
0.1824
0.0234
0.0126
0.169
0.5568
0.5876
0.0455
0.075
0.0417
0.1239
0.1014
0.1405
0.225
0.1061
0.6
0.3418
0.1633
0.0667
0.5444
0.1266
0.24
0.3148
0.055
0.1398
0.1
0.1091
0.1261
0.1018
0.8182
0.1897
0.0918
0.2687
0.8854
0.2
0.4667
0.0986
0.0413
0.0926
0.0522
0.4545
0.1818
0.0526
0.2041
0.0923
0.0
0.1507
0.1493
0.2414
0.0769
0.2222
0.5132
0.3625
0.0634
0.1172
0.0571
0.0802
0.0816
0.0556
0.0119
0.014
0.8889
0.6667
0.58
0.6667
0.1458
0.1376
0.0744
0.0612
0.019
0.1356
0.378
0.3333
0.3333
0.7143
0.1932
0.2
0.2703
0.0952
0.1216
0.0485
0.1009
0.0219
0.134
0.2549
0.1852
0.2021
0.0846
0.126
0.0126
0.0345
0.082
0.2672
0.3366
0.2451
0.3659
0.374
0.197
0.0728
0.0657
0.3585
0.1489
0.0769
0.3438
0.4568
0.0783
0.0641
0.16
0.0641
0.4082
0.1098
0.4559
0.032
0.1647
0.1197
0.037
0.3333
0.0608
0.1705
0.4
0.1782
0.3636
0.6444
0.3684
0.881
0.0921
0.0653
0.0113
0.1429
0.053
0.7714
0.2203
0.0909
0.0565
0.062
0.1011
0.1325
0.1739
0.2679
0.1121
0.0254
0.0658
0.1168
0.3281
0.3036
0.15
0.0569
0.0526
0.2764
0.02
0.025
0.1875
0.0531
0.0667
0.0865
0.6818
0.4423
0.1008
0.1441
0.0729
0.1583
0.1296
0.2553
0.1923
0.019
0.0362
0.1505
0.383
0.2039
0.1429
0.1967
0.3846
0.2667
0.3421
0.0789
0.1458
0.2424
0.2192
0.064
0.4737
0.0278
0.1429
0.0667
0.0443
0.0382
0.2429
0.1733
0.1839
0.1489
0.3472
0.1791
0.0561
0.1379
0.0414
0.0513
0.1095
0.243
0.2755
0.0336
0.084
0.1404
0.1066
0.7
0.4333
0.0439
0.1636
0.4571
0.25
0.1333
0.1868
0.1196
0.2
0.1209
0.4821
0.3378
0.2
0.25
0.3246
0.1028
0.633
0.6
0.1029
0.7206
0.2593
0.1126
0.9231
0.5644
0.3871
0.0977
0.191
0.3621
0.2892
0.1613
0.5641
0.084
0.0957
0.1111
0.0941
0.2632
0.3125
0.1
0.1074
0.1463
0.0972
0.0495
0.0
0.0655
0.0982
0.1111
0.6596
0.3523
0.0909
0.0462
0.8276
0.9314
0.913
0.1321
0.0288
0.0172
0.2794
0.1294
0.4189
0.75
0.619
0.1692
0.2787
0.05
0.4769
0.036
0.0458
0.587
0.5696
0.0725
0.0208
0.1356
0.5055
0.5714
0.7928
0.4848
0.5616
0.3214
0.1
0.1505
0.041
0.0397
0.4632
0.4217
0.4205
0.1039
0.0
0.0318
0.0503
0.25
0.566
0.3636
0.2857
0.0136
0.0362
0.439
0.2267
0.0
0.4138
0.2344
0.069
0.0
0.0613
0.2685
0.75
0.1042
0.0323
0.1239
0.3232
0.3896
0.0
0.0
0.0
0.2243
0.0088
0.015
0.3377
0.0811
0.0452
0.0909
0.0774
0.0893
0.3382
0.1533
0.0545
0.0077
0.0077
0.0139
0.2
0.36
0.0769
0.119
0.04
0.1111
0.2364
0.2647
0.0616
0.2632
0.8182
0.1193
0.5
0.2603
0.0458
0.3611
0.2521
0.1241
0.2883
0.4458
0.0649
0.1158
0.2346
0.6618
0.2393
0.8272
0.9583
0.0135
0.0846
0.5098
0.0778
0.065
0.0362
0.0882
0.1828
0.5278
0.1011
0.0822
0.5476
0.4935
0.2368
0.9577
0.1311
0.3504
0.3084
0.1098
0.1748
0.4
0.5161
0.1565
0.1667
0.1165
0.061
0.0331
0.1463
0.1129
0.1959
0.25
0.3205
0.1654
0.5625
0.5062
0.5976
0.3333
0.5205
0.1279
0.1493
0.3103
0.0674
0.5385
0.0875
0.3684
0.2
0.0
0.1739
0.2475
0.1679
0.125
1.0
0.386
0.3036
0.0438
0.035
0.0
0.0488
0.1704
0.5294
0.7222
0.0
0.3846
0.2254
0.5345
0.2456
0.2424
0.0857
0.0168
0.0288
0.0357
0.1318
0.8667
0.6364
0.9167
0.52
0.0764
0.1316
0.0208
0.378
0.3333
0.0816
0.4
0.6667
0.7176
0.1827
0.6207
0.1343
0.8214
0.8295
0.5806
0.36
0.193
0.0656
0.0859
0.0405
0.6623
0.0656
0.0909
0.0789
0.031
0.2087
0.1636
0.0845
0.2346
0.023
0.9653
0.9633
0.3265
0.0289
0.0611
0.4474
0.8571
0.7556
0.3571
0.2222
0.5918
0.2784
0.3535
0.2319
0.2055
0.1818
0.0167
0.0072
0.1636
0.07
0.6471
0.0723
0.2368
0.2326
0.2222
0.5263
0.5467
0.5128
0.2212
0.3333
0.0579
0.2745
0.0446
0.018
0.05
0.0974
0.0909
0.113
0.1395
0.3833
0.2222
0.9403
0.7162
0.045
0.44
0.0988
0.0236
0.0143
0.2407
0.0164
0.0081
0.123
0.0223
0.0365
0.0274
0.024
0.3284
0.2174
0.1647
0.1515
0.0744
0.0612
0.236
0.1429
0.2456
0.0137
0.0254
0.0532
0.2143
0.0672
0.0602
0.0176
0.0248
0.1
0.4286
0.0519
0.1892
0.1029
0.1078
0.1034
0.2698
0.068
0.0893
0.0
0.2708
0.0412
0.3896
0.1053
0.0575
0.3106
0.1698
0.2154
0.0603
0.0574
0.3478
0.1882
0.1882
0.2468
0.1938
0.2414
0.5641
0.3043
0.0923
0.2581
0.2576
0.4286
0.3617
0.0312
0.3016
0.5
0.3043
0.1842
0.0215
0.0331
0.0411
0.0069
0.0328
0.2256
0.1618
0.1325
0.2041
0.1789
0.0426
0.703
0.0265
0.2041
0.1233
0.2308
0.2048
0.0494
0.0296
0.5974
0.3708
0.2667
0.0791
0.4615
0.0672
0.5357
0.2692
0.0667
0.1649
0.1473
0.4833
0.46
0.5789
0.6567
0.3623
0.1181
0.0561
0.0055
0.0183
0.092
0.0247
0.0311
0.0579
0.1409
0.1746
0.1881
0.0879
0.4304
0.4762
0.5536
0.4259
0.1915
0.0244
0.0174
0.0494
0.0446
0.0085
0.0067
0.1667
0.1182
0.0417
0.2366
0.1833
0.1053
0.2797
0.0262
0.0604
0.1273
0.2442
0.1415
0.7
0.5862
0.2464
0.0125
0.0529
0.134
0.0526
0.1786
0.1111
0.163
0.5714
0.4821
0.9024
0.8043
0.0534
0.2125
0.02
0.0199
0.0282
0.8444
0.1818
0.1067
0.0762
0.0588
0.1829
0.1296
0.6667
0.75
0.1868
0.0886
0.52
0.4062
0.25
1.0
0.871
0.1373
0.1111
0.0648
0.1964
0.3684
0.1442
0.0463
0.7742
0.0144
0.1441
0.234
0.0311
0.1869
0.0171
0.1652
0.0541
0.2222
0.0066
0.2326
0.3962
0.6429
0.5135
0.625
0.2031
0.1194
0.1765
0.1081
0.2264
0.197
0.6857
0.3462
0.0568
0.1444
0.0497
0.1579
0.1048
0.1826
0.1688
0.3786
0.1966
0.4949
0.7258
0.2747
0.4
0.0706
0.0593
0.0368
0.88
0.2958
0.1948
0.125
0.3407
0.0556
0.1385
0.1217
0.1124
0.0702
0.2526
0.3043
0.5231
0.7391
0.3924
0.0702
0.3761
0.5217
0.3239
0.8625
0.3778
0.3187
0.2603
0.0261
0.2059
0.1268
0.3684
0.0328
0.0467
0.0438
0.0935
0.2342
0.4478
0.0866
0.012
0.0124
0.1667
0.4038
0.0638
0.1176
0.375
0.1475
0.1493
0.0667
0.0714
0.0774
0.1348
0.2195
0.0914
0.75
0.0714
0.0791
0.0694
0.1635
0.0863
0.1892
0.5667
0.6029
0.0667
0.2857
0.2455
0.5455
0.1172
0.3516
0.1529
0.5
0.1273
0.1273
0.4194
0.4348
0.0926
0.087
0.1222
0.066
0.7083
0.0877
0.1644
0.1102
0.7647
0.0508
0.1905
0.1296
0.3049
0.2105
0.3333
0.1739
0.2258
0.3333
1.0
0.2222
0.6
0.2222
0.1978
0.4111
0.4865
0.1846
0.3019
0.7692
0.0316
0.1146
0.4355
0.1324
0.119
0.1282
0.098
0.0849
0.0511
0.2836
0.0167
0.0217
0.0208
0.6267
0.4667
0.0253
0.4375
0.0062
0.0062
0.9878
0.4138
0.0708
0.0705
0.1379
0.1579
0.084
0.1477
0.2911
0.2022
0.3846
0.2326
0.3333
0.1111
0.2667
0.95
0.4179
0.2
0.7719
0.1842
0.0275
0.3333
0.4177
0.2857
0.6939
0.6596
0.6136
0.25
0.0857
0.2955
0.2097
0.2128
0.3548
0.0455
0.3667
0.1047
0.2537
0.1609
0.0889
0.1969
0.3483
0.4267
0.092
0.3191
0.1702
0.0536
0.1181
0.0777
0.7119
0.1975
0.0899
0.122
0.1186
0.0847
0.0729
0.0811
0.0769
0.1026
0.0253
0.1739
0.065
0.0467
0.0211
0.0678
0.2045
0.23
0.641
0.52
0.1981
0.1215
0.2759
0.0833
0.1694
0.2299
0.0343
0.2037
0.2558
0.35
0.1681
0.9412
0.3663
0.8851
0.6852
0.1818
0.1119
0.112
0.2034
0.2632
0.1573
0.125
0.2812
0.0057
0.0
0.5814
0.1522
0.1277
0.0755
0.1228
0.0106
0.7091
0.6567
0.1016
0.1228
0.3571
0.3692
0.1538
0.022
0.3704
0.1504
0.0667
0.1584
0.2857
0.0795
0.0855
0.1833
0.4318
0.1062
0.1048
0.0333
0.0201
0.0472
0.2391
0.1456
0.0885
0.4237
0.6
0.0123
0.2609
0.0827
0.073
0.3636
0.6667
0.6667
0.1262
0.4795
0.2373
0.2875
0.913
0.0233
0.0168
0.0345
0.0423
0.2766
0.3953
0.234
0.086
0.6087
0.5902
0.3178
0.0882
0.069
0.0252
0.6222
0.5
0.125
0.27
0.2083
0.0505
0.8163
0.4839
0.3276
0.5862
0.2093
0.3919
0.5806
0.3333
0.3871
0.127
0.45
0.9444
0.4
0.0763
0.5213
0.1667
0.0614
0.0522
0.0594
0.8333
0.1364
0.0935
0.0397
0.5769
0.4085
0.7241
0.2048
0.1702
0.3263
0.0214
0.0851
0.0769
0.13
0.1644
0.4783
0.125
0.0
0.0619
0.2371
0.062
0.0547
0.1549
0.087
0.1489
0.125
0.1124
0.1186
0.186
0.1373
0.3542
0.3333
0.4651
0.01
0.042
0.0235
0.1293
0.1954
0.2991
0.0127
0.625
0.2364
0.2192
0.1324
0.0536
0.25
0.439
0.2188
0.0629
0.2532
0.4706
0.7273
0.1488
0.8537
0.7885
0.0761
0.1146
0.1089
0.3684
0.1322
0.224
0.092
0.1172
0.0125
0.0698
0.1977
0.2143
0.1538
0.1404
0.1053
0.0392
0.1531
0.0899
0.1039
0.048
0.449
0.1136
0.2
0.114
0.1714
0.2266
0.1961
0.0645
0.0763
0.9091
0.7937
0.0495
0.0676
0.7111
0.35
0.9412
0.0476
0.1509
0.0331
0.0171
0.0
0.1029
0.1481
0.3667
0.1014
0.0511
0.7765
0.7973
0.1736
0.1648
0.07
0.1194
0.2727
0.1282
0.1959
0.0645
0.1019
0.1714
0.156
0.8182
0.5135
0.1079
0.1158
0.2529
0.3784
0.024
0.3438
0.42
0.6892
0.1441
0.3944
0.2895
0.0769
0.4545
0.3208
0.6164
0.52
0.186
0.2037
0.1184
0.3421
0.8889
0.6176
0.1972
0.0938
0.0397
0.0
0.0146
0.0851
0.1273
0.1507
0.1034
0.91
0.042
0.2576
0.0463
0.0254
0.0866
0.0815
0.0692
0.0775
0.2
0.7714
0.1515
0.5135
0.1163
0.1579
0.0348
0.098
0.3333
0.0392
0.0476
0.1026
0.0504
0.3393
0.0926
0.0849
0.1053
0.0252
0.0286
0.0866
0.122
0.0949
0.0543
0.0521
0.0395
0.0373
0.7778
0.1475
0.0543
0.0144
0.0377
0.134
0.0574
0.0643
0.1203
0.176
0.1032
0.1884
0.2381
0.1509
0.0411
0.0258
0.1474
0.2353
0.1765
0.7755
0.5
0.0516
0.4074
0.2951
0.0774
0.2667
0.1616
0.2105
0.6154
0.1489
0.0992
0.0699
0.1613
0.2967
0.8675
0.08
0.1111
0.1832
0.0083
0.1948
0.3359
0.0471
0.1406
0.0909
0.0
0.0
0.037
0.2222
0.3382
0.0435
0.036
0.0598
0.1101
0.1901
0.1971
0.2449
0.6444
0.4314
0.2745
0.0748
0.0488
0.0227
0.0385
0.0645
0.0815
0.52
0.6311
0.5827
0.5969
0.0678
0.7833
0.6061
0.6724
0.3711
0.3759
0.9219
0.8571
0.52
0.1644
0.3878
0.1806
0.1277
0.0763
0.3478
0.1333
0.0984
0.243
0.1579
0.0379
0.0465
0.0192
0.2319
0.3696
0.0924
0.6
0.1667
0.0273
0.015
0.0875
0.1884
0.0897
0.439
0.1682
0.0167
0.0302
0.0571
0.1392
0.4805
0.6
0.05
0.0366
0.1692
0.0828
0.2326
0.2065
0.5283
0.0526
0.2877
0.4366
0.0808
0.1915
0.0667
0.0071
0.1667
0.2462
0.2778
0.0355
0.1967
0.1233
0.1124
0.642
0.0136
0.0631
0.2043
0.9802
1.0
0.3818
0.4375
0.5303
0.0737
0.2727
0.0427
0.1429
0.0097
0.049
0.037
0.1311
0.1692
0.191
0.035
0.1513
0.1325
0.0288
0.3958
0.0885
0.0946
0.0521
0.1176
0.2083
0.1111
0.0948
0.5571
0.163
0.029
0.0261
0.025
0.5246
0.1094
0.1714
0.1923
0.1574
0.4231
0.0638
0.0227
0.1034
0.2174
0.5789
0.5844
0.2596
0.0465
0.1188
0.0678
0.1045
0.0339
0.2407
0.1754
0.2297
0.3
0.6522
0.1404
0.0741
0.1486
0.5
0.0845
0.6667
0.5897
0.8571
0.1702
0.3333
0.2391
0.4545
0.2439
0.4058
0.2353
0.0488
0.7778
0.1746
0.5556
0.2273
0.1724
0.3333
0.3333
0.3857
0.9048
0.5556
0.3846
0.0435
0.3636
0.0759
0.1321
0.1481
0.0727
0.1111
0.0394
0.2917
0.3333
0.0556
0.0208
0.1406
0.2353
0.1591
0.4789
0.5758
0.1591
0.0755
0.0357
0.069
0.1061
0.1493
0.1639
0.6522
0.2553
0.0354
0.05
0.075
0.1057
0.2317
0.1143
0.38
0.0338
0.0133
0.036
0.2381
0.6429
0.8148
0.4531
0.2222
0.0678
0.0345
0.0125
0.1034
0.137
0.069
0.0402
0.0205
0.1463
0.1795
0.2462
0.1613
0.1455
0.1354
0.04
0.3061
0.5385
0.2041
0.1111
0.0992
0.09
0.4754
0.2642
0.2326
0.16
0.5
0.6818
0.3725
0.1481
0.087
0.0268
0.1011
0.087
0.2429
0.2807
0.2179
0.0935
0.2073
0.24
0.1212
0.1852
0.0404
0.2121
0.0602
0.0515
0.1028
0.0366
0.0721
0.0485
0.0947
0.075
0.7714
0.1154
0.1688
0.2195
0.0633
0.1714
0.1798
0.2361
0.1287
0.2581
0.1705
0.381
0.3837
0.4032
0.1071
0.1667
0.1698
0.1028
0.1735
0.0973
0.1446
0.6604
0.3429
0.069
0.0857
0.0833
0.099
0.0385
0.6842
0.7586
0.2727
0.1538
0.3393
0.1429
0.0347
0.3659
0.0976
0.0879
0.3571
0.0977
0.0063
0.32
0.1754
0.1818
0.5
0.4182
0.2453
0.1262
0.1121
0.1273
0.0278
0.0992
0.2358
0.5806
0.3372
0.1882
0.2152
0.0588
0.0287
0.1091
0.3889
0.019
0.0469
0.0637
0.1748
0.1442
0.1446
0.24
0.3736
0.2115
0.0824
0.0396
0.0175
0.0
0.0192
0.3333
0.1333
0.0268
0.0096
0.2667
0.25
0.0824
0.2468
0.2667
0.3273
0.0694
0.0526
0.0411
0.1721
0.0526
0.0656
0.0686
0.0882
0.0808
0.0479
0.0889
0.5333
0.3929
0.4706
0.0163
0.2667
0.4762
0.0635
0.0909
0.0658
0.069
